Aug 14, 2021 10:47:14 PM com.tekstac.eclipse.ExerciseView UserloginPanel
INFO: NEW LOG
Aug 14, 2021 10:47:14 PM com.tekstac.eclipse.ExerciseView UserloginPanel
INFO: Temp Directory :C:\Users\LENOVO\AppData\Local\Temp\
Aug 14, 2021 10:48:29 PM com.tekstac.eclipse.ExerciseView createjksScript
INFO:  Keystore true
Aug 14, 2021 10:48:29 PM com.tekstac.eclipse.ExerciseView createjksScript
INFO: cmd:cmdC:\Users\LENOVO\Desktop\Tekstac\.certificate\myscript.bat
Aug 14, 2021 10:49:51 PM com.tekstac.eclipse.ExerciseView add_log
INFO: .classpath
Aug 14, 2021 10:49:51 PM com.tekstac.eclipse.ExerciseView add_log
INFO: .project
Aug 14, 2021 10:49:51 PM com.tekstac.eclipse.ExerciseView add_log
INFO: CountOfWords.class
Aug 14, 2021 10:49:51 PM com.tekstac.eclipse.ExerciseView add_log
INFO: CountOfWords.java
Aug 14, 2021 10:49:53 PM com.tekstac.eclipse.ExerciseView add_log
INFO: Evaluation Response -->{"monitorURL":"wss:\/\/cogee-java02.tekstac.com\/5891099575781\/monitor"}
Aug 14, 2021 10:49:53 PM com.tekstac.eclipse.ExerciseView add_log
INFO: Monitor Url is ---->wss://cogee-java02.tekstac.com/5891099575781/monitor
Aug 14, 2021 10:49:53 PM com.tekstac.eclipse.ExerciseView add_log
INFO: Updated Monitor Url ---> wss://cogee-java02.tekstac.com/5891099575781/monitor
Aug 14, 2021 10:49:53 PM com.tekstac.eclipse.ExerciseView add_log
INFO: OPENING URL :wss://cogee-java02.tekstac.com/5891099575781/monitor
Aug 14, 2021 10:49:53 PM com.tekstac.eclipse.ExerciseView add_log
INFO: C:\Users\LENOVO\Desktop/Tekstac/.certificate/keystore.jks
Aug 14, 2021 10:49:53 PM com.tekstac.eclipse.ExerciseView add_log
INFO: wss connect  
Aug 14, 2021 10:49:53 PM com.tekstac.eclipse.ExerciseView add_log
INFO: WSS OPEN 
