[2025-03-05T19:30:06.470+0000] {processor.py:186} INFO - Started process (PID=60) to work on /home/airflow/.local/lib/python3.12/site-packages/airflow/example_dags/example_external_task_marker_dag.py
[2025-03-05T19:30:06.471+0000] {processor.py:914} INFO - Processing file /home/airflow/.local/lib/python3.12/site-packages/airflow/example_dags/example_external_task_marker_dag.py for tasks to queue
[2025-03-05T19:30:06.473+0000] {logging_mixin.py:190} INFO - [2025-03-05T19:30:06.473+0000] {dagbag.py:588} INFO - Filling up the DagBag from /home/airflow/.local/lib/python3.12/site-packages/airflow/example_dags/example_external_task_marker_dag.py
[2025-03-05T19:30:06.494+0000] {processor.py:925} INFO - DAG(s) 'example_external_task_marker_parent', 'example_external_task_marker_child' retrieved from /home/airflow/.local/lib/python3.12/site-packages/airflow/example_dags/example_external_task_marker_dag.py
[2025-03-05T19:30:06.724+0000] {logging_mixin.py:190} INFO - [2025-03-05T19:30:06.723+0000] {override.py:1912} INFO - Created Permission View: can delete on DAG:example_external_task_marker_parent
[2025-03-05T19:30:06.733+0000] {logging_mixin.py:190} INFO - [2025-03-05T19:30:06.733+0000] {override.py:1912} INFO - Created Permission View: can edit on DAG:example_external_task_marker_parent
[2025-03-05T19:30:06.738+0000] {logging_mixin.py:190} INFO - [2025-03-05T19:30:06.738+0000] {override.py:1912} INFO - Created Permission View: can read on DAG:example_external_task_marker_parent
[2025-03-05T19:30:06.743+0000] {logging_mixin.py:190} INFO - [2025-03-05T19:30:06.742+0000] {override.py:1912} INFO - Created Permission View: menu access on DAG Run:example_external_task_marker_parent
[2025-03-05T19:30:06.765+0000] {logging_mixin.py:190} INFO - [2025-03-05T19:30:06.765+0000] {override.py:1912} INFO - Created Permission View: can create on DAG Run:example_external_task_marker_parent
[2025-03-05T19:30:06.770+0000] {logging_mixin.py:190} INFO - [2025-03-05T19:30:06.770+0000] {override.py:1912} INFO - Created Permission View: can delete on DAG Run:example_external_task_marker_parent
[2025-03-05T19:30:06.781+0000] {logging_mixin.py:190} INFO - [2025-03-05T19:30:06.781+0000] {override.py:1912} INFO - Created Permission View: can read on DAG Run:example_external_task_marker_parent
[2025-03-05T19:30:06.830+0000] {logging_mixin.py:190} INFO - [2025-03-05T19:30:06.830+0000] {override.py:1912} INFO - Created Permission View: can delete on DAG:example_external_task_marker_child
[2025-03-05T19:30:06.835+0000] {logging_mixin.py:190} INFO - [2025-03-05T19:30:06.834+0000] {override.py:1912} INFO - Created Permission View: can edit on DAG:example_external_task_marker_child
[2025-03-05T19:30:06.839+0000] {logging_mixin.py:190} INFO - [2025-03-05T19:30:06.839+0000] {override.py:1912} INFO - Created Permission View: can read on DAG:example_external_task_marker_child
[2025-03-05T19:30:06.844+0000] {logging_mixin.py:190} INFO - [2025-03-05T19:30:06.844+0000] {override.py:1912} INFO - Created Permission View: menu access on DAG Run:example_external_task_marker_child
[2025-03-05T19:30:06.849+0000] {logging_mixin.py:190} INFO - [2025-03-05T19:30:06.848+0000] {override.py:1912} INFO - Created Permission View: can create on DAG Run:example_external_task_marker_child
[2025-03-05T19:30:06.853+0000] {logging_mixin.py:190} INFO - [2025-03-05T19:30:06.853+0000] {override.py:1912} INFO - Created Permission View: can delete on DAG Run:example_external_task_marker_child
[2025-03-05T19:30:06.858+0000] {logging_mixin.py:190} INFO - [2025-03-05T19:30:06.857+0000] {override.py:1912} INFO - Created Permission View: can read on DAG Run:example_external_task_marker_child
[2025-03-05T19:30:06.858+0000] {logging_mixin.py:190} INFO - [2025-03-05T19:30:06.858+0000] {dag.py:3239} INFO - Sync 2 DAGs
[2025-03-05T19:30:07.032+0000] {logging_mixin.py:190} INFO - [2025-03-05T19:30:07.032+0000] {dag.py:3262} INFO - Creating ORM DAG for example_external_task_marker_parent
[2025-03-05T19:30:07.033+0000] {logging_mixin.py:190} INFO - [2025-03-05T19:30:07.033+0000] {dag.py:3262} INFO - Creating ORM DAG for example_external_task_marker_child
[2025-03-05T19:30:07.034+0000] {logging_mixin.py:190} INFO - [2025-03-05T19:30:07.034+0000] {dag.py:4180} INFO - Setting next_dagrun for example_external_task_marker_child to None, run_after=None
[2025-03-05T19:30:07.034+0000] {logging_mixin.py:190} INFO - [2025-03-05T19:30:07.034+0000] {dag.py:4180} INFO - Setting next_dagrun for example_external_task_marker_parent to None, run_after=None
[2025-03-05T19:30:07.070+0000] {processor.py:208} INFO - Processing /home/airflow/.local/lib/python3.12/site-packages/airflow/example_dags/example_external_task_marker_dag.py took 0.609 seconds
[2025-03-05T19:30:37.524+0000] {processor.py:186} INFO - Started process (PID=123) to work on /home/airflow/.local/lib/python3.12/site-packages/airflow/example_dags/example_external_task_marker_dag.py
[2025-03-05T19:30:37.524+0000] {processor.py:914} INFO - Processing file /home/airflow/.local/lib/python3.12/site-packages/airflow/example_dags/example_external_task_marker_dag.py for tasks to queue
[2025-03-05T19:30:37.527+0000] {logging_mixin.py:190} INFO - [2025-03-05T19:30:37.527+0000] {dagbag.py:588} INFO - Filling up the DagBag from /home/airflow/.local/lib/python3.12/site-packages/airflow/example_dags/example_external_task_marker_dag.py
[2025-03-05T19:30:37.535+0000] {processor.py:925} INFO - DAG(s) 'example_external_task_marker_parent', 'example_external_task_marker_child' retrieved from /home/airflow/.local/lib/python3.12/site-packages/airflow/example_dags/example_external_task_marker_dag.py
[2025-03-05T19:30:37.554+0000] {logging_mixin.py:190} INFO - [2025-03-05T19:30:37.554+0000] {dag.py:3239} INFO - Sync 2 DAGs
[2025-03-05T19:30:37.572+0000] {logging_mixin.py:190} INFO - [2025-03-05T19:30:37.572+0000] {dag.py:4180} INFO - Setting next_dagrun for example_external_task_marker_child to None, run_after=None
[2025-03-05T19:30:37.575+0000] {logging_mixin.py:190} INFO - [2025-03-05T19:30:37.575+0000] {dag.py:4180} INFO - Setting next_dagrun for example_external_task_marker_parent to None, run_after=None
[2025-03-05T19:30:37.587+0000] {processor.py:208} INFO - Processing /home/airflow/.local/lib/python3.12/site-packages/airflow/example_dags/example_external_task_marker_dag.py took 0.069 seconds
[2025-03-05T19:31:08.000+0000] {processor.py:186} INFO - Started process (PID=186) to work on /home/airflow/.local/lib/python3.12/site-packages/airflow/example_dags/example_external_task_marker_dag.py
[2025-03-05T19:31:08.000+0000] {processor.py:914} INFO - Processing file /home/airflow/.local/lib/python3.12/site-packages/airflow/example_dags/example_external_task_marker_dag.py for tasks to queue
[2025-03-05T19:31:08.003+0000] {logging_mixin.py:190} INFO - [2025-03-05T19:31:08.003+0000] {dagbag.py:588} INFO - Filling up the DagBag from /home/airflow/.local/lib/python3.12/site-packages/airflow/example_dags/example_external_task_marker_dag.py
[2025-03-05T19:31:08.009+0000] {processor.py:925} INFO - DAG(s) 'example_external_task_marker_parent', 'example_external_task_marker_child' retrieved from /home/airflow/.local/lib/python3.12/site-packages/airflow/example_dags/example_external_task_marker_dag.py
[2025-03-05T19:31:08.029+0000] {logging_mixin.py:190} INFO - [2025-03-05T19:31:08.029+0000] {dag.py:3239} INFO - Sync 2 DAGs
[2025-03-05T19:31:08.041+0000] {logging_mixin.py:190} INFO - [2025-03-05T19:31:08.041+0000] {dag.py:4180} INFO - Setting next_dagrun for example_external_task_marker_child to None, run_after=None
[2025-03-05T19:31:08.045+0000] {logging_mixin.py:190} INFO - [2025-03-05T19:31:08.045+0000] {dag.py:4180} INFO - Setting next_dagrun for example_external_task_marker_parent to None, run_after=None
[2025-03-05T19:31:08.057+0000] {processor.py:208} INFO - Processing /home/airflow/.local/lib/python3.12/site-packages/airflow/example_dags/example_external_task_marker_dag.py took 0.063 seconds
[2025-03-05T19:31:38.306+0000] {processor.py:186} INFO - Started process (PID=249) to work on /home/airflow/.local/lib/python3.12/site-packages/airflow/example_dags/example_external_task_marker_dag.py
[2025-03-05T19:31:38.307+0000] {processor.py:914} INFO - Processing file /home/airflow/.local/lib/python3.12/site-packages/airflow/example_dags/example_external_task_marker_dag.py for tasks to queue
[2025-03-05T19:31:38.309+0000] {logging_mixin.py:190} INFO - [2025-03-05T19:31:38.309+0000] {dagbag.py:588} INFO - Filling up the DagBag from /home/airflow/.local/lib/python3.12/site-packages/airflow/example_dags/example_external_task_marker_dag.py
[2025-03-05T19:31:38.317+0000] {processor.py:925} INFO - DAG(s) 'example_external_task_marker_parent', 'example_external_task_marker_child' retrieved from /home/airflow/.local/lib/python3.12/site-packages/airflow/example_dags/example_external_task_marker_dag.py
[2025-03-05T19:31:38.334+0000] {logging_mixin.py:190} INFO - [2025-03-05T19:31:38.334+0000] {dag.py:3239} INFO - Sync 2 DAGs
[2025-03-05T19:31:38.349+0000] {logging_mixin.py:190} INFO - [2025-03-05T19:31:38.348+0000] {dag.py:4180} INFO - Setting next_dagrun for example_external_task_marker_child to None, run_after=None
[2025-03-05T19:31:38.352+0000] {logging_mixin.py:190} INFO - [2025-03-05T19:31:38.352+0000] {dag.py:4180} INFO - Setting next_dagrun for example_external_task_marker_parent to None, run_after=None
[2025-03-05T19:31:38.365+0000] {processor.py:208} INFO - Processing /home/airflow/.local/lib/python3.12/site-packages/airflow/example_dags/example_external_task_marker_dag.py took 0.063 seconds
[2025-03-05T19:32:08.901+0000] {processor.py:186} INFO - Started process (PID=318) to work on /home/airflow/.local/lib/python3.12/site-packages/airflow/example_dags/example_external_task_marker_dag.py
[2025-03-05T19:32:08.902+0000] {processor.py:914} INFO - Processing file /home/airflow/.local/lib/python3.12/site-packages/airflow/example_dags/example_external_task_marker_dag.py for tasks to queue
[2025-03-05T19:32:08.904+0000] {logging_mixin.py:190} INFO - [2025-03-05T19:32:08.904+0000] {dagbag.py:588} INFO - Filling up the DagBag from /home/airflow/.local/lib/python3.12/site-packages/airflow/example_dags/example_external_task_marker_dag.py
[2025-03-05T19:32:08.910+0000] {processor.py:925} INFO - DAG(s) 'example_external_task_marker_child', 'example_external_task_marker_parent' retrieved from /home/airflow/.local/lib/python3.12/site-packages/airflow/example_dags/example_external_task_marker_dag.py
[2025-03-05T19:32:08.928+0000] {logging_mixin.py:190} INFO - [2025-03-05T19:32:08.927+0000] {dag.py:3239} INFO - Sync 2 DAGs
[2025-03-05T19:32:08.941+0000] {logging_mixin.py:190} INFO - [2025-03-05T19:32:08.941+0000] {dag.py:4180} INFO - Setting next_dagrun for example_external_task_marker_child to None, run_after=None
[2025-03-05T19:32:08.944+0000] {logging_mixin.py:190} INFO - [2025-03-05T19:32:08.944+0000] {dag.py:4180} INFO - Setting next_dagrun for example_external_task_marker_parent to None, run_after=None
[2025-03-05T19:32:08.956+0000] {processor.py:208} INFO - Processing /home/airflow/.local/lib/python3.12/site-packages/airflow/example_dags/example_external_task_marker_dag.py took 0.060 seconds
[2025-03-05T19:32:39.300+0000] {processor.py:186} INFO - Started process (PID=381) to work on /home/airflow/.local/lib/python3.12/site-packages/airflow/example_dags/example_external_task_marker_dag.py
[2025-03-05T19:32:39.301+0000] {processor.py:914} INFO - Processing file /home/airflow/.local/lib/python3.12/site-packages/airflow/example_dags/example_external_task_marker_dag.py for tasks to queue
[2025-03-05T19:32:39.302+0000] {logging_mixin.py:190} INFO - [2025-03-05T19:32:39.302+0000] {dagbag.py:588} INFO - Filling up the DagBag from /home/airflow/.local/lib/python3.12/site-packages/airflow/example_dags/example_external_task_marker_dag.py
[2025-03-05T19:32:39.308+0000] {processor.py:925} INFO - DAG(s) 'example_external_task_marker_parent', 'example_external_task_marker_child' retrieved from /home/airflow/.local/lib/python3.12/site-packages/airflow/example_dags/example_external_task_marker_dag.py
[2025-03-05T19:32:39.325+0000] {logging_mixin.py:190} INFO - [2025-03-05T19:32:39.325+0000] {dag.py:3239} INFO - Sync 2 DAGs
[2025-03-05T19:32:39.337+0000] {logging_mixin.py:190} INFO - [2025-03-05T19:32:39.337+0000] {dag.py:4180} INFO - Setting next_dagrun for example_external_task_marker_child to None, run_after=None
[2025-03-05T19:32:39.340+0000] {logging_mixin.py:190} INFO - [2025-03-05T19:32:39.340+0000] {dag.py:4180} INFO - Setting next_dagrun for example_external_task_marker_parent to None, run_after=None
[2025-03-05T19:32:39.352+0000] {processor.py:208} INFO - Processing /home/airflow/.local/lib/python3.12/site-packages/airflow/example_dags/example_external_task_marker_dag.py took 0.056 seconds
