[2025-03-05T19:30:12.445+0000] {processor.py:186} INFO - Started process (PID=92) to work on /home/airflow/.local/lib/python3.12/site-packages/airflow/example_dags/example_task_group.py
[2025-03-05T19:30:12.445+0000] {processor.py:914} INFO - Processing file /home/airflow/.local/lib/python3.12/site-packages/airflow/example_dags/example_task_group.py for tasks to queue
[2025-03-05T19:30:12.447+0000] {logging_mixin.py:190} INFO - [2025-03-05T19:30:12.447+0000] {dagbag.py:588} INFO - Filling up the DagBag from /home/airflow/.local/lib/python3.12/site-packages/airflow/example_dags/example_task_group.py
[2025-03-05T19:30:12.453+0000] {processor.py:925} INFO - DAG(s) 'example_task_group' retrieved from /home/airflow/.local/lib/python3.12/site-packages/airflow/example_dags/example_task_group.py
[2025-03-05T19:30:12.528+0000] {logging_mixin.py:190} INFO - [2025-03-05T19:30:12.527+0000] {override.py:1912} INFO - Created Permission View: can delete on DAG:example_task_group
[2025-03-05T19:30:12.535+0000] {logging_mixin.py:190} INFO - [2025-03-05T19:30:12.535+0000] {override.py:1912} INFO - Created Permission View: can edit on DAG:example_task_group
[2025-03-05T19:30:12.540+0000] {logging_mixin.py:190} INFO - [2025-03-05T19:30:12.540+0000] {override.py:1912} INFO - Created Permission View: can read on DAG:example_task_group
[2025-03-05T19:30:12.545+0000] {logging_mixin.py:190} INFO - [2025-03-05T19:30:12.545+0000] {override.py:1912} INFO - Created Permission View: menu access on DAG Run:example_task_group
[2025-03-05T19:30:12.549+0000] {logging_mixin.py:190} INFO - [2025-03-05T19:30:12.549+0000] {override.py:1912} INFO - Created Permission View: can create on DAG Run:example_task_group
[2025-03-05T19:30:12.554+0000] {logging_mixin.py:190} INFO - [2025-03-05T19:30:12.554+0000] {override.py:1912} INFO - Created Permission View: can delete on DAG Run:example_task_group
[2025-03-05T19:30:12.558+0000] {logging_mixin.py:190} INFO - [2025-03-05T19:30:12.558+0000] {override.py:1912} INFO - Created Permission View: can read on DAG Run:example_task_group
[2025-03-05T19:30:12.559+0000] {logging_mixin.py:190} INFO - [2025-03-05T19:30:12.559+0000] {dag.py:3239} INFO - Sync 1 DAGs
[2025-03-05T19:30:12.570+0000] {logging_mixin.py:190} INFO - [2025-03-05T19:30:12.570+0000] {dag.py:3262} INFO - Creating ORM DAG for example_task_group
[2025-03-05T19:30:12.571+0000] {logging_mixin.py:190} INFO - [2025-03-05T19:30:12.571+0000] {dag.py:4180} INFO - Setting next_dagrun for example_task_group to None, run_after=None
[2025-03-05T19:30:12.584+0000] {processor.py:208} INFO - Processing /home/airflow/.local/lib/python3.12/site-packages/airflow/example_dags/example_task_group.py took 0.143 seconds
[2025-03-05T19:30:43.122+0000] {processor.py:186} INFO - Started process (PID=155) to work on /home/airflow/.local/lib/python3.12/site-packages/airflow/example_dags/example_task_group.py
[2025-03-05T19:30:43.122+0000] {processor.py:914} INFO - Processing file /home/airflow/.local/lib/python3.12/site-packages/airflow/example_dags/example_task_group.py for tasks to queue
[2025-03-05T19:30:43.124+0000] {logging_mixin.py:190} INFO - [2025-03-05T19:30:43.124+0000] {dagbag.py:588} INFO - Filling up the DagBag from /home/airflow/.local/lib/python3.12/site-packages/airflow/example_dags/example_task_group.py
[2025-03-05T19:30:43.129+0000] {processor.py:925} INFO - DAG(s) 'example_task_group' retrieved from /home/airflow/.local/lib/python3.12/site-packages/airflow/example_dags/example_task_group.py
[2025-03-05T19:30:43.146+0000] {logging_mixin.py:190} INFO - [2025-03-05T19:30:43.145+0000] {dag.py:3239} INFO - Sync 1 DAGs
[2025-03-05T19:30:43.156+0000] {logging_mixin.py:190} INFO - [2025-03-05T19:30:43.156+0000] {dag.py:4180} INFO - Setting next_dagrun for example_task_group to None, run_after=None
[2025-03-05T19:30:43.170+0000] {processor.py:208} INFO - Processing /home/airflow/.local/lib/python3.12/site-packages/airflow/example_dags/example_task_group.py took 0.052 seconds
[2025-03-05T19:31:14.342+0000] {processor.py:186} INFO - Started process (PID=218) to work on /home/airflow/.local/lib/python3.12/site-packages/airflow/example_dags/example_task_group.py
[2025-03-05T19:31:14.343+0000] {processor.py:914} INFO - Processing file /home/airflow/.local/lib/python3.12/site-packages/airflow/example_dags/example_task_group.py for tasks to queue
[2025-03-05T19:31:14.345+0000] {logging_mixin.py:190} INFO - [2025-03-05T19:31:14.345+0000] {dagbag.py:588} INFO - Filling up the DagBag from /home/airflow/.local/lib/python3.12/site-packages/airflow/example_dags/example_task_group.py
[2025-03-05T19:31:14.351+0000] {processor.py:925} INFO - DAG(s) 'example_task_group' retrieved from /home/airflow/.local/lib/python3.12/site-packages/airflow/example_dags/example_task_group.py
[2025-03-05T19:31:14.366+0000] {logging_mixin.py:190} INFO - [2025-03-05T19:31:14.365+0000] {dag.py:3239} INFO - Sync 1 DAGs
[2025-03-05T19:31:14.377+0000] {logging_mixin.py:190} INFO - [2025-03-05T19:31:14.377+0000] {dag.py:4180} INFO - Setting next_dagrun for example_task_group to None, run_after=None
[2025-03-05T19:31:14.390+0000] {processor.py:208} INFO - Processing /home/airflow/.local/lib/python3.12/site-packages/airflow/example_dags/example_task_group.py took 0.052 seconds
[2025-03-05T19:31:45.507+0000] {processor.py:186} INFO - Started process (PID=281) to work on /home/airflow/.local/lib/python3.12/site-packages/airflow/example_dags/example_task_group.py
[2025-03-05T19:31:45.508+0000] {processor.py:914} INFO - Processing file /home/airflow/.local/lib/python3.12/site-packages/airflow/example_dags/example_task_group.py for tasks to queue
[2025-03-05T19:31:45.509+0000] {logging_mixin.py:190} INFO - [2025-03-05T19:31:45.509+0000] {dagbag.py:588} INFO - Filling up the DagBag from /home/airflow/.local/lib/python3.12/site-packages/airflow/example_dags/example_task_group.py
[2025-03-05T19:31:45.515+0000] {processor.py:925} INFO - DAG(s) 'example_task_group' retrieved from /home/airflow/.local/lib/python3.12/site-packages/airflow/example_dags/example_task_group.py
[2025-03-05T19:31:45.531+0000] {logging_mixin.py:190} INFO - [2025-03-05T19:31:45.531+0000] {dag.py:3239} INFO - Sync 1 DAGs
[2025-03-05T19:31:45.541+0000] {logging_mixin.py:190} INFO - [2025-03-05T19:31:45.541+0000] {dag.py:4180} INFO - Setting next_dagrun for example_task_group to None, run_after=None
[2025-03-05T19:31:45.553+0000] {processor.py:208} INFO - Processing /home/airflow/.local/lib/python3.12/site-packages/airflow/example_dags/example_task_group.py took 0.051 seconds
[2025-03-05T19:32:16.101+0000] {processor.py:186} INFO - Started process (PID=344) to work on /home/airflow/.local/lib/python3.12/site-packages/airflow/example_dags/example_task_group.py
[2025-03-05T19:32:16.101+0000] {processor.py:914} INFO - Processing file /home/airflow/.local/lib/python3.12/site-packages/airflow/example_dags/example_task_group.py for tasks to queue
[2025-03-05T19:32:16.103+0000] {logging_mixin.py:190} INFO - [2025-03-05T19:32:16.102+0000] {dagbag.py:588} INFO - Filling up the DagBag from /home/airflow/.local/lib/python3.12/site-packages/airflow/example_dags/example_task_group.py
[2025-03-05T19:32:16.109+0000] {processor.py:925} INFO - DAG(s) 'example_task_group' retrieved from /home/airflow/.local/lib/python3.12/site-packages/airflow/example_dags/example_task_group.py
[2025-03-05T19:32:16.124+0000] {logging_mixin.py:190} INFO - [2025-03-05T19:32:16.123+0000] {dag.py:3239} INFO - Sync 1 DAGs
[2025-03-05T19:32:16.134+0000] {logging_mixin.py:190} INFO - [2025-03-05T19:32:16.134+0000] {dag.py:4180} INFO - Setting next_dagrun for example_task_group to None, run_after=None
[2025-03-05T19:32:16.146+0000] {processor.py:208} INFO - Processing /home/airflow/.local/lib/python3.12/site-packages/airflow/example_dags/example_task_group.py took 0.050 seconds
[2025-03-05T19:32:47.600+0000] {processor.py:186} INFO - Started process (PID=407) to work on /home/airflow/.local/lib/python3.12/site-packages/airflow/example_dags/example_task_group.py
[2025-03-05T19:32:47.601+0000] {processor.py:914} INFO - Processing file /home/airflow/.local/lib/python3.12/site-packages/airflow/example_dags/example_task_group.py for tasks to queue
[2025-03-05T19:32:47.604+0000] {logging_mixin.py:190} INFO - [2025-03-05T19:32:47.603+0000] {dagbag.py:588} INFO - Filling up the DagBag from /home/airflow/.local/lib/python3.12/site-packages/airflow/example_dags/example_task_group.py
[2025-03-05T19:32:47.611+0000] {processor.py:925} INFO - DAG(s) 'example_task_group' retrieved from /home/airflow/.local/lib/python3.12/site-packages/airflow/example_dags/example_task_group.py
[2025-03-05T19:32:47.632+0000] {logging_mixin.py:190} INFO - [2025-03-05T19:32:47.631+0000] {dag.py:3239} INFO - Sync 1 DAGs
[2025-03-05T19:32:47.643+0000] {logging_mixin.py:190} INFO - [2025-03-05T19:32:47.643+0000] {dag.py:4180} INFO - Setting next_dagrun for example_task_group to None, run_after=None
[2025-03-05T19:32:47.657+0000] {processor.py:208} INFO - Processing /home/airflow/.local/lib/python3.12/site-packages/airflow/example_dags/example_task_group.py took 0.065 seconds
