[2025-03-05T19:30:14.081+0000] {processor.py:186} INFO - Started process (PID=109) to work on /home/airflow/.local/lib/python3.12/site-packages/airflow/example_dags/example_bash_operator.py
[2025-03-05T19:30:14.082+0000] {processor.py:914} INFO - Processing file /home/airflow/.local/lib/python3.12/site-packages/airflow/example_dags/example_bash_operator.py for tasks to queue
[2025-03-05T19:30:14.084+0000] {logging_mixin.py:190} INFO - [2025-03-05T19:30:14.084+0000] {dagbag.py:588} INFO - Filling up the DagBag from /home/airflow/.local/lib/python3.12/site-packages/airflow/example_dags/example_bash_operator.py
[2025-03-05T19:30:14.096+0000] {processor.py:925} INFO - DAG(s) 'example_bash_operator' retrieved from /home/airflow/.local/lib/python3.12/site-packages/airflow/example_dags/example_bash_operator.py
[2025-03-05T19:30:14.190+0000] {logging_mixin.py:190} INFO - [2025-03-05T19:30:14.189+0000] {override.py:1912} INFO - Created Permission View: can delete on DAG:example_bash_operator
[2025-03-05T19:30:14.198+0000] {logging_mixin.py:190} INFO - [2025-03-05T19:30:14.198+0000] {override.py:1912} INFO - Created Permission View: can edit on DAG:example_bash_operator
[2025-03-05T19:30:14.204+0000] {logging_mixin.py:190} INFO - [2025-03-05T19:30:14.204+0000] {override.py:1912} INFO - Created Permission View: can read on DAG:example_bash_operator
[2025-03-05T19:30:14.210+0000] {logging_mixin.py:190} INFO - [2025-03-05T19:30:14.210+0000] {override.py:1912} INFO - Created Permission View: menu access on DAG Run:example_bash_operator
[2025-03-05T19:30:14.215+0000] {logging_mixin.py:190} INFO - [2025-03-05T19:30:14.215+0000] {override.py:1912} INFO - Created Permission View: can create on DAG Run:example_bash_operator
[2025-03-05T19:30:14.221+0000] {logging_mixin.py:190} INFO - [2025-03-05T19:30:14.220+0000] {override.py:1912} INFO - Created Permission View: can delete on DAG Run:example_bash_operator
[2025-03-05T19:30:14.226+0000] {logging_mixin.py:190} INFO - [2025-03-05T19:30:14.226+0000] {override.py:1912} INFO - Created Permission View: can read on DAG Run:example_bash_operator
[2025-03-05T19:30:14.226+0000] {logging_mixin.py:190} INFO - [2025-03-05T19:30:14.226+0000] {dag.py:3239} INFO - Sync 1 DAGs
[2025-03-05T19:30:14.237+0000] {logging_mixin.py:190} INFO - [2025-03-05T19:30:14.237+0000] {dag.py:3262} INFO - Creating ORM DAG for example_bash_operator
[2025-03-05T19:30:14.246+0000] {logging_mixin.py:190} INFO - [2025-03-05T19:30:14.246+0000] {dag.py:4180} INFO - Setting next_dagrun for example_bash_operator to 2025-03-04 00:00:00+00:00, run_after=2025-03-05 00:00:00+00:00
[2025-03-05T19:30:14.260+0000] {processor.py:208} INFO - Processing /home/airflow/.local/lib/python3.12/site-packages/airflow/example_dags/example_bash_operator.py took 0.184 seconds
[2025-03-05T19:30:45.181+0000] {processor.py:186} INFO - Started process (PID=172) to work on /home/airflow/.local/lib/python3.12/site-packages/airflow/example_dags/example_bash_operator.py
[2025-03-05T19:30:45.182+0000] {processor.py:914} INFO - Processing file /home/airflow/.local/lib/python3.12/site-packages/airflow/example_dags/example_bash_operator.py for tasks to queue
[2025-03-05T19:30:45.184+0000] {logging_mixin.py:190} INFO - [2025-03-05T19:30:45.184+0000] {dagbag.py:588} INFO - Filling up the DagBag from /home/airflow/.local/lib/python3.12/site-packages/airflow/example_dags/example_bash_operator.py
[2025-03-05T19:30:45.192+0000] {processor.py:925} INFO - DAG(s) 'example_bash_operator' retrieved from /home/airflow/.local/lib/python3.12/site-packages/airflow/example_dags/example_bash_operator.py
[2025-03-05T19:30:45.212+0000] {logging_mixin.py:190} INFO - [2025-03-05T19:30:45.212+0000] {dag.py:3239} INFO - Sync 1 DAGs
[2025-03-05T19:30:45.230+0000] {logging_mixin.py:190} INFO - [2025-03-05T19:30:45.229+0000] {dag.py:4180} INFO - Setting next_dagrun for example_bash_operator to 2025-03-04 00:00:00+00:00, run_after=2025-03-05 00:00:00+00:00
[2025-03-05T19:30:45.243+0000] {processor.py:208} INFO - Processing /home/airflow/.local/lib/python3.12/site-packages/airflow/example_dags/example_bash_operator.py took 0.066 seconds
[2025-03-05T19:31:16.114+0000] {processor.py:186} INFO - Started process (PID=235) to work on /home/airflow/.local/lib/python3.12/site-packages/airflow/example_dags/example_bash_operator.py
[2025-03-05T19:31:16.115+0000] {processor.py:914} INFO - Processing file /home/airflow/.local/lib/python3.12/site-packages/airflow/example_dags/example_bash_operator.py for tasks to queue
[2025-03-05T19:31:16.117+0000] {logging_mixin.py:190} INFO - [2025-03-05T19:31:16.117+0000] {dagbag.py:588} INFO - Filling up the DagBag from /home/airflow/.local/lib/python3.12/site-packages/airflow/example_dags/example_bash_operator.py
[2025-03-05T19:31:16.125+0000] {processor.py:925} INFO - DAG(s) 'example_bash_operator' retrieved from /home/airflow/.local/lib/python3.12/site-packages/airflow/example_dags/example_bash_operator.py
[2025-03-05T19:31:16.144+0000] {logging_mixin.py:190} INFO - [2025-03-05T19:31:16.144+0000] {dag.py:3239} INFO - Sync 1 DAGs
[2025-03-05T19:31:16.161+0000] {logging_mixin.py:190} INFO - [2025-03-05T19:31:16.161+0000] {dag.py:4180} INFO - Setting next_dagrun for example_bash_operator to 2025-03-04 00:00:00+00:00, run_after=2025-03-05 00:00:00+00:00
[2025-03-05T19:31:16.174+0000] {processor.py:208} INFO - Processing /home/airflow/.local/lib/python3.12/site-packages/airflow/example_dags/example_bash_operator.py took 0.064 seconds
[2025-03-05T19:31:46.332+0000] {processor.py:186} INFO - Started process (PID=298) to work on /home/airflow/.local/lib/python3.12/site-packages/airflow/example_dags/example_bash_operator.py
[2025-03-05T19:31:46.333+0000] {processor.py:914} INFO - Processing file /home/airflow/.local/lib/python3.12/site-packages/airflow/example_dags/example_bash_operator.py for tasks to queue
[2025-03-05T19:31:46.334+0000] {logging_mixin.py:190} INFO - [2025-03-05T19:31:46.334+0000] {dagbag.py:588} INFO - Filling up the DagBag from /home/airflow/.local/lib/python3.12/site-packages/airflow/example_dags/example_bash_operator.py
[2025-03-05T19:31:46.343+0000] {processor.py:925} INFO - DAG(s) 'example_bash_operator' retrieved from /home/airflow/.local/lib/python3.12/site-packages/airflow/example_dags/example_bash_operator.py
[2025-03-05T19:31:46.363+0000] {logging_mixin.py:190} INFO - [2025-03-05T19:31:46.363+0000] {dag.py:3239} INFO - Sync 1 DAGs
[2025-03-05T19:31:46.380+0000] {logging_mixin.py:190} INFO - [2025-03-05T19:31:46.380+0000] {dag.py:4180} INFO - Setting next_dagrun for example_bash_operator to 2025-03-04 00:00:00+00:00, run_after=2025-03-05 00:00:00+00:00
[2025-03-05T19:31:46.393+0000] {processor.py:208} INFO - Processing /home/airflow/.local/lib/python3.12/site-packages/airflow/example_dags/example_bash_operator.py took 0.065 seconds
[2025-03-05T19:32:16.768+0000] {processor.py:186} INFO - Started process (PID=361) to work on /home/airflow/.local/lib/python3.12/site-packages/airflow/example_dags/example_bash_operator.py
[2025-03-05T19:32:16.769+0000] {processor.py:914} INFO - Processing file /home/airflow/.local/lib/python3.12/site-packages/airflow/example_dags/example_bash_operator.py for tasks to queue
[2025-03-05T19:32:16.771+0000] {logging_mixin.py:190} INFO - [2025-03-05T19:32:16.770+0000] {dagbag.py:588} INFO - Filling up the DagBag from /home/airflow/.local/lib/python3.12/site-packages/airflow/example_dags/example_bash_operator.py
[2025-03-05T19:32:16.779+0000] {processor.py:925} INFO - DAG(s) 'example_bash_operator' retrieved from /home/airflow/.local/lib/python3.12/site-packages/airflow/example_dags/example_bash_operator.py
[2025-03-05T19:32:16.799+0000] {logging_mixin.py:190} INFO - [2025-03-05T19:32:16.799+0000] {dag.py:3239} INFO - Sync 1 DAGs
[2025-03-05T19:32:16.816+0000] {logging_mixin.py:190} INFO - [2025-03-05T19:32:16.816+0000] {dag.py:4180} INFO - Setting next_dagrun for example_bash_operator to 2025-03-04 00:00:00+00:00, run_after=2025-03-05 00:00:00+00:00
[2025-03-05T19:32:16.829+0000] {processor.py:208} INFO - Processing /home/airflow/.local/lib/python3.12/site-packages/airflow/example_dags/example_bash_operator.py took 0.065 seconds
[2025-03-05T19:32:48.592+0000] {processor.py:186} INFO - Started process (PID=424) to work on /home/airflow/.local/lib/python3.12/site-packages/airflow/example_dags/example_bash_operator.py
[2025-03-05T19:32:48.593+0000] {processor.py:914} INFO - Processing file /home/airflow/.local/lib/python3.12/site-packages/airflow/example_dags/example_bash_operator.py for tasks to queue
[2025-03-05T19:32:48.594+0000] {logging_mixin.py:190} INFO - [2025-03-05T19:32:48.594+0000] {dagbag.py:588} INFO - Filling up the DagBag from /home/airflow/.local/lib/python3.12/site-packages/airflow/example_dags/example_bash_operator.py
[2025-03-05T19:32:48.603+0000] {processor.py:925} INFO - DAG(s) 'example_bash_operator' retrieved from /home/airflow/.local/lib/python3.12/site-packages/airflow/example_dags/example_bash_operator.py
[2025-03-05T19:32:48.624+0000] {logging_mixin.py:190} INFO - [2025-03-05T19:32:48.623+0000] {dag.py:3239} INFO - Sync 1 DAGs
[2025-03-05T19:32:48.648+0000] {logging_mixin.py:190} INFO - [2025-03-05T19:32:48.648+0000] {dag.py:4180} INFO - Setting next_dagrun for example_bash_operator to 2025-03-04 00:00:00+00:00, run_after=2025-03-05 00:00:00+00:00
[2025-03-05T19:32:48.661+0000] {processor.py:208} INFO - Processing /home/airflow/.local/lib/python3.12/site-packages/airflow/example_dags/example_bash_operator.py took 0.073 seconds
