[2025-03-05T19:30:14.733+0000] {processor.py:186} INFO - Started process (PID=115) to work on /home/airflow/.local/lib/python3.12/site-packages/airflow/example_dags/example_inlet_event_extra.py
[2025-03-05T19:30:14.734+0000] {processor.py:914} INFO - Processing file /home/airflow/.local/lib/python3.12/site-packages/airflow/example_dags/example_inlet_event_extra.py for tasks to queue
[2025-03-05T19:30:14.736+0000] {logging_mixin.py:190} INFO - [2025-03-05T19:30:14.735+0000] {dagbag.py:588} INFO - Filling up the DagBag from /home/airflow/.local/lib/python3.12/site-packages/airflow/example_dags/example_inlet_event_extra.py
[2025-03-05T19:30:15.228+0000] {processor.py:925} INFO - DAG(s) 'read_dataset_event', 'read_dataset_event_from_classic' retrieved from /home/airflow/.local/lib/python3.12/site-packages/airflow/example_dags/example_inlet_event_extra.py
[2025-03-05T19:30:15.305+0000] {logging_mixin.py:190} INFO - [2025-03-05T19:30:15.305+0000] {override.py:1912} INFO - Created Permission View: can delete on DAG:read_dataset_event
[2025-03-05T19:30:15.313+0000] {logging_mixin.py:190} INFO - [2025-03-05T19:30:15.313+0000] {override.py:1912} INFO - Created Permission View: can edit on DAG:read_dataset_event
[2025-03-05T19:30:15.318+0000] {logging_mixin.py:190} INFO - [2025-03-05T19:30:15.318+0000] {override.py:1912} INFO - Created Permission View: can read on DAG:read_dataset_event
[2025-03-05T19:30:15.324+0000] {logging_mixin.py:190} INFO - [2025-03-05T19:30:15.323+0000] {override.py:1912} INFO - Created Permission View: menu access on DAG Run:read_dataset_event
[2025-03-05T19:30:15.329+0000] {logging_mixin.py:190} INFO - [2025-03-05T19:30:15.328+0000] {override.py:1912} INFO - Created Permission View: can create on DAG Run:read_dataset_event
[2025-03-05T19:30:15.333+0000] {logging_mixin.py:190} INFO - [2025-03-05T19:30:15.333+0000] {override.py:1912} INFO - Created Permission View: can delete on DAG Run:read_dataset_event
[2025-03-05T19:30:15.339+0000] {logging_mixin.py:190} INFO - [2025-03-05T19:30:15.338+0000] {override.py:1912} INFO - Created Permission View: can read on DAG Run:read_dataset_event
[2025-03-05T19:30:15.348+0000] {logging_mixin.py:190} INFO - [2025-03-05T19:30:15.348+0000] {override.py:1912} INFO - Created Permission View: can delete on DAG:read_dataset_event_from_classic
[2025-03-05T19:30:15.354+0000] {logging_mixin.py:190} INFO - [2025-03-05T19:30:15.353+0000] {override.py:1912} INFO - Created Permission View: can edit on DAG:read_dataset_event_from_classic
[2025-03-05T19:30:15.358+0000] {logging_mixin.py:190} INFO - [2025-03-05T19:30:15.358+0000] {override.py:1912} INFO - Created Permission View: can read on DAG:read_dataset_event_from_classic
[2025-03-05T19:30:15.364+0000] {logging_mixin.py:190} INFO - [2025-03-05T19:30:15.364+0000] {override.py:1912} INFO - Created Permission View: menu access on DAG Run:read_dataset_event_from_classic
[2025-03-05T19:30:15.369+0000] {logging_mixin.py:190} INFO - [2025-03-05T19:30:15.369+0000] {override.py:1912} INFO - Created Permission View: can create on DAG Run:read_dataset_event_from_classic
[2025-03-05T19:30:15.374+0000] {logging_mixin.py:190} INFO - [2025-03-05T19:30:15.374+0000] {override.py:1912} INFO - Created Permission View: can delete on DAG Run:read_dataset_event_from_classic
[2025-03-05T19:30:15.379+0000] {logging_mixin.py:190} INFO - [2025-03-05T19:30:15.379+0000] {override.py:1912} INFO - Created Permission View: can read on DAG Run:read_dataset_event_from_classic
[2025-03-05T19:30:15.380+0000] {logging_mixin.py:190} INFO - [2025-03-05T19:30:15.380+0000] {dag.py:3239} INFO - Sync 2 DAGs
[2025-03-05T19:30:15.391+0000] {logging_mixin.py:190} INFO - [2025-03-05T19:30:15.391+0000] {dag.py:3262} INFO - Creating ORM DAG for read_dataset_event
[2025-03-05T19:30:15.392+0000] {logging_mixin.py:190} INFO - [2025-03-05T19:30:15.392+0000] {dag.py:3262} INFO - Creating ORM DAG for read_dataset_event_from_classic
[2025-03-05T19:30:15.400+0000] {logging_mixin.py:190} INFO - [2025-03-05T19:30:15.400+0000] {dag.py:4180} INFO - Setting next_dagrun for read_dataset_event to 2025-03-04 00:00:00+00:00, run_after=2025-03-05 00:00:00+00:00
[2025-03-05T19:30:15.402+0000] {logging_mixin.py:190} INFO - [2025-03-05T19:30:15.402+0000] {dag.py:4180} INFO - Setting next_dagrun for read_dataset_event_from_classic to 2025-03-04 00:00:00+00:00, run_after=2025-03-05 00:00:00+00:00
[2025-03-05T19:30:15.416+0000] {processor.py:208} INFO - Processing /home/airflow/.local/lib/python3.12/site-packages/airflow/example_dags/example_inlet_event_extra.py took 0.687 seconds
[2025-03-05T19:30:45.562+0000] {processor.py:186} INFO - Started process (PID=179) to work on /home/airflow/.local/lib/python3.12/site-packages/airflow/example_dags/example_inlet_event_extra.py
[2025-03-05T19:30:45.563+0000] {processor.py:914} INFO - Processing file /home/airflow/.local/lib/python3.12/site-packages/airflow/example_dags/example_inlet_event_extra.py for tasks to queue
[2025-03-05T19:30:45.565+0000] {logging_mixin.py:190} INFO - [2025-03-05T19:30:45.564+0000] {dagbag.py:588} INFO - Filling up the DagBag from /home/airflow/.local/lib/python3.12/site-packages/airflow/example_dags/example_inlet_event_extra.py
[2025-03-05T19:30:46.091+0000] {processor.py:925} INFO - DAG(s) 'read_dataset_event', 'read_dataset_event_from_classic' retrieved from /home/airflow/.local/lib/python3.12/site-packages/airflow/example_dags/example_inlet_event_extra.py
[2025-03-05T19:30:46.107+0000] {logging_mixin.py:190} INFO - [2025-03-05T19:30:46.107+0000] {dag.py:3239} INFO - Sync 2 DAGs
[2025-03-05T19:30:46.127+0000] {logging_mixin.py:190} INFO - [2025-03-05T19:30:46.127+0000] {dag.py:4180} INFO - Setting next_dagrun for read_dataset_event to 2025-03-04 00:00:00+00:00, run_after=2025-03-05 00:00:00+00:00
[2025-03-05T19:30:46.131+0000] {logging_mixin.py:190} INFO - [2025-03-05T19:30:46.131+0000] {dag.py:4180} INFO - Setting next_dagrun for read_dataset_event_from_classic to 2025-03-04 00:00:00+00:00, run_after=2025-03-05 00:00:00+00:00
[2025-03-05T19:30:46.142+0000] {processor.py:208} INFO - Processing /home/airflow/.local/lib/python3.12/site-packages/airflow/example_dags/example_inlet_event_extra.py took 0.586 seconds
[2025-03-05T19:31:16.641+0000] {processor.py:186} INFO - Started process (PID=248) to work on /home/airflow/.local/lib/python3.12/site-packages/airflow/example_dags/example_inlet_event_extra.py
[2025-03-05T19:31:16.642+0000] {processor.py:914} INFO - Processing file /home/airflow/.local/lib/python3.12/site-packages/airflow/example_dags/example_inlet_event_extra.py for tasks to queue
[2025-03-05T19:31:16.644+0000] {logging_mixin.py:190} INFO - [2025-03-05T19:31:16.644+0000] {dagbag.py:588} INFO - Filling up the DagBag from /home/airflow/.local/lib/python3.12/site-packages/airflow/example_dags/example_inlet_event_extra.py
[2025-03-05T19:31:17.127+0000] {processor.py:925} INFO - DAG(s) 'read_dataset_event', 'read_dataset_event_from_classic' retrieved from /home/airflow/.local/lib/python3.12/site-packages/airflow/example_dags/example_inlet_event_extra.py
[2025-03-05T19:31:17.143+0000] {logging_mixin.py:190} INFO - [2025-03-05T19:31:17.143+0000] {dag.py:3239} INFO - Sync 2 DAGs
[2025-03-05T19:31:17.163+0000] {logging_mixin.py:190} INFO - [2025-03-05T19:31:17.163+0000] {dag.py:4180} INFO - Setting next_dagrun for read_dataset_event to 2025-03-04 00:00:00+00:00, run_after=2025-03-05 00:00:00+00:00
[2025-03-05T19:31:17.167+0000] {logging_mixin.py:190} INFO - [2025-03-05T19:31:17.167+0000] {dag.py:4180} INFO - Setting next_dagrun for read_dataset_event_from_classic to 2025-03-04 00:00:00+00:00, run_after=2025-03-05 00:00:00+00:00
[2025-03-05T19:31:17.180+0000] {processor.py:208} INFO - Processing /home/airflow/.local/lib/python3.12/site-packages/airflow/example_dags/example_inlet_event_extra.py took 0.543 seconds
[2025-03-05T19:31:47.781+0000] {processor.py:186} INFO - Started process (PID=311) to work on /home/airflow/.local/lib/python3.12/site-packages/airflow/example_dags/example_inlet_event_extra.py
[2025-03-05T19:31:47.782+0000] {processor.py:914} INFO - Processing file /home/airflow/.local/lib/python3.12/site-packages/airflow/example_dags/example_inlet_event_extra.py for tasks to queue
[2025-03-05T19:31:47.783+0000] {logging_mixin.py:190} INFO - [2025-03-05T19:31:47.783+0000] {dagbag.py:588} INFO - Filling up the DagBag from /home/airflow/.local/lib/python3.12/site-packages/airflow/example_dags/example_inlet_event_extra.py
[2025-03-05T19:31:48.198+0000] {processor.py:925} INFO - DAG(s) 'read_dataset_event_from_classic', 'read_dataset_event' retrieved from /home/airflow/.local/lib/python3.12/site-packages/airflow/example_dags/example_inlet_event_extra.py
[2025-03-05T19:31:48.212+0000] {logging_mixin.py:190} INFO - [2025-03-05T19:31:48.212+0000] {dag.py:3239} INFO - Sync 2 DAGs
[2025-03-05T19:31:48.230+0000] {logging_mixin.py:190} INFO - [2025-03-05T19:31:48.229+0000] {dag.py:4180} INFO - Setting next_dagrun for read_dataset_event to 2025-03-04 00:00:00+00:00, run_after=2025-03-05 00:00:00+00:00
[2025-03-05T19:31:48.233+0000] {logging_mixin.py:190} INFO - [2025-03-05T19:31:48.233+0000] {dag.py:4180} INFO - Setting next_dagrun for read_dataset_event_from_classic to 2025-03-04 00:00:00+00:00, run_after=2025-03-05 00:00:00+00:00
[2025-03-05T19:31:48.244+0000] {processor.py:208} INFO - Processing /home/airflow/.local/lib/python3.12/site-packages/airflow/example_dags/example_inlet_event_extra.py took 0.466 seconds
[2025-03-05T19:32:19.209+0000] {processor.py:186} INFO - Started process (PID=374) to work on /home/airflow/.local/lib/python3.12/site-packages/airflow/example_dags/example_inlet_event_extra.py
[2025-03-05T19:32:19.210+0000] {processor.py:914} INFO - Processing file /home/airflow/.local/lib/python3.12/site-packages/airflow/example_dags/example_inlet_event_extra.py for tasks to queue
[2025-03-05T19:32:19.211+0000] {logging_mixin.py:190} INFO - [2025-03-05T19:32:19.211+0000] {dagbag.py:588} INFO - Filling up the DagBag from /home/airflow/.local/lib/python3.12/site-packages/airflow/example_dags/example_inlet_event_extra.py
[2025-03-05T19:32:19.665+0000] {processor.py:925} INFO - DAG(s) 'read_dataset_event', 'read_dataset_event_from_classic' retrieved from /home/airflow/.local/lib/python3.12/site-packages/airflow/example_dags/example_inlet_event_extra.py
[2025-03-05T19:32:19.681+0000] {logging_mixin.py:190} INFO - [2025-03-05T19:32:19.681+0000] {dag.py:3239} INFO - Sync 2 DAGs
[2025-03-05T19:32:19.699+0000] {logging_mixin.py:190} INFO - [2025-03-05T19:32:19.698+0000] {dag.py:4180} INFO - Setting next_dagrun for read_dataset_event to 2025-03-04 00:00:00+00:00, run_after=2025-03-05 00:00:00+00:00
[2025-03-05T19:32:19.703+0000] {logging_mixin.py:190} INFO - [2025-03-05T19:32:19.703+0000] {dag.py:4180} INFO - Setting next_dagrun for read_dataset_event_from_classic to 2025-03-04 00:00:00+00:00, run_after=2025-03-05 00:00:00+00:00
[2025-03-05T19:32:19.715+0000] {processor.py:208} INFO - Processing /home/airflow/.local/lib/python3.12/site-packages/airflow/example_dags/example_inlet_event_extra.py took 0.509 seconds
[2025-03-05T19:32:50.147+0000] {processor.py:186} INFO - Started process (PID=437) to work on /home/airflow/.local/lib/python3.12/site-packages/airflow/example_dags/example_inlet_event_extra.py
[2025-03-05T19:32:50.148+0000] {processor.py:914} INFO - Processing file /home/airflow/.local/lib/python3.12/site-packages/airflow/example_dags/example_inlet_event_extra.py for tasks to queue
[2025-03-05T19:32:50.150+0000] {logging_mixin.py:190} INFO - [2025-03-05T19:32:50.150+0000] {dagbag.py:588} INFO - Filling up the DagBag from /home/airflow/.local/lib/python3.12/site-packages/airflow/example_dags/example_inlet_event_extra.py
[2025-03-05T19:32:50.627+0000] {processor.py:925} INFO - DAG(s) 'read_dataset_event', 'read_dataset_event_from_classic' retrieved from /home/airflow/.local/lib/python3.12/site-packages/airflow/example_dags/example_inlet_event_extra.py
[2025-03-05T19:32:50.645+0000] {logging_mixin.py:190} INFO - [2025-03-05T19:32:50.645+0000] {dag.py:3239} INFO - Sync 2 DAGs
[2025-03-05T19:32:50.666+0000] {logging_mixin.py:190} INFO - [2025-03-05T19:32:50.666+0000] {dag.py:4180} INFO - Setting next_dagrun for read_dataset_event to 2025-03-04 00:00:00+00:00, run_after=2025-03-05 00:00:00+00:00
[2025-03-05T19:32:50.671+0000] {logging_mixin.py:190} INFO - [2025-03-05T19:32:50.671+0000] {dag.py:4180} INFO - Setting next_dagrun for read_dataset_event_from_classic to 2025-03-04 00:00:00+00:00, run_after=2025-03-05 00:00:00+00:00
[2025-03-05T19:32:50.683+0000] {processor.py:208} INFO - Processing /home/airflow/.local/lib/python3.12/site-packages/airflow/example_dags/example_inlet_event_extra.py took 0.541 seconds
