[2025-03-05T19:30:11.374+0000] {processor.py:186} INFO - Started process (PID=82) to work on /home/airflow/.local/lib/python3.12/site-packages/airflow/example_dags/example_subdag_operator.py
[2025-03-05T19:30:11.374+0000] {processor.py:914} INFO - Processing file /home/airflow/.local/lib/python3.12/site-packages/airflow/example_dags/example_subdag_operator.py for tasks to queue
[2025-03-05T19:30:11.376+0000] {logging_mixin.py:190} INFO - [2025-03-05T19:30:11.376+0000] {dagbag.py:588} INFO - Filling up the DagBag from /home/airflow/.local/lib/python3.12/site-packages/airflow/example_dags/example_subdag_operator.py
[2025-03-05T19:30:11.405+0000] {processor.py:925} INFO - DAG(s) 'example_subdag_operator.section-1', 'example_subdag_operator.section-2', 'example_subdag_operator' retrieved from /home/airflow/.local/lib/python3.12/site-packages/airflow/example_dags/example_subdag_operator.py
[2025-03-05T19:30:11.483+0000] {logging_mixin.py:190} INFO - [2025-03-05T19:30:11.482+0000] {override.py:1912} INFO - Created Permission View: can delete on DAG:example_subdag_operator
[2025-03-05T19:30:11.491+0000] {logging_mixin.py:190} INFO - [2025-03-05T19:30:11.491+0000] {override.py:1912} INFO - Created Permission View: can edit on DAG:example_subdag_operator
[2025-03-05T19:30:11.496+0000] {logging_mixin.py:190} INFO - [2025-03-05T19:30:11.496+0000] {override.py:1912} INFO - Created Permission View: can read on DAG:example_subdag_operator
[2025-03-05T19:30:11.501+0000] {logging_mixin.py:190} INFO - [2025-03-05T19:30:11.501+0000] {override.py:1912} INFO - Created Permission View: menu access on DAG Run:example_subdag_operator
[2025-03-05T19:30:11.507+0000] {logging_mixin.py:190} INFO - [2025-03-05T19:30:11.507+0000] {override.py:1912} INFO - Created Permission View: can create on DAG Run:example_subdag_operator
[2025-03-05T19:30:11.511+0000] {logging_mixin.py:190} INFO - [2025-03-05T19:30:11.511+0000] {override.py:1912} INFO - Created Permission View: can delete on DAG Run:example_subdag_operator
[2025-03-05T19:30:11.516+0000] {logging_mixin.py:190} INFO - [2025-03-05T19:30:11.516+0000] {override.py:1912} INFO - Created Permission View: can read on DAG Run:example_subdag_operator
[2025-03-05T19:30:11.516+0000] {logging_mixin.py:190} INFO - [2025-03-05T19:30:11.516+0000] {dag.py:3239} INFO - Sync 3 DAGs
[2025-03-05T19:30:11.528+0000] {logging_mixin.py:190} INFO - [2025-03-05T19:30:11.528+0000] {dag.py:3262} INFO - Creating ORM DAG for example_subdag_operator.section-1
[2025-03-05T19:30:11.529+0000] {logging_mixin.py:190} INFO - [2025-03-05T19:30:11.529+0000] {dag.py:3262} INFO - Creating ORM DAG for example_subdag_operator.section-2
[2025-03-05T19:30:11.530+0000] {logging_mixin.py:190} INFO - [2025-03-05T19:30:11.529+0000] {dag.py:3262} INFO - Creating ORM DAG for example_subdag_operator
[2025-03-05T19:30:11.537+0000] {logging_mixin.py:190} INFO - [2025-03-05T19:30:11.537+0000] {dag.py:4180} INFO - Setting next_dagrun for example_subdag_operator to 2022-01-01 00:00:00+00:00, run_after=2022-01-01 00:00:00+00:00
[2025-03-05T19:30:11.538+0000] {logging_mixin.py:190} INFO - [2025-03-05T19:30:11.538+0000] {dag.py:4180} INFO - Setting next_dagrun for example_subdag_operator.section-1 to None, run_after=None
[2025-03-05T19:30:11.538+0000] {logging_mixin.py:190} INFO - [2025-03-05T19:30:11.538+0000] {dag.py:4180} INFO - Setting next_dagrun for example_subdag_operator.section-2 to None, run_after=None
[2025-03-05T19:30:11.545+0000] {logging_mixin.py:190} INFO - [2025-03-05T19:30:11.545+0000] {dag.py:3239} INFO - Sync 2 DAGs
[2025-03-05T19:30:11.549+0000] {logging_mixin.py:190} INFO - [2025-03-05T19:30:11.549+0000] {dag.py:4180} INFO - Setting next_dagrun for example_subdag_operator.section-1 to None, run_after=None
[2025-03-05T19:30:11.552+0000] {logging_mixin.py:190} INFO - [2025-03-05T19:30:11.551+0000] {dag.py:4180} INFO - Setting next_dagrun for example_subdag_operator.section-2 to None, run_after=None
[2025-03-05T19:30:11.560+0000] {processor.py:208} INFO - Processing /home/airflow/.local/lib/python3.12/site-packages/airflow/example_dags/example_subdag_operator.py took 0.191 seconds
[2025-03-05T19:30:42.566+0000] {processor.py:186} INFO - Started process (PID=145) to work on /home/airflow/.local/lib/python3.12/site-packages/airflow/example_dags/example_subdag_operator.py
[2025-03-05T19:30:42.567+0000] {processor.py:914} INFO - Processing file /home/airflow/.local/lib/python3.12/site-packages/airflow/example_dags/example_subdag_operator.py for tasks to queue
[2025-03-05T19:30:42.569+0000] {logging_mixin.py:190} INFO - [2025-03-05T19:30:42.569+0000] {dagbag.py:588} INFO - Filling up the DagBag from /home/airflow/.local/lib/python3.12/site-packages/airflow/example_dags/example_subdag_operator.py
[2025-03-05T19:30:42.588+0000] {processor.py:925} INFO - DAG(s) 'example_subdag_operator.section-1', 'example_subdag_operator.section-2', 'example_subdag_operator' retrieved from /home/airflow/.local/lib/python3.12/site-packages/airflow/example_dags/example_subdag_operator.py
[2025-03-05T19:30:42.601+0000] {logging_mixin.py:190} INFO - [2025-03-05T19:30:42.601+0000] {dag.py:3239} INFO - Sync 3 DAGs
[2025-03-05T19:30:42.621+0000] {logging_mixin.py:190} INFO - [2025-03-05T19:30:42.621+0000] {dag.py:4180} INFO - Setting next_dagrun for example_subdag_operator to 2022-01-01 00:00:00+00:00, run_after=2022-01-01 00:00:00+00:00
[2025-03-05T19:30:42.625+0000] {logging_mixin.py:190} INFO - [2025-03-05T19:30:42.625+0000] {dag.py:4180} INFO - Setting next_dagrun for example_subdag_operator.section-1 to None, run_after=None
[2025-03-05T19:30:42.626+0000] {logging_mixin.py:190} INFO - [2025-03-05T19:30:42.626+0000] {dag.py:4180} INFO - Setting next_dagrun for example_subdag_operator.section-2 to None, run_after=None
[2025-03-05T19:30:42.633+0000] {logging_mixin.py:190} INFO - [2025-03-05T19:30:42.633+0000] {dag.py:3239} INFO - Sync 2 DAGs
[2025-03-05T19:30:42.638+0000] {logging_mixin.py:190} INFO - [2025-03-05T19:30:42.638+0000] {dag.py:4180} INFO - Setting next_dagrun for example_subdag_operator.section-1 to None, run_after=None
[2025-03-05T19:30:42.638+0000] {logging_mixin.py:190} INFO - [2025-03-05T19:30:42.638+0000] {dag.py:4180} INFO - Setting next_dagrun for example_subdag_operator.section-2 to None, run_after=None
[2025-03-05T19:30:42.647+0000] {processor.py:208} INFO - Processing /home/airflow/.local/lib/python3.12/site-packages/airflow/example_dags/example_subdag_operator.py took 0.086 seconds
[2025-03-05T19:31:13.864+0000] {processor.py:186} INFO - Started process (PID=208) to work on /home/airflow/.local/lib/python3.12/site-packages/airflow/example_dags/example_subdag_operator.py
[2025-03-05T19:31:13.866+0000] {processor.py:914} INFO - Processing file /home/airflow/.local/lib/python3.12/site-packages/airflow/example_dags/example_subdag_operator.py for tasks to queue
[2025-03-05T19:31:13.867+0000] {logging_mixin.py:190} INFO - [2025-03-05T19:31:13.867+0000] {dagbag.py:588} INFO - Filling up the DagBag from /home/airflow/.local/lib/python3.12/site-packages/airflow/example_dags/example_subdag_operator.py
[2025-03-05T19:31:13.888+0000] {processor.py:925} INFO - DAG(s) 'example_subdag_operator.section-1', 'example_subdag_operator.section-2', 'example_subdag_operator' retrieved from /home/airflow/.local/lib/python3.12/site-packages/airflow/example_dags/example_subdag_operator.py
[2025-03-05T19:31:13.900+0000] {logging_mixin.py:190} INFO - [2025-03-05T19:31:13.900+0000] {dag.py:3239} INFO - Sync 3 DAGs
[2025-03-05T19:31:13.918+0000] {logging_mixin.py:190} INFO - [2025-03-05T19:31:13.917+0000] {dag.py:4180} INFO - Setting next_dagrun for example_subdag_operator to 2022-01-01 00:00:00+00:00, run_after=2022-01-01 00:00:00+00:00
[2025-03-05T19:31:13.921+0000] {logging_mixin.py:190} INFO - [2025-03-05T19:31:13.920+0000] {dag.py:4180} INFO - Setting next_dagrun for example_subdag_operator.section-1 to None, run_after=None
[2025-03-05T19:31:13.923+0000] {logging_mixin.py:190} INFO - [2025-03-05T19:31:13.923+0000] {dag.py:4180} INFO - Setting next_dagrun for example_subdag_operator.section-2 to None, run_after=None
[2025-03-05T19:31:13.928+0000] {logging_mixin.py:190} INFO - [2025-03-05T19:31:13.928+0000] {dag.py:3239} INFO - Sync 2 DAGs
[2025-03-05T19:31:13.933+0000] {logging_mixin.py:190} INFO - [2025-03-05T19:31:13.933+0000] {dag.py:4180} INFO - Setting next_dagrun for example_subdag_operator.section-1 to None, run_after=None
[2025-03-05T19:31:13.934+0000] {logging_mixin.py:190} INFO - [2025-03-05T19:31:13.934+0000] {dag.py:4180} INFO - Setting next_dagrun for example_subdag_operator.section-2 to None, run_after=None
[2025-03-05T19:31:13.942+0000] {processor.py:208} INFO - Processing /home/airflow/.local/lib/python3.12/site-packages/airflow/example_dags/example_subdag_operator.py took 0.084 seconds
[2025-03-05T19:31:45.039+0000] {processor.py:186} INFO - Started process (PID=271) to work on /home/airflow/.local/lib/python3.12/site-packages/airflow/example_dags/example_subdag_operator.py
[2025-03-05T19:31:45.040+0000] {processor.py:914} INFO - Processing file /home/airflow/.local/lib/python3.12/site-packages/airflow/example_dags/example_subdag_operator.py for tasks to queue
[2025-03-05T19:31:45.042+0000] {logging_mixin.py:190} INFO - [2025-03-05T19:31:45.041+0000] {dagbag.py:588} INFO - Filling up the DagBag from /home/airflow/.local/lib/python3.12/site-packages/airflow/example_dags/example_subdag_operator.py
[2025-03-05T19:31:45.059+0000] {processor.py:925} INFO - DAG(s) 'example_subdag_operator.section-1', 'example_subdag_operator.section-2', 'example_subdag_operator' retrieved from /home/airflow/.local/lib/python3.12/site-packages/airflow/example_dags/example_subdag_operator.py
[2025-03-05T19:31:45.070+0000] {logging_mixin.py:190} INFO - [2025-03-05T19:31:45.070+0000] {dag.py:3239} INFO - Sync 3 DAGs
[2025-03-05T19:31:45.086+0000] {logging_mixin.py:190} INFO - [2025-03-05T19:31:45.086+0000] {dag.py:4180} INFO - Setting next_dagrun for example_subdag_operator to 2022-01-01 00:00:00+00:00, run_after=2022-01-01 00:00:00+00:00
[2025-03-05T19:31:45.088+0000] {logging_mixin.py:190} INFO - [2025-03-05T19:31:45.088+0000] {dag.py:4180} INFO - Setting next_dagrun for example_subdag_operator.section-1 to None, run_after=None
[2025-03-05T19:31:45.090+0000] {logging_mixin.py:190} INFO - [2025-03-05T19:31:45.089+0000] {dag.py:4180} INFO - Setting next_dagrun for example_subdag_operator.section-2 to None, run_after=None
[2025-03-05T19:31:45.094+0000] {logging_mixin.py:190} INFO - [2025-03-05T19:31:45.094+0000] {dag.py:3239} INFO - Sync 2 DAGs
[2025-03-05T19:31:45.098+0000] {logging_mixin.py:190} INFO - [2025-03-05T19:31:45.098+0000] {dag.py:4180} INFO - Setting next_dagrun for example_subdag_operator.section-1 to None, run_after=None
[2025-03-05T19:31:45.099+0000] {logging_mixin.py:190} INFO - [2025-03-05T19:31:45.099+0000] {dag.py:4180} INFO - Setting next_dagrun for example_subdag_operator.section-2 to None, run_after=None
[2025-03-05T19:31:45.105+0000] {processor.py:208} INFO - Processing /home/airflow/.local/lib/python3.12/site-packages/airflow/example_dags/example_subdag_operator.py took 0.069 seconds
[2025-03-05T19:32:15.621+0000] {processor.py:186} INFO - Started process (PID=334) to work on /home/airflow/.local/lib/python3.12/site-packages/airflow/example_dags/example_subdag_operator.py
[2025-03-05T19:32:15.622+0000] {processor.py:914} INFO - Processing file /home/airflow/.local/lib/python3.12/site-packages/airflow/example_dags/example_subdag_operator.py for tasks to queue
[2025-03-05T19:32:15.623+0000] {logging_mixin.py:190} INFO - [2025-03-05T19:32:15.623+0000] {dagbag.py:588} INFO - Filling up the DagBag from /home/airflow/.local/lib/python3.12/site-packages/airflow/example_dags/example_subdag_operator.py
[2025-03-05T19:32:15.641+0000] {processor.py:925} INFO - DAG(s) 'example_subdag_operator.section-1', 'example_subdag_operator.section-2', 'example_subdag_operator' retrieved from /home/airflow/.local/lib/python3.12/site-packages/airflow/example_dags/example_subdag_operator.py
[2025-03-05T19:32:15.652+0000] {logging_mixin.py:190} INFO - [2025-03-05T19:32:15.652+0000] {dag.py:3239} INFO - Sync 3 DAGs
[2025-03-05T19:32:15.669+0000] {logging_mixin.py:190} INFO - [2025-03-05T19:32:15.668+0000] {dag.py:4180} INFO - Setting next_dagrun for example_subdag_operator to 2022-01-01 00:00:00+00:00, run_after=2022-01-01 00:00:00+00:00
[2025-03-05T19:32:15.671+0000] {logging_mixin.py:190} INFO - [2025-03-05T19:32:15.671+0000] {dag.py:4180} INFO - Setting next_dagrun for example_subdag_operator.section-1 to None, run_after=None
[2025-03-05T19:32:15.673+0000] {logging_mixin.py:190} INFO - [2025-03-05T19:32:15.672+0000] {dag.py:4180} INFO - Setting next_dagrun for example_subdag_operator.section-2 to None, run_after=None
[2025-03-05T19:32:15.678+0000] {logging_mixin.py:190} INFO - [2025-03-05T19:32:15.678+0000] {dag.py:3239} INFO - Sync 2 DAGs
[2025-03-05T19:32:15.683+0000] {logging_mixin.py:190} INFO - [2025-03-05T19:32:15.683+0000] {dag.py:4180} INFO - Setting next_dagrun for example_subdag_operator.section-1 to None, run_after=None
[2025-03-05T19:32:15.684+0000] {logging_mixin.py:190} INFO - [2025-03-05T19:32:15.683+0000] {dag.py:4180} INFO - Setting next_dagrun for example_subdag_operator.section-2 to None, run_after=None
[2025-03-05T19:32:15.692+0000] {processor.py:208} INFO - Processing /home/airflow/.local/lib/python3.12/site-packages/airflow/example_dags/example_subdag_operator.py took 0.074 seconds
[2025-03-05T19:32:47.084+0000] {processor.py:186} INFO - Started process (PID=397) to work on /home/airflow/.local/lib/python3.12/site-packages/airflow/example_dags/example_subdag_operator.py
[2025-03-05T19:32:47.084+0000] {processor.py:914} INFO - Processing file /home/airflow/.local/lib/python3.12/site-packages/airflow/example_dags/example_subdag_operator.py for tasks to queue
[2025-03-05T19:32:47.086+0000] {logging_mixin.py:190} INFO - [2025-03-05T19:32:47.086+0000] {dagbag.py:588} INFO - Filling up the DagBag from /home/airflow/.local/lib/python3.12/site-packages/airflow/example_dags/example_subdag_operator.py
[2025-03-05T19:32:47.106+0000] {processor.py:925} INFO - DAG(s) 'example_subdag_operator.section-1', 'example_subdag_operator.section-2', 'example_subdag_operator' retrieved from /home/airflow/.local/lib/python3.12/site-packages/airflow/example_dags/example_subdag_operator.py
[2025-03-05T19:32:47.117+0000] {logging_mixin.py:190} INFO - [2025-03-05T19:32:47.117+0000] {dag.py:3239} INFO - Sync 3 DAGs
[2025-03-05T19:32:47.135+0000] {logging_mixin.py:190} INFO - [2025-03-05T19:32:47.135+0000] {dag.py:4180} INFO - Setting next_dagrun for example_subdag_operator to 2022-01-01 00:00:00+00:00, run_after=2022-01-01 00:00:00+00:00
[2025-03-05T19:32:47.138+0000] {logging_mixin.py:190} INFO - [2025-03-05T19:32:47.138+0000] {dag.py:4180} INFO - Setting next_dagrun for example_subdag_operator.section-1 to None, run_after=None
[2025-03-05T19:32:47.139+0000] {logging_mixin.py:190} INFO - [2025-03-05T19:32:47.139+0000] {dag.py:4180} INFO - Setting next_dagrun for example_subdag_operator.section-2 to None, run_after=None
[2025-03-05T19:32:47.144+0000] {logging_mixin.py:190} INFO - [2025-03-05T19:32:47.144+0000] {dag.py:3239} INFO - Sync 2 DAGs
[2025-03-05T19:32:47.148+0000] {logging_mixin.py:190} INFO - [2025-03-05T19:32:47.148+0000] {dag.py:4180} INFO - Setting next_dagrun for example_subdag_operator.section-1 to None, run_after=None
[2025-03-05T19:32:47.149+0000] {logging_mixin.py:190} INFO - [2025-03-05T19:32:47.149+0000] {dag.py:4180} INFO - Setting next_dagrun for example_subdag_operator.section-2 to None, run_after=None
[2025-03-05T19:32:47.157+0000] {processor.py:208} INFO - Processing /home/airflow/.local/lib/python3.12/site-packages/airflow/example_dags/example_subdag_operator.py took 0.077 seconds
