[2025-03-05T19:30:11.947+0000] {processor.py:186} INFO - Started process (PID=86) to work on /home/airflow/.local/lib/python3.12/site-packages/airflow/example_dags/example_setup_teardown.py
[2025-03-05T19:30:11.948+0000] {processor.py:914} INFO - Processing file /home/airflow/.local/lib/python3.12/site-packages/airflow/example_dags/example_setup_teardown.py for tasks to queue
[2025-03-05T19:30:11.950+0000] {logging_mixin.py:190} INFO - [2025-03-05T19:30:11.950+0000] {dagbag.py:588} INFO - Filling up the DagBag from /home/airflow/.local/lib/python3.12/site-packages/airflow/example_dags/example_setup_teardown.py
[2025-03-05T19:30:11.959+0000] {processor.py:925} INFO - DAG(s) 'example_setup_teardown' retrieved from /home/airflow/.local/lib/python3.12/site-packages/airflow/example_dags/example_setup_teardown.py
[2025-03-05T19:30:12.037+0000] {logging_mixin.py:190} INFO - [2025-03-05T19:30:12.037+0000] {override.py:1912} INFO - Created Permission View: can delete on DAG:example_setup_teardown
[2025-03-05T19:30:12.044+0000] {logging_mixin.py:190} INFO - [2025-03-05T19:30:12.044+0000] {override.py:1912} INFO - Created Permission View: can edit on DAG:example_setup_teardown
[2025-03-05T19:30:12.049+0000] {logging_mixin.py:190} INFO - [2025-03-05T19:30:12.049+0000] {override.py:1912} INFO - Created Permission View: can read on DAG:example_setup_teardown
[2025-03-05T19:30:12.054+0000] {logging_mixin.py:190} INFO - [2025-03-05T19:30:12.054+0000] {override.py:1912} INFO - Created Permission View: menu access on DAG Run:example_setup_teardown
[2025-03-05T19:30:12.059+0000] {logging_mixin.py:190} INFO - [2025-03-05T19:30:12.058+0000] {override.py:1912} INFO - Created Permission View: can create on DAG Run:example_setup_teardown
[2025-03-05T19:30:12.063+0000] {logging_mixin.py:190} INFO - [2025-03-05T19:30:12.063+0000] {override.py:1912} INFO - Created Permission View: can delete on DAG Run:example_setup_teardown
[2025-03-05T19:30:12.068+0000] {logging_mixin.py:190} INFO - [2025-03-05T19:30:12.068+0000] {override.py:1912} INFO - Created Permission View: can read on DAG Run:example_setup_teardown
[2025-03-05T19:30:12.069+0000] {logging_mixin.py:190} INFO - [2025-03-05T19:30:12.068+0000] {dag.py:3239} INFO - Sync 1 DAGs
[2025-03-05T19:30:12.079+0000] {logging_mixin.py:190} INFO - [2025-03-05T19:30:12.079+0000] {dag.py:3262} INFO - Creating ORM DAG for example_setup_teardown
[2025-03-05T19:30:12.080+0000] {logging_mixin.py:190} INFO - [2025-03-05T19:30:12.079+0000] {dag.py:4180} INFO - Setting next_dagrun for example_setup_teardown to None, run_after=None
[2025-03-05T19:30:12.090+0000] {processor.py:208} INFO - Processing /home/airflow/.local/lib/python3.12/site-packages/airflow/example_dags/example_setup_teardown.py took 0.147 seconds
[2025-03-05T19:30:42.870+0000] {processor.py:186} INFO - Started process (PID=149) to work on /home/airflow/.local/lib/python3.12/site-packages/airflow/example_dags/example_setup_teardown.py
[2025-03-05T19:30:42.871+0000] {processor.py:914} INFO - Processing file /home/airflow/.local/lib/python3.12/site-packages/airflow/example_dags/example_setup_teardown.py for tasks to queue
[2025-03-05T19:30:42.873+0000] {logging_mixin.py:190} INFO - [2025-03-05T19:30:42.873+0000] {dagbag.py:588} INFO - Filling up the DagBag from /home/airflow/.local/lib/python3.12/site-packages/airflow/example_dags/example_setup_teardown.py
[2025-03-05T19:30:42.881+0000] {processor.py:925} INFO - DAG(s) 'example_setup_teardown' retrieved from /home/airflow/.local/lib/python3.12/site-packages/airflow/example_dags/example_setup_teardown.py
[2025-03-05T19:30:42.900+0000] {logging_mixin.py:190} INFO - [2025-03-05T19:30:42.900+0000] {dag.py:3239} INFO - Sync 1 DAGs
[2025-03-05T19:30:42.915+0000] {logging_mixin.py:190} INFO - [2025-03-05T19:30:42.915+0000] {dag.py:4180} INFO - Setting next_dagrun for example_setup_teardown to None, run_after=None
[2025-03-05T19:30:42.935+0000] {processor.py:208} INFO - Processing /home/airflow/.local/lib/python3.12/site-packages/airflow/example_dags/example_setup_teardown.py took 0.069 seconds
[2025-03-05T19:31:14.112+0000] {processor.py:186} INFO - Started process (PID=212) to work on /home/airflow/.local/lib/python3.12/site-packages/airflow/example_dags/example_setup_teardown.py
[2025-03-05T19:31:14.113+0000] {processor.py:914} INFO - Processing file /home/airflow/.local/lib/python3.12/site-packages/airflow/example_dags/example_setup_teardown.py for tasks to queue
[2025-03-05T19:31:14.114+0000] {logging_mixin.py:190} INFO - [2025-03-05T19:31:14.114+0000] {dagbag.py:588} INFO - Filling up the DagBag from /home/airflow/.local/lib/python3.12/site-packages/airflow/example_dags/example_setup_teardown.py
[2025-03-05T19:31:14.121+0000] {processor.py:925} INFO - DAG(s) 'example_setup_teardown' retrieved from /home/airflow/.local/lib/python3.12/site-packages/airflow/example_dags/example_setup_teardown.py
[2025-03-05T19:31:14.137+0000] {logging_mixin.py:190} INFO - [2025-03-05T19:31:14.137+0000] {dag.py:3239} INFO - Sync 1 DAGs
[2025-03-05T19:31:14.149+0000] {logging_mixin.py:190} INFO - [2025-03-05T19:31:14.149+0000] {dag.py:4180} INFO - Setting next_dagrun for example_setup_teardown to None, run_after=None
[2025-03-05T19:31:14.164+0000] {processor.py:208} INFO - Processing /home/airflow/.local/lib/python3.12/site-packages/airflow/example_dags/example_setup_teardown.py took 0.055 seconds
[2025-03-05T19:31:45.210+0000] {processor.py:186} INFO - Started process (PID=275) to work on /home/airflow/.local/lib/python3.12/site-packages/airflow/example_dags/example_setup_teardown.py
[2025-03-05T19:31:45.211+0000] {processor.py:914} INFO - Processing file /home/airflow/.local/lib/python3.12/site-packages/airflow/example_dags/example_setup_teardown.py for tasks to queue
[2025-03-05T19:31:45.212+0000] {logging_mixin.py:190} INFO - [2025-03-05T19:31:45.212+0000] {dagbag.py:588} INFO - Filling up the DagBag from /home/airflow/.local/lib/python3.12/site-packages/airflow/example_dags/example_setup_teardown.py
[2025-03-05T19:31:45.217+0000] {processor.py:925} INFO - DAG(s) 'example_setup_teardown' retrieved from /home/airflow/.local/lib/python3.12/site-packages/airflow/example_dags/example_setup_teardown.py
[2025-03-05T19:31:45.231+0000] {logging_mixin.py:190} INFO - [2025-03-05T19:31:45.231+0000] {dag.py:3239} INFO - Sync 1 DAGs
[2025-03-05T19:31:45.242+0000] {logging_mixin.py:190} INFO - [2025-03-05T19:31:45.242+0000] {dag.py:4180} INFO - Setting next_dagrun for example_setup_teardown to None, run_after=None
[2025-03-05T19:31:45.254+0000] {processor.py:208} INFO - Processing /home/airflow/.local/lib/python3.12/site-packages/airflow/example_dags/example_setup_teardown.py took 0.047 seconds
[2025-03-05T19:32:15.877+0000] {processor.py:186} INFO - Started process (PID=338) to work on /home/airflow/.local/lib/python3.12/site-packages/airflow/example_dags/example_setup_teardown.py
[2025-03-05T19:32:15.877+0000] {processor.py:914} INFO - Processing file /home/airflow/.local/lib/python3.12/site-packages/airflow/example_dags/example_setup_teardown.py for tasks to queue
[2025-03-05T19:32:15.879+0000] {logging_mixin.py:190} INFO - [2025-03-05T19:32:15.879+0000] {dagbag.py:588} INFO - Filling up the DagBag from /home/airflow/.local/lib/python3.12/site-packages/airflow/example_dags/example_setup_teardown.py
[2025-03-05T19:32:15.886+0000] {processor.py:925} INFO - DAG(s) 'example_setup_teardown' retrieved from /home/airflow/.local/lib/python3.12/site-packages/airflow/example_dags/example_setup_teardown.py
[2025-03-05T19:32:15.900+0000] {logging_mixin.py:190} INFO - [2025-03-05T19:32:15.900+0000] {dag.py:3239} INFO - Sync 1 DAGs
[2025-03-05T19:32:15.911+0000] {logging_mixin.py:190} INFO - [2025-03-05T19:32:15.910+0000] {dag.py:4180} INFO - Setting next_dagrun for example_setup_teardown to None, run_after=None
[2025-03-05T19:32:15.925+0000] {processor.py:208} INFO - Processing /home/airflow/.local/lib/python3.12/site-packages/airflow/example_dags/example_setup_teardown.py took 0.052 seconds
[2025-03-05T19:32:47.258+0000] {processor.py:186} INFO - Started process (PID=401) to work on /home/airflow/.local/lib/python3.12/site-packages/airflow/example_dags/example_setup_teardown.py
[2025-03-05T19:32:47.259+0000] {processor.py:914} INFO - Processing file /home/airflow/.local/lib/python3.12/site-packages/airflow/example_dags/example_setup_teardown.py for tasks to queue
[2025-03-05T19:32:47.260+0000] {logging_mixin.py:190} INFO - [2025-03-05T19:32:47.260+0000] {dagbag.py:588} INFO - Filling up the DagBag from /home/airflow/.local/lib/python3.12/site-packages/airflow/example_dags/example_setup_teardown.py
[2025-03-05T19:32:47.267+0000] {processor.py:925} INFO - DAG(s) 'example_setup_teardown' retrieved from /home/airflow/.local/lib/python3.12/site-packages/airflow/example_dags/example_setup_teardown.py
[2025-03-05T19:32:47.283+0000] {logging_mixin.py:190} INFO - [2025-03-05T19:32:47.283+0000] {dag.py:3239} INFO - Sync 1 DAGs
[2025-03-05T19:32:47.295+0000] {logging_mixin.py:190} INFO - [2025-03-05T19:32:47.295+0000] {dag.py:4180} INFO - Setting next_dagrun for example_setup_teardown to None, run_after=None
[2025-03-05T19:32:47.309+0000] {processor.py:208} INFO - Processing /home/airflow/.local/lib/python3.12/site-packages/airflow/example_dags/example_setup_teardown.py took 0.055 seconds
