[2025-03-05T19:30:14.984+0000] {processor.py:186} INFO - Started process (PID=117) to work on /home/airflow/.local/lib/python3.12/site-packages/airflow/example_dags/example_branch_python_dop_operator_3.py
[2025-03-05T19:30:14.984+0000] {processor.py:914} INFO - Processing file /home/airflow/.local/lib/python3.12/site-packages/airflow/example_dags/example_branch_python_dop_operator_3.py for tasks to queue
[2025-03-05T19:30:14.986+0000] {logging_mixin.py:190} INFO - [2025-03-05T19:30:14.986+0000] {dagbag.py:588} INFO - Filling up the DagBag from /home/airflow/.local/lib/python3.12/site-packages/airflow/example_dags/example_branch_python_dop_operator_3.py
[2025-03-05T19:30:15.015+0000] {processor.py:925} INFO - DAG(s) 'example_branch_dop_operator_v3' retrieved from /home/airflow/.local/lib/python3.12/site-packages/airflow/example_dags/example_branch_python_dop_operator_3.py
[2025-03-05T19:30:15.105+0000] {logging_mixin.py:190} INFO - [2025-03-05T19:30:15.105+0000] {override.py:1912} INFO - Created Permission View: can delete on DAG:example_branch_dop_operator_v3
[2025-03-05T19:30:15.118+0000] {logging_mixin.py:190} INFO - [2025-03-05T19:30:15.118+0000] {override.py:1912} INFO - Created Permission View: can edit on DAG:example_branch_dop_operator_v3
[2025-03-05T19:30:15.124+0000] {logging_mixin.py:190} INFO - [2025-03-05T19:30:15.124+0000] {override.py:1912} INFO - Created Permission View: can read on DAG:example_branch_dop_operator_v3
[2025-03-05T19:30:15.130+0000] {logging_mixin.py:190} INFO - [2025-03-05T19:30:15.130+0000] {override.py:1912} INFO - Created Permission View: menu access on DAG Run:example_branch_dop_operator_v3
[2025-03-05T19:30:15.135+0000] {logging_mixin.py:190} INFO - [2025-03-05T19:30:15.135+0000] {override.py:1912} INFO - Created Permission View: can create on DAG Run:example_branch_dop_operator_v3
[2025-03-05T19:30:15.140+0000] {logging_mixin.py:190} INFO - [2025-03-05T19:30:15.140+0000] {override.py:1912} INFO - Created Permission View: can delete on DAG Run:example_branch_dop_operator_v3
[2025-03-05T19:30:15.146+0000] {logging_mixin.py:190} INFO - [2025-03-05T19:30:15.145+0000] {override.py:1912} INFO - Created Permission View: can read on DAG Run:example_branch_dop_operator_v3
[2025-03-05T19:30:15.146+0000] {logging_mixin.py:190} INFO - [2025-03-05T19:30:15.146+0000] {dag.py:3239} INFO - Sync 1 DAGs
[2025-03-05T19:30:15.158+0000] {logging_mixin.py:190} INFO - [2025-03-05T19:30:15.157+0000] {dag.py:3262} INFO - Creating ORM DAG for example_branch_dop_operator_v3
[2025-03-05T19:30:15.169+0000] {logging_mixin.py:190} INFO - [2025-03-05T19:30:15.169+0000] {dag.py:4180} INFO - Setting next_dagrun for example_branch_dop_operator_v3 to 2025-03-05 19:29:00+00:00, run_after=2025-03-05 19:30:00+00:00
[2025-03-05T19:30:15.182+0000] {processor.py:208} INFO - Processing /home/airflow/.local/lib/python3.12/site-packages/airflow/example_dags/example_branch_python_dop_operator_3.py took 0.202 seconds
[2025-03-05T19:30:45.578+0000] {processor.py:186} INFO - Started process (PID=180) to work on /home/airflow/.local/lib/python3.12/site-packages/airflow/example_dags/example_branch_python_dop_operator_3.py
[2025-03-05T19:30:45.579+0000] {processor.py:914} INFO - Processing file /home/airflow/.local/lib/python3.12/site-packages/airflow/example_dags/example_branch_python_dop_operator_3.py for tasks to queue
[2025-03-05T19:30:45.580+0000] {logging_mixin.py:190} INFO - [2025-03-05T19:30:45.580+0000] {dagbag.py:588} INFO - Filling up the DagBag from /home/airflow/.local/lib/python3.12/site-packages/airflow/example_dags/example_branch_python_dop_operator_3.py
[2025-03-05T19:30:45.587+0000] {processor.py:925} INFO - DAG(s) 'example_branch_dop_operator_v3' retrieved from /home/airflow/.local/lib/python3.12/site-packages/airflow/example_dags/example_branch_python_dop_operator_3.py
[2025-03-05T19:30:45.604+0000] {logging_mixin.py:190} INFO - [2025-03-05T19:30:45.604+0000] {dag.py:3239} INFO - Sync 1 DAGs
[2025-03-05T19:30:45.625+0000] {logging_mixin.py:190} INFO - [2025-03-05T19:30:45.624+0000] {dag.py:4180} INFO - Setting next_dagrun for example_branch_dop_operator_v3 to 2025-03-05 19:29:00+00:00, run_after=2025-03-05 19:30:00+00:00
[2025-03-05T19:30:45.653+0000] {processor.py:208} INFO - Processing /home/airflow/.local/lib/python3.12/site-packages/airflow/example_dags/example_branch_python_dop_operator_3.py took 0.079 seconds
[2025-03-05T19:31:16.406+0000] {processor.py:186} INFO - Started process (PID=242) to work on /home/airflow/.local/lib/python3.12/site-packages/airflow/example_dags/example_branch_python_dop_operator_3.py
[2025-03-05T19:31:16.407+0000] {processor.py:914} INFO - Processing file /home/airflow/.local/lib/python3.12/site-packages/airflow/example_dags/example_branch_python_dop_operator_3.py for tasks to queue
[2025-03-05T19:31:16.409+0000] {logging_mixin.py:190} INFO - [2025-03-05T19:31:16.408+0000] {dagbag.py:588} INFO - Filling up the DagBag from /home/airflow/.local/lib/python3.12/site-packages/airflow/example_dags/example_branch_python_dop_operator_3.py
[2025-03-05T19:31:16.417+0000] {processor.py:925} INFO - DAG(s) 'example_branch_dop_operator_v3' retrieved from /home/airflow/.local/lib/python3.12/site-packages/airflow/example_dags/example_branch_python_dop_operator_3.py
[2025-03-05T19:31:16.432+0000] {logging_mixin.py:190} INFO - [2025-03-05T19:31:16.432+0000] {dag.py:3239} INFO - Sync 1 DAGs
[2025-03-05T19:31:16.456+0000] {logging_mixin.py:190} INFO - [2025-03-05T19:31:16.456+0000] {dag.py:4180} INFO - Setting next_dagrun for example_branch_dop_operator_v3 to 2025-03-05 19:30:00+00:00, run_after=2025-03-05 19:31:00+00:00
[2025-03-05T19:31:16.471+0000] {processor.py:208} INFO - Processing /home/airflow/.local/lib/python3.12/site-packages/airflow/example_dags/example_branch_python_dop_operator_3.py took 0.069 seconds
[2025-03-05T19:31:46.616+0000] {processor.py:186} INFO - Started process (PID=305) to work on /home/airflow/.local/lib/python3.12/site-packages/airflow/example_dags/example_branch_python_dop_operator_3.py
[2025-03-05T19:31:46.616+0000] {processor.py:914} INFO - Processing file /home/airflow/.local/lib/python3.12/site-packages/airflow/example_dags/example_branch_python_dop_operator_3.py for tasks to queue
[2025-03-05T19:31:46.618+0000] {logging_mixin.py:190} INFO - [2025-03-05T19:31:46.618+0000] {dagbag.py:588} INFO - Filling up the DagBag from /home/airflow/.local/lib/python3.12/site-packages/airflow/example_dags/example_branch_python_dop_operator_3.py
[2025-03-05T19:31:46.625+0000] {processor.py:925} INFO - DAG(s) 'example_branch_dop_operator_v3' retrieved from /home/airflow/.local/lib/python3.12/site-packages/airflow/example_dags/example_branch_python_dop_operator_3.py
[2025-03-05T19:31:46.638+0000] {logging_mixin.py:190} INFO - [2025-03-05T19:31:46.638+0000] {dag.py:3239} INFO - Sync 1 DAGs
[2025-03-05T19:31:46.657+0000] {logging_mixin.py:190} INFO - [2025-03-05T19:31:46.657+0000] {dag.py:4180} INFO - Setting next_dagrun for example_branch_dop_operator_v3 to 2025-03-05 19:30:00+00:00, run_after=2025-03-05 19:31:00+00:00
[2025-03-05T19:31:46.671+0000] {processor.py:208} INFO - Processing /home/airflow/.local/lib/python3.12/site-packages/airflow/example_dags/example_branch_python_dop_operator_3.py took 0.059 seconds
[2025-03-05T19:32:17.045+0000] {processor.py:186} INFO - Started process (PID=368) to work on /home/airflow/.local/lib/python3.12/site-packages/airflow/example_dags/example_branch_python_dop_operator_3.py
[2025-03-05T19:32:17.045+0000] {processor.py:914} INFO - Processing file /home/airflow/.local/lib/python3.12/site-packages/airflow/example_dags/example_branch_python_dop_operator_3.py for tasks to queue
[2025-03-05T19:32:17.047+0000] {logging_mixin.py:190} INFO - [2025-03-05T19:32:17.046+0000] {dagbag.py:588} INFO - Filling up the DagBag from /home/airflow/.local/lib/python3.12/site-packages/airflow/example_dags/example_branch_python_dop_operator_3.py
[2025-03-05T19:32:17.054+0000] {processor.py:925} INFO - DAG(s) 'example_branch_dop_operator_v3' retrieved from /home/airflow/.local/lib/python3.12/site-packages/airflow/example_dags/example_branch_python_dop_operator_3.py
[2025-03-05T19:32:17.068+0000] {logging_mixin.py:190} INFO - [2025-03-05T19:32:17.067+0000] {dag.py:3239} INFO - Sync 1 DAGs
[2025-03-05T19:32:17.087+0000] {logging_mixin.py:190} INFO - [2025-03-05T19:32:17.087+0000] {dag.py:4180} INFO - Setting next_dagrun for example_branch_dop_operator_v3 to 2025-03-05 19:31:00+00:00, run_after=2025-03-05 19:32:00+00:00
[2025-03-05T19:32:17.101+0000] {processor.py:208} INFO - Processing /home/airflow/.local/lib/python3.12/site-packages/airflow/example_dags/example_branch_python_dop_operator_3.py took 0.060 seconds
[2025-03-05T19:32:48.960+0000] {processor.py:186} INFO - Started process (PID=431) to work on /home/airflow/.local/lib/python3.12/site-packages/airflow/example_dags/example_branch_python_dop_operator_3.py
[2025-03-05T19:32:48.961+0000] {processor.py:914} INFO - Processing file /home/airflow/.local/lib/python3.12/site-packages/airflow/example_dags/example_branch_python_dop_operator_3.py for tasks to queue
[2025-03-05T19:32:48.962+0000] {logging_mixin.py:190} INFO - [2025-03-05T19:32:48.962+0000] {dagbag.py:588} INFO - Filling up the DagBag from /home/airflow/.local/lib/python3.12/site-packages/airflow/example_dags/example_branch_python_dop_operator_3.py
[2025-03-05T19:32:48.969+0000] {processor.py:925} INFO - DAG(s) 'example_branch_dop_operator_v3' retrieved from /home/airflow/.local/lib/python3.12/site-packages/airflow/example_dags/example_branch_python_dop_operator_3.py
[2025-03-05T19:32:48.984+0000] {logging_mixin.py:190} INFO - [2025-03-05T19:32:48.983+0000] {dag.py:3239} INFO - Sync 1 DAGs
[2025-03-05T19:32:49.005+0000] {logging_mixin.py:190} INFO - [2025-03-05T19:32:49.004+0000] {dag.py:4180} INFO - Setting next_dagrun for example_branch_dop_operator_v3 to 2025-03-05 19:31:00+00:00, run_after=2025-03-05 19:32:00+00:00
[2025-03-05T19:32:49.018+0000] {processor.py:208} INFO - Processing /home/airflow/.local/lib/python3.12/site-packages/airflow/example_dags/example_branch_python_dop_operator_3.py took 0.062 seconds
