[2025-03-05T19:30:13.976+0000] {processor.py:186} INFO - Started process (PID=108) to work on /home/airflow/.local/lib/python3.12/site-packages/airflow/example_dags/example_nested_branch_dag.py
[2025-03-05T19:30:13.976+0000] {processor.py:914} INFO - Processing file /home/airflow/.local/lib/python3.12/site-packages/airflow/example_dags/example_nested_branch_dag.py for tasks to queue
[2025-03-05T19:30:13.978+0000] {logging_mixin.py:190} INFO - [2025-03-05T19:30:13.978+0000] {dagbag.py:588} INFO - Filling up the DagBag from /home/airflow/.local/lib/python3.12/site-packages/airflow/example_dags/example_nested_branch_dag.py
[2025-03-05T19:30:13.987+0000] {processor.py:925} INFO - DAG(s) 'example_nested_branch_dag' retrieved from /home/airflow/.local/lib/python3.12/site-packages/airflow/example_dags/example_nested_branch_dag.py
[2025-03-05T19:30:14.064+0000] {logging_mixin.py:190} INFO - [2025-03-05T19:30:14.063+0000] {override.py:1912} INFO - Created Permission View: can delete on DAG:example_nested_branch_dag
[2025-03-05T19:30:14.073+0000] {logging_mixin.py:190} INFO - [2025-03-05T19:30:14.072+0000] {override.py:1912} INFO - Created Permission View: can edit on DAG:example_nested_branch_dag
[2025-03-05T19:30:14.078+0000] {logging_mixin.py:190} INFO - [2025-03-05T19:30:14.078+0000] {override.py:1912} INFO - Created Permission View: can read on DAG:example_nested_branch_dag
[2025-03-05T19:30:14.084+0000] {logging_mixin.py:190} INFO - [2025-03-05T19:30:14.084+0000] {override.py:1912} INFO - Created Permission View: menu access on DAG Run:example_nested_branch_dag
[2025-03-05T19:30:14.089+0000] {logging_mixin.py:190} INFO - [2025-03-05T19:30:14.089+0000] {override.py:1912} INFO - Created Permission View: can create on DAG Run:example_nested_branch_dag
[2025-03-05T19:30:14.095+0000] {logging_mixin.py:190} INFO - [2025-03-05T19:30:14.095+0000] {override.py:1912} INFO - Created Permission View: can delete on DAG Run:example_nested_branch_dag
[2025-03-05T19:30:14.103+0000] {logging_mixin.py:190} INFO - [2025-03-05T19:30:14.102+0000] {override.py:1912} INFO - Created Permission View: can read on DAG Run:example_nested_branch_dag
[2025-03-05T19:30:14.103+0000] {logging_mixin.py:190} INFO - [2025-03-05T19:30:14.103+0000] {dag.py:3239} INFO - Sync 1 DAGs
[2025-03-05T19:30:14.114+0000] {logging_mixin.py:190} INFO - [2025-03-05T19:30:14.114+0000] {dag.py:3262} INFO - Creating ORM DAG for example_nested_branch_dag
[2025-03-05T19:30:14.123+0000] {logging_mixin.py:190} INFO - [2025-03-05T19:30:14.123+0000] {dag.py:4180} INFO - Setting next_dagrun for example_nested_branch_dag to 2025-03-04 00:00:00+00:00, run_after=2025-03-05 00:00:00+00:00
[2025-03-05T19:30:14.136+0000] {processor.py:208} INFO - Processing /home/airflow/.local/lib/python3.12/site-packages/airflow/example_dags/example_nested_branch_dag.py took 0.165 seconds
[2025-03-05T19:30:44.172+0000] {processor.py:186} INFO - Started process (PID=171) to work on /home/airflow/.local/lib/python3.12/site-packages/airflow/example_dags/example_nested_branch_dag.py
[2025-03-05T19:30:44.173+0000] {processor.py:914} INFO - Processing file /home/airflow/.local/lib/python3.12/site-packages/airflow/example_dags/example_nested_branch_dag.py for tasks to queue
[2025-03-05T19:30:44.175+0000] {logging_mixin.py:190} INFO - [2025-03-05T19:30:44.175+0000] {dagbag.py:588} INFO - Filling up the DagBag from /home/airflow/.local/lib/python3.12/site-packages/airflow/example_dags/example_nested_branch_dag.py
[2025-03-05T19:30:44.187+0000] {processor.py:925} INFO - DAG(s) 'example_nested_branch_dag' retrieved from /home/airflow/.local/lib/python3.12/site-packages/airflow/example_dags/example_nested_branch_dag.py
[2025-03-05T19:30:44.207+0000] {logging_mixin.py:190} INFO - [2025-03-05T19:30:44.207+0000] {dag.py:3239} INFO - Sync 1 DAGs
[2025-03-05T19:30:44.231+0000] {logging_mixin.py:190} INFO - [2025-03-05T19:30:44.230+0000] {dag.py:4180} INFO - Setting next_dagrun for example_nested_branch_dag to 2025-03-04 00:00:00+00:00, run_after=2025-03-05 00:00:00+00:00
[2025-03-05T19:30:44.247+0000] {processor.py:208} INFO - Processing /home/airflow/.local/lib/python3.12/site-packages/airflow/example_dags/example_nested_branch_dag.py took 0.080 seconds
[2025-03-05T19:31:15.104+0000] {processor.py:186} INFO - Started process (PID=234) to work on /home/airflow/.local/lib/python3.12/site-packages/airflow/example_dags/example_nested_branch_dag.py
[2025-03-05T19:31:15.105+0000] {processor.py:914} INFO - Processing file /home/airflow/.local/lib/python3.12/site-packages/airflow/example_dags/example_nested_branch_dag.py for tasks to queue
[2025-03-05T19:31:15.107+0000] {logging_mixin.py:190} INFO - [2025-03-05T19:31:15.106+0000] {dagbag.py:588} INFO - Filling up the DagBag from /home/airflow/.local/lib/python3.12/site-packages/airflow/example_dags/example_nested_branch_dag.py
[2025-03-05T19:31:15.115+0000] {processor.py:925} INFO - DAG(s) 'example_nested_branch_dag' retrieved from /home/airflow/.local/lib/python3.12/site-packages/airflow/example_dags/example_nested_branch_dag.py
[2025-03-05T19:31:15.132+0000] {logging_mixin.py:190} INFO - [2025-03-05T19:31:15.132+0000] {dag.py:3239} INFO - Sync 1 DAGs
[2025-03-05T19:31:15.150+0000] {logging_mixin.py:190} INFO - [2025-03-05T19:31:15.150+0000] {dag.py:4180} INFO - Setting next_dagrun for example_nested_branch_dag to 2025-03-04 00:00:00+00:00, run_after=2025-03-05 00:00:00+00:00
[2025-03-05T19:31:15.162+0000] {processor.py:208} INFO - Processing /home/airflow/.local/lib/python3.12/site-packages/airflow/example_dags/example_nested_branch_dag.py took 0.063 seconds
[2025-03-05T19:31:46.299+0000] {processor.py:186} INFO - Started process (PID=297) to work on /home/airflow/.local/lib/python3.12/site-packages/airflow/example_dags/example_nested_branch_dag.py
[2025-03-05T19:31:46.300+0000] {processor.py:914} INFO - Processing file /home/airflow/.local/lib/python3.12/site-packages/airflow/example_dags/example_nested_branch_dag.py for tasks to queue
[2025-03-05T19:31:46.301+0000] {logging_mixin.py:190} INFO - [2025-03-05T19:31:46.301+0000] {dagbag.py:588} INFO - Filling up the DagBag from /home/airflow/.local/lib/python3.12/site-packages/airflow/example_dags/example_nested_branch_dag.py
[2025-03-05T19:31:46.309+0000] {processor.py:925} INFO - DAG(s) 'example_nested_branch_dag' retrieved from /home/airflow/.local/lib/python3.12/site-packages/airflow/example_dags/example_nested_branch_dag.py
[2025-03-05T19:31:46.324+0000] {logging_mixin.py:190} INFO - [2025-03-05T19:31:46.324+0000] {dag.py:3239} INFO - Sync 1 DAGs
[2025-03-05T19:31:46.343+0000] {logging_mixin.py:190} INFO - [2025-03-05T19:31:46.342+0000] {dag.py:4180} INFO - Setting next_dagrun for example_nested_branch_dag to 2025-03-04 00:00:00+00:00, run_after=2025-03-05 00:00:00+00:00
[2025-03-05T19:31:46.356+0000] {processor.py:208} INFO - Processing /home/airflow/.local/lib/python3.12/site-packages/airflow/example_dags/example_nested_branch_dag.py took 0.060 seconds
[2025-03-05T19:32:16.720+0000] {processor.py:186} INFO - Started process (PID=360) to work on /home/airflow/.local/lib/python3.12/site-packages/airflow/example_dags/example_nested_branch_dag.py
[2025-03-05T19:32:16.720+0000] {processor.py:914} INFO - Processing file /home/airflow/.local/lib/python3.12/site-packages/airflow/example_dags/example_nested_branch_dag.py for tasks to queue
[2025-03-05T19:32:16.722+0000] {logging_mixin.py:190} INFO - [2025-03-05T19:32:16.722+0000] {dagbag.py:588} INFO - Filling up the DagBag from /home/airflow/.local/lib/python3.12/site-packages/airflow/example_dags/example_nested_branch_dag.py
[2025-03-05T19:32:16.730+0000] {processor.py:925} INFO - DAG(s) 'example_nested_branch_dag' retrieved from /home/airflow/.local/lib/python3.12/site-packages/airflow/example_dags/example_nested_branch_dag.py
[2025-03-05T19:32:16.745+0000] {logging_mixin.py:190} INFO - [2025-03-05T19:32:16.745+0000] {dag.py:3239} INFO - Sync 1 DAGs
[2025-03-05T19:32:16.762+0000] {logging_mixin.py:190} INFO - [2025-03-05T19:32:16.762+0000] {dag.py:4180} INFO - Setting next_dagrun for example_nested_branch_dag to 2025-03-04 00:00:00+00:00, run_after=2025-03-05 00:00:00+00:00
[2025-03-05T19:32:16.774+0000] {processor.py:208} INFO - Processing /home/airflow/.local/lib/python3.12/site-packages/airflow/example_dags/example_nested_branch_dag.py took 0.058 seconds
[2025-03-05T19:32:48.487+0000] {processor.py:186} INFO - Started process (PID=423) to work on /home/airflow/.local/lib/python3.12/site-packages/airflow/example_dags/example_nested_branch_dag.py
[2025-03-05T19:32:48.488+0000] {processor.py:914} INFO - Processing file /home/airflow/.local/lib/python3.12/site-packages/airflow/example_dags/example_nested_branch_dag.py for tasks to queue
[2025-03-05T19:32:48.491+0000] {logging_mixin.py:190} INFO - [2025-03-05T19:32:48.490+0000] {dagbag.py:588} INFO - Filling up the DagBag from /home/airflow/.local/lib/python3.12/site-packages/airflow/example_dags/example_nested_branch_dag.py
[2025-03-05T19:32:48.501+0000] {processor.py:925} INFO - DAG(s) 'example_nested_branch_dag' retrieved from /home/airflow/.local/lib/python3.12/site-packages/airflow/example_dags/example_nested_branch_dag.py
[2025-03-05T19:32:48.524+0000] {logging_mixin.py:190} INFO - [2025-03-05T19:32:48.524+0000] {dag.py:3239} INFO - Sync 1 DAGs
[2025-03-05T19:32:48.547+0000] {logging_mixin.py:190} INFO - [2025-03-05T19:32:48.547+0000] {dag.py:4180} INFO - Setting next_dagrun for example_nested_branch_dag to 2025-03-04 00:00:00+00:00, run_after=2025-03-05 00:00:00+00:00
[2025-03-05T19:32:48.562+0000] {processor.py:208} INFO - Processing /home/airflow/.local/lib/python3.12/site-packages/airflow/example_dags/example_nested_branch_dag.py took 0.081 seconds
