[2025-03-05T19:30:10.491+0000] {processor.py:186} INFO - Started process (PID=77) to work on /home/airflow/.local/lib/python3.12/site-packages/airflow/example_dags/example_latest_only_with_trigger.py
[2025-03-05T19:30:10.491+0000] {processor.py:914} INFO - Processing file /home/airflow/.local/lib/python3.12/site-packages/airflow/example_dags/example_latest_only_with_trigger.py for tasks to queue
[2025-03-05T19:30:10.493+0000] {logging_mixin.py:190} INFO - [2025-03-05T19:30:10.493+0000] {dagbag.py:588} INFO - Filling up the DagBag from /home/airflow/.local/lib/python3.12/site-packages/airflow/example_dags/example_latest_only_with_trigger.py
[2025-03-05T19:30:10.499+0000] {processor.py:925} INFO - DAG(s) 'latest_only_with_trigger' retrieved from /home/airflow/.local/lib/python3.12/site-packages/airflow/example_dags/example_latest_only_with_trigger.py
[2025-03-05T19:30:10.584+0000] {logging_mixin.py:190} INFO - [2025-03-05T19:30:10.584+0000] {override.py:1912} INFO - Created Permission View: can delete on DAG:latest_only_with_trigger
[2025-03-05T19:30:10.593+0000] {logging_mixin.py:190} INFO - [2025-03-05T19:30:10.593+0000] {override.py:1912} INFO - Created Permission View: can edit on DAG:latest_only_with_trigger
[2025-03-05T19:30:10.598+0000] {logging_mixin.py:190} INFO - [2025-03-05T19:30:10.598+0000] {override.py:1912} INFO - Created Permission View: can read on DAG:latest_only_with_trigger
[2025-03-05T19:30:10.604+0000] {logging_mixin.py:190} INFO - [2025-03-05T19:30:10.603+0000] {override.py:1912} INFO - Created Permission View: menu access on DAG Run:latest_only_with_trigger
[2025-03-05T19:30:10.609+0000] {logging_mixin.py:190} INFO - [2025-03-05T19:30:10.609+0000] {override.py:1912} INFO - Created Permission View: can create on DAG Run:latest_only_with_trigger
[2025-03-05T19:30:10.614+0000] {logging_mixin.py:190} INFO - [2025-03-05T19:30:10.614+0000] {override.py:1912} INFO - Created Permission View: can delete on DAG Run:latest_only_with_trigger
[2025-03-05T19:30:10.620+0000] {logging_mixin.py:190} INFO - [2025-03-05T19:30:10.620+0000] {override.py:1912} INFO - Created Permission View: can read on DAG Run:latest_only_with_trigger
[2025-03-05T19:30:10.620+0000] {logging_mixin.py:190} INFO - [2025-03-05T19:30:10.620+0000] {dag.py:3239} INFO - Sync 1 DAGs
[2025-03-05T19:30:10.632+0000] {logging_mixin.py:190} INFO - [2025-03-05T19:30:10.631+0000] {dag.py:3262} INFO - Creating ORM DAG for latest_only_with_trigger
[2025-03-05T19:30:10.639+0000] {logging_mixin.py:190} INFO - [2025-03-05T19:30:10.639+0000] {dag.py:4180} INFO - Setting next_dagrun for latest_only_with_trigger to 2025-03-05 12:00:00+00:00, run_after=2025-03-05 16:00:00+00:00
[2025-03-05T19:30:10.652+0000] {processor.py:208} INFO - Processing /home/airflow/.local/lib/python3.12/site-packages/airflow/example_dags/example_latest_only_with_trigger.py took 0.165 seconds
[2025-03-05T19:30:41.948+0000] {processor.py:186} INFO - Started process (PID=140) to work on /home/airflow/.local/lib/python3.12/site-packages/airflow/example_dags/example_latest_only_with_trigger.py
[2025-03-05T19:30:41.949+0000] {processor.py:914} INFO - Processing file /home/airflow/.local/lib/python3.12/site-packages/airflow/example_dags/example_latest_only_with_trigger.py for tasks to queue
[2025-03-05T19:30:41.950+0000] {logging_mixin.py:190} INFO - [2025-03-05T19:30:41.950+0000] {dagbag.py:588} INFO - Filling up the DagBag from /home/airflow/.local/lib/python3.12/site-packages/airflow/example_dags/example_latest_only_with_trigger.py
[2025-03-05T19:30:41.955+0000] {processor.py:925} INFO - DAG(s) 'latest_only_with_trigger' retrieved from /home/airflow/.local/lib/python3.12/site-packages/airflow/example_dags/example_latest_only_with_trigger.py
[2025-03-05T19:30:41.970+0000] {logging_mixin.py:190} INFO - [2025-03-05T19:30:41.969+0000] {dag.py:3239} INFO - Sync 1 DAGs
[2025-03-05T19:30:41.987+0000] {logging_mixin.py:190} INFO - [2025-03-05T19:30:41.987+0000] {dag.py:4180} INFO - Setting next_dagrun for latest_only_with_trigger to 2025-03-05 12:00:00+00:00, run_after=2025-03-05 16:00:00+00:00
[2025-03-05T19:30:42.001+0000] {processor.py:208} INFO - Processing /home/airflow/.local/lib/python3.12/site-packages/airflow/example_dags/example_latest_only_with_trigger.py took 0.057 seconds
[2025-03-05T19:31:13.085+0000] {processor.py:186} INFO - Started process (PID=203) to work on /home/airflow/.local/lib/python3.12/site-packages/airflow/example_dags/example_latest_only_with_trigger.py
[2025-03-05T19:31:13.086+0000] {processor.py:914} INFO - Processing file /home/airflow/.local/lib/python3.12/site-packages/airflow/example_dags/example_latest_only_with_trigger.py for tasks to queue
[2025-03-05T19:31:13.087+0000] {logging_mixin.py:190} INFO - [2025-03-05T19:31:13.087+0000] {dagbag.py:588} INFO - Filling up the DagBag from /home/airflow/.local/lib/python3.12/site-packages/airflow/example_dags/example_latest_only_with_trigger.py
[2025-03-05T19:31:13.093+0000] {processor.py:925} INFO - DAG(s) 'latest_only_with_trigger' retrieved from /home/airflow/.local/lib/python3.12/site-packages/airflow/example_dags/example_latest_only_with_trigger.py
[2025-03-05T19:31:13.109+0000] {logging_mixin.py:190} INFO - [2025-03-05T19:31:13.108+0000] {dag.py:3239} INFO - Sync 1 DAGs
[2025-03-05T19:31:13.129+0000] {logging_mixin.py:190} INFO - [2025-03-05T19:31:13.129+0000] {dag.py:4180} INFO - Setting next_dagrun for latest_only_with_trigger to 2025-03-05 12:00:00+00:00, run_after=2025-03-05 16:00:00+00:00
[2025-03-05T19:31:13.146+0000] {processor.py:208} INFO - Processing /home/airflow/.local/lib/python3.12/site-packages/airflow/example_dags/example_latest_only_with_trigger.py took 0.065 seconds
[2025-03-05T19:31:44.335+0000] {processor.py:186} INFO - Started process (PID=266) to work on /home/airflow/.local/lib/python3.12/site-packages/airflow/example_dags/example_latest_only_with_trigger.py
[2025-03-05T19:31:44.336+0000] {processor.py:914} INFO - Processing file /home/airflow/.local/lib/python3.12/site-packages/airflow/example_dags/example_latest_only_with_trigger.py for tasks to queue
[2025-03-05T19:31:44.337+0000] {logging_mixin.py:190} INFO - [2025-03-05T19:31:44.337+0000] {dagbag.py:588} INFO - Filling up the DagBag from /home/airflow/.local/lib/python3.12/site-packages/airflow/example_dags/example_latest_only_with_trigger.py
[2025-03-05T19:31:44.342+0000] {processor.py:925} INFO - DAG(s) 'latest_only_with_trigger' retrieved from /home/airflow/.local/lib/python3.12/site-packages/airflow/example_dags/example_latest_only_with_trigger.py
[2025-03-05T19:31:44.357+0000] {logging_mixin.py:190} INFO - [2025-03-05T19:31:44.357+0000] {dag.py:3239} INFO - Sync 1 DAGs
[2025-03-05T19:31:44.377+0000] {logging_mixin.py:190} INFO - [2025-03-05T19:31:44.377+0000] {dag.py:4180} INFO - Setting next_dagrun for latest_only_with_trigger to 2025-03-05 12:00:00+00:00, run_after=2025-03-05 16:00:00+00:00
[2025-03-05T19:31:44.389+0000] {processor.py:208} INFO - Processing /home/airflow/.local/lib/python3.12/site-packages/airflow/example_dags/example_latest_only_with_trigger.py took 0.057 seconds
[2025-03-05T19:32:14.900+0000] {processor.py:186} INFO - Started process (PID=329) to work on /home/airflow/.local/lib/python3.12/site-packages/airflow/example_dags/example_latest_only_with_trigger.py
[2025-03-05T19:32:14.901+0000] {processor.py:914} INFO - Processing file /home/airflow/.local/lib/python3.12/site-packages/airflow/example_dags/example_latest_only_with_trigger.py for tasks to queue
[2025-03-05T19:32:14.903+0000] {logging_mixin.py:190} INFO - [2025-03-05T19:32:14.902+0000] {dagbag.py:588} INFO - Filling up the DagBag from /home/airflow/.local/lib/python3.12/site-packages/airflow/example_dags/example_latest_only_with_trigger.py
[2025-03-05T19:32:14.911+0000] {processor.py:925} INFO - DAG(s) 'latest_only_with_trigger' retrieved from /home/airflow/.local/lib/python3.12/site-packages/airflow/example_dags/example_latest_only_with_trigger.py
[2025-03-05T19:32:14.933+0000] {logging_mixin.py:190} INFO - [2025-03-05T19:32:14.933+0000] {dag.py:3239} INFO - Sync 1 DAGs
[2025-03-05T19:32:14.955+0000] {logging_mixin.py:190} INFO - [2025-03-05T19:32:14.955+0000] {dag.py:4180} INFO - Setting next_dagrun for latest_only_with_trigger to 2025-03-05 12:00:00+00:00, run_after=2025-03-05 16:00:00+00:00
[2025-03-05T19:32:14.973+0000] {processor.py:208} INFO - Processing /home/airflow/.local/lib/python3.12/site-packages/airflow/example_dags/example_latest_only_with_trigger.py took 0.078 seconds
[2025-03-05T19:32:46.379+0000] {processor.py:186} INFO - Started process (PID=392) to work on /home/airflow/.local/lib/python3.12/site-packages/airflow/example_dags/example_latest_only_with_trigger.py
[2025-03-05T19:32:46.379+0000] {processor.py:914} INFO - Processing file /home/airflow/.local/lib/python3.12/site-packages/airflow/example_dags/example_latest_only_with_trigger.py for tasks to queue
[2025-03-05T19:32:46.381+0000] {logging_mixin.py:190} INFO - [2025-03-05T19:32:46.380+0000] {dagbag.py:588} INFO - Filling up the DagBag from /home/airflow/.local/lib/python3.12/site-packages/airflow/example_dags/example_latest_only_with_trigger.py
[2025-03-05T19:32:46.386+0000] {processor.py:925} INFO - DAG(s) 'latest_only_with_trigger' retrieved from /home/airflow/.local/lib/python3.12/site-packages/airflow/example_dags/example_latest_only_with_trigger.py
[2025-03-05T19:32:46.402+0000] {logging_mixin.py:190} INFO - [2025-03-05T19:32:46.401+0000] {dag.py:3239} INFO - Sync 1 DAGs
[2025-03-05T19:32:46.419+0000] {logging_mixin.py:190} INFO - [2025-03-05T19:32:46.419+0000] {dag.py:4180} INFO - Setting next_dagrun for latest_only_with_trigger to 2025-03-05 12:00:00+00:00, run_after=2025-03-05 16:00:00+00:00
[2025-03-05T19:32:46.432+0000] {processor.py:208} INFO - Processing /home/airflow/.local/lib/python3.12/site-packages/airflow/example_dags/example_latest_only_with_trigger.py took 0.058 seconds
