[2025-03-05T19:30:12.863+0000] {processor.py:186} INFO - Started process (PID=97) to work on /home/airflow/.local/lib/python3.12/site-packages/airflow/example_dags/example_params_ui_tutorial.py
[2025-03-05T19:30:12.864+0000] {processor.py:914} INFO - Processing file /home/airflow/.local/lib/python3.12/site-packages/airflow/example_dags/example_params_ui_tutorial.py for tasks to queue
[2025-03-05T19:30:12.865+0000] {logging_mixin.py:190} INFO - [2025-03-05T19:30:12.865+0000] {dagbag.py:588} INFO - Filling up the DagBag from /home/airflow/.local/lib/python3.12/site-packages/airflow/example_dags/example_params_ui_tutorial.py
[2025-03-05T19:30:12.874+0000] {processor.py:925} INFO - DAG(s) 'example_params_ui_tutorial' retrieved from /home/airflow/.local/lib/python3.12/site-packages/airflow/example_dags/example_params_ui_tutorial.py
[2025-03-05T19:30:12.970+0000] {logging_mixin.py:190} INFO - [2025-03-05T19:30:12.970+0000] {override.py:1912} INFO - Created Permission View: can delete on DAG:example_params_ui_tutorial
[2025-03-05T19:30:12.978+0000] {logging_mixin.py:190} INFO - [2025-03-05T19:30:12.978+0000] {override.py:1912} INFO - Created Permission View: can edit on DAG:example_params_ui_tutorial
[2025-03-05T19:30:12.983+0000] {logging_mixin.py:190} INFO - [2025-03-05T19:30:12.982+0000] {override.py:1912} INFO - Created Permission View: can read on DAG:example_params_ui_tutorial
[2025-03-05T19:30:12.988+0000] {logging_mixin.py:190} INFO - [2025-03-05T19:30:12.988+0000] {override.py:1912} INFO - Created Permission View: menu access on DAG Run:example_params_ui_tutorial
[2025-03-05T19:30:12.993+0000] {logging_mixin.py:190} INFO - [2025-03-05T19:30:12.993+0000] {override.py:1912} INFO - Created Permission View: can create on DAG Run:example_params_ui_tutorial
[2025-03-05T19:30:12.998+0000] {logging_mixin.py:190} INFO - [2025-03-05T19:30:12.997+0000] {override.py:1912} INFO - Created Permission View: can delete on DAG Run:example_params_ui_tutorial
[2025-03-05T19:30:13.003+0000] {logging_mixin.py:190} INFO - [2025-03-05T19:30:13.003+0000] {override.py:1912} INFO - Created Permission View: can read on DAG Run:example_params_ui_tutorial
[2025-03-05T19:30:13.003+0000] {logging_mixin.py:190} INFO - [2025-03-05T19:30:13.003+0000] {dag.py:3239} INFO - Sync 1 DAGs
[2025-03-05T19:30:13.014+0000] {logging_mixin.py:190} INFO - [2025-03-05T19:30:13.014+0000] {dag.py:3262} INFO - Creating ORM DAG for example_params_ui_tutorial
[2025-03-05T19:30:13.015+0000] {logging_mixin.py:190} INFO - [2025-03-05T19:30:13.015+0000] {dag.py:4180} INFO - Setting next_dagrun for example_params_ui_tutorial to None, run_after=None
[2025-03-05T19:30:13.029+0000] {processor.py:208} INFO - Processing /home/airflow/.local/lib/python3.12/site-packages/airflow/example_dags/example_params_ui_tutorial.py took 0.169 seconds
[2025-03-05T19:30:43.472+0000] {processor.py:186} INFO - Started process (PID=160) to work on /home/airflow/.local/lib/python3.12/site-packages/airflow/example_dags/example_params_ui_tutorial.py
[2025-03-05T19:30:43.472+0000] {processor.py:914} INFO - Processing file /home/airflow/.local/lib/python3.12/site-packages/airflow/example_dags/example_params_ui_tutorial.py for tasks to queue
[2025-03-05T19:30:43.474+0000] {logging_mixin.py:190} INFO - [2025-03-05T19:30:43.474+0000] {dagbag.py:588} INFO - Filling up the DagBag from /home/airflow/.local/lib/python3.12/site-packages/airflow/example_dags/example_params_ui_tutorial.py
[2025-03-05T19:30:43.481+0000] {processor.py:925} INFO - DAG(s) 'example_params_ui_tutorial' retrieved from /home/airflow/.local/lib/python3.12/site-packages/airflow/example_dags/example_params_ui_tutorial.py
[2025-03-05T19:30:43.515+0000] {logging_mixin.py:190} INFO - [2025-03-05T19:30:43.515+0000] {dag.py:3239} INFO - Sync 1 DAGs
[2025-03-05T19:30:43.527+0000] {logging_mixin.py:190} INFO - [2025-03-05T19:30:43.527+0000] {dag.py:4180} INFO - Setting next_dagrun for example_params_ui_tutorial to None, run_after=None
[2025-03-05T19:30:43.540+0000] {processor.py:208} INFO - Processing /home/airflow/.local/lib/python3.12/site-packages/airflow/example_dags/example_params_ui_tutorial.py took 0.072 seconds
[2025-03-05T19:31:14.526+0000] {processor.py:186} INFO - Started process (PID=223) to work on /home/airflow/.local/lib/python3.12/site-packages/airflow/example_dags/example_params_ui_tutorial.py
[2025-03-05T19:31:14.527+0000] {processor.py:914} INFO - Processing file /home/airflow/.local/lib/python3.12/site-packages/airflow/example_dags/example_params_ui_tutorial.py for tasks to queue
[2025-03-05T19:31:14.528+0000] {logging_mixin.py:190} INFO - [2025-03-05T19:31:14.528+0000] {dagbag.py:588} INFO - Filling up the DagBag from /home/airflow/.local/lib/python3.12/site-packages/airflow/example_dags/example_params_ui_tutorial.py
[2025-03-05T19:31:14.535+0000] {processor.py:925} INFO - DAG(s) 'example_params_ui_tutorial' retrieved from /home/airflow/.local/lib/python3.12/site-packages/airflow/example_dags/example_params_ui_tutorial.py
[2025-03-05T19:31:14.569+0000] {logging_mixin.py:190} INFO - [2025-03-05T19:31:14.569+0000] {dag.py:3239} INFO - Sync 1 DAGs
[2025-03-05T19:31:14.581+0000] {logging_mixin.py:190} INFO - [2025-03-05T19:31:14.580+0000] {dag.py:4180} INFO - Setting next_dagrun for example_params_ui_tutorial to None, run_after=None
[2025-03-05T19:31:14.594+0000] {processor.py:208} INFO - Processing /home/airflow/.local/lib/python3.12/site-packages/airflow/example_dags/example_params_ui_tutorial.py took 0.072 seconds
[2025-03-05T19:31:45.737+0000] {processor.py:186} INFO - Started process (PID=286) to work on /home/airflow/.local/lib/python3.12/site-packages/airflow/example_dags/example_params_ui_tutorial.py
[2025-03-05T19:31:45.737+0000] {processor.py:914} INFO - Processing file /home/airflow/.local/lib/python3.12/site-packages/airflow/example_dags/example_params_ui_tutorial.py for tasks to queue
[2025-03-05T19:31:45.739+0000] {logging_mixin.py:190} INFO - [2025-03-05T19:31:45.739+0000] {dagbag.py:588} INFO - Filling up the DagBag from /home/airflow/.local/lib/python3.12/site-packages/airflow/example_dags/example_params_ui_tutorial.py
[2025-03-05T19:31:45.745+0000] {processor.py:925} INFO - DAG(s) 'example_params_ui_tutorial' retrieved from /home/airflow/.local/lib/python3.12/site-packages/airflow/example_dags/example_params_ui_tutorial.py
[2025-03-05T19:31:45.779+0000] {logging_mixin.py:190} INFO - [2025-03-05T19:31:45.779+0000] {dag.py:3239} INFO - Sync 1 DAGs
[2025-03-05T19:31:45.790+0000] {logging_mixin.py:190} INFO - [2025-03-05T19:31:45.790+0000] {dag.py:4180} INFO - Setting next_dagrun for example_params_ui_tutorial to None, run_after=None
[2025-03-05T19:31:45.804+0000] {processor.py:208} INFO - Processing /home/airflow/.local/lib/python3.12/site-packages/airflow/example_dags/example_params_ui_tutorial.py took 0.070 seconds
[2025-03-05T19:32:16.258+0000] {processor.py:186} INFO - Started process (PID=349) to work on /home/airflow/.local/lib/python3.12/site-packages/airflow/example_dags/example_params_ui_tutorial.py
[2025-03-05T19:32:16.259+0000] {processor.py:914} INFO - Processing file /home/airflow/.local/lib/python3.12/site-packages/airflow/example_dags/example_params_ui_tutorial.py for tasks to queue
[2025-03-05T19:32:16.260+0000] {logging_mixin.py:190} INFO - [2025-03-05T19:32:16.260+0000] {dagbag.py:588} INFO - Filling up the DagBag from /home/airflow/.local/lib/python3.12/site-packages/airflow/example_dags/example_params_ui_tutorial.py
[2025-03-05T19:32:16.266+0000] {processor.py:925} INFO - DAG(s) 'example_params_ui_tutorial' retrieved from /home/airflow/.local/lib/python3.12/site-packages/airflow/example_dags/example_params_ui_tutorial.py
[2025-03-05T19:32:16.300+0000] {logging_mixin.py:190} INFO - [2025-03-05T19:32:16.299+0000] {dag.py:3239} INFO - Sync 1 DAGs
[2025-03-05T19:32:16.311+0000] {logging_mixin.py:190} INFO - [2025-03-05T19:32:16.311+0000] {dag.py:4180} INFO - Setting next_dagrun for example_params_ui_tutorial to None, run_after=None
[2025-03-05T19:32:16.323+0000] {processor.py:208} INFO - Processing /home/airflow/.local/lib/python3.12/site-packages/airflow/example_dags/example_params_ui_tutorial.py took 0.068 seconds
[2025-03-05T19:32:47.849+0000] {processor.py:186} INFO - Started process (PID=412) to work on /home/airflow/.local/lib/python3.12/site-packages/airflow/example_dags/example_params_ui_tutorial.py
[2025-03-05T19:32:47.850+0000] {processor.py:914} INFO - Processing file /home/airflow/.local/lib/python3.12/site-packages/airflow/example_dags/example_params_ui_tutorial.py for tasks to queue
[2025-03-05T19:32:47.851+0000] {logging_mixin.py:190} INFO - [2025-03-05T19:32:47.851+0000] {dagbag.py:588} INFO - Filling up the DagBag from /home/airflow/.local/lib/python3.12/site-packages/airflow/example_dags/example_params_ui_tutorial.py
[2025-03-05T19:32:47.859+0000] {processor.py:925} INFO - DAG(s) 'example_params_ui_tutorial' retrieved from /home/airflow/.local/lib/python3.12/site-packages/airflow/example_dags/example_params_ui_tutorial.py
[2025-03-05T19:32:47.893+0000] {logging_mixin.py:190} INFO - [2025-03-05T19:32:47.893+0000] {dag.py:3239} INFO - Sync 1 DAGs
[2025-03-05T19:32:47.904+0000] {logging_mixin.py:190} INFO - [2025-03-05T19:32:47.904+0000] {dag.py:4180} INFO - Setting next_dagrun for example_params_ui_tutorial to None, run_after=None
[2025-03-05T19:32:47.917+0000] {processor.py:208} INFO - Processing /home/airflow/.local/lib/python3.12/site-packages/airflow/example_dags/example_params_ui_tutorial.py took 0.072 seconds
