[2025-03-05T19:30:10.115+0000] {processor.py:186} INFO - Started process (PID=73) to work on /home/airflow/.local/lib/python3.12/site-packages/airflow/example_dags/example_sensor_decorator.py
[2025-03-05T19:30:10.116+0000] {processor.py:914} INFO - Processing file /home/airflow/.local/lib/python3.12/site-packages/airflow/example_dags/example_sensor_decorator.py for tasks to queue
[2025-03-05T19:30:10.118+0000] {logging_mixin.py:190} INFO - [2025-03-05T19:30:10.118+0000] {dagbag.py:588} INFO - Filling up the DagBag from /home/airflow/.local/lib/python3.12/site-packages/airflow/example_dags/example_sensor_decorator.py
[2025-03-05T19:30:10.125+0000] {processor.py:925} INFO - DAG(s) 'example_sensor_decorator' retrieved from /home/airflow/.local/lib/python3.12/site-packages/airflow/example_dags/example_sensor_decorator.py
[2025-03-05T19:30:10.212+0000] {logging_mixin.py:190} INFO - [2025-03-05T19:30:10.211+0000] {override.py:1912} INFO - Created Permission View: can delete on DAG:example_sensor_decorator
[2025-03-05T19:30:10.222+0000] {logging_mixin.py:190} INFO - [2025-03-05T19:30:10.221+0000] {override.py:1912} INFO - Created Permission View: can edit on DAG:example_sensor_decorator
[2025-03-05T19:30:10.227+0000] {logging_mixin.py:190} INFO - [2025-03-05T19:30:10.227+0000] {override.py:1912} INFO - Created Permission View: can read on DAG:example_sensor_decorator
[2025-03-05T19:30:10.233+0000] {logging_mixin.py:190} INFO - [2025-03-05T19:30:10.232+0000] {override.py:1912} INFO - Created Permission View: menu access on DAG Run:example_sensor_decorator
[2025-03-05T19:30:10.238+0000] {logging_mixin.py:190} INFO - [2025-03-05T19:30:10.238+0000] {override.py:1912} INFO - Created Permission View: can create on DAG Run:example_sensor_decorator
[2025-03-05T19:30:10.244+0000] {logging_mixin.py:190} INFO - [2025-03-05T19:30:10.243+0000] {override.py:1912} INFO - Created Permission View: can delete on DAG Run:example_sensor_decorator
[2025-03-05T19:30:10.249+0000] {logging_mixin.py:190} INFO - [2025-03-05T19:30:10.249+0000] {override.py:1912} INFO - Created Permission View: can read on DAG Run:example_sensor_decorator
[2025-03-05T19:30:10.250+0000] {logging_mixin.py:190} INFO - [2025-03-05T19:30:10.250+0000] {dag.py:3239} INFO - Sync 1 DAGs
[2025-03-05T19:30:10.261+0000] {logging_mixin.py:190} INFO - [2025-03-05T19:30:10.260+0000] {dag.py:3262} INFO - Creating ORM DAG for example_sensor_decorator
[2025-03-05T19:30:10.261+0000] {logging_mixin.py:190} INFO - [2025-03-05T19:30:10.261+0000] {dag.py:4180} INFO - Setting next_dagrun for example_sensor_decorator to None, run_after=None
[2025-03-05T19:30:10.275+0000] {processor.py:208} INFO - Processing /home/airflow/.local/lib/python3.12/site-packages/airflow/example_dags/example_sensor_decorator.py took 0.164 seconds
[2025-03-05T19:30:41.760+0000] {processor.py:186} INFO - Started process (PID=136) to work on /home/airflow/.local/lib/python3.12/site-packages/airflow/example_dags/example_sensor_decorator.py
[2025-03-05T19:30:41.761+0000] {processor.py:914} INFO - Processing file /home/airflow/.local/lib/python3.12/site-packages/airflow/example_dags/example_sensor_decorator.py for tasks to queue
[2025-03-05T19:30:41.762+0000] {logging_mixin.py:190} INFO - [2025-03-05T19:30:41.762+0000] {dagbag.py:588} INFO - Filling up the DagBag from /home/airflow/.local/lib/python3.12/site-packages/airflow/example_dags/example_sensor_decorator.py
[2025-03-05T19:30:41.768+0000] {processor.py:925} INFO - DAG(s) 'example_sensor_decorator' retrieved from /home/airflow/.local/lib/python3.12/site-packages/airflow/example_dags/example_sensor_decorator.py
[2025-03-05T19:30:41.783+0000] {logging_mixin.py:190} INFO - [2025-03-05T19:30:41.783+0000] {dag.py:3239} INFO - Sync 1 DAGs
[2025-03-05T19:30:41.794+0000] {logging_mixin.py:190} INFO - [2025-03-05T19:30:41.794+0000] {dag.py:4180} INFO - Setting next_dagrun for example_sensor_decorator to None, run_after=None
[2025-03-05T19:30:41.808+0000] {processor.py:208} INFO - Processing /home/airflow/.local/lib/python3.12/site-packages/airflow/example_dags/example_sensor_decorator.py took 0.052 seconds
[2025-03-05T19:31:12.932+0000] {processor.py:186} INFO - Started process (PID=199) to work on /home/airflow/.local/lib/python3.12/site-packages/airflow/example_dags/example_sensor_decorator.py
[2025-03-05T19:31:12.932+0000] {processor.py:914} INFO - Processing file /home/airflow/.local/lib/python3.12/site-packages/airflow/example_dags/example_sensor_decorator.py for tasks to queue
[2025-03-05T19:31:12.934+0000] {logging_mixin.py:190} INFO - [2025-03-05T19:31:12.934+0000] {dagbag.py:588} INFO - Filling up the DagBag from /home/airflow/.local/lib/python3.12/site-packages/airflow/example_dags/example_sensor_decorator.py
[2025-03-05T19:31:12.940+0000] {processor.py:925} INFO - DAG(s) 'example_sensor_decorator' retrieved from /home/airflow/.local/lib/python3.12/site-packages/airflow/example_dags/example_sensor_decorator.py
[2025-03-05T19:31:12.956+0000] {logging_mixin.py:190} INFO - [2025-03-05T19:31:12.956+0000] {dag.py:3239} INFO - Sync 1 DAGs
[2025-03-05T19:31:12.968+0000] {logging_mixin.py:190} INFO - [2025-03-05T19:31:12.968+0000] {dag.py:4180} INFO - Setting next_dagrun for example_sensor_decorator to None, run_after=None
[2025-03-05T19:31:12.983+0000] {processor.py:208} INFO - Processing /home/airflow/.local/lib/python3.12/site-packages/airflow/example_dags/example_sensor_decorator.py took 0.056 seconds
[2025-03-05T19:31:44.117+0000] {processor.py:186} INFO - Started process (PID=262) to work on /home/airflow/.local/lib/python3.12/site-packages/airflow/example_dags/example_sensor_decorator.py
[2025-03-05T19:31:44.117+0000] {processor.py:914} INFO - Processing file /home/airflow/.local/lib/python3.12/site-packages/airflow/example_dags/example_sensor_decorator.py for tasks to queue
[2025-03-05T19:31:44.119+0000] {logging_mixin.py:190} INFO - [2025-03-05T19:31:44.119+0000] {dagbag.py:588} INFO - Filling up the DagBag from /home/airflow/.local/lib/python3.12/site-packages/airflow/example_dags/example_sensor_decorator.py
[2025-03-05T19:31:44.124+0000] {processor.py:925} INFO - DAG(s) 'example_sensor_decorator' retrieved from /home/airflow/.local/lib/python3.12/site-packages/airflow/example_dags/example_sensor_decorator.py
[2025-03-05T19:31:44.139+0000] {logging_mixin.py:190} INFO - [2025-03-05T19:31:44.139+0000] {dag.py:3239} INFO - Sync 1 DAGs
[2025-03-05T19:31:44.151+0000] {logging_mixin.py:190} INFO - [2025-03-05T19:31:44.151+0000] {dag.py:4180} INFO - Setting next_dagrun for example_sensor_decorator to None, run_after=None
[2025-03-05T19:31:44.164+0000] {processor.py:208} INFO - Processing /home/airflow/.local/lib/python3.12/site-packages/airflow/example_dags/example_sensor_decorator.py took 0.052 seconds
[2025-03-05T19:32:14.735+0000] {processor.py:186} INFO - Started process (PID=325) to work on /home/airflow/.local/lib/python3.12/site-packages/airflow/example_dags/example_sensor_decorator.py
[2025-03-05T19:32:14.736+0000] {processor.py:914} INFO - Processing file /home/airflow/.local/lib/python3.12/site-packages/airflow/example_dags/example_sensor_decorator.py for tasks to queue
[2025-03-05T19:32:14.737+0000] {logging_mixin.py:190} INFO - [2025-03-05T19:32:14.737+0000] {dagbag.py:588} INFO - Filling up the DagBag from /home/airflow/.local/lib/python3.12/site-packages/airflow/example_dags/example_sensor_decorator.py
[2025-03-05T19:32:14.744+0000] {processor.py:925} INFO - DAG(s) 'example_sensor_decorator' retrieved from /home/airflow/.local/lib/python3.12/site-packages/airflow/example_dags/example_sensor_decorator.py
[2025-03-05T19:32:14.758+0000] {logging_mixin.py:190} INFO - [2025-03-05T19:32:14.758+0000] {dag.py:3239} INFO - Sync 1 DAGs
[2025-03-05T19:32:14.769+0000] {logging_mixin.py:190} INFO - [2025-03-05T19:32:14.769+0000] {dag.py:4180} INFO - Setting next_dagrun for example_sensor_decorator to None, run_after=None
[2025-03-05T19:32:14.782+0000] {processor.py:208} INFO - Processing /home/airflow/.local/lib/python3.12/site-packages/airflow/example_dags/example_sensor_decorator.py took 0.051 seconds
[2025-03-05T19:32:46.213+0000] {processor.py:186} INFO - Started process (PID=388) to work on /home/airflow/.local/lib/python3.12/site-packages/airflow/example_dags/example_sensor_decorator.py
[2025-03-05T19:32:46.214+0000] {processor.py:914} INFO - Processing file /home/airflow/.local/lib/python3.12/site-packages/airflow/example_dags/example_sensor_decorator.py for tasks to queue
[2025-03-05T19:32:46.217+0000] {logging_mixin.py:190} INFO - [2025-03-05T19:32:46.216+0000] {dagbag.py:588} INFO - Filling up the DagBag from /home/airflow/.local/lib/python3.12/site-packages/airflow/example_dags/example_sensor_decorator.py
[2025-03-05T19:32:46.223+0000] {processor.py:925} INFO - DAG(s) 'example_sensor_decorator' retrieved from /home/airflow/.local/lib/python3.12/site-packages/airflow/example_dags/example_sensor_decorator.py
[2025-03-05T19:32:46.237+0000] {logging_mixin.py:190} INFO - [2025-03-05T19:32:46.237+0000] {dag.py:3239} INFO - Sync 1 DAGs
[2025-03-05T19:32:46.248+0000] {logging_mixin.py:190} INFO - [2025-03-05T19:32:46.248+0000] {dag.py:4180} INFO - Setting next_dagrun for example_sensor_decorator to None, run_after=None
[2025-03-05T19:32:46.262+0000] {processor.py:208} INFO - Processing /home/airflow/.local/lib/python3.12/site-packages/airflow/example_dags/example_sensor_decorator.py took 0.053 seconds
