[2025-03-05T19:30:11.069+0000] {processor.py:186} INFO - Started process (PID=81) to work on /home/airflow/.local/lib/python3.12/site-packages/airflow/example_dags/example_outlet_event_extra.py
[2025-03-05T19:30:11.070+0000] {processor.py:914} INFO - Processing file /home/airflow/.local/lib/python3.12/site-packages/airflow/example_dags/example_outlet_event_extra.py for tasks to queue
[2025-03-05T19:30:11.071+0000] {logging_mixin.py:190} INFO - [2025-03-05T19:30:11.071+0000] {dagbag.py:588} INFO - Filling up the DagBag from /home/airflow/.local/lib/python3.12/site-packages/airflow/example_dags/example_outlet_event_extra.py
[2025-03-05T19:30:11.562+0000] {processor.py:925} INFO - DAG(s) 'dataset_with_extra_by_yield', 'dataset_with_extra_from_classic_operator', 'dataset_with_extra_by_context' retrieved from /home/airflow/.local/lib/python3.12/site-packages/airflow/example_dags/example_outlet_event_extra.py
[2025-03-05T19:30:11.635+0000] {logging_mixin.py:190} INFO - [2025-03-05T19:30:11.634+0000] {override.py:1912} INFO - Created Permission View: can delete on DAG:dataset_with_extra_by_yield
[2025-03-05T19:30:11.643+0000] {logging_mixin.py:190} INFO - [2025-03-05T19:30:11.642+0000] {override.py:1912} INFO - Created Permission View: can edit on DAG:dataset_with_extra_by_yield
[2025-03-05T19:30:11.648+0000] {logging_mixin.py:190} INFO - [2025-03-05T19:30:11.648+0000] {override.py:1912} INFO - Created Permission View: can read on DAG:dataset_with_extra_by_yield
[2025-03-05T19:30:11.653+0000] {logging_mixin.py:190} INFO - [2025-03-05T19:30:11.653+0000] {override.py:1912} INFO - Created Permission View: menu access on DAG Run:dataset_with_extra_by_yield
[2025-03-05T19:30:11.658+0000] {logging_mixin.py:190} INFO - [2025-03-05T19:30:11.658+0000] {override.py:1912} INFO - Created Permission View: can create on DAG Run:dataset_with_extra_by_yield
[2025-03-05T19:30:11.662+0000] {logging_mixin.py:190} INFO - [2025-03-05T19:30:11.662+0000] {override.py:1912} INFO - Created Permission View: can delete on DAG Run:dataset_with_extra_by_yield
[2025-03-05T19:30:11.668+0000] {logging_mixin.py:190} INFO - [2025-03-05T19:30:11.667+0000] {override.py:1912} INFO - Created Permission View: can read on DAG Run:dataset_with_extra_by_yield
[2025-03-05T19:30:11.678+0000] {logging_mixin.py:190} INFO - [2025-03-05T19:30:11.677+0000] {override.py:1912} INFO - Created Permission View: can delete on DAG:dataset_with_extra_from_classic_operator
[2025-03-05T19:30:11.682+0000] {logging_mixin.py:190} INFO - [2025-03-05T19:30:11.682+0000] {override.py:1912} INFO - Created Permission View: can edit on DAG:dataset_with_extra_from_classic_operator
[2025-03-05T19:30:11.687+0000] {logging_mixin.py:190} INFO - [2025-03-05T19:30:11.687+0000] {override.py:1912} INFO - Created Permission View: can read on DAG:dataset_with_extra_from_classic_operator
[2025-03-05T19:30:11.692+0000] {logging_mixin.py:190} INFO - [2025-03-05T19:30:11.692+0000] {override.py:1912} INFO - Created Permission View: menu access on DAG Run:dataset_with_extra_from_classic_operator
[2025-03-05T19:30:11.697+0000] {logging_mixin.py:190} INFO - [2025-03-05T19:30:11.697+0000] {override.py:1912} INFO - Created Permission View: can create on DAG Run:dataset_with_extra_from_classic_operator
[2025-03-05T19:30:11.701+0000] {logging_mixin.py:190} INFO - [2025-03-05T19:30:11.701+0000] {override.py:1912} INFO - Created Permission View: can delete on DAG Run:dataset_with_extra_from_classic_operator
[2025-03-05T19:30:11.706+0000] {logging_mixin.py:190} INFO - [2025-03-05T19:30:11.706+0000] {override.py:1912} INFO - Created Permission View: can read on DAG Run:dataset_with_extra_from_classic_operator
[2025-03-05T19:30:11.715+0000] {logging_mixin.py:190} INFO - [2025-03-05T19:30:11.714+0000] {override.py:1912} INFO - Created Permission View: can delete on DAG:dataset_with_extra_by_context
[2025-03-05T19:30:11.720+0000] {logging_mixin.py:190} INFO - [2025-03-05T19:30:11.719+0000] {override.py:1912} INFO - Created Permission View: can edit on DAG:dataset_with_extra_by_context
[2025-03-05T19:30:11.725+0000] {logging_mixin.py:190} INFO - [2025-03-05T19:30:11.725+0000] {override.py:1912} INFO - Created Permission View: can read on DAG:dataset_with_extra_by_context
[2025-03-05T19:30:11.731+0000] {logging_mixin.py:190} INFO - [2025-03-05T19:30:11.730+0000] {override.py:1912} INFO - Created Permission View: menu access on DAG Run:dataset_with_extra_by_context
[2025-03-05T19:30:11.736+0000] {logging_mixin.py:190} INFO - [2025-03-05T19:30:11.735+0000] {override.py:1912} INFO - Created Permission View: can create on DAG Run:dataset_with_extra_by_context
[2025-03-05T19:30:11.741+0000] {logging_mixin.py:190} INFO - [2025-03-05T19:30:11.741+0000] {override.py:1912} INFO - Created Permission View: can delete on DAG Run:dataset_with_extra_by_context
[2025-03-05T19:30:11.745+0000] {logging_mixin.py:190} INFO - [2025-03-05T19:30:11.745+0000] {override.py:1912} INFO - Created Permission View: can read on DAG Run:dataset_with_extra_by_context
[2025-03-05T19:30:11.746+0000] {logging_mixin.py:190} INFO - [2025-03-05T19:30:11.745+0000] {dag.py:3239} INFO - Sync 3 DAGs
[2025-03-05T19:30:11.757+0000] {logging_mixin.py:190} INFO - [2025-03-05T19:30:11.756+0000] {dag.py:3262} INFO - Creating ORM DAG for dataset_with_extra_by_context
[2025-03-05T19:30:11.758+0000] {logging_mixin.py:190} INFO - [2025-03-05T19:30:11.758+0000] {dag.py:3262} INFO - Creating ORM DAG for dataset_with_extra_by_yield
[2025-03-05T19:30:11.758+0000] {logging_mixin.py:190} INFO - [2025-03-05T19:30:11.758+0000] {dag.py:3262} INFO - Creating ORM DAG for dataset_with_extra_from_classic_operator
[2025-03-05T19:30:11.766+0000] {logging_mixin.py:190} INFO - [2025-03-05T19:30:11.766+0000] {dag.py:4180} INFO - Setting next_dagrun for dataset_with_extra_by_context to 2025-03-04 00:00:00+00:00, run_after=2025-03-05 00:00:00+00:00
[2025-03-05T19:30:11.768+0000] {logging_mixin.py:190} INFO - [2025-03-05T19:30:11.768+0000] {dag.py:4180} INFO - Setting next_dagrun for dataset_with_extra_by_yield to 2025-03-04 00:00:00+00:00, run_after=2025-03-05 00:00:00+00:00
[2025-03-05T19:30:11.769+0000] {logging_mixin.py:190} INFO - [2025-03-05T19:30:11.769+0000] {dag.py:4180} INFO - Setting next_dagrun for dataset_with_extra_from_classic_operator to 2025-03-04 00:00:00+00:00, run_after=2025-03-05 00:00:00+00:00
[2025-03-05T19:30:11.790+0000] {processor.py:208} INFO - Processing /home/airflow/.local/lib/python3.12/site-packages/airflow/example_dags/example_outlet_event_extra.py took 0.725 seconds
[2025-03-05T19:30:42.200+0000] {processor.py:186} INFO - Started process (PID=144) to work on /home/airflow/.local/lib/python3.12/site-packages/airflow/example_dags/example_outlet_event_extra.py
[2025-03-05T19:30:42.201+0000] {processor.py:914} INFO - Processing file /home/airflow/.local/lib/python3.12/site-packages/airflow/example_dags/example_outlet_event_extra.py for tasks to queue
[2025-03-05T19:30:42.203+0000] {logging_mixin.py:190} INFO - [2025-03-05T19:30:42.203+0000] {dagbag.py:588} INFO - Filling up the DagBag from /home/airflow/.local/lib/python3.12/site-packages/airflow/example_dags/example_outlet_event_extra.py
[2025-03-05T19:30:42.714+0000] {processor.py:925} INFO - DAG(s) 'dataset_with_extra_from_classic_operator', 'dataset_with_extra_by_context', 'dataset_with_extra_by_yield' retrieved from /home/airflow/.local/lib/python3.12/site-packages/airflow/example_dags/example_outlet_event_extra.py
[2025-03-05T19:30:42.735+0000] {logging_mixin.py:190} INFO - [2025-03-05T19:30:42.735+0000] {dag.py:3239} INFO - Sync 3 DAGs
[2025-03-05T19:30:42.761+0000] {logging_mixin.py:190} INFO - [2025-03-05T19:30:42.761+0000] {dag.py:4180} INFO - Setting next_dagrun for dataset_with_extra_by_context to 2025-03-04 00:00:00+00:00, run_after=2025-03-05 00:00:00+00:00
[2025-03-05T19:30:42.767+0000] {logging_mixin.py:190} INFO - [2025-03-05T19:30:42.766+0000] {dag.py:4180} INFO - Setting next_dagrun for dataset_with_extra_by_yield to 2025-03-04 00:00:00+00:00, run_after=2025-03-05 00:00:00+00:00
[2025-03-05T19:30:42.770+0000] {logging_mixin.py:190} INFO - [2025-03-05T19:30:42.770+0000] {dag.py:4180} INFO - Setting next_dagrun for dataset_with_extra_from_classic_operator to 2025-03-04 00:00:00+00:00, run_after=2025-03-05 00:00:00+00:00
[2025-03-05T19:30:42.792+0000] {processor.py:208} INFO - Processing /home/airflow/.local/lib/python3.12/site-packages/airflow/example_dags/example_outlet_event_extra.py took 0.596 seconds
[2025-03-05T19:31:13.292+0000] {processor.py:186} INFO - Started process (PID=207) to work on /home/airflow/.local/lib/python3.12/site-packages/airflow/example_dags/example_outlet_event_extra.py
[2025-03-05T19:31:13.292+0000] {processor.py:914} INFO - Processing file /home/airflow/.local/lib/python3.12/site-packages/airflow/example_dags/example_outlet_event_extra.py for tasks to queue
[2025-03-05T19:31:13.294+0000] {logging_mixin.py:190} INFO - [2025-03-05T19:31:13.294+0000] {dagbag.py:588} INFO - Filling up the DagBag from /home/airflow/.local/lib/python3.12/site-packages/airflow/example_dags/example_outlet_event_extra.py
[2025-03-05T19:31:13.930+0000] {processor.py:925} INFO - DAG(s) 'dataset_with_extra_by_context', 'dataset_with_extra_from_classic_operator', 'dataset_with_extra_by_yield' retrieved from /home/airflow/.local/lib/python3.12/site-packages/airflow/example_dags/example_outlet_event_extra.py
[2025-03-05T19:31:13.951+0000] {logging_mixin.py:190} INFO - [2025-03-05T19:31:13.951+0000] {dag.py:3239} INFO - Sync 3 DAGs
[2025-03-05T19:31:13.971+0000] {logging_mixin.py:190} INFO - [2025-03-05T19:31:13.971+0000] {dag.py:4180} INFO - Setting next_dagrun for dataset_with_extra_by_context to 2025-03-04 00:00:00+00:00, run_after=2025-03-05 00:00:00+00:00
[2025-03-05T19:31:13.976+0000] {logging_mixin.py:190} INFO - [2025-03-05T19:31:13.976+0000] {dag.py:4180} INFO - Setting next_dagrun for dataset_with_extra_by_yield to 2025-03-04 00:00:00+00:00, run_after=2025-03-05 00:00:00+00:00
[2025-03-05T19:31:13.979+0000] {logging_mixin.py:190} INFO - [2025-03-05T19:31:13.979+0000] {dag.py:4180} INFO - Setting next_dagrun for dataset_with_extra_from_classic_operator to 2025-03-04 00:00:00+00:00, run_after=2025-03-05 00:00:00+00:00
[2025-03-05T19:31:13.995+0000] {processor.py:208} INFO - Processing /home/airflow/.local/lib/python3.12/site-packages/airflow/example_dags/example_outlet_event_extra.py took 0.707 seconds
[2025-03-05T19:31:44.485+0000] {processor.py:186} INFO - Started process (PID=270) to work on /home/airflow/.local/lib/python3.12/site-packages/airflow/example_dags/example_outlet_event_extra.py
[2025-03-05T19:31:44.486+0000] {processor.py:914} INFO - Processing file /home/airflow/.local/lib/python3.12/site-packages/airflow/example_dags/example_outlet_event_extra.py for tasks to queue
[2025-03-05T19:31:44.488+0000] {logging_mixin.py:190} INFO - [2025-03-05T19:31:44.487+0000] {dagbag.py:588} INFO - Filling up the DagBag from /home/airflow/.local/lib/python3.12/site-packages/airflow/example_dags/example_outlet_event_extra.py
[2025-03-05T19:31:44.949+0000] {processor.py:925} INFO - DAG(s) 'dataset_with_extra_by_yield', 'dataset_with_extra_by_context', 'dataset_with_extra_from_classic_operator' retrieved from /home/airflow/.local/lib/python3.12/site-packages/airflow/example_dags/example_outlet_event_extra.py
[2025-03-05T19:31:44.970+0000] {logging_mixin.py:190} INFO - [2025-03-05T19:31:44.970+0000] {dag.py:3239} INFO - Sync 3 DAGs
[2025-03-05T19:31:44.990+0000] {logging_mixin.py:190} INFO - [2025-03-05T19:31:44.989+0000] {dag.py:4180} INFO - Setting next_dagrun for dataset_with_extra_by_context to 2025-03-04 00:00:00+00:00, run_after=2025-03-05 00:00:00+00:00
[2025-03-05T19:31:44.994+0000] {logging_mixin.py:190} INFO - [2025-03-05T19:31:44.994+0000] {dag.py:4180} INFO - Setting next_dagrun for dataset_with_extra_by_yield to 2025-03-04 00:00:00+00:00, run_after=2025-03-05 00:00:00+00:00
[2025-03-05T19:31:44.996+0000] {logging_mixin.py:190} INFO - [2025-03-05T19:31:44.996+0000] {dag.py:4180} INFO - Setting next_dagrun for dataset_with_extra_from_classic_operator to 2025-03-04 00:00:00+00:00, run_after=2025-03-05 00:00:00+00:00
[2025-03-05T19:31:45.011+0000] {processor.py:208} INFO - Processing /home/airflow/.local/lib/python3.12/site-packages/airflow/example_dags/example_outlet_event_extra.py took 0.530 seconds
[2025-03-05T19:32:15.079+0000] {processor.py:186} INFO - Started process (PID=333) to work on /home/airflow/.local/lib/python3.12/site-packages/airflow/example_dags/example_outlet_event_extra.py
[2025-03-05T19:32:15.080+0000] {processor.py:914} INFO - Processing file /home/airflow/.local/lib/python3.12/site-packages/airflow/example_dags/example_outlet_event_extra.py for tasks to queue
[2025-03-05T19:32:15.081+0000] {logging_mixin.py:190} INFO - [2025-03-05T19:32:15.081+0000] {dagbag.py:588} INFO - Filling up the DagBag from /home/airflow/.local/lib/python3.12/site-packages/airflow/example_dags/example_outlet_event_extra.py
[2025-03-05T19:32:15.525+0000] {processor.py:925} INFO - DAG(s) 'dataset_with_extra_from_classic_operator', 'dataset_with_extra_by_yield', 'dataset_with_extra_by_context' retrieved from /home/airflow/.local/lib/python3.12/site-packages/airflow/example_dags/example_outlet_event_extra.py
[2025-03-05T19:32:15.544+0000] {logging_mixin.py:190} INFO - [2025-03-05T19:32:15.544+0000] {dag.py:3239} INFO - Sync 3 DAGs
[2025-03-05T19:32:15.566+0000] {logging_mixin.py:190} INFO - [2025-03-05T19:32:15.565+0000] {dag.py:4180} INFO - Setting next_dagrun for dataset_with_extra_by_context to 2025-03-04 00:00:00+00:00, run_after=2025-03-05 00:00:00+00:00
[2025-03-05T19:32:15.570+0000] {logging_mixin.py:190} INFO - [2025-03-05T19:32:15.570+0000] {dag.py:4180} INFO - Setting next_dagrun for dataset_with_extra_by_yield to 2025-03-04 00:00:00+00:00, run_after=2025-03-05 00:00:00+00:00
[2025-03-05T19:32:15.572+0000] {logging_mixin.py:190} INFO - [2025-03-05T19:32:15.572+0000] {dag.py:4180} INFO - Setting next_dagrun for dataset_with_extra_from_classic_operator to 2025-03-04 00:00:00+00:00, run_after=2025-03-05 00:00:00+00:00
[2025-03-05T19:32:15.588+0000] {processor.py:208} INFO - Processing /home/airflow/.local/lib/python3.12/site-packages/airflow/example_dags/example_outlet_event_extra.py took 0.512 seconds
[2025-03-05T19:32:46.534+0000] {processor.py:186} INFO - Started process (PID=396) to work on /home/airflow/.local/lib/python3.12/site-packages/airflow/example_dags/example_outlet_event_extra.py
[2025-03-05T19:32:46.535+0000] {processor.py:914} INFO - Processing file /home/airflow/.local/lib/python3.12/site-packages/airflow/example_dags/example_outlet_event_extra.py for tasks to queue
[2025-03-05T19:32:46.537+0000] {logging_mixin.py:190} INFO - [2025-03-05T19:32:46.537+0000] {dagbag.py:588} INFO - Filling up the DagBag from /home/airflow/.local/lib/python3.12/site-packages/airflow/example_dags/example_outlet_event_extra.py
[2025-03-05T19:32:47.007+0000] {processor.py:925} INFO - DAG(s) 'dataset_with_extra_from_classic_operator', 'dataset_with_extra_by_yield', 'dataset_with_extra_by_context' retrieved from /home/airflow/.local/lib/python3.12/site-packages/airflow/example_dags/example_outlet_event_extra.py
[2025-03-05T19:32:47.026+0000] {logging_mixin.py:190} INFO - [2025-03-05T19:32:47.025+0000] {dag.py:3239} INFO - Sync 3 DAGs
[2025-03-05T19:32:47.046+0000] {logging_mixin.py:190} INFO - [2025-03-05T19:32:47.046+0000] {dag.py:4180} INFO - Setting next_dagrun for dataset_with_extra_by_context to 2025-03-04 00:00:00+00:00, run_after=2025-03-05 00:00:00+00:00
[2025-03-05T19:32:47.051+0000] {logging_mixin.py:190} INFO - [2025-03-05T19:32:47.051+0000] {dag.py:4180} INFO - Setting next_dagrun for dataset_with_extra_by_yield to 2025-03-04 00:00:00+00:00, run_after=2025-03-05 00:00:00+00:00
[2025-03-05T19:32:47.053+0000] {logging_mixin.py:190} INFO - [2025-03-05T19:32:47.053+0000] {dag.py:4180} INFO - Setting next_dagrun for dataset_with_extra_from_classic_operator to 2025-03-04 00:00:00+00:00, run_after=2025-03-05 00:00:00+00:00
[2025-03-05T19:32:47.071+0000] {processor.py:208} INFO - Processing /home/airflow/.local/lib/python3.12/site-packages/airflow/example_dags/example_outlet_event_extra.py took 0.540 seconds
