[2025-03-05T19:30:10.376+0000] {processor.py:186} INFO - Started process (PID=76) to work on /home/airflow/.local/lib/python3.12/site-packages/airflow/example_dags/example_bash_decorator.py
[2025-03-05T19:30:10.377+0000] {processor.py:914} INFO - Processing file /home/airflow/.local/lib/python3.12/site-packages/airflow/example_dags/example_bash_decorator.py for tasks to queue
[2025-03-05T19:30:10.379+0000] {logging_mixin.py:190} INFO - [2025-03-05T19:30:10.378+0000] {dagbag.py:588} INFO - Filling up the DagBag from /home/airflow/.local/lib/python3.12/site-packages/airflow/example_dags/example_bash_decorator.py
[2025-03-05T19:30:10.391+0000] {processor.py:925} INFO - DAG(s) 'example_bash_decorator' retrieved from /home/airflow/.local/lib/python3.12/site-packages/airflow/example_dags/example_bash_decorator.py
[2025-03-05T19:30:10.481+0000] {logging_mixin.py:190} INFO - [2025-03-05T19:30:10.481+0000] {override.py:1912} INFO - Created Permission View: can delete on DAG:example_bash_decorator
[2025-03-05T19:30:10.488+0000] {logging_mixin.py:190} INFO - [2025-03-05T19:30:10.488+0000] {override.py:1912} INFO - Created Permission View: can edit on DAG:example_bash_decorator
[2025-03-05T19:30:10.494+0000] {logging_mixin.py:190} INFO - [2025-03-05T19:30:10.493+0000] {override.py:1912} INFO - Created Permission View: can read on DAG:example_bash_decorator
[2025-03-05T19:30:10.499+0000] {logging_mixin.py:190} INFO - [2025-03-05T19:30:10.499+0000] {override.py:1912} INFO - Created Permission View: menu access on DAG Run:example_bash_decorator
[2025-03-05T19:30:10.504+0000] {logging_mixin.py:190} INFO - [2025-03-05T19:30:10.504+0000] {override.py:1912} INFO - Created Permission View: can create on DAG Run:example_bash_decorator
[2025-03-05T19:30:10.509+0000] {logging_mixin.py:190} INFO - [2025-03-05T19:30:10.509+0000] {override.py:1912} INFO - Created Permission View: can delete on DAG Run:example_bash_decorator
[2025-03-05T19:30:10.513+0000] {logging_mixin.py:190} INFO - [2025-03-05T19:30:10.513+0000] {override.py:1912} INFO - Created Permission View: can read on DAG Run:example_bash_decorator
[2025-03-05T19:30:10.514+0000] {logging_mixin.py:190} INFO - [2025-03-05T19:30:10.514+0000] {dag.py:3239} INFO - Sync 1 DAGs
[2025-03-05T19:30:10.526+0000] {logging_mixin.py:190} INFO - [2025-03-05T19:30:10.525+0000] {dag.py:3262} INFO - Creating ORM DAG for example_bash_decorator
[2025-03-05T19:30:10.526+0000] {logging_mixin.py:190} INFO - [2025-03-05T19:30:10.526+0000] {dag.py:4180} INFO - Setting next_dagrun for example_bash_decorator to None, run_after=None
[2025-03-05T19:30:10.539+0000] {processor.py:208} INFO - Processing /home/airflow/.local/lib/python3.12/site-packages/airflow/example_dags/example_bash_decorator.py took 0.167 seconds
[2025-03-05T19:30:41.917+0000] {processor.py:186} INFO - Started process (PID=139) to work on /home/airflow/.local/lib/python3.12/site-packages/airflow/example_dags/example_bash_decorator.py
[2025-03-05T19:30:41.917+0000] {processor.py:914} INFO - Processing file /home/airflow/.local/lib/python3.12/site-packages/airflow/example_dags/example_bash_decorator.py for tasks to queue
[2025-03-05T19:30:41.919+0000] {logging_mixin.py:190} INFO - [2025-03-05T19:30:41.919+0000] {dagbag.py:588} INFO - Filling up the DagBag from /home/airflow/.local/lib/python3.12/site-packages/airflow/example_dags/example_bash_decorator.py
[2025-03-05T19:30:41.929+0000] {processor.py:925} INFO - DAG(s) 'example_bash_decorator' retrieved from /home/airflow/.local/lib/python3.12/site-packages/airflow/example_dags/example_bash_decorator.py
[2025-03-05T19:30:41.946+0000] {logging_mixin.py:190} INFO - [2025-03-05T19:30:41.945+0000] {dag.py:3239} INFO - Sync 1 DAGs
[2025-03-05T19:30:41.957+0000] {logging_mixin.py:190} INFO - [2025-03-05T19:30:41.957+0000] {dag.py:4180} INFO - Setting next_dagrun for example_bash_decorator to None, run_after=None
[2025-03-05T19:30:41.971+0000] {processor.py:208} INFO - Processing /home/airflow/.local/lib/python3.12/site-packages/airflow/example_dags/example_bash_decorator.py took 0.059 seconds
[2025-03-05T19:31:13.051+0000] {processor.py:186} INFO - Started process (PID=202) to work on /home/airflow/.local/lib/python3.12/site-packages/airflow/example_dags/example_bash_decorator.py
[2025-03-05T19:31:13.052+0000] {processor.py:914} INFO - Processing file /home/airflow/.local/lib/python3.12/site-packages/airflow/example_dags/example_bash_decorator.py for tasks to queue
[2025-03-05T19:31:13.053+0000] {logging_mixin.py:190} INFO - [2025-03-05T19:31:13.053+0000] {dagbag.py:588} INFO - Filling up the DagBag from /home/airflow/.local/lib/python3.12/site-packages/airflow/example_dags/example_bash_decorator.py
[2025-03-05T19:31:13.064+0000] {processor.py:925} INFO - DAG(s) 'example_bash_decorator' retrieved from /home/airflow/.local/lib/python3.12/site-packages/airflow/example_dags/example_bash_decorator.py
[2025-03-05T19:31:13.083+0000] {logging_mixin.py:190} INFO - [2025-03-05T19:31:13.083+0000] {dag.py:3239} INFO - Sync 1 DAGs
[2025-03-05T19:31:13.095+0000] {logging_mixin.py:190} INFO - [2025-03-05T19:31:13.095+0000] {dag.py:4180} INFO - Setting next_dagrun for example_bash_decorator to None, run_after=None
[2025-03-05T19:31:13.109+0000] {processor.py:208} INFO - Processing /home/airflow/.local/lib/python3.12/site-packages/airflow/example_dags/example_bash_decorator.py took 0.063 seconds
[2025-03-05T19:31:44.259+0000] {processor.py:186} INFO - Started process (PID=265) to work on /home/airflow/.local/lib/python3.12/site-packages/airflow/example_dags/example_bash_decorator.py
[2025-03-05T19:31:44.259+0000] {processor.py:914} INFO - Processing file /home/airflow/.local/lib/python3.12/site-packages/airflow/example_dags/example_bash_decorator.py for tasks to queue
[2025-03-05T19:31:44.261+0000] {logging_mixin.py:190} INFO - [2025-03-05T19:31:44.261+0000] {dagbag.py:588} INFO - Filling up the DagBag from /home/airflow/.local/lib/python3.12/site-packages/airflow/example_dags/example_bash_decorator.py
[2025-03-05T19:31:44.271+0000] {processor.py:925} INFO - DAG(s) 'example_bash_decorator' retrieved from /home/airflow/.local/lib/python3.12/site-packages/airflow/example_dags/example_bash_decorator.py
[2025-03-05T19:31:44.287+0000] {logging_mixin.py:190} INFO - [2025-03-05T19:31:44.287+0000] {dag.py:3239} INFO - Sync 1 DAGs
[2025-03-05T19:31:44.297+0000] {logging_mixin.py:190} INFO - [2025-03-05T19:31:44.297+0000] {dag.py:4180} INFO - Setting next_dagrun for example_bash_decorator to None, run_after=None
[2025-03-05T19:31:44.309+0000] {processor.py:208} INFO - Processing /home/airflow/.local/lib/python3.12/site-packages/airflow/example_dags/example_bash_decorator.py took 0.054 seconds
[2025-03-05T19:32:14.885+0000] {processor.py:186} INFO - Started process (PID=328) to work on /home/airflow/.local/lib/python3.12/site-packages/airflow/example_dags/example_bash_decorator.py
[2025-03-05T19:32:14.886+0000] {processor.py:914} INFO - Processing file /home/airflow/.local/lib/python3.12/site-packages/airflow/example_dags/example_bash_decorator.py for tasks to queue
[2025-03-05T19:32:14.888+0000] {logging_mixin.py:190} INFO - [2025-03-05T19:32:14.888+0000] {dagbag.py:588} INFO - Filling up the DagBag from /home/airflow/.local/lib/python3.12/site-packages/airflow/example_dags/example_bash_decorator.py
[2025-03-05T19:32:14.900+0000] {processor.py:925} INFO - DAG(s) 'example_bash_decorator' retrieved from /home/airflow/.local/lib/python3.12/site-packages/airflow/example_dags/example_bash_decorator.py
[2025-03-05T19:32:14.923+0000] {logging_mixin.py:190} INFO - [2025-03-05T19:32:14.923+0000] {dag.py:3239} INFO - Sync 1 DAGs
[2025-03-05T19:32:14.937+0000] {logging_mixin.py:190} INFO - [2025-03-05T19:32:14.937+0000] {dag.py:4180} INFO - Setting next_dagrun for example_bash_decorator to None, run_after=None
[2025-03-05T19:32:14.955+0000] {processor.py:208} INFO - Processing /home/airflow/.local/lib/python3.12/site-packages/airflow/example_dags/example_bash_decorator.py took 0.074 seconds
[2025-03-05T19:32:46.361+0000] {processor.py:186} INFO - Started process (PID=391) to work on /home/airflow/.local/lib/python3.12/site-packages/airflow/example_dags/example_bash_decorator.py
[2025-03-05T19:32:46.361+0000] {processor.py:914} INFO - Processing file /home/airflow/.local/lib/python3.12/site-packages/airflow/example_dags/example_bash_decorator.py for tasks to queue
[2025-03-05T19:32:46.363+0000] {logging_mixin.py:190} INFO - [2025-03-05T19:32:46.363+0000] {dagbag.py:588} INFO - Filling up the DagBag from /home/airflow/.local/lib/python3.12/site-packages/airflow/example_dags/example_bash_decorator.py
[2025-03-05T19:32:46.373+0000] {processor.py:925} INFO - DAG(s) 'example_bash_decorator' retrieved from /home/airflow/.local/lib/python3.12/site-packages/airflow/example_dags/example_bash_decorator.py
[2025-03-05T19:32:46.391+0000] {logging_mixin.py:190} INFO - [2025-03-05T19:32:46.391+0000] {dag.py:3239} INFO - Sync 1 DAGs
[2025-03-05T19:32:46.403+0000] {logging_mixin.py:190} INFO - [2025-03-05T19:32:46.403+0000] {dag.py:4180} INFO - Setting next_dagrun for example_bash_decorator to None, run_after=None
[2025-03-05T19:32:46.417+0000] {processor.py:208} INFO - Processing /home/airflow/.local/lib/python3.12/site-packages/airflow/example_dags/example_bash_decorator.py took 0.061 seconds
