[2025-03-05T19:30:10.147+0000] {processor.py:186} INFO - Started process (PID=74) to work on /home/airflow/.local/lib/python3.12/site-packages/airflow/example_dags/example_workday_timetable.py
[2025-03-05T19:30:10.148+0000] {processor.py:914} INFO - Processing file /home/airflow/.local/lib/python3.12/site-packages/airflow/example_dags/example_workday_timetable.py for tasks to queue
[2025-03-05T19:30:10.150+0000] {logging_mixin.py:190} INFO - [2025-03-05T19:30:10.150+0000] {dagbag.py:588} INFO - Filling up the DagBag from /home/airflow/.local/lib/python3.12/site-packages/airflow/example_dags/example_workday_timetable.py
[2025-03-05T19:30:10.155+0000] {processor.py:925} INFO - DAG(s) 'example_workday_timetable' retrieved from /home/airflow/.local/lib/python3.12/site-packages/airflow/example_dags/example_workday_timetable.py
[2025-03-05T19:30:10.245+0000] {logging_mixin.py:190} INFO - [2025-03-05T19:30:10.245+0000] {override.py:1912} INFO - Created Permission View: can delete on DAG:example_workday_timetable
[2025-03-05T19:30:10.253+0000] {logging_mixin.py:190} INFO - [2025-03-05T19:30:10.253+0000] {override.py:1912} INFO - Created Permission View: can edit on DAG:example_workday_timetable
[2025-03-05T19:30:10.258+0000] {logging_mixin.py:190} INFO - [2025-03-05T19:30:10.258+0000] {override.py:1912} INFO - Created Permission View: can read on DAG:example_workday_timetable
[2025-03-05T19:30:10.264+0000] {logging_mixin.py:190} INFO - [2025-03-05T19:30:10.263+0000] {override.py:1912} INFO - Created Permission View: menu access on DAG Run:example_workday_timetable
[2025-03-05T19:30:10.268+0000] {logging_mixin.py:190} INFO - [2025-03-05T19:30:10.268+0000] {override.py:1912} INFO - Created Permission View: can create on DAG Run:example_workday_timetable
[2025-03-05T19:30:10.274+0000] {logging_mixin.py:190} INFO - [2025-03-05T19:30:10.273+0000] {override.py:1912} INFO - Created Permission View: can delete on DAG Run:example_workday_timetable
[2025-03-05T19:30:10.279+0000] {logging_mixin.py:190} INFO - [2025-03-05T19:30:10.279+0000] {override.py:1912} INFO - Created Permission View: can read on DAG Run:example_workday_timetable
[2025-03-05T19:30:10.280+0000] {logging_mixin.py:190} INFO - [2025-03-05T19:30:10.280+0000] {dag.py:3239} INFO - Sync 1 DAGs
[2025-03-05T19:30:10.291+0000] {logging_mixin.py:190} INFO - [2025-03-05T19:30:10.291+0000] {dag.py:3262} INFO - Creating ORM DAG for example_workday_timetable
[2025-03-05T19:30:10.331+0000] {logging_mixin.py:190} INFO - [2025-03-05T19:30:10.331+0000] {dag.py:4180} INFO - Setting next_dagrun for example_workday_timetable to 2021-01-04 00:00:00+00:00, run_after=2021-01-05 00:00:00+00:00
[2025-03-05T19:30:10.346+0000] {processor.py:208} INFO - Processing /home/airflow/.local/lib/python3.12/site-packages/airflow/example_dags/example_workday_timetable.py took 0.204 seconds
[2025-03-05T19:30:41.838+0000] {processor.py:186} INFO - Started process (PID=137) to work on /home/airflow/.local/lib/python3.12/site-packages/airflow/example_dags/example_workday_timetable.py
[2025-03-05T19:30:41.839+0000] {processor.py:914} INFO - Processing file /home/airflow/.local/lib/python3.12/site-packages/airflow/example_dags/example_workday_timetable.py for tasks to queue
[2025-03-05T19:30:41.840+0000] {logging_mixin.py:190} INFO - [2025-03-05T19:30:41.840+0000] {dagbag.py:588} INFO - Filling up the DagBag from /home/airflow/.local/lib/python3.12/site-packages/airflow/example_dags/example_workday_timetable.py
[2025-03-05T19:30:41.845+0000] {processor.py:925} INFO - DAG(s) 'example_workday_timetable' retrieved from /home/airflow/.local/lib/python3.12/site-packages/airflow/example_dags/example_workday_timetable.py
[2025-03-05T19:30:41.859+0000] {logging_mixin.py:190} INFO - [2025-03-05T19:30:41.859+0000] {dag.py:3239} INFO - Sync 1 DAGs
[2025-03-05T19:30:41.907+0000] {logging_mixin.py:190} INFO - [2025-03-05T19:30:41.907+0000] {dag.py:4180} INFO - Setting next_dagrun for example_workday_timetable to 2021-01-04 00:00:00+00:00, run_after=2021-01-05 00:00:00+00:00
[2025-03-05T19:30:41.921+0000] {processor.py:208} INFO - Processing /home/airflow/.local/lib/python3.12/site-packages/airflow/example_dags/example_workday_timetable.py took 0.087 seconds
[2025-03-05T19:31:12.932+0000] {processor.py:186} INFO - Started process (PID=200) to work on /home/airflow/.local/lib/python3.12/site-packages/airflow/example_dags/example_workday_timetable.py
[2025-03-05T19:31:12.933+0000] {processor.py:914} INFO - Processing file /home/airflow/.local/lib/python3.12/site-packages/airflow/example_dags/example_workday_timetable.py for tasks to queue
[2025-03-05T19:31:12.935+0000] {logging_mixin.py:190} INFO - [2025-03-05T19:31:12.934+0000] {dagbag.py:588} INFO - Filling up the DagBag from /home/airflow/.local/lib/python3.12/site-packages/airflow/example_dags/example_workday_timetable.py
[2025-03-05T19:31:12.939+0000] {processor.py:925} INFO - DAG(s) 'example_workday_timetable' retrieved from /home/airflow/.local/lib/python3.12/site-packages/airflow/example_dags/example_workday_timetable.py
[2025-03-05T19:31:12.956+0000] {logging_mixin.py:190} INFO - [2025-03-05T19:31:12.956+0000] {dag.py:3239} INFO - Sync 1 DAGs
[2025-03-05T19:31:13.010+0000] {logging_mixin.py:190} INFO - [2025-03-05T19:31:13.010+0000] {dag.py:4180} INFO - Setting next_dagrun for example_workday_timetable to 2021-01-04 00:00:00+00:00, run_after=2021-01-05 00:00:00+00:00
[2025-03-05T19:31:13.025+0000] {processor.py:208} INFO - Processing /home/airflow/.local/lib/python3.12/site-packages/airflow/example_dags/example_workday_timetable.py took 0.097 seconds
[2025-03-05T19:31:44.157+0000] {processor.py:186} INFO - Started process (PID=263) to work on /home/airflow/.local/lib/python3.12/site-packages/airflow/example_dags/example_workday_timetable.py
[2025-03-05T19:31:44.158+0000] {processor.py:914} INFO - Processing file /home/airflow/.local/lib/python3.12/site-packages/airflow/example_dags/example_workday_timetable.py for tasks to queue
[2025-03-05T19:31:44.160+0000] {logging_mixin.py:190} INFO - [2025-03-05T19:31:44.159+0000] {dagbag.py:588} INFO - Filling up the DagBag from /home/airflow/.local/lib/python3.12/site-packages/airflow/example_dags/example_workday_timetable.py
[2025-03-05T19:31:44.164+0000] {processor.py:925} INFO - DAG(s) 'example_workday_timetable' retrieved from /home/airflow/.local/lib/python3.12/site-packages/airflow/example_dags/example_workday_timetable.py
[2025-03-05T19:31:44.179+0000] {logging_mixin.py:190} INFO - [2025-03-05T19:31:44.179+0000] {dag.py:3239} INFO - Sync 1 DAGs
[2025-03-05T19:31:44.228+0000] {logging_mixin.py:190} INFO - [2025-03-05T19:31:44.228+0000] {dag.py:4180} INFO - Setting next_dagrun for example_workday_timetable to 2021-01-04 00:00:00+00:00, run_after=2021-01-05 00:00:00+00:00
[2025-03-05T19:31:44.241+0000] {processor.py:208} INFO - Processing /home/airflow/.local/lib/python3.12/site-packages/airflow/example_dags/example_workday_timetable.py took 0.090 seconds
[2025-03-05T19:32:14.788+0000] {processor.py:186} INFO - Started process (PID=326) to work on /home/airflow/.local/lib/python3.12/site-packages/airflow/example_dags/example_workday_timetable.py
[2025-03-05T19:32:14.788+0000] {processor.py:914} INFO - Processing file /home/airflow/.local/lib/python3.12/site-packages/airflow/example_dags/example_workday_timetable.py for tasks to queue
[2025-03-05T19:32:14.790+0000] {logging_mixin.py:190} INFO - [2025-03-05T19:32:14.790+0000] {dagbag.py:588} INFO - Filling up the DagBag from /home/airflow/.local/lib/python3.12/site-packages/airflow/example_dags/example_workday_timetable.py
[2025-03-05T19:32:14.794+0000] {processor.py:925} INFO - DAG(s) 'example_workday_timetable' retrieved from /home/airflow/.local/lib/python3.12/site-packages/airflow/example_dags/example_workday_timetable.py
[2025-03-05T19:32:14.808+0000] {logging_mixin.py:190} INFO - [2025-03-05T19:32:14.807+0000] {dag.py:3239} INFO - Sync 1 DAGs
[2025-03-05T19:32:14.857+0000] {logging_mixin.py:190} INFO - [2025-03-05T19:32:14.857+0000] {dag.py:4180} INFO - Setting next_dagrun for example_workday_timetable to 2021-01-04 00:00:00+00:00, run_after=2021-01-05 00:00:00+00:00
[2025-03-05T19:32:14.873+0000] {processor.py:208} INFO - Processing /home/airflow/.local/lib/python3.12/site-packages/airflow/example_dags/example_workday_timetable.py took 0.089 seconds
[2025-03-05T19:32:46.271+0000] {processor.py:186} INFO - Started process (PID=389) to work on /home/airflow/.local/lib/python3.12/site-packages/airflow/example_dags/example_workday_timetable.py
[2025-03-05T19:32:46.272+0000] {processor.py:914} INFO - Processing file /home/airflow/.local/lib/python3.12/site-packages/airflow/example_dags/example_workday_timetable.py for tasks to queue
[2025-03-05T19:32:46.274+0000] {logging_mixin.py:190} INFO - [2025-03-05T19:32:46.273+0000] {dagbag.py:588} INFO - Filling up the DagBag from /home/airflow/.local/lib/python3.12/site-packages/airflow/example_dags/example_workday_timetable.py
[2025-03-05T19:32:46.279+0000] {processor.py:925} INFO - DAG(s) 'example_workday_timetable' retrieved from /home/airflow/.local/lib/python3.12/site-packages/airflow/example_dags/example_workday_timetable.py
[2025-03-05T19:32:46.292+0000] {logging_mixin.py:190} INFO - [2025-03-05T19:32:46.292+0000] {dag.py:3239} INFO - Sync 1 DAGs
[2025-03-05T19:32:46.338+0000] {logging_mixin.py:190} INFO - [2025-03-05T19:32:46.338+0000] {dag.py:4180} INFO - Setting next_dagrun for example_workday_timetable to 2021-01-04 00:00:00+00:00, run_after=2021-01-05 00:00:00+00:00
[2025-03-05T19:32:46.352+0000] {processor.py:208} INFO - Processing /home/airflow/.local/lib/python3.12/site-packages/airflow/example_dags/example_workday_timetable.py took 0.086 seconds
