[2025-03-05T19:30:12.690+0000] {processor.py:186} INFO - Started process (PID=95) to work on /home/airflow/.local/lib/python3.12/site-packages/airflow/example_dags/example_display_name.py
[2025-03-05T19:30:12.690+0000] {processor.py:914} INFO - Processing file /home/airflow/.local/lib/python3.12/site-packages/airflow/example_dags/example_display_name.py for tasks to queue
[2025-03-05T19:30:12.692+0000] {logging_mixin.py:190} INFO - [2025-03-05T19:30:12.692+0000] {dagbag.py:588} INFO - Filling up the DagBag from /home/airflow/.local/lib/python3.12/site-packages/airflow/example_dags/example_display_name.py
[2025-03-05T19:30:12.698+0000] {processor.py:925} INFO - DAG(s) 'example_display_name' retrieved from /home/airflow/.local/lib/python3.12/site-packages/airflow/example_dags/example_display_name.py
[2025-03-05T19:30:12.774+0000] {logging_mixin.py:190} INFO - [2025-03-05T19:30:12.774+0000] {override.py:1912} INFO - Created Permission View: can delete on DAG:example_display_name
[2025-03-05T19:30:12.782+0000] {logging_mixin.py:190} INFO - [2025-03-05T19:30:12.782+0000] {override.py:1912} INFO - Created Permission View: can edit on DAG:example_display_name
[2025-03-05T19:30:12.787+0000] {logging_mixin.py:190} INFO - [2025-03-05T19:30:12.787+0000] {override.py:1912} INFO - Created Permission View: can read on DAG:example_display_name
[2025-03-05T19:30:12.792+0000] {logging_mixin.py:190} INFO - [2025-03-05T19:30:12.792+0000] {override.py:1912} INFO - Created Permission View: menu access on DAG Run:example_display_name
[2025-03-05T19:30:12.796+0000] {logging_mixin.py:190} INFO - [2025-03-05T19:30:12.796+0000] {override.py:1912} INFO - Created Permission View: can create on DAG Run:example_display_name
[2025-03-05T19:30:12.801+0000] {logging_mixin.py:190} INFO - [2025-03-05T19:30:12.801+0000] {override.py:1912} INFO - Created Permission View: can delete on DAG Run:example_display_name
[2025-03-05T19:30:12.806+0000] {logging_mixin.py:190} INFO - [2025-03-05T19:30:12.806+0000] {override.py:1912} INFO - Created Permission View: can read on DAG Run:example_display_name
[2025-03-05T19:30:12.806+0000] {logging_mixin.py:190} INFO - [2025-03-05T19:30:12.806+0000] {dag.py:3239} INFO - Sync 1 DAGs
[2025-03-05T19:30:12.818+0000] {logging_mixin.py:190} INFO - [2025-03-05T19:30:12.818+0000] {dag.py:3262} INFO - Creating ORM DAG for example_display_name
[2025-03-05T19:30:12.819+0000] {logging_mixin.py:190} INFO - [2025-03-05T19:30:12.819+0000] {dag.py:4180} INFO - Setting next_dagrun for example_display_name to None, run_after=None
[2025-03-05T19:30:12.834+0000] {processor.py:208} INFO - Processing /home/airflow/.local/lib/python3.12/site-packages/airflow/example_dags/example_display_name.py took 0.148 seconds
[2025-03-05T19:30:43.395+0000] {processor.py:186} INFO - Started process (PID=158) to work on /home/airflow/.local/lib/python3.12/site-packages/airflow/example_dags/example_display_name.py
[2025-03-05T19:30:43.396+0000] {processor.py:914} INFO - Processing file /home/airflow/.local/lib/python3.12/site-packages/airflow/example_dags/example_display_name.py for tasks to queue
[2025-03-05T19:30:43.397+0000] {logging_mixin.py:190} INFO - [2025-03-05T19:30:43.397+0000] {dagbag.py:588} INFO - Filling up the DagBag from /home/airflow/.local/lib/python3.12/site-packages/airflow/example_dags/example_display_name.py
[2025-03-05T19:30:43.403+0000] {processor.py:925} INFO - DAG(s) 'example_display_name' retrieved from /home/airflow/.local/lib/python3.12/site-packages/airflow/example_dags/example_display_name.py
[2025-03-05T19:30:43.418+0000] {logging_mixin.py:190} INFO - [2025-03-05T19:30:43.418+0000] {dag.py:3239} INFO - Sync 1 DAGs
[2025-03-05T19:30:43.430+0000] {logging_mixin.py:190} INFO - [2025-03-05T19:30:43.430+0000] {dag.py:4180} INFO - Setting next_dagrun for example_display_name to None, run_after=None
[2025-03-05T19:30:43.445+0000] {processor.py:208} INFO - Processing /home/airflow/.local/lib/python3.12/site-packages/airflow/example_dags/example_display_name.py took 0.054 seconds
[2025-03-05T19:31:14.452+0000] {processor.py:186} INFO - Started process (PID=221) to work on /home/airflow/.local/lib/python3.12/site-packages/airflow/example_dags/example_display_name.py
[2025-03-05T19:31:14.453+0000] {processor.py:914} INFO - Processing file /home/airflow/.local/lib/python3.12/site-packages/airflow/example_dags/example_display_name.py for tasks to queue
[2025-03-05T19:31:14.455+0000] {logging_mixin.py:190} INFO - [2025-03-05T19:31:14.455+0000] {dagbag.py:588} INFO - Filling up the DagBag from /home/airflow/.local/lib/python3.12/site-packages/airflow/example_dags/example_display_name.py
[2025-03-05T19:31:14.460+0000] {processor.py:925} INFO - DAG(s) 'example_display_name' retrieved from /home/airflow/.local/lib/python3.12/site-packages/airflow/example_dags/example_display_name.py
[2025-03-05T19:31:14.474+0000] {logging_mixin.py:190} INFO - [2025-03-05T19:31:14.473+0000] {dag.py:3239} INFO - Sync 1 DAGs
[2025-03-05T19:31:14.487+0000] {logging_mixin.py:190} INFO - [2025-03-05T19:31:14.487+0000] {dag.py:4180} INFO - Setting next_dagrun for example_display_name to None, run_after=None
[2025-03-05T19:31:14.499+0000] {processor.py:208} INFO - Processing /home/airflow/.local/lib/python3.12/site-packages/airflow/example_dags/example_display_name.py took 0.051 seconds
[2025-03-05T19:31:45.664+0000] {processor.py:186} INFO - Started process (PID=284) to work on /home/airflow/.local/lib/python3.12/site-packages/airflow/example_dags/example_display_name.py
[2025-03-05T19:31:45.664+0000] {processor.py:914} INFO - Processing file /home/airflow/.local/lib/python3.12/site-packages/airflow/example_dags/example_display_name.py for tasks to queue
[2025-03-05T19:31:45.666+0000] {logging_mixin.py:190} INFO - [2025-03-05T19:31:45.666+0000] {dagbag.py:588} INFO - Filling up the DagBag from /home/airflow/.local/lib/python3.12/site-packages/airflow/example_dags/example_display_name.py
[2025-03-05T19:31:45.670+0000] {processor.py:925} INFO - DAG(s) 'example_display_name' retrieved from /home/airflow/.local/lib/python3.12/site-packages/airflow/example_dags/example_display_name.py
[2025-03-05T19:31:45.683+0000] {logging_mixin.py:190} INFO - [2025-03-05T19:31:45.683+0000] {dag.py:3239} INFO - Sync 1 DAGs
[2025-03-05T19:31:45.695+0000] {logging_mixin.py:190} INFO - [2025-03-05T19:31:45.695+0000] {dag.py:4180} INFO - Setting next_dagrun for example_display_name to None, run_after=None
[2025-03-05T19:31:45.708+0000] {processor.py:208} INFO - Processing /home/airflow/.local/lib/python3.12/site-packages/airflow/example_dags/example_display_name.py took 0.048 seconds
[2025-03-05T19:32:16.193+0000] {processor.py:186} INFO - Started process (PID=347) to work on /home/airflow/.local/lib/python3.12/site-packages/airflow/example_dags/example_display_name.py
[2025-03-05T19:32:16.194+0000] {processor.py:914} INFO - Processing file /home/airflow/.local/lib/python3.12/site-packages/airflow/example_dags/example_display_name.py for tasks to queue
[2025-03-05T19:32:16.195+0000] {logging_mixin.py:190} INFO - [2025-03-05T19:32:16.195+0000] {dagbag.py:588} INFO - Filling up the DagBag from /home/airflow/.local/lib/python3.12/site-packages/airflow/example_dags/example_display_name.py
[2025-03-05T19:32:16.200+0000] {processor.py:925} INFO - DAG(s) 'example_display_name' retrieved from /home/airflow/.local/lib/python3.12/site-packages/airflow/example_dags/example_display_name.py
[2025-03-05T19:32:16.213+0000] {logging_mixin.py:190} INFO - [2025-03-05T19:32:16.213+0000] {dag.py:3239} INFO - Sync 1 DAGs
[2025-03-05T19:32:16.223+0000] {logging_mixin.py:190} INFO - [2025-03-05T19:32:16.223+0000] {dag.py:4180} INFO - Setting next_dagrun for example_display_name to None, run_after=None
[2025-03-05T19:32:16.235+0000] {processor.py:208} INFO - Processing /home/airflow/.local/lib/python3.12/site-packages/airflow/example_dags/example_display_name.py took 0.045 seconds
[2025-03-05T19:32:47.770+0000] {processor.py:186} INFO - Started process (PID=410) to work on /home/airflow/.local/lib/python3.12/site-packages/airflow/example_dags/example_display_name.py
[2025-03-05T19:32:47.770+0000] {processor.py:914} INFO - Processing file /home/airflow/.local/lib/python3.12/site-packages/airflow/example_dags/example_display_name.py for tasks to queue
[2025-03-05T19:32:47.772+0000] {logging_mixin.py:190} INFO - [2025-03-05T19:32:47.772+0000] {dagbag.py:588} INFO - Filling up the DagBag from /home/airflow/.local/lib/python3.12/site-packages/airflow/example_dags/example_display_name.py
[2025-03-05T19:32:47.777+0000] {processor.py:925} INFO - DAG(s) 'example_display_name' retrieved from /home/airflow/.local/lib/python3.12/site-packages/airflow/example_dags/example_display_name.py
[2025-03-05T19:32:47.792+0000] {logging_mixin.py:190} INFO - [2025-03-05T19:32:47.792+0000] {dag.py:3239} INFO - Sync 1 DAGs
[2025-03-05T19:32:47.803+0000] {logging_mixin.py:190} INFO - [2025-03-05T19:32:47.803+0000] {dag.py:4180} INFO - Setting next_dagrun for example_display_name to None, run_after=None
[2025-03-05T19:32:47.817+0000] {processor.py:208} INFO - Processing /home/airflow/.local/lib/python3.12/site-packages/airflow/example_dags/example_display_name.py took 0.052 seconds
