[2025-03-05T19:30:11.991+0000] {processor.py:186} INFO - Started process (PID=87) to work on /home/airflow/.local/lib/python3.12/site-packages/airflow/example_dags/example_branch_labels.py
[2025-03-05T19:30:11.991+0000] {processor.py:914} INFO - Processing file /home/airflow/.local/lib/python3.12/site-packages/airflow/example_dags/example_branch_labels.py for tasks to queue
[2025-03-05T19:30:11.993+0000] {logging_mixin.py:190} INFO - [2025-03-05T19:30:11.993+0000] {dagbag.py:588} INFO - Filling up the DagBag from /home/airflow/.local/lib/python3.12/site-packages/airflow/example_dags/example_branch_labels.py
[2025-03-05T19:30:12.001+0000] {processor.py:925} INFO - DAG(s) 'example_branch_labels' retrieved from /home/airflow/.local/lib/python3.12/site-packages/airflow/example_dags/example_branch_labels.py
[2025-03-05T19:30:12.082+0000] {logging_mixin.py:190} INFO - [2025-03-05T19:30:12.081+0000] {override.py:1912} INFO - Created Permission View: can delete on DAG:example_branch_labels
[2025-03-05T19:30:12.089+0000] {logging_mixin.py:190} INFO - [2025-03-05T19:30:12.089+0000] {override.py:1912} INFO - Created Permission View: can edit on DAG:example_branch_labels
[2025-03-05T19:30:12.093+0000] {logging_mixin.py:190} INFO - [2025-03-05T19:30:12.093+0000] {override.py:1912} INFO - Created Permission View: can read on DAG:example_branch_labels
[2025-03-05T19:30:12.099+0000] {logging_mixin.py:190} INFO - [2025-03-05T19:30:12.098+0000] {override.py:1912} INFO - Created Permission View: menu access on DAG Run:example_branch_labels
[2025-03-05T19:30:12.103+0000] {logging_mixin.py:190} INFO - [2025-03-05T19:30:12.103+0000] {override.py:1912} INFO - Created Permission View: can create on DAG Run:example_branch_labels
[2025-03-05T19:30:12.107+0000] {logging_mixin.py:190} INFO - [2025-03-05T19:30:12.107+0000] {override.py:1912} INFO - Created Permission View: can delete on DAG Run:example_branch_labels
[2025-03-05T19:30:12.111+0000] {logging_mixin.py:190} INFO - [2025-03-05T19:30:12.111+0000] {override.py:1912} INFO - Created Permission View: can read on DAG Run:example_branch_labels
[2025-03-05T19:30:12.112+0000] {logging_mixin.py:190} INFO - [2025-03-05T19:30:12.112+0000] {dag.py:3239} INFO - Sync 1 DAGs
[2025-03-05T19:30:12.124+0000] {logging_mixin.py:190} INFO - [2025-03-05T19:30:12.124+0000] {dag.py:3262} INFO - Creating ORM DAG for example_branch_labels
[2025-03-05T19:30:12.133+0000] {logging_mixin.py:190} INFO - [2025-03-05T19:30:12.133+0000] {dag.py:4180} INFO - Setting next_dagrun for example_branch_labels to 2025-03-04 00:00:00+00:00, run_after=2025-03-05 00:00:00+00:00
[2025-03-05T19:30:12.144+0000] {processor.py:208} INFO - Processing /home/airflow/.local/lib/python3.12/site-packages/airflow/example_dags/example_branch_labels.py took 0.157 seconds
[2025-03-05T19:30:42.927+0000] {processor.py:186} INFO - Started process (PID=150) to work on /home/airflow/.local/lib/python3.12/site-packages/airflow/example_dags/example_branch_labels.py
[2025-03-05T19:30:42.928+0000] {processor.py:914} INFO - Processing file /home/airflow/.local/lib/python3.12/site-packages/airflow/example_dags/example_branch_labels.py for tasks to queue
[2025-03-05T19:30:42.930+0000] {logging_mixin.py:190} INFO - [2025-03-05T19:30:42.929+0000] {dagbag.py:588} INFO - Filling up the DagBag from /home/airflow/.local/lib/python3.12/site-packages/airflow/example_dags/example_branch_labels.py
[2025-03-05T19:30:42.939+0000] {processor.py:925} INFO - DAG(s) 'example_branch_labels' retrieved from /home/airflow/.local/lib/python3.12/site-packages/airflow/example_dags/example_branch_labels.py
[2025-03-05T19:30:42.959+0000] {logging_mixin.py:190} INFO - [2025-03-05T19:30:42.959+0000] {dag.py:3239} INFO - Sync 1 DAGs
[2025-03-05T19:30:42.985+0000] {logging_mixin.py:190} INFO - [2025-03-05T19:30:42.984+0000] {dag.py:4180} INFO - Setting next_dagrun for example_branch_labels to 2025-03-04 00:00:00+00:00, run_after=2025-03-05 00:00:00+00:00
[2025-03-05T19:30:42.998+0000] {processor.py:208} INFO - Processing /home/airflow/.local/lib/python3.12/site-packages/airflow/example_dags/example_branch_labels.py took 0.077 seconds
[2025-03-05T19:31:14.128+0000] {processor.py:186} INFO - Started process (PID=213) to work on /home/airflow/.local/lib/python3.12/site-packages/airflow/example_dags/example_branch_labels.py
[2025-03-05T19:31:14.129+0000] {processor.py:914} INFO - Processing file /home/airflow/.local/lib/python3.12/site-packages/airflow/example_dags/example_branch_labels.py for tasks to queue
[2025-03-05T19:31:14.131+0000] {logging_mixin.py:190} INFO - [2025-03-05T19:31:14.131+0000] {dagbag.py:588} INFO - Filling up the DagBag from /home/airflow/.local/lib/python3.12/site-packages/airflow/example_dags/example_branch_labels.py
[2025-03-05T19:31:14.138+0000] {processor.py:925} INFO - DAG(s) 'example_branch_labels' retrieved from /home/airflow/.local/lib/python3.12/site-packages/airflow/example_dags/example_branch_labels.py
[2025-03-05T19:31:14.153+0000] {logging_mixin.py:190} INFO - [2025-03-05T19:31:14.153+0000] {dag.py:3239} INFO - Sync 1 DAGs
[2025-03-05T19:31:14.175+0000] {logging_mixin.py:190} INFO - [2025-03-05T19:31:14.175+0000] {dag.py:4180} INFO - Setting next_dagrun for example_branch_labels to 2025-03-04 00:00:00+00:00, run_after=2025-03-05 00:00:00+00:00
[2025-03-05T19:31:14.192+0000] {processor.py:208} INFO - Processing /home/airflow/.local/lib/python3.12/site-packages/airflow/example_dags/example_branch_labels.py took 0.068 seconds
[2025-03-05T19:31:45.277+0000] {processor.py:186} INFO - Started process (PID=276) to work on /home/airflow/.local/lib/python3.12/site-packages/airflow/example_dags/example_branch_labels.py
[2025-03-05T19:31:45.277+0000] {processor.py:914} INFO - Processing file /home/airflow/.local/lib/python3.12/site-packages/airflow/example_dags/example_branch_labels.py for tasks to queue
[2025-03-05T19:31:45.279+0000] {logging_mixin.py:190} INFO - [2025-03-05T19:31:45.279+0000] {dagbag.py:588} INFO - Filling up the DagBag from /home/airflow/.local/lib/python3.12/site-packages/airflow/example_dags/example_branch_labels.py
[2025-03-05T19:31:45.286+0000] {processor.py:925} INFO - DAG(s) 'example_branch_labels' retrieved from /home/airflow/.local/lib/python3.12/site-packages/airflow/example_dags/example_branch_labels.py
[2025-03-05T19:31:45.300+0000] {logging_mixin.py:190} INFO - [2025-03-05T19:31:45.300+0000] {dag.py:3239} INFO - Sync 1 DAGs
[2025-03-05T19:31:45.318+0000] {logging_mixin.py:190} INFO - [2025-03-05T19:31:45.318+0000] {dag.py:4180} INFO - Setting next_dagrun for example_branch_labels to 2025-03-04 00:00:00+00:00, run_after=2025-03-05 00:00:00+00:00
[2025-03-05T19:31:45.329+0000] {processor.py:208} INFO - Processing /home/airflow/.local/lib/python3.12/site-packages/airflow/example_dags/example_branch_labels.py took 0.056 seconds
[2025-03-05T19:32:15.877+0000] {processor.py:186} INFO - Started process (PID=339) to work on /home/airflow/.local/lib/python3.12/site-packages/airflow/example_dags/example_branch_labels.py
[2025-03-05T19:32:15.877+0000] {processor.py:914} INFO - Processing file /home/airflow/.local/lib/python3.12/site-packages/airflow/example_dags/example_branch_labels.py for tasks to queue
[2025-03-05T19:32:15.879+0000] {logging_mixin.py:190} INFO - [2025-03-05T19:32:15.879+0000] {dagbag.py:588} INFO - Filling up the DagBag from /home/airflow/.local/lib/python3.12/site-packages/airflow/example_dags/example_branch_labels.py
[2025-03-05T19:32:15.886+0000] {processor.py:925} INFO - DAG(s) 'example_branch_labels' retrieved from /home/airflow/.local/lib/python3.12/site-packages/airflow/example_dags/example_branch_labels.py
[2025-03-05T19:32:15.901+0000] {logging_mixin.py:190} INFO - [2025-03-05T19:32:15.901+0000] {dag.py:3239} INFO - Sync 1 DAGs
[2025-03-05T19:32:15.919+0000] {logging_mixin.py:190} INFO - [2025-03-05T19:32:15.919+0000] {dag.py:4180} INFO - Setting next_dagrun for example_branch_labels to 2025-03-04 00:00:00+00:00, run_after=2025-03-05 00:00:00+00:00
[2025-03-05T19:32:15.932+0000] {processor.py:208} INFO - Processing /home/airflow/.local/lib/python3.12/site-packages/airflow/example_dags/example_branch_labels.py took 0.060 seconds
[2025-03-05T19:32:47.337+0000] {processor.py:186} INFO - Started process (PID=402) to work on /home/airflow/.local/lib/python3.12/site-packages/airflow/example_dags/example_branch_labels.py
[2025-03-05T19:32:47.338+0000] {processor.py:914} INFO - Processing file /home/airflow/.local/lib/python3.12/site-packages/airflow/example_dags/example_branch_labels.py for tasks to queue
[2025-03-05T19:32:47.339+0000] {logging_mixin.py:190} INFO - [2025-03-05T19:32:47.339+0000] {dagbag.py:588} INFO - Filling up the DagBag from /home/airflow/.local/lib/python3.12/site-packages/airflow/example_dags/example_branch_labels.py
[2025-03-05T19:32:47.347+0000] {processor.py:925} INFO - DAG(s) 'example_branch_labels' retrieved from /home/airflow/.local/lib/python3.12/site-packages/airflow/example_dags/example_branch_labels.py
[2025-03-05T19:32:47.362+0000] {logging_mixin.py:190} INFO - [2025-03-05T19:32:47.362+0000] {dag.py:3239} INFO - Sync 1 DAGs
[2025-03-05T19:32:47.380+0000] {logging_mixin.py:190} INFO - [2025-03-05T19:32:47.380+0000] {dag.py:4180} INFO - Setting next_dagrun for example_branch_labels to 2025-03-04 00:00:00+00:00, run_after=2025-03-05 00:00:00+00:00
[2025-03-05T19:32:47.394+0000] {processor.py:208} INFO - Processing /home/airflow/.local/lib/python3.12/site-packages/airflow/example_dags/example_branch_labels.py took 0.062 seconds
