[2025-03-05T19:30:09.765+0000] {processor.py:186} INFO - Started process (PID=71) to work on /home/airflow/.local/lib/python3.12/site-packages/airflow/example_dags/example_time_delta_sensor_async.py
[2025-03-05T19:30:09.766+0000] {processor.py:914} INFO - Processing file /home/airflow/.local/lib/python3.12/site-packages/airflow/example_dags/example_time_delta_sensor_async.py for tasks to queue
[2025-03-05T19:30:09.767+0000] {logging_mixin.py:190} INFO - [2025-03-05T19:30:09.767+0000] {dagbag.py:588} INFO - Filling up the DagBag from /home/airflow/.local/lib/python3.12/site-packages/airflow/example_dags/example_time_delta_sensor_async.py
[2025-03-05T19:30:09.774+0000] {processor.py:925} INFO - DAG(s) 'example_time_delta_sensor_async' retrieved from /home/airflow/.local/lib/python3.12/site-packages/airflow/example_dags/example_time_delta_sensor_async.py
[2025-03-05T19:30:09.855+0000] {logging_mixin.py:190} INFO - [2025-03-05T19:30:09.854+0000] {override.py:1912} INFO - Created Permission View: can delete on DAG:example_time_delta_sensor_async
[2025-03-05T19:30:09.863+0000] {logging_mixin.py:190} INFO - [2025-03-05T19:30:09.862+0000] {override.py:1912} INFO - Created Permission View: can edit on DAG:example_time_delta_sensor_async
[2025-03-05T19:30:09.868+0000] {logging_mixin.py:190} INFO - [2025-03-05T19:30:09.867+0000] {override.py:1912} INFO - Created Permission View: can read on DAG:example_time_delta_sensor_async
[2025-03-05T19:30:09.873+0000] {logging_mixin.py:190} INFO - [2025-03-05T19:30:09.873+0000] {override.py:1912} INFO - Created Permission View: menu access on DAG Run:example_time_delta_sensor_async
[2025-03-05T19:30:09.878+0000] {logging_mixin.py:190} INFO - [2025-03-05T19:30:09.878+0000] {override.py:1912} INFO - Created Permission View: can create on DAG Run:example_time_delta_sensor_async
[2025-03-05T19:30:09.884+0000] {logging_mixin.py:190} INFO - [2025-03-05T19:30:09.884+0000] {override.py:1912} INFO - Created Permission View: can delete on DAG Run:example_time_delta_sensor_async
[2025-03-05T19:30:09.889+0000] {logging_mixin.py:190} INFO - [2025-03-05T19:30:09.889+0000] {override.py:1912} INFO - Created Permission View: can read on DAG Run:example_time_delta_sensor_async
[2025-03-05T19:30:09.890+0000] {logging_mixin.py:190} INFO - [2025-03-05T19:30:09.889+0000] {dag.py:3239} INFO - Sync 1 DAGs
[2025-03-05T19:30:09.901+0000] {logging_mixin.py:190} INFO - [2025-03-05T19:30:09.901+0000] {dag.py:3262} INFO - Creating ORM DAG for example_time_delta_sensor_async
[2025-03-05T19:30:09.902+0000] {logging_mixin.py:190} INFO - [2025-03-05T19:30:09.902+0000] {dag.py:4180} INFO - Setting next_dagrun for example_time_delta_sensor_async to None, run_after=None
[2025-03-05T19:30:09.916+0000] {processor.py:208} INFO - Processing /home/airflow/.local/lib/python3.12/site-packages/airflow/example_dags/example_time_delta_sensor_async.py took 0.157 seconds
[2025-03-05T19:30:41.685+0000] {processor.py:186} INFO - Started process (PID=134) to work on /home/airflow/.local/lib/python3.12/site-packages/airflow/example_dags/example_time_delta_sensor_async.py
[2025-03-05T19:30:41.686+0000] {processor.py:914} INFO - Processing file /home/airflow/.local/lib/python3.12/site-packages/airflow/example_dags/example_time_delta_sensor_async.py for tasks to queue
[2025-03-05T19:30:41.688+0000] {logging_mixin.py:190} INFO - [2025-03-05T19:30:41.688+0000] {dagbag.py:588} INFO - Filling up the DagBag from /home/airflow/.local/lib/python3.12/site-packages/airflow/example_dags/example_time_delta_sensor_async.py
[2025-03-05T19:30:41.694+0000] {processor.py:925} INFO - DAG(s) 'example_time_delta_sensor_async' retrieved from /home/airflow/.local/lib/python3.12/site-packages/airflow/example_dags/example_time_delta_sensor_async.py
[2025-03-05T19:30:41.708+0000] {logging_mixin.py:190} INFO - [2025-03-05T19:30:41.708+0000] {dag.py:3239} INFO - Sync 1 DAGs
[2025-03-05T19:30:41.719+0000] {logging_mixin.py:190} INFO - [2025-03-05T19:30:41.719+0000] {dag.py:4180} INFO - Setting next_dagrun for example_time_delta_sensor_async to None, run_after=None
[2025-03-05T19:30:41.733+0000] {processor.py:208} INFO - Processing /home/airflow/.local/lib/python3.12/site-packages/airflow/example_dags/example_time_delta_sensor_async.py took 0.053 seconds
[2025-03-05T19:31:12.766+0000] {processor.py:186} INFO - Started process (PID=197) to work on /home/airflow/.local/lib/python3.12/site-packages/airflow/example_dags/example_time_delta_sensor_async.py
[2025-03-05T19:31:12.767+0000] {processor.py:914} INFO - Processing file /home/airflow/.local/lib/python3.12/site-packages/airflow/example_dags/example_time_delta_sensor_async.py for tasks to queue
[2025-03-05T19:31:12.768+0000] {logging_mixin.py:190} INFO - [2025-03-05T19:31:12.768+0000] {dagbag.py:588} INFO - Filling up the DagBag from /home/airflow/.local/lib/python3.12/site-packages/airflow/example_dags/example_time_delta_sensor_async.py
[2025-03-05T19:31:12.773+0000] {processor.py:925} INFO - DAG(s) 'example_time_delta_sensor_async' retrieved from /home/airflow/.local/lib/python3.12/site-packages/airflow/example_dags/example_time_delta_sensor_async.py
[2025-03-05T19:31:12.788+0000] {logging_mixin.py:190} INFO - [2025-03-05T19:31:12.787+0000] {dag.py:3239} INFO - Sync 1 DAGs
[2025-03-05T19:31:12.799+0000] {logging_mixin.py:190} INFO - [2025-03-05T19:31:12.799+0000] {dag.py:4180} INFO - Setting next_dagrun for example_time_delta_sensor_async to None, run_after=None
[2025-03-05T19:31:12.814+0000] {processor.py:208} INFO - Processing /home/airflow/.local/lib/python3.12/site-packages/airflow/example_dags/example_time_delta_sensor_async.py took 0.052 seconds
[2025-03-05T19:31:44.047+0000] {processor.py:186} INFO - Started process (PID=260) to work on /home/airflow/.local/lib/python3.12/site-packages/airflow/example_dags/example_time_delta_sensor_async.py
[2025-03-05T19:31:44.048+0000] {processor.py:914} INFO - Processing file /home/airflow/.local/lib/python3.12/site-packages/airflow/example_dags/example_time_delta_sensor_async.py for tasks to queue
[2025-03-05T19:31:44.049+0000] {logging_mixin.py:190} INFO - [2025-03-05T19:31:44.049+0000] {dagbag.py:588} INFO - Filling up the DagBag from /home/airflow/.local/lib/python3.12/site-packages/airflow/example_dags/example_time_delta_sensor_async.py
[2025-03-05T19:31:44.053+0000] {processor.py:925} INFO - DAG(s) 'example_time_delta_sensor_async' retrieved from /home/airflow/.local/lib/python3.12/site-packages/airflow/example_dags/example_time_delta_sensor_async.py
[2025-03-05T19:31:44.068+0000] {logging_mixin.py:190} INFO - [2025-03-05T19:31:44.067+0000] {dag.py:3239} INFO - Sync 1 DAGs
[2025-03-05T19:31:44.079+0000] {logging_mixin.py:190} INFO - [2025-03-05T19:31:44.079+0000] {dag.py:4180} INFO - Setting next_dagrun for example_time_delta_sensor_async to None, run_after=None
[2025-03-05T19:31:44.093+0000] {processor.py:208} INFO - Processing /home/airflow/.local/lib/python3.12/site-packages/airflow/example_dags/example_time_delta_sensor_async.py took 0.050 seconds
[2025-03-05T19:32:14.667+0000] {processor.py:186} INFO - Started process (PID=323) to work on /home/airflow/.local/lib/python3.12/site-packages/airflow/example_dags/example_time_delta_sensor_async.py
[2025-03-05T19:32:14.668+0000] {processor.py:914} INFO - Processing file /home/airflow/.local/lib/python3.12/site-packages/airflow/example_dags/example_time_delta_sensor_async.py for tasks to queue
[2025-03-05T19:32:14.670+0000] {logging_mixin.py:190} INFO - [2025-03-05T19:32:14.669+0000] {dagbag.py:588} INFO - Filling up the DagBag from /home/airflow/.local/lib/python3.12/site-packages/airflow/example_dags/example_time_delta_sensor_async.py
[2025-03-05T19:32:14.674+0000] {processor.py:925} INFO - DAG(s) 'example_time_delta_sensor_async' retrieved from /home/airflow/.local/lib/python3.12/site-packages/airflow/example_dags/example_time_delta_sensor_async.py
[2025-03-05T19:32:14.688+0000] {logging_mixin.py:190} INFO - [2025-03-05T19:32:14.688+0000] {dag.py:3239} INFO - Sync 1 DAGs
[2025-03-05T19:32:14.699+0000] {logging_mixin.py:190} INFO - [2025-03-05T19:32:14.699+0000] {dag.py:4180} INFO - Setting next_dagrun for example_time_delta_sensor_async to None, run_after=None
[2025-03-05T19:32:14.712+0000] {processor.py:208} INFO - Processing /home/airflow/.local/lib/python3.12/site-packages/airflow/example_dags/example_time_delta_sensor_async.py took 0.049 seconds
[2025-03-05T19:32:46.116+0000] {processor.py:186} INFO - Started process (PID=386) to work on /home/airflow/.local/lib/python3.12/site-packages/airflow/example_dags/example_time_delta_sensor_async.py
[2025-03-05T19:32:46.116+0000] {processor.py:914} INFO - Processing file /home/airflow/.local/lib/python3.12/site-packages/airflow/example_dags/example_time_delta_sensor_async.py for tasks to queue
[2025-03-05T19:32:46.118+0000] {logging_mixin.py:190} INFO - [2025-03-05T19:32:46.118+0000] {dagbag.py:588} INFO - Filling up the DagBag from /home/airflow/.local/lib/python3.12/site-packages/airflow/example_dags/example_time_delta_sensor_async.py
[2025-03-05T19:32:46.124+0000] {processor.py:925} INFO - DAG(s) 'example_time_delta_sensor_async' retrieved from /home/airflow/.local/lib/python3.12/site-packages/airflow/example_dags/example_time_delta_sensor_async.py
[2025-03-05T19:32:46.139+0000] {logging_mixin.py:190} INFO - [2025-03-05T19:32:46.139+0000] {dag.py:3239} INFO - Sync 1 DAGs
[2025-03-05T19:32:46.152+0000] {logging_mixin.py:190} INFO - [2025-03-05T19:32:46.151+0000] {dag.py:4180} INFO - Setting next_dagrun for example_time_delta_sensor_async to None, run_after=None
[2025-03-05T19:32:46.165+0000] {processor.py:208} INFO - Processing /home/airflow/.local/lib/python3.12/site-packages/airflow/example_dags/example_time_delta_sensor_async.py took 0.054 seconds
