[2025-03-05T19:30:10.566+0000] {processor.py:186} INFO - Started process (PID=78) to work on /home/airflow/.local/lib/python3.12/site-packages/airflow/example_dags/example_dataset_alias_with_no_taskflow.py
[2025-03-05T19:30:10.567+0000] {processor.py:914} INFO - Processing file /home/airflow/.local/lib/python3.12/site-packages/airflow/example_dags/example_dataset_alias_with_no_taskflow.py for tasks to queue
[2025-03-05T19:30:10.569+0000] {logging_mixin.py:190} INFO - [2025-03-05T19:30:10.569+0000] {dagbag.py:588} INFO - Filling up the DagBag from /home/airflow/.local/lib/python3.12/site-packages/airflow/example_dags/example_dataset_alias_with_no_taskflow.py
[2025-03-05T19:30:11.071+0000] {processor.py:925} INFO - DAG(s) 'dataset_alias_example_alias_consumer_with_no_taskflow', 'dataset_s3_bucket_consumer_with_no_taskflow', 'dataset_alias_example_alias_producer_with_no_taskflow', 'dataset_s3_bucket_producer_with_no_taskflow' retrieved from /home/airflow/.local/lib/python3.12/site-packages/airflow/example_dags/example_dataset_alias_with_no_taskflow.py
[2025-03-05T19:30:11.142+0000] {logging_mixin.py:190} INFO - [2025-03-05T19:30:11.141+0000] {override.py:1912} INFO - Created Permission View: can delete on DAG:dataset_alias_example_alias_consumer_with_no_taskflow
[2025-03-05T19:30:11.151+0000] {logging_mixin.py:190} INFO - [2025-03-05T19:30:11.150+0000] {override.py:1912} INFO - Created Permission View: can edit on DAG:dataset_alias_example_alias_consumer_with_no_taskflow
[2025-03-05T19:30:11.156+0000] {logging_mixin.py:190} INFO - [2025-03-05T19:30:11.156+0000] {override.py:1912} INFO - Created Permission View: can read on DAG:dataset_alias_example_alias_consumer_with_no_taskflow
[2025-03-05T19:30:11.162+0000] {logging_mixin.py:190} INFO - [2025-03-05T19:30:11.162+0000] {override.py:1912} INFO - Created Permission View: menu access on DAG Run:dataset_alias_example_alias_consumer_with_no_taskflow
[2025-03-05T19:30:11.167+0000] {logging_mixin.py:190} INFO - [2025-03-05T19:30:11.167+0000] {override.py:1912} INFO - Created Permission View: can create on DAG Run:dataset_alias_example_alias_consumer_with_no_taskflow
[2025-03-05T19:30:11.171+0000] {logging_mixin.py:190} INFO - [2025-03-05T19:30:11.171+0000] {override.py:1912} INFO - Created Permission View: can delete on DAG Run:dataset_alias_example_alias_consumer_with_no_taskflow
[2025-03-05T19:30:11.176+0000] {logging_mixin.py:190} INFO - [2025-03-05T19:30:11.176+0000] {override.py:1912} INFO - Created Permission View: can read on DAG Run:dataset_alias_example_alias_consumer_with_no_taskflow
[2025-03-05T19:30:11.186+0000] {logging_mixin.py:190} INFO - [2025-03-05T19:30:11.186+0000] {override.py:1912} INFO - Created Permission View: can delete on DAG:dataset_s3_bucket_consumer_with_no_taskflow
[2025-03-05T19:30:11.191+0000] {logging_mixin.py:190} INFO - [2025-03-05T19:30:11.191+0000] {override.py:1912} INFO - Created Permission View: can edit on DAG:dataset_s3_bucket_consumer_with_no_taskflow
[2025-03-05T19:30:11.196+0000] {logging_mixin.py:190} INFO - [2025-03-05T19:30:11.196+0000] {override.py:1912} INFO - Created Permission View: can read on DAG:dataset_s3_bucket_consumer_with_no_taskflow
[2025-03-05T19:30:11.201+0000] {logging_mixin.py:190} INFO - [2025-03-05T19:30:11.201+0000] {override.py:1912} INFO - Created Permission View: menu access on DAG Run:dataset_s3_bucket_consumer_with_no_taskflow
[2025-03-05T19:30:11.206+0000] {logging_mixin.py:190} INFO - [2025-03-05T19:30:11.205+0000] {override.py:1912} INFO - Created Permission View: can create on DAG Run:dataset_s3_bucket_consumer_with_no_taskflow
[2025-03-05T19:30:11.211+0000] {logging_mixin.py:190} INFO - [2025-03-05T19:30:11.210+0000] {override.py:1912} INFO - Created Permission View: can delete on DAG Run:dataset_s3_bucket_consumer_with_no_taskflow
[2025-03-05T19:30:11.215+0000] {logging_mixin.py:190} INFO - [2025-03-05T19:30:11.215+0000] {override.py:1912} INFO - Created Permission View: can read on DAG Run:dataset_s3_bucket_consumer_with_no_taskflow
[2025-03-05T19:30:11.226+0000] {logging_mixin.py:190} INFO - [2025-03-05T19:30:11.225+0000] {override.py:1912} INFO - Created Permission View: can delete on DAG:dataset_alias_example_alias_producer_with_no_taskflow
[2025-03-05T19:30:11.231+0000] {logging_mixin.py:190} INFO - [2025-03-05T19:30:11.231+0000] {override.py:1912} INFO - Created Permission View: can edit on DAG:dataset_alias_example_alias_producer_with_no_taskflow
[2025-03-05T19:30:11.236+0000] {logging_mixin.py:190} INFO - [2025-03-05T19:30:11.236+0000] {override.py:1912} INFO - Created Permission View: can read on DAG:dataset_alias_example_alias_producer_with_no_taskflow
[2025-03-05T19:30:11.242+0000] {logging_mixin.py:190} INFO - [2025-03-05T19:30:11.241+0000] {override.py:1912} INFO - Created Permission View: menu access on DAG Run:dataset_alias_example_alias_producer_with_no_taskflow
[2025-03-05T19:30:11.246+0000] {logging_mixin.py:190} INFO - [2025-03-05T19:30:11.246+0000] {override.py:1912} INFO - Created Permission View: can create on DAG Run:dataset_alias_example_alias_producer_with_no_taskflow
[2025-03-05T19:30:11.252+0000] {logging_mixin.py:190} INFO - [2025-03-05T19:30:11.251+0000] {override.py:1912} INFO - Created Permission View: can delete on DAG Run:dataset_alias_example_alias_producer_with_no_taskflow
[2025-03-05T19:30:11.257+0000] {logging_mixin.py:190} INFO - [2025-03-05T19:30:11.257+0000] {override.py:1912} INFO - Created Permission View: can read on DAG Run:dataset_alias_example_alias_producer_with_no_taskflow
[2025-03-05T19:30:11.269+0000] {logging_mixin.py:190} INFO - [2025-03-05T19:30:11.269+0000] {override.py:1912} INFO - Created Permission View: can delete on DAG:dataset_s3_bucket_producer_with_no_taskflow
[2025-03-05T19:30:11.275+0000] {logging_mixin.py:190} INFO - [2025-03-05T19:30:11.274+0000] {override.py:1912} INFO - Created Permission View: can edit on DAG:dataset_s3_bucket_producer_with_no_taskflow
[2025-03-05T19:30:11.280+0000] {logging_mixin.py:190} INFO - [2025-03-05T19:30:11.279+0000] {override.py:1912} INFO - Created Permission View: can read on DAG:dataset_s3_bucket_producer_with_no_taskflow
[2025-03-05T19:30:11.285+0000] {logging_mixin.py:190} INFO - [2025-03-05T19:30:11.285+0000] {override.py:1912} INFO - Created Permission View: menu access on DAG Run:dataset_s3_bucket_producer_with_no_taskflow
[2025-03-05T19:30:11.289+0000] {logging_mixin.py:190} INFO - [2025-03-05T19:30:11.289+0000] {override.py:1912} INFO - Created Permission View: can create on DAG Run:dataset_s3_bucket_producer_with_no_taskflow
[2025-03-05T19:30:11.294+0000] {logging_mixin.py:190} INFO - [2025-03-05T19:30:11.293+0000] {override.py:1912} INFO - Created Permission View: can delete on DAG Run:dataset_s3_bucket_producer_with_no_taskflow
[2025-03-05T19:30:11.298+0000] {logging_mixin.py:190} INFO - [2025-03-05T19:30:11.298+0000] {override.py:1912} INFO - Created Permission View: can read on DAG Run:dataset_s3_bucket_producer_with_no_taskflow
[2025-03-05T19:30:11.299+0000] {logging_mixin.py:190} INFO - [2025-03-05T19:30:11.299+0000] {dag.py:3239} INFO - Sync 4 DAGs
[2025-03-05T19:30:11.309+0000] {logging_mixin.py:190} INFO - [2025-03-05T19:30:11.309+0000] {dag.py:3262} INFO - Creating ORM DAG for dataset_s3_bucket_consumer_with_no_taskflow
[2025-03-05T19:30:11.310+0000] {logging_mixin.py:190} INFO - [2025-03-05T19:30:11.310+0000] {dag.py:3262} INFO - Creating ORM DAG for dataset_alias_example_alias_consumer_with_no_taskflow
[2025-03-05T19:30:11.311+0000] {logging_mixin.py:190} INFO - [2025-03-05T19:30:11.311+0000] {dag.py:3262} INFO - Creating ORM DAG for dataset_alias_example_alias_producer_with_no_taskflow
[2025-03-05T19:30:11.311+0000] {logging_mixin.py:190} INFO - [2025-03-05T19:30:11.311+0000] {dag.py:3262} INFO - Creating ORM DAG for dataset_s3_bucket_producer_with_no_taskflow
[2025-03-05T19:30:11.320+0000] {logging_mixin.py:190} INFO - [2025-03-05T19:30:11.319+0000] {dag.py:4180} INFO - Setting next_dagrun for dataset_alias_example_alias_consumer_with_no_taskflow to None, run_after=None
[2025-03-05T19:30:11.320+0000] {logging_mixin.py:190} INFO - [2025-03-05T19:30:11.320+0000] {dag.py:4180} INFO - Setting next_dagrun for dataset_alias_example_alias_producer_with_no_taskflow to None, run_after=None
[2025-03-05T19:30:11.321+0000] {logging_mixin.py:190} INFO - [2025-03-05T19:30:11.321+0000] {dag.py:4180} INFO - Setting next_dagrun for dataset_s3_bucket_consumer_with_no_taskflow to None, run_after=None
[2025-03-05T19:30:11.322+0000] {logging_mixin.py:190} INFO - [2025-03-05T19:30:11.322+0000] {dag.py:4180} INFO - Setting next_dagrun for dataset_s3_bucket_producer_with_no_taskflow to None, run_after=None
[2025-03-05T19:30:11.343+0000] {processor.py:208} INFO - Processing /home/airflow/.local/lib/python3.12/site-packages/airflow/example_dags/example_dataset_alias_with_no_taskflow.py took 0.781 seconds
[2025-03-05T19:30:41.996+0000] {processor.py:186} INFO - Started process (PID=141) to work on /home/airflow/.local/lib/python3.12/site-packages/airflow/example_dags/example_dataset_alias_with_no_taskflow.py
[2025-03-05T19:30:41.997+0000] {processor.py:914} INFO - Processing file /home/airflow/.local/lib/python3.12/site-packages/airflow/example_dags/example_dataset_alias_with_no_taskflow.py for tasks to queue
[2025-03-05T19:30:41.999+0000] {logging_mixin.py:190} INFO - [2025-03-05T19:30:41.999+0000] {dagbag.py:588} INFO - Filling up the DagBag from /home/airflow/.local/lib/python3.12/site-packages/airflow/example_dags/example_dataset_alias_with_no_taskflow.py
[2025-03-05T19:30:42.479+0000] {processor.py:925} INFO - DAG(s) 'dataset_s3_bucket_consumer_with_no_taskflow', 'dataset_s3_bucket_producer_with_no_taskflow', 'dataset_alias_example_alias_producer_with_no_taskflow', 'dataset_alias_example_alias_consumer_with_no_taskflow' retrieved from /home/airflow/.local/lib/python3.12/site-packages/airflow/example_dags/example_dataset_alias_with_no_taskflow.py
[2025-03-05T19:30:42.494+0000] {logging_mixin.py:190} INFO - [2025-03-05T19:30:42.493+0000] {dag.py:3239} INFO - Sync 4 DAGs
[2025-03-05T19:30:42.511+0000] {logging_mixin.py:190} INFO - [2025-03-05T19:30:42.511+0000] {dag.py:4180} INFO - Setting next_dagrun for dataset_alias_example_alias_consumer_with_no_taskflow to None, run_after=None
[2025-03-05T19:30:42.513+0000] {logging_mixin.py:190} INFO - [2025-03-05T19:30:42.513+0000] {dag.py:4180} INFO - Setting next_dagrun for dataset_alias_example_alias_producer_with_no_taskflow to None, run_after=None
[2025-03-05T19:30:42.514+0000] {logging_mixin.py:190} INFO - [2025-03-05T19:30:42.514+0000] {dag.py:4180} INFO - Setting next_dagrun for dataset_s3_bucket_consumer_with_no_taskflow to None, run_after=None
[2025-03-05T19:30:42.515+0000] {logging_mixin.py:190} INFO - [2025-03-05T19:30:42.515+0000] {dag.py:4180} INFO - Setting next_dagrun for dataset_s3_bucket_producer_with_no_taskflow to None, run_after=None
[2025-03-05T19:30:42.534+0000] {processor.py:208} INFO - Processing /home/airflow/.local/lib/python3.12/site-packages/airflow/example_dags/example_dataset_alias_with_no_taskflow.py took 0.543 seconds
[2025-03-05T19:31:13.171+0000] {processor.py:186} INFO - Started process (PID=205) to work on /home/airflow/.local/lib/python3.12/site-packages/airflow/example_dags/example_dataset_alias_with_no_taskflow.py
[2025-03-05T19:31:13.172+0000] {processor.py:914} INFO - Processing file /home/airflow/.local/lib/python3.12/site-packages/airflow/example_dags/example_dataset_alias_with_no_taskflow.py for tasks to queue
[2025-03-05T19:31:13.173+0000] {logging_mixin.py:190} INFO - [2025-03-05T19:31:13.173+0000] {dagbag.py:588} INFO - Filling up the DagBag from /home/airflow/.local/lib/python3.12/site-packages/airflow/example_dags/example_dataset_alias_with_no_taskflow.py
[2025-03-05T19:31:13.749+0000] {processor.py:925} INFO - DAG(s) 'dataset_alias_example_alias_producer_with_no_taskflow', 'dataset_s3_bucket_consumer_with_no_taskflow', 'dataset_alias_example_alias_consumer_with_no_taskflow', 'dataset_s3_bucket_producer_with_no_taskflow' retrieved from /home/airflow/.local/lib/python3.12/site-packages/airflow/example_dags/example_dataset_alias_with_no_taskflow.py
[2025-03-05T19:31:13.772+0000] {logging_mixin.py:190} INFO - [2025-03-05T19:31:13.771+0000] {dag.py:3239} INFO - Sync 4 DAGs
[2025-03-05T19:31:13.801+0000] {logging_mixin.py:190} INFO - [2025-03-05T19:31:13.801+0000] {dag.py:4180} INFO - Setting next_dagrun for dataset_alias_example_alias_consumer_with_no_taskflow to None, run_after=None
[2025-03-05T19:31:13.804+0000] {logging_mixin.py:190} INFO - [2025-03-05T19:31:13.804+0000] {dag.py:4180} INFO - Setting next_dagrun for dataset_alias_example_alias_producer_with_no_taskflow to None, run_after=None
[2025-03-05T19:31:13.805+0000] {logging_mixin.py:190} INFO - [2025-03-05T19:31:13.805+0000] {dag.py:4180} INFO - Setting next_dagrun for dataset_s3_bucket_consumer_with_no_taskflow to None, run_after=None
[2025-03-05T19:31:13.806+0000] {logging_mixin.py:190} INFO - [2025-03-05T19:31:13.806+0000] {dag.py:4180} INFO - Setting next_dagrun for dataset_s3_bucket_producer_with_no_taskflow to None, run_after=None
[2025-03-05T19:31:13.828+0000] {processor.py:208} INFO - Processing /home/airflow/.local/lib/python3.12/site-packages/airflow/example_dags/example_dataset_alias_with_no_taskflow.py took 0.662 seconds
[2025-03-05T19:31:44.486+0000] {processor.py:186} INFO - Started process (PID=269) to work on /home/airflow/.local/lib/python3.12/site-packages/airflow/example_dags/example_dataset_alias_with_no_taskflow.py
[2025-03-05T19:31:44.486+0000] {processor.py:914} INFO - Processing file /home/airflow/.local/lib/python3.12/site-packages/airflow/example_dags/example_dataset_alias_with_no_taskflow.py for tasks to queue
[2025-03-05T19:31:44.488+0000] {logging_mixin.py:190} INFO - [2025-03-05T19:31:44.487+0000] {dagbag.py:588} INFO - Filling up the DagBag from /home/airflow/.local/lib/python3.12/site-packages/airflow/example_dags/example_dataset_alias_with_no_taskflow.py
[2025-03-05T19:31:44.955+0000] {processor.py:925} INFO - DAG(s) 'dataset_s3_bucket_consumer_with_no_taskflow', 'dataset_s3_bucket_producer_with_no_taskflow', 'dataset_alias_example_alias_producer_with_no_taskflow', 'dataset_alias_example_alias_consumer_with_no_taskflow' retrieved from /home/airflow/.local/lib/python3.12/site-packages/airflow/example_dags/example_dataset_alias_with_no_taskflow.py
[2025-03-05T19:31:44.974+0000] {logging_mixin.py:190} INFO - [2025-03-05T19:31:44.973+0000] {dag.py:3239} INFO - Sync 4 DAGs
[2025-03-05T19:31:44.994+0000] {logging_mixin.py:190} INFO - [2025-03-05T19:31:44.994+0000] {dag.py:4180} INFO - Setting next_dagrun for dataset_alias_example_alias_consumer_with_no_taskflow to None, run_after=None
[2025-03-05T19:31:44.996+0000] {logging_mixin.py:190} INFO - [2025-03-05T19:31:44.996+0000] {dag.py:4180} INFO - Setting next_dagrun for dataset_alias_example_alias_producer_with_no_taskflow to None, run_after=None
[2025-03-05T19:31:44.997+0000] {logging_mixin.py:190} INFO - [2025-03-05T19:31:44.997+0000] {dag.py:4180} INFO - Setting next_dagrun for dataset_s3_bucket_consumer_with_no_taskflow to None, run_after=None
[2025-03-05T19:31:44.998+0000] {logging_mixin.py:190} INFO - [2025-03-05T19:31:44.998+0000] {dag.py:4180} INFO - Setting next_dagrun for dataset_s3_bucket_producer_with_no_taskflow to None, run_after=None
[2025-03-05T19:31:45.014+0000] {processor.py:208} INFO - Processing /home/airflow/.local/lib/python3.12/site-packages/airflow/example_dags/example_dataset_alias_with_no_taskflow.py took 0.533 seconds
[2025-03-05T19:32:15.074+0000] {processor.py:186} INFO - Started process (PID=332) to work on /home/airflow/.local/lib/python3.12/site-packages/airflow/example_dags/example_dataset_alias_with_no_taskflow.py
[2025-03-05T19:32:15.075+0000] {processor.py:914} INFO - Processing file /home/airflow/.local/lib/python3.12/site-packages/airflow/example_dags/example_dataset_alias_with_no_taskflow.py for tasks to queue
[2025-03-05T19:32:15.076+0000] {logging_mixin.py:190} INFO - [2025-03-05T19:32:15.076+0000] {dagbag.py:588} INFO - Filling up the DagBag from /home/airflow/.local/lib/python3.12/site-packages/airflow/example_dags/example_dataset_alias_with_no_taskflow.py
[2025-03-05T19:32:15.532+0000] {processor.py:925} INFO - DAG(s) 'dataset_s3_bucket_producer_with_no_taskflow', 'dataset_alias_example_alias_consumer_with_no_taskflow', 'dataset_alias_example_alias_producer_with_no_taskflow', 'dataset_s3_bucket_consumer_with_no_taskflow' retrieved from /home/airflow/.local/lib/python3.12/site-packages/airflow/example_dags/example_dataset_alias_with_no_taskflow.py
[2025-03-05T19:32:15.549+0000] {logging_mixin.py:190} INFO - [2025-03-05T19:32:15.549+0000] {dag.py:3239} INFO - Sync 4 DAGs
[2025-03-05T19:32:15.569+0000] {logging_mixin.py:190} INFO - [2025-03-05T19:32:15.569+0000] {dag.py:4180} INFO - Setting next_dagrun for dataset_alias_example_alias_consumer_with_no_taskflow to None, run_after=None
[2025-03-05T19:32:15.571+0000] {logging_mixin.py:190} INFO - [2025-03-05T19:32:15.571+0000] {dag.py:4180} INFO - Setting next_dagrun for dataset_alias_example_alias_producer_with_no_taskflow to None, run_after=None
[2025-03-05T19:32:15.572+0000] {logging_mixin.py:190} INFO - [2025-03-05T19:32:15.572+0000] {dag.py:4180} INFO - Setting next_dagrun for dataset_s3_bucket_consumer_with_no_taskflow to None, run_after=None
[2025-03-05T19:32:15.573+0000] {logging_mixin.py:190} INFO - [2025-03-05T19:32:15.573+0000] {dag.py:4180} INFO - Setting next_dagrun for dataset_s3_bucket_producer_with_no_taskflow to None, run_after=None
[2025-03-05T19:32:15.589+0000] {processor.py:208} INFO - Processing /home/airflow/.local/lib/python3.12/site-packages/airflow/example_dags/example_dataset_alias_with_no_taskflow.py took 0.519 seconds
[2025-03-05T19:32:46.519+0000] {processor.py:186} INFO - Started process (PID=395) to work on /home/airflow/.local/lib/python3.12/site-packages/airflow/example_dags/example_dataset_alias_with_no_taskflow.py
[2025-03-05T19:32:46.520+0000] {processor.py:914} INFO - Processing file /home/airflow/.local/lib/python3.12/site-packages/airflow/example_dags/example_dataset_alias_with_no_taskflow.py for tasks to queue
[2025-03-05T19:32:46.522+0000] {logging_mixin.py:190} INFO - [2025-03-05T19:32:46.521+0000] {dagbag.py:588} INFO - Filling up the DagBag from /home/airflow/.local/lib/python3.12/site-packages/airflow/example_dags/example_dataset_alias_with_no_taskflow.py
[2025-03-05T19:32:46.994+0000] {processor.py:925} INFO - DAG(s) 'dataset_s3_bucket_producer_with_no_taskflow', 'dataset_alias_example_alias_producer_with_no_taskflow', 'dataset_s3_bucket_consumer_with_no_taskflow', 'dataset_alias_example_alias_consumer_with_no_taskflow' retrieved from /home/airflow/.local/lib/python3.12/site-packages/airflow/example_dags/example_dataset_alias_with_no_taskflow.py
[2025-03-05T19:32:47.014+0000] {logging_mixin.py:190} INFO - [2025-03-05T19:32:47.013+0000] {dag.py:3239} INFO - Sync 4 DAGs
[2025-03-05T19:32:47.034+0000] {logging_mixin.py:190} INFO - [2025-03-05T19:32:47.034+0000] {dag.py:4180} INFO - Setting next_dagrun for dataset_alias_example_alias_consumer_with_no_taskflow to None, run_after=None
[2025-03-05T19:32:47.036+0000] {logging_mixin.py:190} INFO - [2025-03-05T19:32:47.036+0000] {dag.py:4180} INFO - Setting next_dagrun for dataset_alias_example_alias_producer_with_no_taskflow to None, run_after=None
[2025-03-05T19:32:47.037+0000] {logging_mixin.py:190} INFO - [2025-03-05T19:32:47.037+0000] {dag.py:4180} INFO - Setting next_dagrun for dataset_s3_bucket_consumer_with_no_taskflow to None, run_after=None
[2025-03-05T19:32:47.038+0000] {logging_mixin.py:190} INFO - [2025-03-05T19:32:47.038+0000] {dag.py:4180} INFO - Setting next_dagrun for dataset_s3_bucket_producer_with_no_taskflow to None, run_after=None
[2025-03-05T19:32:47.056+0000] {processor.py:208} INFO - Processing /home/airflow/.local/lib/python3.12/site-packages/airflow/example_dags/example_dataset_alias_with_no_taskflow.py took 0.541 seconds
