[2025-03-05T19:30:13.649+0000] {processor.py:186} INFO - Started process (PID=104) to work on /home/airflow/.local/lib/python3.12/site-packages/airflow/example_dags/example_trigger_target_dag.py
[2025-03-05T19:30:13.650+0000] {processor.py:914} INFO - Processing file /home/airflow/.local/lib/python3.12/site-packages/airflow/example_dags/example_trigger_target_dag.py for tasks to queue
[2025-03-05T19:30:13.652+0000] {logging_mixin.py:190} INFO - [2025-03-05T19:30:13.651+0000] {dagbag.py:588} INFO - Filling up the DagBag from /home/airflow/.local/lib/python3.12/site-packages/airflow/example_dags/example_trigger_target_dag.py
[2025-03-05T19:30:13.658+0000] {processor.py:925} INFO - DAG(s) 'example_trigger_target_dag' retrieved from /home/airflow/.local/lib/python3.12/site-packages/airflow/example_dags/example_trigger_target_dag.py
[2025-03-05T19:30:13.732+0000] {logging_mixin.py:190} INFO - [2025-03-05T19:30:13.732+0000] {override.py:1912} INFO - Created Permission View: can delete on DAG:example_trigger_target_dag
[2025-03-05T19:30:13.739+0000] {logging_mixin.py:190} INFO - [2025-03-05T19:30:13.739+0000] {override.py:1912} INFO - Created Permission View: can edit on DAG:example_trigger_target_dag
[2025-03-05T19:30:13.744+0000] {logging_mixin.py:190} INFO - [2025-03-05T19:30:13.744+0000] {override.py:1912} INFO - Created Permission View: can read on DAG:example_trigger_target_dag
[2025-03-05T19:30:13.749+0000] {logging_mixin.py:190} INFO - [2025-03-05T19:30:13.749+0000] {override.py:1912} INFO - Created Permission View: menu access on DAG Run:example_trigger_target_dag
[2025-03-05T19:30:13.753+0000] {logging_mixin.py:190} INFO - [2025-03-05T19:30:13.753+0000] {override.py:1912} INFO - Created Permission View: can create on DAG Run:example_trigger_target_dag
[2025-03-05T19:30:13.758+0000] {logging_mixin.py:190} INFO - [2025-03-05T19:30:13.758+0000] {override.py:1912} INFO - Created Permission View: can delete on DAG Run:example_trigger_target_dag
[2025-03-05T19:30:13.763+0000] {logging_mixin.py:190} INFO - [2025-03-05T19:30:13.763+0000] {override.py:1912} INFO - Created Permission View: can read on DAG Run:example_trigger_target_dag
[2025-03-05T19:30:13.763+0000] {logging_mixin.py:190} INFO - [2025-03-05T19:30:13.763+0000] {dag.py:3239} INFO - Sync 1 DAGs
[2025-03-05T19:30:13.772+0000] {logging_mixin.py:190} INFO - [2025-03-05T19:30:13.772+0000] {dag.py:3262} INFO - Creating ORM DAG for example_trigger_target_dag
[2025-03-05T19:30:13.773+0000] {logging_mixin.py:190} INFO - [2025-03-05T19:30:13.773+0000] {dag.py:4180} INFO - Setting next_dagrun for example_trigger_target_dag to None, run_after=None
[2025-03-05T19:30:13.785+0000] {processor.py:208} INFO - Processing /home/airflow/.local/lib/python3.12/site-packages/airflow/example_dags/example_trigger_target_dag.py took 0.140 seconds
[2025-03-05T19:30:43.852+0000] {processor.py:186} INFO - Started process (PID=167) to work on /home/airflow/.local/lib/python3.12/site-packages/airflow/example_dags/example_trigger_target_dag.py
[2025-03-05T19:30:43.853+0000] {processor.py:914} INFO - Processing file /home/airflow/.local/lib/python3.12/site-packages/airflow/example_dags/example_trigger_target_dag.py for tasks to queue
[2025-03-05T19:30:43.854+0000] {logging_mixin.py:190} INFO - [2025-03-05T19:30:43.854+0000] {dagbag.py:588} INFO - Filling up the DagBag from /home/airflow/.local/lib/python3.12/site-packages/airflow/example_dags/example_trigger_target_dag.py
[2025-03-05T19:30:43.859+0000] {processor.py:925} INFO - DAG(s) 'example_trigger_target_dag' retrieved from /home/airflow/.local/lib/python3.12/site-packages/airflow/example_dags/example_trigger_target_dag.py
[2025-03-05T19:30:43.871+0000] {logging_mixin.py:190} INFO - [2025-03-05T19:30:43.871+0000] {dag.py:3239} INFO - Sync 1 DAGs
[2025-03-05T19:30:43.881+0000] {logging_mixin.py:190} INFO - [2025-03-05T19:30:43.881+0000] {dag.py:4180} INFO - Setting next_dagrun for example_trigger_target_dag to None, run_after=None
[2025-03-05T19:30:43.895+0000] {processor.py:208} INFO - Processing /home/airflow/.local/lib/python3.12/site-packages/airflow/example_dags/example_trigger_target_dag.py took 0.047 seconds
[2025-03-05T19:31:14.951+0000] {processor.py:186} INFO - Started process (PID=230) to work on /home/airflow/.local/lib/python3.12/site-packages/airflow/example_dags/example_trigger_target_dag.py
[2025-03-05T19:31:14.952+0000] {processor.py:914} INFO - Processing file /home/airflow/.local/lib/python3.12/site-packages/airflow/example_dags/example_trigger_target_dag.py for tasks to queue
[2025-03-05T19:31:14.954+0000] {logging_mixin.py:190} INFO - [2025-03-05T19:31:14.953+0000] {dagbag.py:588} INFO - Filling up the DagBag from /home/airflow/.local/lib/python3.12/site-packages/airflow/example_dags/example_trigger_target_dag.py
[2025-03-05T19:31:14.959+0000] {processor.py:925} INFO - DAG(s) 'example_trigger_target_dag' retrieved from /home/airflow/.local/lib/python3.12/site-packages/airflow/example_dags/example_trigger_target_dag.py
[2025-03-05T19:31:14.972+0000] {logging_mixin.py:190} INFO - [2025-03-05T19:31:14.972+0000] {dag.py:3239} INFO - Sync 1 DAGs
[2025-03-05T19:31:14.982+0000] {logging_mixin.py:190} INFO - [2025-03-05T19:31:14.982+0000] {dag.py:4180} INFO - Setting next_dagrun for example_trigger_target_dag to None, run_after=None
[2025-03-05T19:31:14.995+0000] {processor.py:208} INFO - Processing /home/airflow/.local/lib/python3.12/site-packages/airflow/example_dags/example_trigger_target_dag.py took 0.048 seconds
[2025-03-05T19:31:46.154+0000] {processor.py:186} INFO - Started process (PID=293) to work on /home/airflow/.local/lib/python3.12/site-packages/airflow/example_dags/example_trigger_target_dag.py
[2025-03-05T19:31:46.154+0000] {processor.py:914} INFO - Processing file /home/airflow/.local/lib/python3.12/site-packages/airflow/example_dags/example_trigger_target_dag.py for tasks to queue
[2025-03-05T19:31:46.156+0000] {logging_mixin.py:190} INFO - [2025-03-05T19:31:46.156+0000] {dagbag.py:588} INFO - Filling up the DagBag from /home/airflow/.local/lib/python3.12/site-packages/airflow/example_dags/example_trigger_target_dag.py
[2025-03-05T19:31:46.161+0000] {processor.py:925} INFO - DAG(s) 'example_trigger_target_dag' retrieved from /home/airflow/.local/lib/python3.12/site-packages/airflow/example_dags/example_trigger_target_dag.py
[2025-03-05T19:31:46.175+0000] {logging_mixin.py:190} INFO - [2025-03-05T19:31:46.175+0000] {dag.py:3239} INFO - Sync 1 DAGs
[2025-03-05T19:31:46.187+0000] {logging_mixin.py:190} INFO - [2025-03-05T19:31:46.187+0000] {dag.py:4180} INFO - Setting next_dagrun for example_trigger_target_dag to None, run_after=None
[2025-03-05T19:31:46.201+0000] {processor.py:208} INFO - Processing /home/airflow/.local/lib/python3.12/site-packages/airflow/example_dags/example_trigger_target_dag.py took 0.051 seconds
[2025-03-05T19:32:16.580+0000] {processor.py:186} INFO - Started process (PID=356) to work on /home/airflow/.local/lib/python3.12/site-packages/airflow/example_dags/example_trigger_target_dag.py
[2025-03-05T19:32:16.580+0000] {processor.py:914} INFO - Processing file /home/airflow/.local/lib/python3.12/site-packages/airflow/example_dags/example_trigger_target_dag.py for tasks to queue
[2025-03-05T19:32:16.582+0000] {logging_mixin.py:190} INFO - [2025-03-05T19:32:16.582+0000] {dagbag.py:588} INFO - Filling up the DagBag from /home/airflow/.local/lib/python3.12/site-packages/airflow/example_dags/example_trigger_target_dag.py
[2025-03-05T19:32:16.587+0000] {processor.py:925} INFO - DAG(s) 'example_trigger_target_dag' retrieved from /home/airflow/.local/lib/python3.12/site-packages/airflow/example_dags/example_trigger_target_dag.py
[2025-03-05T19:32:16.600+0000] {logging_mixin.py:190} INFO - [2025-03-05T19:32:16.600+0000] {dag.py:3239} INFO - Sync 1 DAGs
[2025-03-05T19:32:16.610+0000] {logging_mixin.py:190} INFO - [2025-03-05T19:32:16.610+0000] {dag.py:4180} INFO - Setting next_dagrun for example_trigger_target_dag to None, run_after=None
[2025-03-05T19:32:16.624+0000] {processor.py:208} INFO - Processing /home/airflow/.local/lib/python3.12/site-packages/airflow/example_dags/example_trigger_target_dag.py took 0.049 seconds
[2025-03-05T19:32:48.253+0000] {processor.py:186} INFO - Started process (PID=419) to work on /home/airflow/.local/lib/python3.12/site-packages/airflow/example_dags/example_trigger_target_dag.py
[2025-03-05T19:32:48.254+0000] {processor.py:914} INFO - Processing file /home/airflow/.local/lib/python3.12/site-packages/airflow/example_dags/example_trigger_target_dag.py for tasks to queue
[2025-03-05T19:32:48.256+0000] {logging_mixin.py:190} INFO - [2025-03-05T19:32:48.256+0000] {dagbag.py:588} INFO - Filling up the DagBag from /home/airflow/.local/lib/python3.12/site-packages/airflow/example_dags/example_trigger_target_dag.py
[2025-03-05T19:32:48.262+0000] {processor.py:925} INFO - DAG(s) 'example_trigger_target_dag' retrieved from /home/airflow/.local/lib/python3.12/site-packages/airflow/example_dags/example_trigger_target_dag.py
[2025-03-05T19:32:48.276+0000] {logging_mixin.py:190} INFO - [2025-03-05T19:32:48.276+0000] {dag.py:3239} INFO - Sync 1 DAGs
[2025-03-05T19:32:48.287+0000] {logging_mixin.py:190} INFO - [2025-03-05T19:32:48.286+0000] {dag.py:4180} INFO - Setting next_dagrun for example_trigger_target_dag to None, run_after=None
[2025-03-05T19:32:48.300+0000] {processor.py:208} INFO - Processing /home/airflow/.local/lib/python3.12/site-packages/airflow/example_dags/example_trigger_target_dag.py took 0.051 seconds
