[2025-03-05T19:30:12.964+0000] {processor.py:186} INFO - Started process (PID=98) to work on /home/airflow/.local/lib/python3.12/site-packages/airflow/example_dags/example_skip_dag.py
[2025-03-05T19:30:12.965+0000] {processor.py:914} INFO - Processing file /home/airflow/.local/lib/python3.12/site-packages/airflow/example_dags/example_skip_dag.py for tasks to queue
[2025-03-05T19:30:12.966+0000] {logging_mixin.py:190} INFO - [2025-03-05T19:30:12.966+0000] {dagbag.py:588} INFO - Filling up the DagBag from /home/airflow/.local/lib/python3.12/site-packages/airflow/example_dags/example_skip_dag.py
[2025-03-05T19:30:12.973+0000] {processor.py:925} INFO - DAG(s) 'example_skip_dag' retrieved from /home/airflow/.local/lib/python3.12/site-packages/airflow/example_dags/example_skip_dag.py
[2025-03-05T19:30:13.054+0000] {logging_mixin.py:190} INFO - [2025-03-05T19:30:13.053+0000] {override.py:1912} INFO - Created Permission View: can delete on DAG:example_skip_dag
[2025-03-05T19:30:13.061+0000] {logging_mixin.py:190} INFO - [2025-03-05T19:30:13.061+0000] {override.py:1912} INFO - Created Permission View: can edit on DAG:example_skip_dag
[2025-03-05T19:30:13.066+0000] {logging_mixin.py:190} INFO - [2025-03-05T19:30:13.066+0000] {override.py:1912} INFO - Created Permission View: can read on DAG:example_skip_dag
[2025-03-05T19:30:13.071+0000] {logging_mixin.py:190} INFO - [2025-03-05T19:30:13.071+0000] {override.py:1912} INFO - Created Permission View: menu access on DAG Run:example_skip_dag
[2025-03-05T19:30:13.077+0000] {logging_mixin.py:190} INFO - [2025-03-05T19:30:13.077+0000] {override.py:1912} INFO - Created Permission View: can create on DAG Run:example_skip_dag
[2025-03-05T19:30:13.082+0000] {logging_mixin.py:190} INFO - [2025-03-05T19:30:13.082+0000] {override.py:1912} INFO - Created Permission View: can delete on DAG Run:example_skip_dag
[2025-03-05T19:30:13.087+0000] {logging_mixin.py:190} INFO - [2025-03-05T19:30:13.087+0000] {override.py:1912} INFO - Created Permission View: can read on DAG Run:example_skip_dag
[2025-03-05T19:30:13.088+0000] {logging_mixin.py:190} INFO - [2025-03-05T19:30:13.088+0000] {dag.py:3239} INFO - Sync 1 DAGs
[2025-03-05T19:30:13.100+0000] {logging_mixin.py:190} INFO - [2025-03-05T19:30:13.099+0000] {dag.py:3262} INFO - Creating ORM DAG for example_skip_dag
[2025-03-05T19:30:13.107+0000] {logging_mixin.py:190} INFO - [2025-03-05T19:30:13.107+0000] {dag.py:4180} INFO - Setting next_dagrun for example_skip_dag to 2025-03-04 00:00:00+00:00, run_after=2025-03-05 00:00:00+00:00
[2025-03-05T19:30:13.120+0000] {processor.py:208} INFO - Processing /home/airflow/.local/lib/python3.12/site-packages/airflow/example_dags/example_skip_dag.py took 0.161 seconds
[2025-03-05T19:30:43.482+0000] {processor.py:186} INFO - Started process (PID=161) to work on /home/airflow/.local/lib/python3.12/site-packages/airflow/example_dags/example_skip_dag.py
[2025-03-05T19:30:43.483+0000] {processor.py:914} INFO - Processing file /home/airflow/.local/lib/python3.12/site-packages/airflow/example_dags/example_skip_dag.py for tasks to queue
[2025-03-05T19:30:43.485+0000] {logging_mixin.py:190} INFO - [2025-03-05T19:30:43.485+0000] {dagbag.py:588} INFO - Filling up the DagBag from /home/airflow/.local/lib/python3.12/site-packages/airflow/example_dags/example_skip_dag.py
[2025-03-05T19:30:43.491+0000] {processor.py:925} INFO - DAG(s) 'example_skip_dag' retrieved from /home/airflow/.local/lib/python3.12/site-packages/airflow/example_dags/example_skip_dag.py
[2025-03-05T19:30:43.507+0000] {logging_mixin.py:190} INFO - [2025-03-05T19:30:43.506+0000] {dag.py:3239} INFO - Sync 1 DAGs
[2025-03-05T19:30:43.524+0000] {logging_mixin.py:190} INFO - [2025-03-05T19:30:43.524+0000] {dag.py:4180} INFO - Setting next_dagrun for example_skip_dag to 2025-03-04 00:00:00+00:00, run_after=2025-03-05 00:00:00+00:00
[2025-03-05T19:30:43.537+0000] {processor.py:208} INFO - Processing /home/airflow/.local/lib/python3.12/site-packages/airflow/example_dags/example_skip_dag.py took 0.058 seconds
[2025-03-05T19:31:14.572+0000] {processor.py:186} INFO - Started process (PID=224) to work on /home/airflow/.local/lib/python3.12/site-packages/airflow/example_dags/example_skip_dag.py
[2025-03-05T19:31:14.572+0000] {processor.py:914} INFO - Processing file /home/airflow/.local/lib/python3.12/site-packages/airflow/example_dags/example_skip_dag.py for tasks to queue
[2025-03-05T19:31:14.574+0000] {logging_mixin.py:190} INFO - [2025-03-05T19:31:14.573+0000] {dagbag.py:588} INFO - Filling up the DagBag from /home/airflow/.local/lib/python3.12/site-packages/airflow/example_dags/example_skip_dag.py
[2025-03-05T19:31:14.579+0000] {processor.py:925} INFO - DAG(s) 'example_skip_dag' retrieved from /home/airflow/.local/lib/python3.12/site-packages/airflow/example_dags/example_skip_dag.py
[2025-03-05T19:31:14.595+0000] {logging_mixin.py:190} INFO - [2025-03-05T19:31:14.595+0000] {dag.py:3239} INFO - Sync 1 DAGs
[2025-03-05T19:31:14.612+0000] {logging_mixin.py:190} INFO - [2025-03-05T19:31:14.612+0000] {dag.py:4180} INFO - Setting next_dagrun for example_skip_dag to 2025-03-04 00:00:00+00:00, run_after=2025-03-05 00:00:00+00:00
[2025-03-05T19:31:14.626+0000] {processor.py:208} INFO - Processing /home/airflow/.local/lib/python3.12/site-packages/airflow/example_dags/example_skip_dag.py took 0.058 seconds
[2025-03-05T19:31:45.821+0000] {processor.py:186} INFO - Started process (PID=287) to work on /home/airflow/.local/lib/python3.12/site-packages/airflow/example_dags/example_skip_dag.py
[2025-03-05T19:31:45.821+0000] {processor.py:914} INFO - Processing file /home/airflow/.local/lib/python3.12/site-packages/airflow/example_dags/example_skip_dag.py for tasks to queue
[2025-03-05T19:31:45.823+0000] {logging_mixin.py:190} INFO - [2025-03-05T19:31:45.823+0000] {dagbag.py:588} INFO - Filling up the DagBag from /home/airflow/.local/lib/python3.12/site-packages/airflow/example_dags/example_skip_dag.py
[2025-03-05T19:31:45.829+0000] {processor.py:925} INFO - DAG(s) 'example_skip_dag' retrieved from /home/airflow/.local/lib/python3.12/site-packages/airflow/example_dags/example_skip_dag.py
[2025-03-05T19:31:45.845+0000] {logging_mixin.py:190} INFO - [2025-03-05T19:31:45.845+0000] {dag.py:3239} INFO - Sync 1 DAGs
[2025-03-05T19:31:45.862+0000] {logging_mixin.py:190} INFO - [2025-03-05T19:31:45.862+0000] {dag.py:4180} INFO - Setting next_dagrun for example_skip_dag to 2025-03-04 00:00:00+00:00, run_after=2025-03-05 00:00:00+00:00
[2025-03-05T19:31:45.875+0000] {processor.py:208} INFO - Processing /home/airflow/.local/lib/python3.12/site-packages/airflow/example_dags/example_skip_dag.py took 0.058 seconds
[2025-03-05T19:32:16.314+0000] {processor.py:186} INFO - Started process (PID=350) to work on /home/airflow/.local/lib/python3.12/site-packages/airflow/example_dags/example_skip_dag.py
[2025-03-05T19:32:16.315+0000] {processor.py:914} INFO - Processing file /home/airflow/.local/lib/python3.12/site-packages/airflow/example_dags/example_skip_dag.py for tasks to queue
[2025-03-05T19:32:16.316+0000] {logging_mixin.py:190} INFO - [2025-03-05T19:32:16.316+0000] {dagbag.py:588} INFO - Filling up the DagBag from /home/airflow/.local/lib/python3.12/site-packages/airflow/example_dags/example_skip_dag.py
[2025-03-05T19:32:16.322+0000] {processor.py:925} INFO - DAG(s) 'example_skip_dag' retrieved from /home/airflow/.local/lib/python3.12/site-packages/airflow/example_dags/example_skip_dag.py
[2025-03-05T19:32:16.336+0000] {logging_mixin.py:190} INFO - [2025-03-05T19:32:16.336+0000] {dag.py:3239} INFO - Sync 1 DAGs
[2025-03-05T19:32:16.353+0000] {logging_mixin.py:190} INFO - [2025-03-05T19:32:16.352+0000] {dag.py:4180} INFO - Setting next_dagrun for example_skip_dag to 2025-03-04 00:00:00+00:00, run_after=2025-03-05 00:00:00+00:00
[2025-03-05T19:32:16.365+0000] {processor.py:208} INFO - Processing /home/airflow/.local/lib/python3.12/site-packages/airflow/example_dags/example_skip_dag.py took 0.054 seconds
[2025-03-05T19:32:47.937+0000] {processor.py:186} INFO - Started process (PID=413) to work on /home/airflow/.local/lib/python3.12/site-packages/airflow/example_dags/example_skip_dag.py
[2025-03-05T19:32:47.937+0000] {processor.py:914} INFO - Processing file /home/airflow/.local/lib/python3.12/site-packages/airflow/example_dags/example_skip_dag.py for tasks to queue
[2025-03-05T19:32:47.939+0000] {logging_mixin.py:190} INFO - [2025-03-05T19:32:47.939+0000] {dagbag.py:588} INFO - Filling up the DagBag from /home/airflow/.local/lib/python3.12/site-packages/airflow/example_dags/example_skip_dag.py
[2025-03-05T19:32:47.945+0000] {processor.py:925} INFO - DAG(s) 'example_skip_dag' retrieved from /home/airflow/.local/lib/python3.12/site-packages/airflow/example_dags/example_skip_dag.py
[2025-03-05T19:32:47.961+0000] {logging_mixin.py:190} INFO - [2025-03-05T19:32:47.960+0000] {dag.py:3239} INFO - Sync 1 DAGs
[2025-03-05T19:32:47.979+0000] {logging_mixin.py:190} INFO - [2025-03-05T19:32:47.979+0000] {dag.py:4180} INFO - Setting next_dagrun for example_skip_dag to 2025-03-04 00:00:00+00:00, run_after=2025-03-05 00:00:00+00:00
[2025-03-05T19:32:47.994+0000] {processor.py:208} INFO - Processing /home/airflow/.local/lib/python3.12/site-packages/airflow/example_dags/example_skip_dag.py took 0.061 seconds
