[2025-03-05T19:30:12.113+0000] {processor.py:186} INFO - Started process (PID=88) to work on /home/airflow/.local/lib/python3.12/site-packages/airflow/example_dags/example_sla_dag.py
[2025-03-05T19:30:12.114+0000] {processor.py:914} INFO - Processing file /home/airflow/.local/lib/python3.12/site-packages/airflow/example_dags/example_sla_dag.py for tasks to queue
[2025-03-05T19:30:12.115+0000] {logging_mixin.py:190} INFO - [2025-03-05T19:30:12.115+0000] {dagbag.py:588} INFO - Filling up the DagBag from /home/airflow/.local/lib/python3.12/site-packages/airflow/example_dags/example_sla_dag.py
[2025-03-05T19:30:12.123+0000] {processor.py:925} INFO - DAG(s) 'example_sla_dag' retrieved from /home/airflow/.local/lib/python3.12/site-packages/airflow/example_dags/example_sla_dag.py
[2025-03-05T19:30:12.199+0000] {logging_mixin.py:190} INFO - [2025-03-05T19:30:12.198+0000] {override.py:1912} INFO - Created Permission View: can delete on DAG:example_sla_dag
[2025-03-05T19:30:12.205+0000] {logging_mixin.py:190} INFO - [2025-03-05T19:30:12.205+0000] {override.py:1912} INFO - Created Permission View: can edit on DAG:example_sla_dag
[2025-03-05T19:30:12.210+0000] {logging_mixin.py:190} INFO - [2025-03-05T19:30:12.210+0000] {override.py:1912} INFO - Created Permission View: can read on DAG:example_sla_dag
[2025-03-05T19:30:12.216+0000] {logging_mixin.py:190} INFO - [2025-03-05T19:30:12.215+0000] {override.py:1912} INFO - Created Permission View: menu access on DAG Run:example_sla_dag
[2025-03-05T19:30:12.220+0000] {logging_mixin.py:190} INFO - [2025-03-05T19:30:12.220+0000] {override.py:1912} INFO - Created Permission View: can create on DAG Run:example_sla_dag
[2025-03-05T19:30:12.224+0000] {logging_mixin.py:190} INFO - [2025-03-05T19:30:12.224+0000] {override.py:1912} INFO - Created Permission View: can delete on DAG Run:example_sla_dag
[2025-03-05T19:30:12.229+0000] {logging_mixin.py:190} INFO - [2025-03-05T19:30:12.228+0000] {override.py:1912} INFO - Created Permission View: can read on DAG Run:example_sla_dag
[2025-03-05T19:30:12.229+0000] {logging_mixin.py:190} INFO - [2025-03-05T19:30:12.229+0000] {dag.py:3239} INFO - Sync 1 DAGs
[2025-03-05T19:30:12.240+0000] {logging_mixin.py:190} INFO - [2025-03-05T19:30:12.240+0000] {dag.py:3262} INFO - Creating ORM DAG for example_sla_dag
[2025-03-05T19:30:12.248+0000] {logging_mixin.py:190} INFO - [2025-03-05T19:30:12.248+0000] {dag.py:4180} INFO - Setting next_dagrun for example_sla_dag to 2025-03-05 19:28:00+00:00, run_after=2025-03-05 19:30:00+00:00
[2025-03-05T19:30:12.258+0000] {processor.py:208} INFO - Processing /home/airflow/.local/lib/python3.12/site-packages/airflow/example_dags/example_sla_dag.py took 0.149 seconds
[2025-03-05T19:30:42.968+0000] {processor.py:186} INFO - Started process (PID=151) to work on /home/airflow/.local/lib/python3.12/site-packages/airflow/example_dags/example_sla_dag.py
[2025-03-05T19:30:42.969+0000] {processor.py:914} INFO - Processing file /home/airflow/.local/lib/python3.12/site-packages/airflow/example_dags/example_sla_dag.py for tasks to queue
[2025-03-05T19:30:42.971+0000] {logging_mixin.py:190} INFO - [2025-03-05T19:30:42.970+0000] {dagbag.py:588} INFO - Filling up the DagBag from /home/airflow/.local/lib/python3.12/site-packages/airflow/example_dags/example_sla_dag.py
[2025-03-05T19:30:42.980+0000] {processor.py:925} INFO - DAG(s) 'example_sla_dag' retrieved from /home/airflow/.local/lib/python3.12/site-packages/airflow/example_dags/example_sla_dag.py
[2025-03-05T19:30:42.994+0000] {logging_mixin.py:190} INFO - [2025-03-05T19:30:42.994+0000] {dag.py:3239} INFO - Sync 1 DAGs
[2025-03-05T19:30:43.015+0000] {logging_mixin.py:190} INFO - [2025-03-05T19:30:43.015+0000] {dag.py:4180} INFO - Setting next_dagrun for example_sla_dag to 2025-03-05 19:28:00+00:00, run_after=2025-03-05 19:30:00+00:00
[2025-03-05T19:30:43.028+0000] {processor.py:208} INFO - Processing /home/airflow/.local/lib/python3.12/site-packages/airflow/example_dags/example_sla_dag.py took 0.068 seconds
[2025-03-05T19:31:14.191+0000] {processor.py:186} INFO - Started process (PID=214) to work on /home/airflow/.local/lib/python3.12/site-packages/airflow/example_dags/example_sla_dag.py
[2025-03-05T19:31:14.192+0000] {processor.py:914} INFO - Processing file /home/airflow/.local/lib/python3.12/site-packages/airflow/example_dags/example_sla_dag.py for tasks to queue
[2025-03-05T19:31:14.194+0000] {logging_mixin.py:190} INFO - [2025-03-05T19:31:14.194+0000] {dagbag.py:588} INFO - Filling up the DagBag from /home/airflow/.local/lib/python3.12/site-packages/airflow/example_dags/example_sla_dag.py
[2025-03-05T19:31:14.204+0000] {processor.py:925} INFO - DAG(s) 'example_sla_dag' retrieved from /home/airflow/.local/lib/python3.12/site-packages/airflow/example_dags/example_sla_dag.py
[2025-03-05T19:31:14.219+0000] {logging_mixin.py:190} INFO - [2025-03-05T19:31:14.218+0000] {dag.py:3239} INFO - Sync 1 DAGs
[2025-03-05T19:31:14.238+0000] {logging_mixin.py:190} INFO - [2025-03-05T19:31:14.238+0000] {dag.py:4180} INFO - Setting next_dagrun for example_sla_dag to 2025-03-05 19:28:00+00:00, run_after=2025-03-05 19:30:00+00:00
[2025-03-05T19:31:14.252+0000] {processor.py:208} INFO - Processing /home/airflow/.local/lib/python3.12/site-packages/airflow/example_dags/example_sla_dag.py took 0.065 seconds
[2025-03-05T19:31:45.354+0000] {processor.py:186} INFO - Started process (PID=277) to work on /home/airflow/.local/lib/python3.12/site-packages/airflow/example_dags/example_sla_dag.py
[2025-03-05T19:31:45.355+0000] {processor.py:914} INFO - Processing file /home/airflow/.local/lib/python3.12/site-packages/airflow/example_dags/example_sla_dag.py for tasks to queue
[2025-03-05T19:31:45.356+0000] {logging_mixin.py:190} INFO - [2025-03-05T19:31:45.356+0000] {dagbag.py:588} INFO - Filling up the DagBag from /home/airflow/.local/lib/python3.12/site-packages/airflow/example_dags/example_sla_dag.py
[2025-03-05T19:31:45.363+0000] {processor.py:925} INFO - DAG(s) 'example_sla_dag' retrieved from /home/airflow/.local/lib/python3.12/site-packages/airflow/example_dags/example_sla_dag.py
[2025-03-05T19:31:45.376+0000] {logging_mixin.py:190} INFO - [2025-03-05T19:31:45.376+0000] {dag.py:3239} INFO - Sync 1 DAGs
[2025-03-05T19:31:45.395+0000] {logging_mixin.py:190} INFO - [2025-03-05T19:31:45.395+0000] {dag.py:4180} INFO - Setting next_dagrun for example_sla_dag to 2025-03-05 19:28:00+00:00, run_after=2025-03-05 19:30:00+00:00
[2025-03-05T19:31:45.408+0000] {processor.py:208} INFO - Processing /home/airflow/.local/lib/python3.12/site-packages/airflow/example_dags/example_sla_dag.py took 0.058 seconds
[2025-03-05T19:32:15.951+0000] {processor.py:186} INFO - Started process (PID=340) to work on /home/airflow/.local/lib/python3.12/site-packages/airflow/example_dags/example_sla_dag.py
[2025-03-05T19:32:15.952+0000] {processor.py:914} INFO - Processing file /home/airflow/.local/lib/python3.12/site-packages/airflow/example_dags/example_sla_dag.py for tasks to queue
[2025-03-05T19:32:15.954+0000] {logging_mixin.py:190} INFO - [2025-03-05T19:32:15.954+0000] {dagbag.py:588} INFO - Filling up the DagBag from /home/airflow/.local/lib/python3.12/site-packages/airflow/example_dags/example_sla_dag.py
[2025-03-05T19:32:15.961+0000] {processor.py:925} INFO - DAG(s) 'example_sla_dag' retrieved from /home/airflow/.local/lib/python3.12/site-packages/airflow/example_dags/example_sla_dag.py
[2025-03-05T19:32:15.975+0000] {logging_mixin.py:190} INFO - [2025-03-05T19:32:15.975+0000] {dag.py:3239} INFO - Sync 1 DAGs
[2025-03-05T19:32:15.994+0000] {logging_mixin.py:190} INFO - [2025-03-05T19:32:15.994+0000] {dag.py:4180} INFO - Setting next_dagrun for example_sla_dag to 2025-03-05 19:30:00+00:00, run_after=2025-03-05 19:32:00+00:00
[2025-03-05T19:32:16.007+0000] {processor.py:208} INFO - Processing /home/airflow/.local/lib/python3.12/site-packages/airflow/example_dags/example_sla_dag.py took 0.060 seconds
[2025-03-05T19:32:47.337+0000] {processor.py:186} INFO - Started process (PID=403) to work on /home/airflow/.local/lib/python3.12/site-packages/airflow/example_dags/example_sla_dag.py
[2025-03-05T19:32:47.338+0000] {processor.py:914} INFO - Processing file /home/airflow/.local/lib/python3.12/site-packages/airflow/example_dags/example_sla_dag.py for tasks to queue
[2025-03-05T19:32:47.340+0000] {logging_mixin.py:190} INFO - [2025-03-05T19:32:47.339+0000] {dagbag.py:588} INFO - Filling up the DagBag from /home/airflow/.local/lib/python3.12/site-packages/airflow/example_dags/example_sla_dag.py
[2025-03-05T19:32:47.347+0000] {processor.py:925} INFO - DAG(s) 'example_sla_dag' retrieved from /home/airflow/.local/lib/python3.12/site-packages/airflow/example_dags/example_sla_dag.py
[2025-03-05T19:32:47.362+0000] {logging_mixin.py:190} INFO - [2025-03-05T19:32:47.361+0000] {dag.py:3239} INFO - Sync 1 DAGs
[2025-03-05T19:32:47.380+0000] {logging_mixin.py:190} INFO - [2025-03-05T19:32:47.380+0000] {dag.py:4180} INFO - Setting next_dagrun for example_sla_dag to 2025-03-05 19:30:00+00:00, run_after=2025-03-05 19:32:00+00:00
[2025-03-05T19:32:47.395+0000] {processor.py:208} INFO - Processing /home/airflow/.local/lib/python3.12/site-packages/airflow/example_dags/example_sla_dag.py took 0.061 seconds
