[2025-03-05T19:30:13.457+0000] {processor.py:186} INFO - Started process (PID=102) to work on /home/airflow/.local/lib/python3.12/site-packages/airflow/example_dags/example_short_circuit_decorator.py
[2025-03-05T19:30:13.458+0000] {processor.py:914} INFO - Processing file /home/airflow/.local/lib/python3.12/site-packages/airflow/example_dags/example_short_circuit_decorator.py for tasks to queue
[2025-03-05T19:30:13.460+0000] {logging_mixin.py:190} INFO - [2025-03-05T19:30:13.459+0000] {dagbag.py:588} INFO - Filling up the DagBag from /home/airflow/.local/lib/python3.12/site-packages/airflow/example_dags/example_short_circuit_decorator.py
[2025-03-05T19:30:13.480+0000] {processor.py:925} INFO - DAG(s) 'example_short_circuit_decorator' retrieved from /home/airflow/.local/lib/python3.12/site-packages/airflow/example_dags/example_short_circuit_decorator.py
[2025-03-05T19:30:13.568+0000] {logging_mixin.py:190} INFO - [2025-03-05T19:30:13.568+0000] {override.py:1912} INFO - Created Permission View: can delete on DAG:example_short_circuit_decorator
[2025-03-05T19:30:13.576+0000] {logging_mixin.py:190} INFO - [2025-03-05T19:30:13.576+0000] {override.py:1912} INFO - Created Permission View: can edit on DAG:example_short_circuit_decorator
[2025-03-05T19:30:13.580+0000] {logging_mixin.py:190} INFO - [2025-03-05T19:30:13.580+0000] {override.py:1912} INFO - Created Permission View: can read on DAG:example_short_circuit_decorator
[2025-03-05T19:30:13.585+0000] {logging_mixin.py:190} INFO - [2025-03-05T19:30:13.585+0000] {override.py:1912} INFO - Created Permission View: menu access on DAG Run:example_short_circuit_decorator
[2025-03-05T19:30:13.590+0000] {logging_mixin.py:190} INFO - [2025-03-05T19:30:13.590+0000] {override.py:1912} INFO - Created Permission View: can create on DAG Run:example_short_circuit_decorator
[2025-03-05T19:30:13.595+0000] {logging_mixin.py:190} INFO - [2025-03-05T19:30:13.595+0000] {override.py:1912} INFO - Created Permission View: can delete on DAG Run:example_short_circuit_decorator
[2025-03-05T19:30:13.600+0000] {logging_mixin.py:190} INFO - [2025-03-05T19:30:13.599+0000] {override.py:1912} INFO - Created Permission View: can read on DAG Run:example_short_circuit_decorator
[2025-03-05T19:30:13.600+0000] {logging_mixin.py:190} INFO - [2025-03-05T19:30:13.600+0000] {dag.py:3239} INFO - Sync 1 DAGs
[2025-03-05T19:30:13.610+0000] {logging_mixin.py:190} INFO - [2025-03-05T19:30:13.610+0000] {dag.py:3262} INFO - Creating ORM DAG for example_short_circuit_decorator
[2025-03-05T19:30:13.611+0000] {logging_mixin.py:190} INFO - [2025-03-05T19:30:13.611+0000] {dag.py:4180} INFO - Setting next_dagrun for example_short_circuit_decorator to None, run_after=None
[2025-03-05T19:30:13.623+0000] {processor.py:208} INFO - Processing /home/airflow/.local/lib/python3.12/site-packages/airflow/example_dags/example_short_circuit_decorator.py took 0.170 seconds
[2025-03-05T19:30:43.726+0000] {processor.py:186} INFO - Started process (PID=165) to work on /home/airflow/.local/lib/python3.12/site-packages/airflow/example_dags/example_short_circuit_decorator.py
[2025-03-05T19:30:43.726+0000] {processor.py:914} INFO - Processing file /home/airflow/.local/lib/python3.12/site-packages/airflow/example_dags/example_short_circuit_decorator.py for tasks to queue
[2025-03-05T19:30:43.728+0000] {logging_mixin.py:190} INFO - [2025-03-05T19:30:43.728+0000] {dagbag.py:588} INFO - Filling up the DagBag from /home/airflow/.local/lib/python3.12/site-packages/airflow/example_dags/example_short_circuit_decorator.py
[2025-03-05T19:30:43.734+0000] {processor.py:925} INFO - DAG(s) 'example_short_circuit_decorator' retrieved from /home/airflow/.local/lib/python3.12/site-packages/airflow/example_dags/example_short_circuit_decorator.py
[2025-03-05T19:30:43.750+0000] {logging_mixin.py:190} INFO - [2025-03-05T19:30:43.750+0000] {dag.py:3239} INFO - Sync 1 DAGs
[2025-03-05T19:30:43.762+0000] {logging_mixin.py:190} INFO - [2025-03-05T19:30:43.762+0000] {dag.py:4180} INFO - Setting next_dagrun for example_short_circuit_decorator to None, run_after=None
[2025-03-05T19:30:43.775+0000] {processor.py:208} INFO - Processing /home/airflow/.local/lib/python3.12/site-packages/airflow/example_dags/example_short_circuit_decorator.py took 0.053 seconds
[2025-03-05T19:31:14.787+0000] {processor.py:186} INFO - Started process (PID=228) to work on /home/airflow/.local/lib/python3.12/site-packages/airflow/example_dags/example_short_circuit_decorator.py
[2025-03-05T19:31:14.788+0000] {processor.py:914} INFO - Processing file /home/airflow/.local/lib/python3.12/site-packages/airflow/example_dags/example_short_circuit_decorator.py for tasks to queue
[2025-03-05T19:31:14.789+0000] {logging_mixin.py:190} INFO - [2025-03-05T19:31:14.789+0000] {dagbag.py:588} INFO - Filling up the DagBag from /home/airflow/.local/lib/python3.12/site-packages/airflow/example_dags/example_short_circuit_decorator.py
[2025-03-05T19:31:14.796+0000] {processor.py:925} INFO - DAG(s) 'example_short_circuit_decorator' retrieved from /home/airflow/.local/lib/python3.12/site-packages/airflow/example_dags/example_short_circuit_decorator.py
[2025-03-05T19:31:14.813+0000] {logging_mixin.py:190} INFO - [2025-03-05T19:31:14.813+0000] {dag.py:3239} INFO - Sync 1 DAGs
[2025-03-05T19:31:14.825+0000] {logging_mixin.py:190} INFO - [2025-03-05T19:31:14.825+0000] {dag.py:4180} INFO - Setting next_dagrun for example_short_circuit_decorator to None, run_after=None
[2025-03-05T19:31:14.846+0000] {processor.py:208} INFO - Processing /home/airflow/.local/lib/python3.12/site-packages/airflow/example_dags/example_short_circuit_decorator.py took 0.063 seconds
[2025-03-05T19:31:46.073+0000] {processor.py:186} INFO - Started process (PID=291) to work on /home/airflow/.local/lib/python3.12/site-packages/airflow/example_dags/example_short_circuit_decorator.py
[2025-03-05T19:31:46.074+0000] {processor.py:914} INFO - Processing file /home/airflow/.local/lib/python3.12/site-packages/airflow/example_dags/example_short_circuit_decorator.py for tasks to queue
[2025-03-05T19:31:46.076+0000] {logging_mixin.py:190} INFO - [2025-03-05T19:31:46.075+0000] {dagbag.py:588} INFO - Filling up the DagBag from /home/airflow/.local/lib/python3.12/site-packages/airflow/example_dags/example_short_circuit_decorator.py
[2025-03-05T19:31:46.083+0000] {processor.py:925} INFO - DAG(s) 'example_short_circuit_decorator' retrieved from /home/airflow/.local/lib/python3.12/site-packages/airflow/example_dags/example_short_circuit_decorator.py
[2025-03-05T19:31:46.102+0000] {logging_mixin.py:190} INFO - [2025-03-05T19:31:46.101+0000] {dag.py:3239} INFO - Sync 1 DAGs
[2025-03-05T19:31:46.115+0000] {logging_mixin.py:190} INFO - [2025-03-05T19:31:46.114+0000] {dag.py:4180} INFO - Setting next_dagrun for example_short_circuit_decorator to None, run_after=None
[2025-03-05T19:31:46.130+0000] {processor.py:208} INFO - Processing /home/airflow/.local/lib/python3.12/site-packages/airflow/example_dags/example_short_circuit_decorator.py took 0.060 seconds
[2025-03-05T19:32:16.492+0000] {processor.py:186} INFO - Started process (PID=354) to work on /home/airflow/.local/lib/python3.12/site-packages/airflow/example_dags/example_short_circuit_decorator.py
[2025-03-05T19:32:16.493+0000] {processor.py:914} INFO - Processing file /home/airflow/.local/lib/python3.12/site-packages/airflow/example_dags/example_short_circuit_decorator.py for tasks to queue
[2025-03-05T19:32:16.495+0000] {logging_mixin.py:190} INFO - [2025-03-05T19:32:16.494+0000] {dagbag.py:588} INFO - Filling up the DagBag from /home/airflow/.local/lib/python3.12/site-packages/airflow/example_dags/example_short_circuit_decorator.py
[2025-03-05T19:32:16.502+0000] {processor.py:925} INFO - DAG(s) 'example_short_circuit_decorator' retrieved from /home/airflow/.local/lib/python3.12/site-packages/airflow/example_dags/example_short_circuit_decorator.py
[2025-03-05T19:32:16.518+0000] {logging_mixin.py:190} INFO - [2025-03-05T19:32:16.518+0000] {dag.py:3239} INFO - Sync 1 DAGs
[2025-03-05T19:32:16.529+0000] {logging_mixin.py:190} INFO - [2025-03-05T19:32:16.529+0000] {dag.py:4180} INFO - Setting next_dagrun for example_short_circuit_decorator to None, run_after=None
[2025-03-05T19:32:16.542+0000] {processor.py:208} INFO - Processing /home/airflow/.local/lib/python3.12/site-packages/airflow/example_dags/example_short_circuit_decorator.py took 0.054 seconds
[2025-03-05T19:32:48.106+0000] {processor.py:186} INFO - Started process (PID=417) to work on /home/airflow/.local/lib/python3.12/site-packages/airflow/example_dags/example_short_circuit_decorator.py
[2025-03-05T19:32:48.107+0000] {processor.py:914} INFO - Processing file /home/airflow/.local/lib/python3.12/site-packages/airflow/example_dags/example_short_circuit_decorator.py for tasks to queue
[2025-03-05T19:32:48.108+0000] {logging_mixin.py:190} INFO - [2025-03-05T19:32:48.108+0000] {dagbag.py:588} INFO - Filling up the DagBag from /home/airflow/.local/lib/python3.12/site-packages/airflow/example_dags/example_short_circuit_decorator.py
[2025-03-05T19:32:48.115+0000] {processor.py:925} INFO - DAG(s) 'example_short_circuit_decorator' retrieved from /home/airflow/.local/lib/python3.12/site-packages/airflow/example_dags/example_short_circuit_decorator.py
[2025-03-05T19:32:48.133+0000] {logging_mixin.py:190} INFO - [2025-03-05T19:32:48.132+0000] {dag.py:3239} INFO - Sync 1 DAGs
[2025-03-05T19:32:48.143+0000] {logging_mixin.py:190} INFO - [2025-03-05T19:32:48.143+0000] {dag.py:4180} INFO - Setting next_dagrun for example_short_circuit_decorator to None, run_after=None
[2025-03-05T19:32:48.158+0000] {processor.py:208} INFO - Processing /home/airflow/.local/lib/python3.12/site-packages/airflow/example_dags/example_short_circuit_decorator.py took 0.055 seconds
