[2025-03-05T19:30:14.791+0000] {processor.py:186} INFO - Started process (PID=116) to work on /home/airflow/.local/lib/python3.12/site-packages/airflow/example_dags/example_python_decorator.py
[2025-03-05T19:30:14.791+0000] {processor.py:914} INFO - Processing file /home/airflow/.local/lib/python3.12/site-packages/airflow/example_dags/example_python_decorator.py for tasks to queue
[2025-03-05T19:30:14.805+0000] {logging_mixin.py:190} INFO - [2025-03-05T19:30:14.805+0000] {dagbag.py:588} INFO - Filling up the DagBag from /home/airflow/.local/lib/python3.12/site-packages/airflow/example_dags/example_python_decorator.py
[2025-03-05T19:30:14.818+0000] {processor.py:925} INFO - DAG(s) 'example_python_decorator' retrieved from /home/airflow/.local/lib/python3.12/site-packages/airflow/example_dags/example_python_decorator.py
[2025-03-05T19:30:14.898+0000] {logging_mixin.py:190} INFO - [2025-03-05T19:30:14.898+0000] {override.py:1912} INFO - Created Permission View: can delete on DAG:example_python_decorator
[2025-03-05T19:30:14.906+0000] {logging_mixin.py:190} INFO - [2025-03-05T19:30:14.906+0000] {override.py:1912} INFO - Created Permission View: can edit on DAG:example_python_decorator
[2025-03-05T19:30:14.912+0000] {logging_mixin.py:190} INFO - [2025-03-05T19:30:14.912+0000] {override.py:1912} INFO - Created Permission View: can read on DAG:example_python_decorator
[2025-03-05T19:30:14.917+0000] {logging_mixin.py:190} INFO - [2025-03-05T19:30:14.917+0000] {override.py:1912} INFO - Created Permission View: menu access on DAG Run:example_python_decorator
[2025-03-05T19:30:14.923+0000] {logging_mixin.py:190} INFO - [2025-03-05T19:30:14.923+0000] {override.py:1912} INFO - Created Permission View: can create on DAG Run:example_python_decorator
[2025-03-05T19:30:14.928+0000] {logging_mixin.py:190} INFO - [2025-03-05T19:30:14.927+0000] {override.py:1912} INFO - Created Permission View: can delete on DAG Run:example_python_decorator
[2025-03-05T19:30:14.932+0000] {logging_mixin.py:190} INFO - [2025-03-05T19:30:14.932+0000] {override.py:1912} INFO - Created Permission View: can read on DAG Run:example_python_decorator
[2025-03-05T19:30:14.933+0000] {logging_mixin.py:190} INFO - [2025-03-05T19:30:14.933+0000] {dag.py:3239} INFO - Sync 1 DAGs
[2025-03-05T19:30:14.943+0000] {logging_mixin.py:190} INFO - [2025-03-05T19:30:14.943+0000] {dag.py:3262} INFO - Creating ORM DAG for example_python_decorator
[2025-03-05T19:30:14.944+0000] {logging_mixin.py:190} INFO - [2025-03-05T19:30:14.944+0000] {dag.py:4180} INFO - Setting next_dagrun for example_python_decorator to None, run_after=None
[2025-03-05T19:30:14.958+0000] {processor.py:208} INFO - Processing /home/airflow/.local/lib/python3.12/site-packages/airflow/example_dags/example_python_decorator.py took 0.171 seconds
[2025-03-05T19:30:45.468+0000] {processor.py:186} INFO - Started process (PID=178) to work on /home/airflow/.local/lib/python3.12/site-packages/airflow/example_dags/example_python_decorator.py
[2025-03-05T19:30:45.468+0000] {processor.py:914} INFO - Processing file /home/airflow/.local/lib/python3.12/site-packages/airflow/example_dags/example_python_decorator.py for tasks to queue
[2025-03-05T19:30:45.470+0000] {logging_mixin.py:190} INFO - [2025-03-05T19:30:45.470+0000] {dagbag.py:588} INFO - Filling up the DagBag from /home/airflow/.local/lib/python3.12/site-packages/airflow/example_dags/example_python_decorator.py
[2025-03-05T19:30:45.481+0000] {processor.py:925} INFO - DAG(s) 'example_python_decorator' retrieved from /home/airflow/.local/lib/python3.12/site-packages/airflow/example_dags/example_python_decorator.py
[2025-03-05T19:30:45.501+0000] {logging_mixin.py:190} INFO - [2025-03-05T19:30:45.501+0000] {dag.py:3239} INFO - Sync 1 DAGs
[2025-03-05T19:30:45.515+0000] {logging_mixin.py:190} INFO - [2025-03-05T19:30:45.514+0000] {dag.py:4180} INFO - Setting next_dagrun for example_python_decorator to None, run_after=None
[2025-03-05T19:30:45.530+0000] {processor.py:208} INFO - Processing /home/airflow/.local/lib/python3.12/site-packages/airflow/example_dags/example_python_decorator.py took 0.066 seconds
[2025-03-05T19:31:16.368+0000] {processor.py:186} INFO - Started process (PID=241) to work on /home/airflow/.local/lib/python3.12/site-packages/airflow/example_dags/example_python_decorator.py
[2025-03-05T19:31:16.369+0000] {processor.py:914} INFO - Processing file /home/airflow/.local/lib/python3.12/site-packages/airflow/example_dags/example_python_decorator.py for tasks to queue
[2025-03-05T19:31:16.372+0000] {logging_mixin.py:190} INFO - [2025-03-05T19:31:16.372+0000] {dagbag.py:588} INFO - Filling up the DagBag from /home/airflow/.local/lib/python3.12/site-packages/airflow/example_dags/example_python_decorator.py
[2025-03-05T19:31:16.383+0000] {processor.py:925} INFO - DAG(s) 'example_python_decorator' retrieved from /home/airflow/.local/lib/python3.12/site-packages/airflow/example_dags/example_python_decorator.py
[2025-03-05T19:31:16.403+0000] {logging_mixin.py:190} INFO - [2025-03-05T19:31:16.403+0000] {dag.py:3239} INFO - Sync 1 DAGs
[2025-03-05T19:31:16.417+0000] {logging_mixin.py:190} INFO - [2025-03-05T19:31:16.417+0000] {dag.py:4180} INFO - Setting next_dagrun for example_python_decorator to None, run_after=None
[2025-03-05T19:31:16.432+0000] {processor.py:208} INFO - Processing /home/airflow/.local/lib/python3.12/site-packages/airflow/example_dags/example_python_decorator.py took 0.071 seconds
[2025-03-05T19:31:46.577+0000] {processor.py:186} INFO - Started process (PID=304) to work on /home/airflow/.local/lib/python3.12/site-packages/airflow/example_dags/example_python_decorator.py
[2025-03-05T19:31:46.578+0000] {processor.py:914} INFO - Processing file /home/airflow/.local/lib/python3.12/site-packages/airflow/example_dags/example_python_decorator.py for tasks to queue
[2025-03-05T19:31:46.579+0000] {logging_mixin.py:190} INFO - [2025-03-05T19:31:46.579+0000] {dagbag.py:588} INFO - Filling up the DagBag from /home/airflow/.local/lib/python3.12/site-packages/airflow/example_dags/example_python_decorator.py
[2025-03-05T19:31:46.589+0000] {processor.py:925} INFO - DAG(s) 'example_python_decorator' retrieved from /home/airflow/.local/lib/python3.12/site-packages/airflow/example_dags/example_python_decorator.py
[2025-03-05T19:31:46.606+0000] {logging_mixin.py:190} INFO - [2025-03-05T19:31:46.606+0000] {dag.py:3239} INFO - Sync 1 DAGs
[2025-03-05T19:31:46.618+0000] {logging_mixin.py:190} INFO - [2025-03-05T19:31:46.618+0000] {dag.py:4180} INFO - Setting next_dagrun for example_python_decorator to None, run_after=None
[2025-03-05T19:31:46.631+0000] {processor.py:208} INFO - Processing /home/airflow/.local/lib/python3.12/site-packages/airflow/example_dags/example_python_decorator.py took 0.058 seconds
[2025-03-05T19:32:17.026+0000] {processor.py:186} INFO - Started process (PID=367) to work on /home/airflow/.local/lib/python3.12/site-packages/airflow/example_dags/example_python_decorator.py
[2025-03-05T19:32:17.026+0000] {processor.py:914} INFO - Processing file /home/airflow/.local/lib/python3.12/site-packages/airflow/example_dags/example_python_decorator.py for tasks to queue
[2025-03-05T19:32:17.028+0000] {logging_mixin.py:190} INFO - [2025-03-05T19:32:17.028+0000] {dagbag.py:588} INFO - Filling up the DagBag from /home/airflow/.local/lib/python3.12/site-packages/airflow/example_dags/example_python_decorator.py
[2025-03-05T19:32:17.038+0000] {processor.py:925} INFO - DAG(s) 'example_python_decorator' retrieved from /home/airflow/.local/lib/python3.12/site-packages/airflow/example_dags/example_python_decorator.py
[2025-03-05T19:32:17.054+0000] {logging_mixin.py:190} INFO - [2025-03-05T19:32:17.054+0000] {dag.py:3239} INFO - Sync 1 DAGs
[2025-03-05T19:32:17.064+0000] {logging_mixin.py:190} INFO - [2025-03-05T19:32:17.063+0000] {dag.py:4180} INFO - Setting next_dagrun for example_python_decorator to None, run_after=None
[2025-03-05T19:32:17.077+0000] {processor.py:208} INFO - Processing /home/airflow/.local/lib/python3.12/site-packages/airflow/example_dags/example_python_decorator.py took 0.056 seconds
[2025-03-05T19:32:48.960+0000] {processor.py:186} INFO - Started process (PID=430) to work on /home/airflow/.local/lib/python3.12/site-packages/airflow/example_dags/example_python_decorator.py
[2025-03-05T19:32:48.960+0000] {processor.py:914} INFO - Processing file /home/airflow/.local/lib/python3.12/site-packages/airflow/example_dags/example_python_decorator.py for tasks to queue
[2025-03-05T19:32:48.962+0000] {logging_mixin.py:190} INFO - [2025-03-05T19:32:48.962+0000] {dagbag.py:588} INFO - Filling up the DagBag from /home/airflow/.local/lib/python3.12/site-packages/airflow/example_dags/example_python_decorator.py
[2025-03-05T19:32:48.973+0000] {processor.py:925} INFO - DAG(s) 'example_python_decorator' retrieved from /home/airflow/.local/lib/python3.12/site-packages/airflow/example_dags/example_python_decorator.py
[2025-03-05T19:32:48.988+0000] {logging_mixin.py:190} INFO - [2025-03-05T19:32:48.988+0000] {dag.py:3239} INFO - Sync 1 DAGs
[2025-03-05T19:32:48.999+0000] {logging_mixin.py:190} INFO - [2025-03-05T19:32:48.999+0000] {dag.py:4180} INFO - Setting next_dagrun for example_python_decorator to None, run_after=None
[2025-03-05T19:32:49.013+0000] {processor.py:208} INFO - Processing /home/airflow/.local/lib/python3.12/site-packages/airflow/example_dags/example_python_decorator.py took 0.058 seconds
