[2025-03-05T19:30:10.304+0000] {processor.py:186} INFO - Started process (PID=75) to work on /home/airflow/.local/lib/python3.12/site-packages/airflow/example_dags/example_local_kubernetes_executor.py
[2025-03-05T19:30:10.305+0000] {processor.py:914} INFO - Processing file /home/airflow/.local/lib/python3.12/site-packages/airflow/example_dags/example_local_kubernetes_executor.py for tasks to queue
[2025-03-05T19:30:10.306+0000] {logging_mixin.py:190} INFO - [2025-03-05T19:30:10.306+0000] {dagbag.py:588} INFO - Filling up the DagBag from /home/airflow/.local/lib/python3.12/site-packages/airflow/example_dags/example_local_kubernetes_executor.py
[2025-03-05T19:30:10.313+0000] {processor.py:925} INFO - DAG(s) 'example_local_kubernetes_executor' retrieved from /home/airflow/.local/lib/python3.12/site-packages/airflow/example_dags/example_local_kubernetes_executor.py
[2025-03-05T19:30:10.405+0000] {logging_mixin.py:190} INFO - [2025-03-05T19:30:10.404+0000] {override.py:1912} INFO - Created Permission View: can delete on DAG:example_local_kubernetes_executor
[2025-03-05T19:30:10.414+0000] {logging_mixin.py:190} INFO - [2025-03-05T19:30:10.413+0000] {override.py:1912} INFO - Created Permission View: can edit on DAG:example_local_kubernetes_executor
[2025-03-05T19:30:10.419+0000] {logging_mixin.py:190} INFO - [2025-03-05T19:30:10.419+0000] {override.py:1912} INFO - Created Permission View: can read on DAG:example_local_kubernetes_executor
[2025-03-05T19:30:10.425+0000] {logging_mixin.py:190} INFO - [2025-03-05T19:30:10.424+0000] {override.py:1912} INFO - Created Permission View: menu access on DAG Run:example_local_kubernetes_executor
[2025-03-05T19:30:10.430+0000] {logging_mixin.py:190} INFO - [2025-03-05T19:30:10.430+0000] {override.py:1912} INFO - Created Permission View: can create on DAG Run:example_local_kubernetes_executor
[2025-03-05T19:30:10.435+0000] {logging_mixin.py:190} INFO - [2025-03-05T19:30:10.435+0000] {override.py:1912} INFO - Created Permission View: can delete on DAG Run:example_local_kubernetes_executor
[2025-03-05T19:30:10.440+0000] {logging_mixin.py:190} INFO - [2025-03-05T19:30:10.440+0000] {override.py:1912} INFO - Created Permission View: can read on DAG Run:example_local_kubernetes_executor
[2025-03-05T19:30:10.440+0000] {logging_mixin.py:190} INFO - [2025-03-05T19:30:10.440+0000] {dag.py:3239} INFO - Sync 1 DAGs
[2025-03-05T19:30:10.450+0000] {logging_mixin.py:190} INFO - [2025-03-05T19:30:10.450+0000] {dag.py:3262} INFO - Creating ORM DAG for example_local_kubernetes_executor
[2025-03-05T19:30:10.451+0000] {logging_mixin.py:190} INFO - [2025-03-05T19:30:10.451+0000] {dag.py:4180} INFO - Setting next_dagrun for example_local_kubernetes_executor to None, run_after=None
[2025-03-05T19:30:10.464+0000] {processor.py:208} INFO - Processing /home/airflow/.local/lib/python3.12/site-packages/airflow/example_dags/example_local_kubernetes_executor.py took 0.164 seconds
[2025-03-05T19:30:41.839+0000] {processor.py:186} INFO - Started process (PID=138) to work on /home/airflow/.local/lib/python3.12/site-packages/airflow/example_dags/example_local_kubernetes_executor.py
[2025-03-05T19:30:41.840+0000] {processor.py:914} INFO - Processing file /home/airflow/.local/lib/python3.12/site-packages/airflow/example_dags/example_local_kubernetes_executor.py for tasks to queue
[2025-03-05T19:30:41.841+0000] {logging_mixin.py:190} INFO - [2025-03-05T19:30:41.841+0000] {dagbag.py:588} INFO - Filling up the DagBag from /home/airflow/.local/lib/python3.12/site-packages/airflow/example_dags/example_local_kubernetes_executor.py
[2025-03-05T19:30:41.848+0000] {processor.py:925} INFO - DAG(s) 'example_local_kubernetes_executor' retrieved from /home/airflow/.local/lib/python3.12/site-packages/airflow/example_dags/example_local_kubernetes_executor.py
[2025-03-05T19:30:41.862+0000] {logging_mixin.py:190} INFO - [2025-03-05T19:30:41.862+0000] {dag.py:3239} INFO - Sync 1 DAGs
[2025-03-05T19:30:41.874+0000] {logging_mixin.py:190} INFO - [2025-03-05T19:30:41.873+0000] {dag.py:4180} INFO - Setting next_dagrun for example_local_kubernetes_executor to None, run_after=None
[2025-03-05T19:30:41.891+0000] {processor.py:208} INFO - Processing /home/airflow/.local/lib/python3.12/site-packages/airflow/example_dags/example_local_kubernetes_executor.py took 0.055 seconds
[2025-03-05T19:31:13.009+0000] {processor.py:186} INFO - Started process (PID=201) to work on /home/airflow/.local/lib/python3.12/site-packages/airflow/example_dags/example_local_kubernetes_executor.py
[2025-03-05T19:31:13.010+0000] {processor.py:914} INFO - Processing file /home/airflow/.local/lib/python3.12/site-packages/airflow/example_dags/example_local_kubernetes_executor.py for tasks to queue
[2025-03-05T19:31:13.011+0000] {logging_mixin.py:190} INFO - [2025-03-05T19:31:13.011+0000] {dagbag.py:588} INFO - Filling up the DagBag from /home/airflow/.local/lib/python3.12/site-packages/airflow/example_dags/example_local_kubernetes_executor.py
[2025-03-05T19:31:13.018+0000] {processor.py:925} INFO - DAG(s) 'example_local_kubernetes_executor' retrieved from /home/airflow/.local/lib/python3.12/site-packages/airflow/example_dags/example_local_kubernetes_executor.py
[2025-03-05T19:31:13.033+0000] {logging_mixin.py:190} INFO - [2025-03-05T19:31:13.033+0000] {dag.py:3239} INFO - Sync 1 DAGs
[2025-03-05T19:31:13.046+0000] {logging_mixin.py:190} INFO - [2025-03-05T19:31:13.045+0000] {dag.py:4180} INFO - Setting next_dagrun for example_local_kubernetes_executor to None, run_after=None
[2025-03-05T19:31:13.061+0000] {processor.py:208} INFO - Processing /home/airflow/.local/lib/python3.12/site-packages/airflow/example_dags/example_local_kubernetes_executor.py took 0.056 seconds
[2025-03-05T19:31:44.188+0000] {processor.py:186} INFO - Started process (PID=264) to work on /home/airflow/.local/lib/python3.12/site-packages/airflow/example_dags/example_local_kubernetes_executor.py
[2025-03-05T19:31:44.189+0000] {processor.py:914} INFO - Processing file /home/airflow/.local/lib/python3.12/site-packages/airflow/example_dags/example_local_kubernetes_executor.py for tasks to queue
[2025-03-05T19:31:44.190+0000] {logging_mixin.py:190} INFO - [2025-03-05T19:31:44.190+0000] {dagbag.py:588} INFO - Filling up the DagBag from /home/airflow/.local/lib/python3.12/site-packages/airflow/example_dags/example_local_kubernetes_executor.py
[2025-03-05T19:31:44.196+0000] {processor.py:925} INFO - DAG(s) 'example_local_kubernetes_executor' retrieved from /home/airflow/.local/lib/python3.12/site-packages/airflow/example_dags/example_local_kubernetes_executor.py
[2025-03-05T19:31:44.211+0000] {logging_mixin.py:190} INFO - [2025-03-05T19:31:44.211+0000] {dag.py:3239} INFO - Sync 1 DAGs
[2025-03-05T19:31:44.221+0000] {logging_mixin.py:190} INFO - [2025-03-05T19:31:44.221+0000] {dag.py:4180} INFO - Setting next_dagrun for example_local_kubernetes_executor to None, run_after=None
[2025-03-05T19:31:44.235+0000] {processor.py:208} INFO - Processing /home/airflow/.local/lib/python3.12/site-packages/airflow/example_dags/example_local_kubernetes_executor.py took 0.050 seconds
[2025-03-05T19:32:14.806+0000] {processor.py:186} INFO - Started process (PID=327) to work on /home/airflow/.local/lib/python3.12/site-packages/airflow/example_dags/example_local_kubernetes_executor.py
[2025-03-05T19:32:14.807+0000] {processor.py:914} INFO - Processing file /home/airflow/.local/lib/python3.12/site-packages/airflow/example_dags/example_local_kubernetes_executor.py for tasks to queue
[2025-03-05T19:32:14.808+0000] {logging_mixin.py:190} INFO - [2025-03-05T19:32:14.808+0000] {dagbag.py:588} INFO - Filling up the DagBag from /home/airflow/.local/lib/python3.12/site-packages/airflow/example_dags/example_local_kubernetes_executor.py
[2025-03-05T19:32:14.815+0000] {processor.py:925} INFO - DAG(s) 'example_local_kubernetes_executor' retrieved from /home/airflow/.local/lib/python3.12/site-packages/airflow/example_dags/example_local_kubernetes_executor.py
[2025-03-05T19:32:14.832+0000] {logging_mixin.py:190} INFO - [2025-03-05T19:32:14.832+0000] {dag.py:3239} INFO - Sync 1 DAGs
[2025-03-05T19:32:14.845+0000] {logging_mixin.py:190} INFO - [2025-03-05T19:32:14.845+0000] {dag.py:4180} INFO - Setting next_dagrun for example_local_kubernetes_executor to None, run_after=None
[2025-03-05T19:32:14.861+0000] {processor.py:208} INFO - Processing /home/airflow/.local/lib/python3.12/site-packages/airflow/example_dags/example_local_kubernetes_executor.py took 0.058 seconds
[2025-03-05T19:32:46.287+0000] {processor.py:186} INFO - Started process (PID=390) to work on /home/airflow/.local/lib/python3.12/site-packages/airflow/example_dags/example_local_kubernetes_executor.py
[2025-03-05T19:32:46.288+0000] {processor.py:914} INFO - Processing file /home/airflow/.local/lib/python3.12/site-packages/airflow/example_dags/example_local_kubernetes_executor.py for tasks to queue
[2025-03-05T19:32:46.290+0000] {logging_mixin.py:190} INFO - [2025-03-05T19:32:46.289+0000] {dagbag.py:588} INFO - Filling up the DagBag from /home/airflow/.local/lib/python3.12/site-packages/airflow/example_dags/example_local_kubernetes_executor.py
[2025-03-05T19:32:46.296+0000] {processor.py:925} INFO - DAG(s) 'example_local_kubernetes_executor' retrieved from /home/airflow/.local/lib/python3.12/site-packages/airflow/example_dags/example_local_kubernetes_executor.py
[2025-03-05T19:32:46.311+0000] {logging_mixin.py:190} INFO - [2025-03-05T19:32:46.311+0000] {dag.py:3239} INFO - Sync 1 DAGs
[2025-03-05T19:32:46.322+0000] {logging_mixin.py:190} INFO - [2025-03-05T19:32:46.322+0000] {dag.py:4180} INFO - Setting next_dagrun for example_local_kubernetes_executor to None, run_after=None
[2025-03-05T19:32:46.337+0000] {processor.py:208} INFO - Processing /home/airflow/.local/lib/python3.12/site-packages/airflow/example_dags/example_local_kubernetes_executor.py took 0.054 seconds
