[2025-03-05T19:30:07.487+0000] {processor.py:186} INFO - Started process (PID=63) to work on /home/airflow/.local/lib/python3.12/site-packages/airflow/example_dags/example_branch_operator.py
[2025-03-05T19:30:07.489+0000] {processor.py:914} INFO - Processing file /home/airflow/.local/lib/python3.12/site-packages/airflow/example_dags/example_branch_operator.py for tasks to queue
[2025-03-05T19:30:07.515+0000] {logging_mixin.py:190} INFO - [2025-03-05T19:30:07.514+0000] {dagbag.py:588} INFO - Filling up the DagBag from /home/airflow/.local/lib/python3.12/site-packages/airflow/example_dags/example_branch_operator.py
[2025-03-05T19:30:07.582+0000] {processor.py:925} INFO - DAG(s) 'example_branch_operator' retrieved from /home/airflow/.local/lib/python3.12/site-packages/airflow/example_dags/example_branch_operator.py
[2025-03-05T19:30:07.780+0000] {logging_mixin.py:190} INFO - [2025-03-05T19:30:07.779+0000] {override.py:1912} INFO - Created Permission View: can delete on DAG:example_branch_operator
[2025-03-05T19:30:07.790+0000] {logging_mixin.py:190} INFO - [2025-03-05T19:30:07.790+0000] {override.py:1912} INFO - Created Permission View: can edit on DAG:example_branch_operator
[2025-03-05T19:30:07.796+0000] {logging_mixin.py:190} INFO - [2025-03-05T19:30:07.796+0000] {override.py:1912} INFO - Created Permission View: can read on DAG:example_branch_operator
[2025-03-05T19:30:07.803+0000] {logging_mixin.py:190} INFO - [2025-03-05T19:30:07.803+0000] {override.py:1912} INFO - Created Permission View: menu access on DAG Run:example_branch_operator
[2025-03-05T19:30:07.809+0000] {logging_mixin.py:190} INFO - [2025-03-05T19:30:07.809+0000] {override.py:1912} INFO - Created Permission View: can create on DAG Run:example_branch_operator
[2025-03-05T19:30:07.815+0000] {logging_mixin.py:190} INFO - [2025-03-05T19:30:07.815+0000] {override.py:1912} INFO - Created Permission View: can delete on DAG Run:example_branch_operator
[2025-03-05T19:30:07.821+0000] {logging_mixin.py:190} INFO - [2025-03-05T19:30:07.821+0000] {override.py:1912} INFO - Created Permission View: can read on DAG Run:example_branch_operator
[2025-03-05T19:30:07.822+0000] {logging_mixin.py:190} INFO - [2025-03-05T19:30:07.822+0000] {dag.py:3239} INFO - Sync 1 DAGs
[2025-03-05T19:30:07.840+0000] {logging_mixin.py:190} INFO - [2025-03-05T19:30:07.840+0000] {dag.py:3262} INFO - Creating ORM DAG for example_branch_operator
[2025-03-05T19:30:07.853+0000] {logging_mixin.py:190} INFO - [2025-03-05T19:30:07.852+0000] {dag.py:4180} INFO - Setting next_dagrun for example_branch_operator to 2025-03-04 00:00:00+00:00, run_after=2025-03-05 00:00:00+00:00
[2025-03-05T19:30:07.869+0000] {processor.py:208} INFO - Processing /home/airflow/.local/lib/python3.12/site-packages/airflow/example_dags/example_branch_operator.py took 0.394 seconds
[2025-03-05T19:30:38.620+0000] {processor.py:186} INFO - Started process (PID=131) to work on /home/airflow/.local/lib/python3.12/site-packages/airflow/example_dags/example_branch_operator.py
[2025-03-05T19:30:38.620+0000] {processor.py:914} INFO - Processing file /home/airflow/.local/lib/python3.12/site-packages/airflow/example_dags/example_branch_operator.py for tasks to queue
[2025-03-05T19:30:38.622+0000] {logging_mixin.py:190} INFO - [2025-03-05T19:30:38.622+0000] {dagbag.py:588} INFO - Filling up the DagBag from /home/airflow/.local/lib/python3.12/site-packages/airflow/example_dags/example_branch_operator.py
[2025-03-05T19:30:38.634+0000] {processor.py:925} INFO - DAG(s) 'example_branch_operator' retrieved from /home/airflow/.local/lib/python3.12/site-packages/airflow/example_dags/example_branch_operator.py
[2025-03-05T19:30:38.655+0000] {logging_mixin.py:190} INFO - [2025-03-05T19:30:38.654+0000] {dag.py:3239} INFO - Sync 1 DAGs
[2025-03-05T19:30:38.675+0000] {logging_mixin.py:190} INFO - [2025-03-05T19:30:38.675+0000] {dag.py:4180} INFO - Setting next_dagrun for example_branch_operator to 2025-03-04 00:00:00+00:00, run_after=2025-03-05 00:00:00+00:00
[2025-03-05T19:30:38.691+0000] {processor.py:208} INFO - Processing /home/airflow/.local/lib/python3.12/site-packages/airflow/example_dags/example_branch_operator.py took 0.075 seconds
[2025-03-05T19:31:09.091+0000] {processor.py:186} INFO - Started process (PID=194) to work on /home/airflow/.local/lib/python3.12/site-packages/airflow/example_dags/example_branch_operator.py
[2025-03-05T19:31:09.092+0000] {processor.py:914} INFO - Processing file /home/airflow/.local/lib/python3.12/site-packages/airflow/example_dags/example_branch_operator.py for tasks to queue
[2025-03-05T19:31:09.093+0000] {logging_mixin.py:190} INFO - [2025-03-05T19:31:09.093+0000] {dagbag.py:588} INFO - Filling up the DagBag from /home/airflow/.local/lib/python3.12/site-packages/airflow/example_dags/example_branch_operator.py
[2025-03-05T19:31:09.106+0000] {processor.py:925} INFO - DAG(s) 'example_branch_operator' retrieved from /home/airflow/.local/lib/python3.12/site-packages/airflow/example_dags/example_branch_operator.py
[2025-03-05T19:31:09.129+0000] {logging_mixin.py:190} INFO - [2025-03-05T19:31:09.128+0000] {dag.py:3239} INFO - Sync 1 DAGs
[2025-03-05T19:31:09.148+0000] {logging_mixin.py:190} INFO - [2025-03-05T19:31:09.147+0000] {dag.py:4180} INFO - Setting next_dagrun for example_branch_operator to 2025-03-04 00:00:00+00:00, run_after=2025-03-05 00:00:00+00:00
[2025-03-05T19:31:09.162+0000] {processor.py:208} INFO - Processing /home/airflow/.local/lib/python3.12/site-packages/airflow/example_dags/example_branch_operator.py took 0.075 seconds
[2025-03-05T19:31:39.397+0000] {processor.py:186} INFO - Started process (PID=257) to work on /home/airflow/.local/lib/python3.12/site-packages/airflow/example_dags/example_branch_operator.py
[2025-03-05T19:31:39.398+0000] {processor.py:914} INFO - Processing file /home/airflow/.local/lib/python3.12/site-packages/airflow/example_dags/example_branch_operator.py for tasks to queue
[2025-03-05T19:31:39.399+0000] {logging_mixin.py:190} INFO - [2025-03-05T19:31:39.399+0000] {dagbag.py:588} INFO - Filling up the DagBag from /home/airflow/.local/lib/python3.12/site-packages/airflow/example_dags/example_branch_operator.py
[2025-03-05T19:31:39.411+0000] {processor.py:925} INFO - DAG(s) 'example_branch_operator' retrieved from /home/airflow/.local/lib/python3.12/site-packages/airflow/example_dags/example_branch_operator.py
[2025-03-05T19:31:39.433+0000] {logging_mixin.py:190} INFO - [2025-03-05T19:31:39.432+0000] {dag.py:3239} INFO - Sync 1 DAGs
[2025-03-05T19:31:39.450+0000] {logging_mixin.py:190} INFO - [2025-03-05T19:31:39.450+0000] {dag.py:4180} INFO - Setting next_dagrun for example_branch_operator to 2025-03-04 00:00:00+00:00, run_after=2025-03-05 00:00:00+00:00
[2025-03-05T19:31:39.463+0000] {processor.py:208} INFO - Processing /home/airflow/.local/lib/python3.12/site-packages/airflow/example_dags/example_branch_operator.py took 0.069 seconds
[2025-03-05T19:32:09.988+0000] {processor.py:186} INFO - Started process (PID=320) to work on /home/airflow/.local/lib/python3.12/site-packages/airflow/example_dags/example_branch_operator.py
[2025-03-05T19:32:09.988+0000] {processor.py:914} INFO - Processing file /home/airflow/.local/lib/python3.12/site-packages/airflow/example_dags/example_branch_operator.py for tasks to queue
[2025-03-05T19:32:09.990+0000] {logging_mixin.py:190} INFO - [2025-03-05T19:32:09.989+0000] {dagbag.py:588} INFO - Filling up the DagBag from /home/airflow/.local/lib/python3.12/site-packages/airflow/example_dags/example_branch_operator.py
[2025-03-05T19:32:10.002+0000] {processor.py:925} INFO - DAG(s) 'example_branch_operator' retrieved from /home/airflow/.local/lib/python3.12/site-packages/airflow/example_dags/example_branch_operator.py
[2025-03-05T19:32:10.023+0000] {logging_mixin.py:190} INFO - [2025-03-05T19:32:10.022+0000] {dag.py:3239} INFO - Sync 1 DAGs
[2025-03-05T19:32:10.040+0000] {logging_mixin.py:190} INFO - [2025-03-05T19:32:10.040+0000] {dag.py:4180} INFO - Setting next_dagrun for example_branch_operator to 2025-03-04 00:00:00+00:00, run_after=2025-03-05 00:00:00+00:00
[2025-03-05T19:32:10.051+0000] {processor.py:208} INFO - Processing /home/airflow/.local/lib/python3.12/site-packages/airflow/example_dags/example_branch_operator.py took 0.067 seconds
[2025-03-05T19:32:40.388+0000] {processor.py:186} INFO - Started process (PID=383) to work on /home/airflow/.local/lib/python3.12/site-packages/airflow/example_dags/example_branch_operator.py
[2025-03-05T19:32:40.389+0000] {processor.py:914} INFO - Processing file /home/airflow/.local/lib/python3.12/site-packages/airflow/example_dags/example_branch_operator.py for tasks to queue
[2025-03-05T19:32:40.390+0000] {logging_mixin.py:190} INFO - [2025-03-05T19:32:40.390+0000] {dagbag.py:588} INFO - Filling up the DagBag from /home/airflow/.local/lib/python3.12/site-packages/airflow/example_dags/example_branch_operator.py
[2025-03-05T19:32:40.403+0000] {processor.py:925} INFO - DAG(s) 'example_branch_operator' retrieved from /home/airflow/.local/lib/python3.12/site-packages/airflow/example_dags/example_branch_operator.py
[2025-03-05T19:32:40.425+0000] {logging_mixin.py:190} INFO - [2025-03-05T19:32:40.425+0000] {dag.py:3239} INFO - Sync 1 DAGs
[2025-03-05T19:32:40.443+0000] {logging_mixin.py:190} INFO - [2025-03-05T19:32:40.443+0000] {dag.py:4180} INFO - Setting next_dagrun for example_branch_operator to 2025-03-04 00:00:00+00:00, run_after=2025-03-05 00:00:00+00:00
[2025-03-05T19:32:40.457+0000] {processor.py:208} INFO - Processing /home/airflow/.local/lib/python3.12/site-packages/airflow/example_dags/example_branch_operator.py took 0.073 seconds
