[2025-03-05T19:30:14.575+0000] {processor.py:186} INFO - Started process (PID=114) to work on /home/airflow/.local/lib/python3.12/site-packages/airflow/example_dags/example_branch_operator_decorator.py
[2025-03-05T19:30:14.576+0000] {processor.py:914} INFO - Processing file /home/airflow/.local/lib/python3.12/site-packages/airflow/example_dags/example_branch_operator_decorator.py for tasks to queue
[2025-03-05T19:30:14.577+0000] {logging_mixin.py:190} INFO - [2025-03-05T19:30:14.577+0000] {dagbag.py:588} INFO - Filling up the DagBag from /home/airflow/.local/lib/python3.12/site-packages/airflow/example_dags/example_branch_operator_decorator.py
[2025-03-05T19:30:14.595+0000] {processor.py:925} INFO - DAG(s) 'example_branch_python_operator_decorator' retrieved from /home/airflow/.local/lib/python3.12/site-packages/airflow/example_dags/example_branch_operator_decorator.py
[2025-03-05T19:30:14.683+0000] {logging_mixin.py:190} INFO - [2025-03-05T19:30:14.682+0000] {override.py:1912} INFO - Created Permission View: can delete on DAG:example_branch_python_operator_decorator
[2025-03-05T19:30:14.691+0000] {logging_mixin.py:190} INFO - [2025-03-05T19:30:14.691+0000] {override.py:1912} INFO - Created Permission View: can edit on DAG:example_branch_python_operator_decorator
[2025-03-05T19:30:14.696+0000] {logging_mixin.py:190} INFO - [2025-03-05T19:30:14.696+0000] {override.py:1912} INFO - Created Permission View: can read on DAG:example_branch_python_operator_decorator
[2025-03-05T19:30:14.702+0000] {logging_mixin.py:190} INFO - [2025-03-05T19:30:14.702+0000] {override.py:1912} INFO - Created Permission View: menu access on DAG Run:example_branch_python_operator_decorator
[2025-03-05T19:30:14.708+0000] {logging_mixin.py:190} INFO - [2025-03-05T19:30:14.707+0000] {override.py:1912} INFO - Created Permission View: can create on DAG Run:example_branch_python_operator_decorator
[2025-03-05T19:30:14.713+0000] {logging_mixin.py:190} INFO - [2025-03-05T19:30:14.713+0000] {override.py:1912} INFO - Created Permission View: can delete on DAG Run:example_branch_python_operator_decorator
[2025-03-05T19:30:14.718+0000] {logging_mixin.py:190} INFO - [2025-03-05T19:30:14.718+0000] {override.py:1912} INFO - Created Permission View: can read on DAG Run:example_branch_python_operator_decorator
[2025-03-05T19:30:14.719+0000] {logging_mixin.py:190} INFO - [2025-03-05T19:30:14.719+0000] {dag.py:3239} INFO - Sync 1 DAGs
[2025-03-05T19:30:14.729+0000] {logging_mixin.py:190} INFO - [2025-03-05T19:30:14.729+0000] {dag.py:3262} INFO - Creating ORM DAG for example_branch_python_operator_decorator
[2025-03-05T19:30:14.740+0000] {logging_mixin.py:190} INFO - [2025-03-05T19:30:14.740+0000] {dag.py:4180} INFO - Setting next_dagrun for example_branch_python_operator_decorator to 2025-03-04 00:00:00+00:00, run_after=2025-03-05 00:00:00+00:00
[2025-03-05T19:30:14.760+0000] {processor.py:208} INFO - Processing /home/airflow/.local/lib/python3.12/site-packages/airflow/example_dags/example_branch_operator_decorator.py took 0.189 seconds
[2025-03-05T19:30:45.466+0000] {processor.py:186} INFO - Started process (PID=177) to work on /home/airflow/.local/lib/python3.12/site-packages/airflow/example_dags/example_branch_operator_decorator.py
[2025-03-05T19:30:45.466+0000] {processor.py:914} INFO - Processing file /home/airflow/.local/lib/python3.12/site-packages/airflow/example_dags/example_branch_operator_decorator.py for tasks to queue
[2025-03-05T19:30:45.468+0000] {logging_mixin.py:190} INFO - [2025-03-05T19:30:45.468+0000] {dagbag.py:588} INFO - Filling up the DagBag from /home/airflow/.local/lib/python3.12/site-packages/airflow/example_dags/example_branch_operator_decorator.py
[2025-03-05T19:30:45.488+0000] {processor.py:925} INFO - DAG(s) 'example_branch_python_operator_decorator' retrieved from /home/airflow/.local/lib/python3.12/site-packages/airflow/example_dags/example_branch_operator_decorator.py
[2025-03-05T19:30:45.512+0000] {logging_mixin.py:190} INFO - [2025-03-05T19:30:45.511+0000] {dag.py:3239} INFO - Sync 1 DAGs
[2025-03-05T19:30:45.533+0000] {logging_mixin.py:190} INFO - [2025-03-05T19:30:45.533+0000] {dag.py:4180} INFO - Setting next_dagrun for example_branch_python_operator_decorator to 2025-03-04 00:00:00+00:00, run_after=2025-03-05 00:00:00+00:00
[2025-03-05T19:30:45.551+0000] {processor.py:208} INFO - Processing /home/airflow/.local/lib/python3.12/site-packages/airflow/example_dags/example_branch_operator_decorator.py took 0.091 seconds
[2025-03-05T19:31:16.290+0000] {processor.py:186} INFO - Started process (PID=240) to work on /home/airflow/.local/lib/python3.12/site-packages/airflow/example_dags/example_branch_operator_decorator.py
[2025-03-05T19:31:16.290+0000] {processor.py:914} INFO - Processing file /home/airflow/.local/lib/python3.12/site-packages/airflow/example_dags/example_branch_operator_decorator.py for tasks to queue
[2025-03-05T19:31:16.292+0000] {logging_mixin.py:190} INFO - [2025-03-05T19:31:16.292+0000] {dagbag.py:588} INFO - Filling up the DagBag from /home/airflow/.local/lib/python3.12/site-packages/airflow/example_dags/example_branch_operator_decorator.py
[2025-03-05T19:31:16.308+0000] {processor.py:925} INFO - DAG(s) 'example_branch_python_operator_decorator' retrieved from /home/airflow/.local/lib/python3.12/site-packages/airflow/example_dags/example_branch_operator_decorator.py
[2025-03-05T19:31:16.332+0000] {logging_mixin.py:190} INFO - [2025-03-05T19:31:16.332+0000] {dag.py:3239} INFO - Sync 1 DAGs
[2025-03-05T19:31:16.356+0000] {logging_mixin.py:190} INFO - [2025-03-05T19:31:16.356+0000] {dag.py:4180} INFO - Setting next_dagrun for example_branch_python_operator_decorator to 2025-03-04 00:00:00+00:00, run_after=2025-03-05 00:00:00+00:00
[2025-03-05T19:31:16.377+0000] {processor.py:208} INFO - Processing /home/airflow/.local/lib/python3.12/site-packages/airflow/example_dags/example_branch_operator_decorator.py took 0.092 seconds
[2025-03-05T19:31:46.525+0000] {processor.py:186} INFO - Started process (PID=303) to work on /home/airflow/.local/lib/python3.12/site-packages/airflow/example_dags/example_branch_operator_decorator.py
[2025-03-05T19:31:46.526+0000] {processor.py:914} INFO - Processing file /home/airflow/.local/lib/python3.12/site-packages/airflow/example_dags/example_branch_operator_decorator.py for tasks to queue
[2025-03-05T19:31:46.528+0000] {logging_mixin.py:190} INFO - [2025-03-05T19:31:46.527+0000] {dagbag.py:588} INFO - Filling up the DagBag from /home/airflow/.local/lib/python3.12/site-packages/airflow/example_dags/example_branch_operator_decorator.py
[2025-03-05T19:31:46.543+0000] {processor.py:925} INFO - DAG(s) 'example_branch_python_operator_decorator' retrieved from /home/airflow/.local/lib/python3.12/site-packages/airflow/example_dags/example_branch_operator_decorator.py
[2025-03-05T19:31:46.563+0000] {logging_mixin.py:190} INFO - [2025-03-05T19:31:46.562+0000] {dag.py:3239} INFO - Sync 1 DAGs
[2025-03-05T19:31:46.581+0000] {logging_mixin.py:190} INFO - [2025-03-05T19:31:46.581+0000] {dag.py:4180} INFO - Setting next_dagrun for example_branch_python_operator_decorator to 2025-03-04 00:00:00+00:00, run_after=2025-03-05 00:00:00+00:00
[2025-03-05T19:31:46.593+0000] {processor.py:208} INFO - Processing /home/airflow/.local/lib/python3.12/site-packages/airflow/example_dags/example_branch_operator_decorator.py took 0.071 seconds
[2025-03-05T19:32:16.947+0000] {processor.py:186} INFO - Started process (PID=366) to work on /home/airflow/.local/lib/python3.12/site-packages/airflow/example_dags/example_branch_operator_decorator.py
[2025-03-05T19:32:16.947+0000] {processor.py:914} INFO - Processing file /home/airflow/.local/lib/python3.12/site-packages/airflow/example_dags/example_branch_operator_decorator.py for tasks to queue
[2025-03-05T19:32:16.949+0000] {logging_mixin.py:190} INFO - [2025-03-05T19:32:16.948+0000] {dagbag.py:588} INFO - Filling up the DagBag from /home/airflow/.local/lib/python3.12/site-packages/airflow/example_dags/example_branch_operator_decorator.py
[2025-03-05T19:32:16.966+0000] {processor.py:925} INFO - DAG(s) 'example_branch_python_operator_decorator' retrieved from /home/airflow/.local/lib/python3.12/site-packages/airflow/example_dags/example_branch_operator_decorator.py
[2025-03-05T19:32:16.988+0000] {logging_mixin.py:190} INFO - [2025-03-05T19:32:16.988+0000] {dag.py:3239} INFO - Sync 1 DAGs
[2025-03-05T19:32:17.006+0000] {logging_mixin.py:190} INFO - [2025-03-05T19:32:17.006+0000] {dag.py:4180} INFO - Setting next_dagrun for example_branch_python_operator_decorator to 2025-03-04 00:00:00+00:00, run_after=2025-03-05 00:00:00+00:00
[2025-03-05T19:32:17.021+0000] {processor.py:208} INFO - Processing /home/airflow/.local/lib/python3.12/site-packages/airflow/example_dags/example_branch_operator_decorator.py took 0.080 seconds
[2025-03-05T19:32:48.858+0000] {processor.py:186} INFO - Started process (PID=429) to work on /home/airflow/.local/lib/python3.12/site-packages/airflow/example_dags/example_branch_operator_decorator.py
[2025-03-05T19:32:48.858+0000] {processor.py:914} INFO - Processing file /home/airflow/.local/lib/python3.12/site-packages/airflow/example_dags/example_branch_operator_decorator.py for tasks to queue
[2025-03-05T19:32:48.860+0000] {logging_mixin.py:190} INFO - [2025-03-05T19:32:48.860+0000] {dagbag.py:588} INFO - Filling up the DagBag from /home/airflow/.local/lib/python3.12/site-packages/airflow/example_dags/example_branch_operator_decorator.py
[2025-03-05T19:32:48.875+0000] {processor.py:925} INFO - DAG(s) 'example_branch_python_operator_decorator' retrieved from /home/airflow/.local/lib/python3.12/site-packages/airflow/example_dags/example_branch_operator_decorator.py
[2025-03-05T19:32:48.897+0000] {logging_mixin.py:190} INFO - [2025-03-05T19:32:48.897+0000] {dag.py:3239} INFO - Sync 1 DAGs
[2025-03-05T19:32:48.915+0000] {logging_mixin.py:190} INFO - [2025-03-05T19:32:48.915+0000] {dag.py:4180} INFO - Setting next_dagrun for example_branch_python_operator_decorator to 2025-03-04 00:00:00+00:00, run_after=2025-03-05 00:00:00+00:00
[2025-03-05T19:32:48.930+0000] {processor.py:208} INFO - Processing /home/airflow/.local/lib/python3.12/site-packages/airflow/example_dags/example_branch_operator_decorator.py took 0.077 seconds
