[2025-03-05T19:30:07.109+0000] {processor.py:186} INFO - Started process (PID=62) to work on /home/airflow/.local/lib/python3.12/site-packages/airflow/example_dags/example_datasets.py
[2025-03-05T19:30:07.110+0000] {processor.py:914} INFO - Processing file /home/airflow/.local/lib/python3.12/site-packages/airflow/example_dags/example_datasets.py for tasks to queue
[2025-03-05T19:30:07.112+0000] {logging_mixin.py:190} INFO - [2025-03-05T19:30:07.112+0000] {dagbag.py:588} INFO - Filling up the DagBag from /home/airflow/.local/lib/python3.12/site-packages/airflow/example_dags/example_datasets.py
[2025-03-05T19:30:09.443+0000] {processor.py:925} INFO - DAG(s) 'consume_1_or_both_2_and_3_with_dataset_expressions', 'dataset_consumes_1_never_scheduled', 'dataset_produces_1', 'dataset_produces_2', 'dataset_consumes_1', 'consume_1_or_2_with_dataset_expressions', 'conditional_dataset_and_time_based_timetable', 'dataset_consumes_1_and_2', 'consume_1_and_2_with_dataset_expressions', 'dataset_consumes_unknown_never_scheduled' retrieved from /home/airflow/.local/lib/python3.12/site-packages/airflow/example_dags/example_datasets.py
[2025-03-05T19:30:09.550+0000] {logging_mixin.py:190} INFO - [2025-03-05T19:30:09.549+0000] {override.py:1912} INFO - Created Permission View: can delete on DAG:consume_1_or_both_2_and_3_with_dataset_expressions
[2025-03-05T19:30:09.561+0000] {logging_mixin.py:190} INFO - [2025-03-05T19:30:09.560+0000] {override.py:1912} INFO - Created Permission View: can edit on DAG:consume_1_or_both_2_and_3_with_dataset_expressions
[2025-03-05T19:30:09.567+0000] {logging_mixin.py:190} INFO - [2025-03-05T19:30:09.567+0000] {override.py:1912} INFO - Created Permission View: can read on DAG:consume_1_or_both_2_and_3_with_dataset_expressions
[2025-03-05T19:30:09.574+0000] {logging_mixin.py:190} INFO - [2025-03-05T19:30:09.573+0000] {override.py:1912} INFO - Created Permission View: menu access on DAG Run:consume_1_or_both_2_and_3_with_dataset_expressions
[2025-03-05T19:30:09.580+0000] {logging_mixin.py:190} INFO - [2025-03-05T19:30:09.579+0000] {override.py:1912} INFO - Created Permission View: can create on DAG Run:consume_1_or_both_2_and_3_with_dataset_expressions
[2025-03-05T19:30:09.586+0000] {logging_mixin.py:190} INFO - [2025-03-05T19:30:09.585+0000] {override.py:1912} INFO - Created Permission View: can delete on DAG Run:consume_1_or_both_2_and_3_with_dataset_expressions
[2025-03-05T19:30:09.591+0000] {logging_mixin.py:190} INFO - [2025-03-05T19:30:09.591+0000] {override.py:1912} INFO - Created Permission View: can read on DAG Run:consume_1_or_both_2_and_3_with_dataset_expressions
[2025-03-05T19:30:09.603+0000] {logging_mixin.py:190} INFO - [2025-03-05T19:30:09.603+0000] {override.py:1912} INFO - Created Permission View: can delete on DAG:dataset_consumes_1_never_scheduled
[2025-03-05T19:30:09.610+0000] {logging_mixin.py:190} INFO - [2025-03-05T19:30:09.609+0000] {override.py:1912} INFO - Created Permission View: can edit on DAG:dataset_consumes_1_never_scheduled
[2025-03-05T19:30:09.616+0000] {logging_mixin.py:190} INFO - [2025-03-05T19:30:09.615+0000] {override.py:1912} INFO - Created Permission View: can read on DAG:dataset_consumes_1_never_scheduled
[2025-03-05T19:30:09.623+0000] {logging_mixin.py:190} INFO - [2025-03-05T19:30:09.623+0000] {override.py:1912} INFO - Created Permission View: menu access on DAG Run:dataset_consumes_1_never_scheduled
[2025-03-05T19:30:09.629+0000] {logging_mixin.py:190} INFO - [2025-03-05T19:30:09.629+0000] {override.py:1912} INFO - Created Permission View: can create on DAG Run:dataset_consumes_1_never_scheduled
[2025-03-05T19:30:09.636+0000] {logging_mixin.py:190} INFO - [2025-03-05T19:30:09.636+0000] {override.py:1912} INFO - Created Permission View: can delete on DAG Run:dataset_consumes_1_never_scheduled
[2025-03-05T19:30:09.643+0000] {logging_mixin.py:190} INFO - [2025-03-05T19:30:09.642+0000] {override.py:1912} INFO - Created Permission View: can read on DAG Run:dataset_consumes_1_never_scheduled
[2025-03-05T19:30:09.654+0000] {logging_mixin.py:190} INFO - [2025-03-05T19:30:09.654+0000] {override.py:1912} INFO - Created Permission View: can delete on DAG:dataset_produces_1
[2025-03-05T19:30:09.659+0000] {logging_mixin.py:190} INFO - [2025-03-05T19:30:09.659+0000] {override.py:1912} INFO - Created Permission View: can edit on DAG:dataset_produces_1
[2025-03-05T19:30:09.665+0000] {logging_mixin.py:190} INFO - [2025-03-05T19:30:09.664+0000] {override.py:1912} INFO - Created Permission View: can read on DAG:dataset_produces_1
[2025-03-05T19:30:09.671+0000] {logging_mixin.py:190} INFO - [2025-03-05T19:30:09.670+0000] {override.py:1912} INFO - Created Permission View: menu access on DAG Run:dataset_produces_1
[2025-03-05T19:30:09.676+0000] {logging_mixin.py:190} INFO - [2025-03-05T19:30:09.676+0000] {override.py:1912} INFO - Created Permission View: can create on DAG Run:dataset_produces_1
[2025-03-05T19:30:09.682+0000] {logging_mixin.py:190} INFO - [2025-03-05T19:30:09.682+0000] {override.py:1912} INFO - Created Permission View: can delete on DAG Run:dataset_produces_1
[2025-03-05T19:30:09.687+0000] {logging_mixin.py:190} INFO - [2025-03-05T19:30:09.687+0000] {override.py:1912} INFO - Created Permission View: can read on DAG Run:dataset_produces_1
[2025-03-05T19:30:09.697+0000] {logging_mixin.py:190} INFO - [2025-03-05T19:30:09.697+0000] {override.py:1912} INFO - Created Permission View: can delete on DAG:dataset_produces_2
[2025-03-05T19:30:09.703+0000] {logging_mixin.py:190} INFO - [2025-03-05T19:30:09.702+0000] {override.py:1912} INFO - Created Permission View: can edit on DAG:dataset_produces_2
[2025-03-05T19:30:09.708+0000] {logging_mixin.py:190} INFO - [2025-03-05T19:30:09.708+0000] {override.py:1912} INFO - Created Permission View: can read on DAG:dataset_produces_2
[2025-03-05T19:30:09.714+0000] {logging_mixin.py:190} INFO - [2025-03-05T19:30:09.714+0000] {override.py:1912} INFO - Created Permission View: menu access on DAG Run:dataset_produces_2
[2025-03-05T19:30:09.720+0000] {logging_mixin.py:190} INFO - [2025-03-05T19:30:09.719+0000] {override.py:1912} INFO - Created Permission View: can create on DAG Run:dataset_produces_2
[2025-03-05T19:30:09.725+0000] {logging_mixin.py:190} INFO - [2025-03-05T19:30:09.725+0000] {override.py:1912} INFO - Created Permission View: can delete on DAG Run:dataset_produces_2
[2025-03-05T19:30:09.730+0000] {logging_mixin.py:190} INFO - [2025-03-05T19:30:09.730+0000] {override.py:1912} INFO - Created Permission View: can read on DAG Run:dataset_produces_2
[2025-03-05T19:30:09.742+0000] {logging_mixin.py:190} INFO - [2025-03-05T19:30:09.742+0000] {override.py:1912} INFO - Created Permission View: can delete on DAG:dataset_consumes_1
[2025-03-05T19:30:09.748+0000] {logging_mixin.py:190} INFO - [2025-03-05T19:30:09.747+0000] {override.py:1912} INFO - Created Permission View: can edit on DAG:dataset_consumes_1
[2025-03-05T19:30:09.753+0000] {logging_mixin.py:190} INFO - [2025-03-05T19:30:09.753+0000] {override.py:1912} INFO - Created Permission View: can read on DAG:dataset_consumes_1
[2025-03-05T19:30:09.760+0000] {logging_mixin.py:190} INFO - [2025-03-05T19:30:09.759+0000] {override.py:1912} INFO - Created Permission View: menu access on DAG Run:dataset_consumes_1
[2025-03-05T19:30:09.765+0000] {logging_mixin.py:190} INFO - [2025-03-05T19:30:09.765+0000] {override.py:1912} INFO - Created Permission View: can create on DAG Run:dataset_consumes_1
[2025-03-05T19:30:09.771+0000] {logging_mixin.py:190} INFO - [2025-03-05T19:30:09.771+0000] {override.py:1912} INFO - Created Permission View: can delete on DAG Run:dataset_consumes_1
[2025-03-05T19:30:09.777+0000] {logging_mixin.py:190} INFO - [2025-03-05T19:30:09.776+0000] {override.py:1912} INFO - Created Permission View: can read on DAG Run:dataset_consumes_1
[2025-03-05T19:30:09.788+0000] {logging_mixin.py:190} INFO - [2025-03-05T19:30:09.787+0000] {override.py:1912} INFO - Created Permission View: can delete on DAG:consume_1_or_2_with_dataset_expressions
[2025-03-05T19:30:09.794+0000] {logging_mixin.py:190} INFO - [2025-03-05T19:30:09.794+0000] {override.py:1912} INFO - Created Permission View: can edit on DAG:consume_1_or_2_with_dataset_expressions
[2025-03-05T19:30:09.817+0000] {logging_mixin.py:190} INFO - [2025-03-05T19:30:09.817+0000] {override.py:1912} INFO - Created Permission View: can read on DAG:consume_1_or_2_with_dataset_expressions
[2025-03-05T19:30:09.823+0000] {logging_mixin.py:190} INFO - [2025-03-05T19:30:09.822+0000] {override.py:1912} INFO - Created Permission View: menu access on DAG Run:consume_1_or_2_with_dataset_expressions
[2025-03-05T19:30:09.829+0000] {logging_mixin.py:190} INFO - [2025-03-05T19:30:09.828+0000] {override.py:1912} INFO - Created Permission View: can create on DAG Run:consume_1_or_2_with_dataset_expressions
[2025-03-05T19:30:09.835+0000] {logging_mixin.py:190} INFO - [2025-03-05T19:30:09.834+0000] {override.py:1912} INFO - Created Permission View: can delete on DAG Run:consume_1_or_2_with_dataset_expressions
[2025-03-05T19:30:09.840+0000] {logging_mixin.py:190} INFO - [2025-03-05T19:30:09.839+0000] {override.py:1912} INFO - Created Permission View: can read on DAG Run:consume_1_or_2_with_dataset_expressions
[2025-03-05T19:30:09.849+0000] {logging_mixin.py:190} INFO - [2025-03-05T19:30:09.849+0000] {override.py:1912} INFO - Created Permission View: can delete on DAG:conditional_dataset_and_time_based_timetable
[2025-03-05T19:30:09.855+0000] {logging_mixin.py:190} INFO - [2025-03-05T19:30:09.855+0000] {override.py:1912} INFO - Created Permission View: can edit on DAG:conditional_dataset_and_time_based_timetable
[2025-03-05T19:30:09.860+0000] {logging_mixin.py:190} INFO - [2025-03-05T19:30:09.860+0000] {override.py:1912} INFO - Created Permission View: can read on DAG:conditional_dataset_and_time_based_timetable
[2025-03-05T19:30:09.866+0000] {logging_mixin.py:190} INFO - [2025-03-05T19:30:09.866+0000] {override.py:1912} INFO - Created Permission View: menu access on DAG Run:conditional_dataset_and_time_based_timetable
[2025-03-05T19:30:09.872+0000] {logging_mixin.py:190} INFO - [2025-03-05T19:30:09.872+0000] {override.py:1912} INFO - Created Permission View: can create on DAG Run:conditional_dataset_and_time_based_timetable
[2025-03-05T19:30:09.878+0000] {logging_mixin.py:190} INFO - [2025-03-05T19:30:09.878+0000] {override.py:1912} INFO - Created Permission View: can delete on DAG Run:conditional_dataset_and_time_based_timetable
[2025-03-05T19:30:09.883+0000] {logging_mixin.py:190} INFO - [2025-03-05T19:30:09.883+0000] {override.py:1912} INFO - Created Permission View: can read on DAG Run:conditional_dataset_and_time_based_timetable
[2025-03-05T19:30:09.893+0000] {logging_mixin.py:190} INFO - [2025-03-05T19:30:09.893+0000] {override.py:1912} INFO - Created Permission View: can delete on DAG:dataset_consumes_1_and_2
[2025-03-05T19:30:09.899+0000] {logging_mixin.py:190} INFO - [2025-03-05T19:30:09.899+0000] {override.py:1912} INFO - Created Permission View: can edit on DAG:dataset_consumes_1_and_2
[2025-03-05T19:30:09.906+0000] {logging_mixin.py:190} INFO - [2025-03-05T19:30:09.905+0000] {override.py:1912} INFO - Created Permission View: can read on DAG:dataset_consumes_1_and_2
[2025-03-05T19:30:09.912+0000] {logging_mixin.py:190} INFO - [2025-03-05T19:30:09.912+0000] {override.py:1912} INFO - Created Permission View: menu access on DAG Run:dataset_consumes_1_and_2
[2025-03-05T19:30:09.917+0000] {logging_mixin.py:190} INFO - [2025-03-05T19:30:09.917+0000] {override.py:1912} INFO - Created Permission View: can create on DAG Run:dataset_consumes_1_and_2
[2025-03-05T19:30:09.922+0000] {logging_mixin.py:190} INFO - [2025-03-05T19:30:09.922+0000] {override.py:1912} INFO - Created Permission View: can delete on DAG Run:dataset_consumes_1_and_2
[2025-03-05T19:30:09.927+0000] {logging_mixin.py:190} INFO - [2025-03-05T19:30:09.927+0000] {override.py:1912} INFO - Created Permission View: can read on DAG Run:dataset_consumes_1_and_2
[2025-03-05T19:30:09.938+0000] {logging_mixin.py:190} INFO - [2025-03-05T19:30:09.937+0000] {override.py:1912} INFO - Created Permission View: can delete on DAG:consume_1_and_2_with_dataset_expressions
[2025-03-05T19:30:09.943+0000] {logging_mixin.py:190} INFO - [2025-03-05T19:30:09.942+0000] {override.py:1912} INFO - Created Permission View: can edit on DAG:consume_1_and_2_with_dataset_expressions
[2025-03-05T19:30:09.948+0000] {logging_mixin.py:190} INFO - [2025-03-05T19:30:09.948+0000] {override.py:1912} INFO - Created Permission View: can read on DAG:consume_1_and_2_with_dataset_expressions
[2025-03-05T19:30:09.954+0000] {logging_mixin.py:190} INFO - [2025-03-05T19:30:09.954+0000] {override.py:1912} INFO - Created Permission View: menu access on DAG Run:consume_1_and_2_with_dataset_expressions
[2025-03-05T19:30:09.959+0000] {logging_mixin.py:190} INFO - [2025-03-05T19:30:09.959+0000] {override.py:1912} INFO - Created Permission View: can create on DAG Run:consume_1_and_2_with_dataset_expressions
[2025-03-05T19:30:09.965+0000] {logging_mixin.py:190} INFO - [2025-03-05T19:30:09.964+0000] {override.py:1912} INFO - Created Permission View: can delete on DAG Run:consume_1_and_2_with_dataset_expressions
[2025-03-05T19:30:09.970+0000] {logging_mixin.py:190} INFO - [2025-03-05T19:30:09.970+0000] {override.py:1912} INFO - Created Permission View: can read on DAG Run:consume_1_and_2_with_dataset_expressions
[2025-03-05T19:30:09.980+0000] {logging_mixin.py:190} INFO - [2025-03-05T19:30:09.980+0000] {override.py:1912} INFO - Created Permission View: can delete on DAG:dataset_consumes_unknown_never_scheduled
[2025-03-05T19:30:09.985+0000] {logging_mixin.py:190} INFO - [2025-03-05T19:30:09.985+0000] {override.py:1912} INFO - Created Permission View: can edit on DAG:dataset_consumes_unknown_never_scheduled
[2025-03-05T19:30:09.990+0000] {logging_mixin.py:190} INFO - [2025-03-05T19:30:09.989+0000] {override.py:1912} INFO - Created Permission View: can read on DAG:dataset_consumes_unknown_never_scheduled
[2025-03-05T19:30:09.995+0000] {logging_mixin.py:190} INFO - [2025-03-05T19:30:09.995+0000] {override.py:1912} INFO - Created Permission View: menu access on DAG Run:dataset_consumes_unknown_never_scheduled
[2025-03-05T19:30:10.001+0000] {logging_mixin.py:190} INFO - [2025-03-05T19:30:10.001+0000] {override.py:1912} INFO - Created Permission View: can create on DAG Run:dataset_consumes_unknown_never_scheduled
[2025-03-05T19:30:10.007+0000] {logging_mixin.py:190} INFO - [2025-03-05T19:30:10.007+0000] {override.py:1912} INFO - Created Permission View: can delete on DAG Run:dataset_consumes_unknown_never_scheduled
[2025-03-05T19:30:10.013+0000] {logging_mixin.py:190} INFO - [2025-03-05T19:30:10.013+0000] {override.py:1912} INFO - Created Permission View: can read on DAG Run:dataset_consumes_unknown_never_scheduled
[2025-03-05T19:30:10.014+0000] {logging_mixin.py:190} INFO - [2025-03-05T19:30:10.013+0000] {dag.py:3239} INFO - Sync 10 DAGs
[2025-03-05T19:30:10.027+0000] {logging_mixin.py:190} INFO - [2025-03-05T19:30:10.026+0000] {dag.py:3262} INFO - Creating ORM DAG for dataset_produces_2
[2025-03-05T19:30:10.028+0000] {logging_mixin.py:190} INFO - [2025-03-05T19:30:10.028+0000] {dag.py:3262} INFO - Creating ORM DAG for consume_1_or_2_with_dataset_expressions
[2025-03-05T19:30:10.028+0000] {logging_mixin.py:190} INFO - [2025-03-05T19:30:10.028+0000] {dag.py:3262} INFO - Creating ORM DAG for dataset_consumes_1
[2025-03-05T19:30:10.029+0000] {logging_mixin.py:190} INFO - [2025-03-05T19:30:10.029+0000] {dag.py:3262} INFO - Creating ORM DAG for dataset_consumes_unknown_never_scheduled
[2025-03-05T19:30:10.030+0000] {logging_mixin.py:190} INFO - [2025-03-05T19:30:10.029+0000] {dag.py:3262} INFO - Creating ORM DAG for dataset_consumes_1_and_2
[2025-03-05T19:30:10.030+0000] {logging_mixin.py:190} INFO - [2025-03-05T19:30:10.030+0000] {dag.py:3262} INFO - Creating ORM DAG for conditional_dataset_and_time_based_timetable
[2025-03-05T19:30:10.031+0000] {logging_mixin.py:190} INFO - [2025-03-05T19:30:10.031+0000] {dag.py:3262} INFO - Creating ORM DAG for dataset_consumes_1_never_scheduled
[2025-03-05T19:30:10.031+0000] {logging_mixin.py:190} INFO - [2025-03-05T19:30:10.031+0000] {dag.py:3262} INFO - Creating ORM DAG for consume_1_or_both_2_and_3_with_dataset_expressions
[2025-03-05T19:30:10.032+0000] {logging_mixin.py:190} INFO - [2025-03-05T19:30:10.032+0000] {dag.py:3262} INFO - Creating ORM DAG for consume_1_and_2_with_dataset_expressions
[2025-03-05T19:30:10.033+0000] {logging_mixin.py:190} INFO - [2025-03-05T19:30:10.033+0000] {dag.py:3262} INFO - Creating ORM DAG for dataset_produces_1
[2025-03-05T19:30:10.043+0000] {logging_mixin.py:190} INFO - [2025-03-05T19:30:10.043+0000] {dag.py:4180} INFO - Setting next_dagrun for conditional_dataset_and_time_based_timetable to 2025-03-05 01:00:00+00:00, run_after=2025-03-05 01:00:00+00:00
[2025-03-05T19:30:10.044+0000] {logging_mixin.py:190} INFO - [2025-03-05T19:30:10.044+0000] {dag.py:4180} INFO - Setting next_dagrun for consume_1_and_2_with_dataset_expressions to None, run_after=None
[2025-03-05T19:30:10.044+0000] {logging_mixin.py:190} INFO - [2025-03-05T19:30:10.044+0000] {dag.py:4180} INFO - Setting next_dagrun for consume_1_or_2_with_dataset_expressions to None, run_after=None
[2025-03-05T19:30:10.045+0000] {logging_mixin.py:190} INFO - [2025-03-05T19:30:10.045+0000] {dag.py:4180} INFO - Setting next_dagrun for consume_1_or_both_2_and_3_with_dataset_expressions to None, run_after=None
[2025-03-05T19:30:10.045+0000] {logging_mixin.py:190} INFO - [2025-03-05T19:30:10.045+0000] {dag.py:4180} INFO - Setting next_dagrun for dataset_consumes_1 to None, run_after=None
[2025-03-05T19:30:10.046+0000] {logging_mixin.py:190} INFO - [2025-03-05T19:30:10.046+0000] {dag.py:4180} INFO - Setting next_dagrun for dataset_consumes_1_and_2 to None, run_after=None
[2025-03-05T19:30:10.047+0000] {logging_mixin.py:190} INFO - [2025-03-05T19:30:10.046+0000] {dag.py:4180} INFO - Setting next_dagrun for dataset_consumes_1_never_scheduled to None, run_after=None
[2025-03-05T19:30:10.047+0000] {logging_mixin.py:190} INFO - [2025-03-05T19:30:10.047+0000] {dag.py:4180} INFO - Setting next_dagrun for dataset_consumes_unknown_never_scheduled to None, run_after=None
[2025-03-05T19:30:10.049+0000] {logging_mixin.py:190} INFO - [2025-03-05T19:30:10.049+0000] {dag.py:4180} INFO - Setting next_dagrun for dataset_produces_1 to 2025-03-04 00:00:00+00:00, run_after=2025-03-05 00:00:00+00:00
[2025-03-05T19:30:10.049+0000] {logging_mixin.py:190} INFO - [2025-03-05T19:30:10.049+0000] {dag.py:4180} INFO - Setting next_dagrun for dataset_produces_2 to None, run_after=None
[2025-03-05T19:30:10.085+0000] {processor.py:208} INFO - Processing /home/airflow/.local/lib/python3.12/site-packages/airflow/example_dags/example_datasets.py took 2.980 seconds
[2025-03-05T19:30:40.642+0000] {processor.py:186} INFO - Started process (PID=132) to work on /home/airflow/.local/lib/python3.12/site-packages/airflow/example_dags/example_datasets.py
[2025-03-05T19:30:40.643+0000] {processor.py:914} INFO - Processing file /home/airflow/.local/lib/python3.12/site-packages/airflow/example_dags/example_datasets.py for tasks to queue
[2025-03-05T19:30:40.645+0000] {logging_mixin.py:190} INFO - [2025-03-05T19:30:40.645+0000] {dagbag.py:588} INFO - Filling up the DagBag from /home/airflow/.local/lib/python3.12/site-packages/airflow/example_dags/example_datasets.py
[2025-03-05T19:30:41.518+0000] {processor.py:925} INFO - DAG(s) 'dataset_consumes_1', 'dataset_consumes_1_never_scheduled', 'consume_1_and_2_with_dataset_expressions', 'conditional_dataset_and_time_based_timetable', 'dataset_produces_2', 'consume_1_or_2_with_dataset_expressions', 'dataset_produces_1', 'dataset_consumes_1_and_2', 'consume_1_or_both_2_and_3_with_dataset_expressions', 'dataset_consumes_unknown_never_scheduled' retrieved from /home/airflow/.local/lib/python3.12/site-packages/airflow/example_dags/example_datasets.py
[2025-03-05T19:30:41.568+0000] {logging_mixin.py:190} INFO - [2025-03-05T19:30:41.568+0000] {dag.py:3239} INFO - Sync 10 DAGs
[2025-03-05T19:30:41.602+0000] {logging_mixin.py:190} INFO - [2025-03-05T19:30:41.602+0000] {dag.py:4180} INFO - Setting next_dagrun for conditional_dataset_and_time_based_timetable to 2025-03-05 01:00:00+00:00, run_after=2025-03-05 01:00:00+00:00
[2025-03-05T19:30:41.605+0000] {logging_mixin.py:190} INFO - [2025-03-05T19:30:41.605+0000] {dag.py:4180} INFO - Setting next_dagrun for consume_1_and_2_with_dataset_expressions to None, run_after=None
[2025-03-05T19:30:41.607+0000] {logging_mixin.py:190} INFO - [2025-03-05T19:30:41.607+0000] {dag.py:4180} INFO - Setting next_dagrun for consume_1_or_2_with_dataset_expressions to None, run_after=None
[2025-03-05T19:30:41.608+0000] {logging_mixin.py:190} INFO - [2025-03-05T19:30:41.608+0000] {dag.py:4180} INFO - Setting next_dagrun for consume_1_or_both_2_and_3_with_dataset_expressions to None, run_after=None
[2025-03-05T19:30:41.610+0000] {logging_mixin.py:190} INFO - [2025-03-05T19:30:41.609+0000] {dag.py:4180} INFO - Setting next_dagrun for dataset_consumes_1 to None, run_after=None
[2025-03-05T19:30:41.611+0000] {logging_mixin.py:190} INFO - [2025-03-05T19:30:41.610+0000] {dag.py:4180} INFO - Setting next_dagrun for dataset_consumes_1_and_2 to None, run_after=None
[2025-03-05T19:30:41.612+0000] {logging_mixin.py:190} INFO - [2025-03-05T19:30:41.612+0000] {dag.py:4180} INFO - Setting next_dagrun for dataset_consumes_1_never_scheduled to None, run_after=None
[2025-03-05T19:30:41.613+0000] {logging_mixin.py:190} INFO - [2025-03-05T19:30:41.613+0000] {dag.py:4180} INFO - Setting next_dagrun for dataset_consumes_unknown_never_scheduled to None, run_after=None
[2025-03-05T19:30:41.615+0000] {logging_mixin.py:190} INFO - [2025-03-05T19:30:41.615+0000] {dag.py:4180} INFO - Setting next_dagrun for dataset_produces_1 to 2025-03-04 00:00:00+00:00, run_after=2025-03-05 00:00:00+00:00
[2025-03-05T19:30:41.616+0000] {logging_mixin.py:190} INFO - [2025-03-05T19:30:41.616+0000] {dag.py:4180} INFO - Setting next_dagrun for dataset_produces_2 to None, run_after=None
[2025-03-05T19:30:41.650+0000] {processor.py:208} INFO - Processing /home/airflow/.local/lib/python3.12/site-packages/airflow/example_dags/example_datasets.py took 1.012 seconds
[2025-03-05T19:31:12.119+0000] {processor.py:186} INFO - Started process (PID=195) to work on /home/airflow/.local/lib/python3.12/site-packages/airflow/example_dags/example_datasets.py
[2025-03-05T19:31:12.120+0000] {processor.py:914} INFO - Processing file /home/airflow/.local/lib/python3.12/site-packages/airflow/example_dags/example_datasets.py for tasks to queue
[2025-03-05T19:31:12.121+0000] {logging_mixin.py:190} INFO - [2025-03-05T19:31:12.121+0000] {dagbag.py:588} INFO - Filling up the DagBag from /home/airflow/.local/lib/python3.12/site-packages/airflow/example_dags/example_datasets.py
[2025-03-05T19:31:12.697+0000] {processor.py:925} INFO - DAG(s) 'dataset_consumes_1', 'conditional_dataset_and_time_based_timetable', 'consume_1_or_both_2_and_3_with_dataset_expressions', 'consume_1_or_2_with_dataset_expressions', 'dataset_produces_2', 'dataset_consumes_1_never_scheduled', 'dataset_consumes_1_and_2', 'consume_1_and_2_with_dataset_expressions', 'dataset_consumes_unknown_never_scheduled', 'dataset_produces_1' retrieved from /home/airflow/.local/lib/python3.12/site-packages/airflow/example_dags/example_datasets.py
[2025-03-05T19:31:12.741+0000] {logging_mixin.py:190} INFO - [2025-03-05T19:31:12.741+0000] {dag.py:3239} INFO - Sync 10 DAGs
[2025-03-05T19:31:12.764+0000] {logging_mixin.py:190} INFO - [2025-03-05T19:31:12.763+0000] {dag.py:4180} INFO - Setting next_dagrun for conditional_dataset_and_time_based_timetable to 2025-03-05 01:00:00+00:00, run_after=2025-03-05 01:00:00+00:00
[2025-03-05T19:31:12.767+0000] {logging_mixin.py:190} INFO - [2025-03-05T19:31:12.767+0000] {dag.py:4180} INFO - Setting next_dagrun for consume_1_and_2_with_dataset_expressions to None, run_after=None
[2025-03-05T19:31:12.769+0000] {logging_mixin.py:190} INFO - [2025-03-05T19:31:12.769+0000] {dag.py:4180} INFO - Setting next_dagrun for consume_1_or_2_with_dataset_expressions to None, run_after=None
[2025-03-05T19:31:12.770+0000] {logging_mixin.py:190} INFO - [2025-03-05T19:31:12.770+0000] {dag.py:4180} INFO - Setting next_dagrun for consume_1_or_both_2_and_3_with_dataset_expressions to None, run_after=None
[2025-03-05T19:31:12.771+0000] {logging_mixin.py:190} INFO - [2025-03-05T19:31:12.771+0000] {dag.py:4180} INFO - Setting next_dagrun for dataset_consumes_1 to None, run_after=None
[2025-03-05T19:31:12.772+0000] {logging_mixin.py:190} INFO - [2025-03-05T19:31:12.772+0000] {dag.py:4180} INFO - Setting next_dagrun for dataset_consumes_1_and_2 to None, run_after=None
[2025-03-05T19:31:12.773+0000] {logging_mixin.py:190} INFO - [2025-03-05T19:31:12.773+0000] {dag.py:4180} INFO - Setting next_dagrun for dataset_consumes_1_never_scheduled to None, run_after=None
[2025-03-05T19:31:12.775+0000] {logging_mixin.py:190} INFO - [2025-03-05T19:31:12.774+0000] {dag.py:4180} INFO - Setting next_dagrun for dataset_consumes_unknown_never_scheduled to None, run_after=None
[2025-03-05T19:31:12.777+0000] {logging_mixin.py:190} INFO - [2025-03-05T19:31:12.777+0000] {dag.py:4180} INFO - Setting next_dagrun for dataset_produces_1 to 2025-03-04 00:00:00+00:00, run_after=2025-03-05 00:00:00+00:00
[2025-03-05T19:31:12.778+0000] {logging_mixin.py:190} INFO - [2025-03-05T19:31:12.778+0000] {dag.py:4180} INFO - Setting next_dagrun for dataset_produces_2 to None, run_after=None
[2025-03-05T19:31:12.808+0000] {processor.py:208} INFO - Processing /home/airflow/.local/lib/python3.12/site-packages/airflow/example_dags/example_datasets.py took 0.693 seconds
[2025-03-05T19:31:43.434+0000] {processor.py:186} INFO - Started process (PID=258) to work on /home/airflow/.local/lib/python3.12/site-packages/airflow/example_dags/example_datasets.py
[2025-03-05T19:31:43.434+0000] {processor.py:914} INFO - Processing file /home/airflow/.local/lib/python3.12/site-packages/airflow/example_dags/example_datasets.py for tasks to queue
[2025-03-05T19:31:43.436+0000] {logging_mixin.py:190} INFO - [2025-03-05T19:31:43.436+0000] {dagbag.py:588} INFO - Filling up the DagBag from /home/airflow/.local/lib/python3.12/site-packages/airflow/example_dags/example_datasets.py
[2025-03-05T19:31:43.944+0000] {processor.py:925} INFO - DAG(s) 'dataset_produces_2', 'dataset_consumes_1_never_scheduled', 'dataset_consumes_unknown_never_scheduled', 'dataset_consumes_1_and_2', 'consume_1_or_2_with_dataset_expressions', 'dataset_produces_1', 'consume_1_or_both_2_and_3_with_dataset_expressions', 'conditional_dataset_and_time_based_timetable', 'consume_1_and_2_with_dataset_expressions', 'dataset_consumes_1' retrieved from /home/airflow/.local/lib/python3.12/site-packages/airflow/example_dags/example_datasets.py
[2025-03-05T19:31:43.980+0000] {logging_mixin.py:190} INFO - [2025-03-05T19:31:43.980+0000] {dag.py:3239} INFO - Sync 10 DAGs
[2025-03-05T19:31:44.003+0000] {logging_mixin.py:190} INFO - [2025-03-05T19:31:44.003+0000] {dag.py:4180} INFO - Setting next_dagrun for conditional_dataset_and_time_based_timetable to 2025-03-05 01:00:00+00:00, run_after=2025-03-05 01:00:00+00:00
[2025-03-05T19:31:44.007+0000] {logging_mixin.py:190} INFO - [2025-03-05T19:31:44.006+0000] {dag.py:4180} INFO - Setting next_dagrun for consume_1_and_2_with_dataset_expressions to None, run_after=None
[2025-03-05T19:31:44.008+0000] {logging_mixin.py:190} INFO - [2025-03-05T19:31:44.008+0000] {dag.py:4180} INFO - Setting next_dagrun for consume_1_or_2_with_dataset_expressions to None, run_after=None
[2025-03-05T19:31:44.009+0000] {logging_mixin.py:190} INFO - [2025-03-05T19:31:44.009+0000] {dag.py:4180} INFO - Setting next_dagrun for consume_1_or_both_2_and_3_with_dataset_expressions to None, run_after=None
[2025-03-05T19:31:44.010+0000] {logging_mixin.py:190} INFO - [2025-03-05T19:31:44.010+0000] {dag.py:4180} INFO - Setting next_dagrun for dataset_consumes_1 to None, run_after=None
[2025-03-05T19:31:44.011+0000] {logging_mixin.py:190} INFO - [2025-03-05T19:31:44.011+0000] {dag.py:4180} INFO - Setting next_dagrun for dataset_consumes_1_and_2 to None, run_after=None
[2025-03-05T19:31:44.012+0000] {logging_mixin.py:190} INFO - [2025-03-05T19:31:44.012+0000] {dag.py:4180} INFO - Setting next_dagrun for dataset_consumes_1_never_scheduled to None, run_after=None
[2025-03-05T19:31:44.013+0000] {logging_mixin.py:190} INFO - [2025-03-05T19:31:44.013+0000] {dag.py:4180} INFO - Setting next_dagrun for dataset_consumes_unknown_never_scheduled to None, run_after=None
[2025-03-05T19:31:44.020+0000] {logging_mixin.py:190} INFO - [2025-03-05T19:31:44.020+0000] {dag.py:4180} INFO - Setting next_dagrun for dataset_produces_1 to 2025-03-04 00:00:00+00:00, run_after=2025-03-05 00:00:00+00:00
[2025-03-05T19:31:44.021+0000] {logging_mixin.py:190} INFO - [2025-03-05T19:31:44.021+0000] {dag.py:4180} INFO - Setting next_dagrun for dataset_produces_2 to None, run_after=None
[2025-03-05T19:31:44.048+0000] {processor.py:208} INFO - Processing /home/airflow/.local/lib/python3.12/site-packages/airflow/example_dags/example_datasets.py took 0.618 seconds
[2025-03-05T19:32:14.095+0000] {processor.py:186} INFO - Started process (PID=321) to work on /home/airflow/.local/lib/python3.12/site-packages/airflow/example_dags/example_datasets.py
[2025-03-05T19:32:14.095+0000] {processor.py:914} INFO - Processing file /home/airflow/.local/lib/python3.12/site-packages/airflow/example_dags/example_datasets.py for tasks to queue
[2025-03-05T19:32:14.097+0000] {logging_mixin.py:190} INFO - [2025-03-05T19:32:14.097+0000] {dagbag.py:588} INFO - Filling up the DagBag from /home/airflow/.local/lib/python3.12/site-packages/airflow/example_dags/example_datasets.py
[2025-03-05T19:32:14.590+0000] {processor.py:925} INFO - DAG(s) 'consume_1_and_2_with_dataset_expressions', 'consume_1_or_2_with_dataset_expressions', 'consume_1_or_both_2_and_3_with_dataset_expressions', 'dataset_consumes_1_never_scheduled', 'dataset_consumes_1', 'dataset_consumes_1_and_2', 'conditional_dataset_and_time_based_timetable', 'dataset_consumes_unknown_never_scheduled', 'dataset_produces_2', 'dataset_produces_1' retrieved from /home/airflow/.local/lib/python3.12/site-packages/airflow/example_dags/example_datasets.py
[2025-03-05T19:32:14.624+0000] {logging_mixin.py:190} INFO - [2025-03-05T19:32:14.624+0000] {dag.py:3239} INFO - Sync 10 DAGs
[2025-03-05T19:32:14.648+0000] {logging_mixin.py:190} INFO - [2025-03-05T19:32:14.647+0000] {dag.py:4180} INFO - Setting next_dagrun for conditional_dataset_and_time_based_timetable to 2025-03-05 01:00:00+00:00, run_after=2025-03-05 01:00:00+00:00
[2025-03-05T19:32:14.651+0000] {logging_mixin.py:190} INFO - [2025-03-05T19:32:14.651+0000] {dag.py:4180} INFO - Setting next_dagrun for consume_1_and_2_with_dataset_expressions to None, run_after=None
[2025-03-05T19:32:14.652+0000] {logging_mixin.py:190} INFO - [2025-03-05T19:32:14.652+0000] {dag.py:4180} INFO - Setting next_dagrun for consume_1_or_2_with_dataset_expressions to None, run_after=None
[2025-03-05T19:32:14.653+0000] {logging_mixin.py:190} INFO - [2025-03-05T19:32:14.653+0000] {dag.py:4180} INFO - Setting next_dagrun for consume_1_or_both_2_and_3_with_dataset_expressions to None, run_after=None
[2025-03-05T19:32:14.654+0000] {logging_mixin.py:190} INFO - [2025-03-05T19:32:14.654+0000] {dag.py:4180} INFO - Setting next_dagrun for dataset_consumes_1 to None, run_after=None
[2025-03-05T19:32:14.655+0000] {logging_mixin.py:190} INFO - [2025-03-05T19:32:14.655+0000] {dag.py:4180} INFO - Setting next_dagrun for dataset_consumes_1_and_2 to None, run_after=None
[2025-03-05T19:32:14.657+0000] {logging_mixin.py:190} INFO - [2025-03-05T19:32:14.656+0000] {dag.py:4180} INFO - Setting next_dagrun for dataset_consumes_1_never_scheduled to None, run_after=None
[2025-03-05T19:32:14.658+0000] {logging_mixin.py:190} INFO - [2025-03-05T19:32:14.658+0000] {dag.py:4180} INFO - Setting next_dagrun for dataset_consumes_unknown_never_scheduled to None, run_after=None
[2025-03-05T19:32:14.660+0000] {logging_mixin.py:190} INFO - [2025-03-05T19:32:14.660+0000] {dag.py:4180} INFO - Setting next_dagrun for dataset_produces_1 to 2025-03-04 00:00:00+00:00, run_after=2025-03-05 00:00:00+00:00
[2025-03-05T19:32:14.661+0000] {logging_mixin.py:190} INFO - [2025-03-05T19:32:14.661+0000] {dag.py:4180} INFO - Setting next_dagrun for dataset_produces_2 to None, run_after=None
[2025-03-05T19:32:14.687+0000] {processor.py:208} INFO - Processing /home/airflow/.local/lib/python3.12/site-packages/airflow/example_dags/example_datasets.py took 0.596 seconds
[2025-03-05T19:32:45.434+0000] {processor.py:186} INFO - Started process (PID=384) to work on /home/airflow/.local/lib/python3.12/site-packages/airflow/example_dags/example_datasets.py
[2025-03-05T19:32:45.435+0000] {processor.py:914} INFO - Processing file /home/airflow/.local/lib/python3.12/site-packages/airflow/example_dags/example_datasets.py for tasks to queue
[2025-03-05T19:32:45.437+0000] {logging_mixin.py:190} INFO - [2025-03-05T19:32:45.437+0000] {dagbag.py:588} INFO - Filling up the DagBag from /home/airflow/.local/lib/python3.12/site-packages/airflow/example_dags/example_datasets.py
[2025-03-05T19:32:45.982+0000] {processor.py:925} INFO - DAG(s) 'dataset_consumes_1_never_scheduled', 'dataset_produces_1', 'consume_1_and_2_with_dataset_expressions', 'consume_1_or_2_with_dataset_expressions', 'dataset_consumes_1', 'consume_1_or_both_2_and_3_with_dataset_expressions', 'dataset_produces_2', 'dataset_consumes_unknown_never_scheduled', 'dataset_consumes_1_and_2', 'conditional_dataset_and_time_based_timetable' retrieved from /home/airflow/.local/lib/python3.12/site-packages/airflow/example_dags/example_datasets.py
[2025-03-05T19:32:46.024+0000] {logging_mixin.py:190} INFO - [2025-03-05T19:32:46.024+0000] {dag.py:3239} INFO - Sync 10 DAGs
[2025-03-05T19:32:46.048+0000] {logging_mixin.py:190} INFO - [2025-03-05T19:32:46.048+0000] {dag.py:4180} INFO - Setting next_dagrun for conditional_dataset_and_time_based_timetable to 2025-03-05 01:00:00+00:00, run_after=2025-03-05 01:00:00+00:00
[2025-03-05T19:32:46.053+0000] {logging_mixin.py:190} INFO - [2025-03-05T19:32:46.053+0000] {dag.py:4180} INFO - Setting next_dagrun for consume_1_and_2_with_dataset_expressions to None, run_after=None
[2025-03-05T19:32:46.054+0000] {logging_mixin.py:190} INFO - [2025-03-05T19:32:46.054+0000] {dag.py:4180} INFO - Setting next_dagrun for consume_1_or_2_with_dataset_expressions to None, run_after=None
[2025-03-05T19:32:46.055+0000] {logging_mixin.py:190} INFO - [2025-03-05T19:32:46.055+0000] {dag.py:4180} INFO - Setting next_dagrun for consume_1_or_both_2_and_3_with_dataset_expressions to None, run_after=None
[2025-03-05T19:32:46.057+0000] {logging_mixin.py:190} INFO - [2025-03-05T19:32:46.056+0000] {dag.py:4180} INFO - Setting next_dagrun for dataset_consumes_1 to None, run_after=None
[2025-03-05T19:32:46.058+0000] {logging_mixin.py:190} INFO - [2025-03-05T19:32:46.057+0000] {dag.py:4180} INFO - Setting next_dagrun for dataset_consumes_1_and_2 to None, run_after=None
[2025-03-05T19:32:46.059+0000] {logging_mixin.py:190} INFO - [2025-03-05T19:32:46.059+0000] {dag.py:4180} INFO - Setting next_dagrun for dataset_consumes_1_never_scheduled to None, run_after=None
[2025-03-05T19:32:46.060+0000] {logging_mixin.py:190} INFO - [2025-03-05T19:32:46.060+0000] {dag.py:4180} INFO - Setting next_dagrun for dataset_consumes_unknown_never_scheduled to None, run_after=None
[2025-03-05T19:32:46.062+0000] {logging_mixin.py:190} INFO - [2025-03-05T19:32:46.061+0000] {dag.py:4180} INFO - Setting next_dagrun for dataset_produces_1 to 2025-03-04 00:00:00+00:00, run_after=2025-03-05 00:00:00+00:00
[2025-03-05T19:32:46.063+0000] {logging_mixin.py:190} INFO - [2025-03-05T19:32:46.062+0000] {dag.py:4180} INFO - Setting next_dagrun for dataset_produces_2 to None, run_after=None
[2025-03-05T19:32:46.089+0000] {processor.py:208} INFO - Processing /home/airflow/.local/lib/python3.12/site-packages/airflow/example_dags/example_datasets.py took 0.662 seconds
