[2025-03-05T19:30:13.809+0000] {processor.py:186} INFO - Started process (PID=106) to work on /home/airflow/.local/lib/python3.12/site-packages/airflow/example_dags/example_latest_only.py
[2025-03-05T19:30:13.810+0000] {processor.py:914} INFO - Processing file /home/airflow/.local/lib/python3.12/site-packages/airflow/example_dags/example_latest_only.py for tasks to queue
[2025-03-05T19:30:13.811+0000] {logging_mixin.py:190} INFO - [2025-03-05T19:30:13.811+0000] {dagbag.py:588} INFO - Filling up the DagBag from /home/airflow/.local/lib/python3.12/site-packages/airflow/example_dags/example_latest_only.py
[2025-03-05T19:30:13.817+0000] {processor.py:925} INFO - DAG(s) 'latest_only' retrieved from /home/airflow/.local/lib/python3.12/site-packages/airflow/example_dags/example_latest_only.py
[2025-03-05T19:30:13.891+0000] {logging_mixin.py:190} INFO - [2025-03-05T19:30:13.890+0000] {override.py:1912} INFO - Created Permission View: can delete on DAG:latest_only
[2025-03-05T19:30:13.898+0000] {logging_mixin.py:190} INFO - [2025-03-05T19:30:13.897+0000] {override.py:1912} INFO - Created Permission View: can edit on DAG:latest_only
[2025-03-05T19:30:13.902+0000] {logging_mixin.py:190} INFO - [2025-03-05T19:30:13.902+0000] {override.py:1912} INFO - Created Permission View: can read on DAG:latest_only
[2025-03-05T19:30:13.908+0000] {logging_mixin.py:190} INFO - [2025-03-05T19:30:13.908+0000] {override.py:1912} INFO - Created Permission View: menu access on DAG Run:latest_only
[2025-03-05T19:30:13.912+0000] {logging_mixin.py:190} INFO - [2025-03-05T19:30:13.912+0000] {override.py:1912} INFO - Created Permission View: can create on DAG Run:latest_only
[2025-03-05T19:30:13.917+0000] {logging_mixin.py:190} INFO - [2025-03-05T19:30:13.917+0000] {override.py:1912} INFO - Created Permission View: can delete on DAG Run:latest_only
[2025-03-05T19:30:13.921+0000] {logging_mixin.py:190} INFO - [2025-03-05T19:30:13.921+0000] {override.py:1912} INFO - Created Permission View: can read on DAG Run:latest_only
[2025-03-05T19:30:13.922+0000] {logging_mixin.py:190} INFO - [2025-03-05T19:30:13.922+0000] {dag.py:3239} INFO - Sync 1 DAGs
[2025-03-05T19:30:13.932+0000] {logging_mixin.py:190} INFO - [2025-03-05T19:30:13.932+0000] {dag.py:3262} INFO - Creating ORM DAG for latest_only
[2025-03-05T19:30:13.939+0000] {logging_mixin.py:190} INFO - [2025-03-05T19:30:13.939+0000] {dag.py:4180} INFO - Setting next_dagrun for latest_only to 2025-03-05 12:00:00+00:00, run_after=2025-03-05 16:00:00+00:00
[2025-03-05T19:30:13.951+0000] {processor.py:208} INFO - Processing /home/airflow/.local/lib/python3.12/site-packages/airflow/example_dags/example_latest_only.py took 0.146 seconds
[2025-03-05T19:30:44.001+0000] {processor.py:186} INFO - Started process (PID=169) to work on /home/airflow/.local/lib/python3.12/site-packages/airflow/example_dags/example_latest_only.py
[2025-03-05T19:30:44.001+0000] {processor.py:914} INFO - Processing file /home/airflow/.local/lib/python3.12/site-packages/airflow/example_dags/example_latest_only.py for tasks to queue
[2025-03-05T19:30:44.003+0000] {logging_mixin.py:190} INFO - [2025-03-05T19:30:44.003+0000] {dagbag.py:588} INFO - Filling up the DagBag from /home/airflow/.local/lib/python3.12/site-packages/airflow/example_dags/example_latest_only.py
[2025-03-05T19:30:44.009+0000] {processor.py:925} INFO - DAG(s) 'latest_only' retrieved from /home/airflow/.local/lib/python3.12/site-packages/airflow/example_dags/example_latest_only.py
[2025-03-05T19:30:44.023+0000] {logging_mixin.py:190} INFO - [2025-03-05T19:30:44.023+0000] {dag.py:3239} INFO - Sync 1 DAGs
[2025-03-05T19:30:44.043+0000] {logging_mixin.py:190} INFO - [2025-03-05T19:30:44.043+0000] {dag.py:4180} INFO - Setting next_dagrun for latest_only to 2025-03-05 12:00:00+00:00, run_after=2025-03-05 16:00:00+00:00
[2025-03-05T19:30:44.056+0000] {processor.py:208} INFO - Processing /home/airflow/.local/lib/python3.12/site-packages/airflow/example_dags/example_latest_only.py took 0.060 seconds
[2025-03-05T19:31:15.023+0000] {processor.py:186} INFO - Started process (PID=232) to work on /home/airflow/.local/lib/python3.12/site-packages/airflow/example_dags/example_latest_only.py
[2025-03-05T19:31:15.024+0000] {processor.py:914} INFO - Processing file /home/airflow/.local/lib/python3.12/site-packages/airflow/example_dags/example_latest_only.py for tasks to queue
[2025-03-05T19:31:15.026+0000] {logging_mixin.py:190} INFO - [2025-03-05T19:31:15.025+0000] {dagbag.py:588} INFO - Filling up the DagBag from /home/airflow/.local/lib/python3.12/site-packages/airflow/example_dags/example_latest_only.py
[2025-03-05T19:31:15.030+0000] {processor.py:925} INFO - DAG(s) 'latest_only' retrieved from /home/airflow/.local/lib/python3.12/site-packages/airflow/example_dags/example_latest_only.py
[2025-03-05T19:31:15.044+0000] {logging_mixin.py:190} INFO - [2025-03-05T19:31:15.044+0000] {dag.py:3239} INFO - Sync 1 DAGs
[2025-03-05T19:31:15.063+0000] {logging_mixin.py:190} INFO - [2025-03-05T19:31:15.062+0000] {dag.py:4180} INFO - Setting next_dagrun for latest_only to 2025-03-05 12:00:00+00:00, run_after=2025-03-05 16:00:00+00:00
[2025-03-05T19:31:15.078+0000] {processor.py:208} INFO - Processing /home/airflow/.local/lib/python3.12/site-packages/airflow/example_dags/example_latest_only.py took 0.059 seconds
[2025-03-05T19:31:46.224+0000] {processor.py:186} INFO - Started process (PID=295) to work on /home/airflow/.local/lib/python3.12/site-packages/airflow/example_dags/example_latest_only.py
[2025-03-05T19:31:46.224+0000] {processor.py:914} INFO - Processing file /home/airflow/.local/lib/python3.12/site-packages/airflow/example_dags/example_latest_only.py for tasks to queue
[2025-03-05T19:31:46.226+0000] {logging_mixin.py:190} INFO - [2025-03-05T19:31:46.225+0000] {dagbag.py:588} INFO - Filling up the DagBag from /home/airflow/.local/lib/python3.12/site-packages/airflow/example_dags/example_latest_only.py
[2025-03-05T19:31:46.230+0000] {processor.py:925} INFO - DAG(s) 'latest_only' retrieved from /home/airflow/.local/lib/python3.12/site-packages/airflow/example_dags/example_latest_only.py
[2025-03-05T19:31:46.245+0000] {logging_mixin.py:190} INFO - [2025-03-05T19:31:46.244+0000] {dag.py:3239} INFO - Sync 1 DAGs
[2025-03-05T19:31:46.263+0000] {logging_mixin.py:190} INFO - [2025-03-05T19:31:46.263+0000] {dag.py:4180} INFO - Setting next_dagrun for latest_only to 2025-03-05 12:00:00+00:00, run_after=2025-03-05 16:00:00+00:00
[2025-03-05T19:31:46.276+0000] {processor.py:208} INFO - Processing /home/airflow/.local/lib/python3.12/site-packages/airflow/example_dags/example_latest_only.py took 0.056 seconds
[2025-03-05T19:32:16.648+0000] {processor.py:186} INFO - Started process (PID=358) to work on /home/airflow/.local/lib/python3.12/site-packages/airflow/example_dags/example_latest_only.py
[2025-03-05T19:32:16.649+0000] {processor.py:914} INFO - Processing file /home/airflow/.local/lib/python3.12/site-packages/airflow/example_dags/example_latest_only.py for tasks to queue
[2025-03-05T19:32:16.650+0000] {logging_mixin.py:190} INFO - [2025-03-05T19:32:16.650+0000] {dagbag.py:588} INFO - Filling up the DagBag from /home/airflow/.local/lib/python3.12/site-packages/airflow/example_dags/example_latest_only.py
[2025-03-05T19:32:16.655+0000] {processor.py:925} INFO - DAG(s) 'latest_only' retrieved from /home/airflow/.local/lib/python3.12/site-packages/airflow/example_dags/example_latest_only.py
[2025-03-05T19:32:16.667+0000] {logging_mixin.py:190} INFO - [2025-03-05T19:32:16.667+0000] {dag.py:3239} INFO - Sync 1 DAGs
[2025-03-05T19:32:16.684+0000] {logging_mixin.py:190} INFO - [2025-03-05T19:32:16.684+0000] {dag.py:4180} INFO - Setting next_dagrun for latest_only to 2025-03-05 12:00:00+00:00, run_after=2025-03-05 16:00:00+00:00
[2025-03-05T19:32:16.697+0000] {processor.py:208} INFO - Processing /home/airflow/.local/lib/python3.12/site-packages/airflow/example_dags/example_latest_only.py took 0.053 seconds
[2025-03-05T19:32:48.397+0000] {processor.py:186} INFO - Started process (PID=421) to work on /home/airflow/.local/lib/python3.12/site-packages/airflow/example_dags/example_latest_only.py
[2025-03-05T19:32:48.398+0000] {processor.py:914} INFO - Processing file /home/airflow/.local/lib/python3.12/site-packages/airflow/example_dags/example_latest_only.py for tasks to queue
[2025-03-05T19:32:48.399+0000] {logging_mixin.py:190} INFO - [2025-03-05T19:32:48.399+0000] {dagbag.py:588} INFO - Filling up the DagBag from /home/airflow/.local/lib/python3.12/site-packages/airflow/example_dags/example_latest_only.py
[2025-03-05T19:32:48.404+0000] {processor.py:925} INFO - DAG(s) 'latest_only' retrieved from /home/airflow/.local/lib/python3.12/site-packages/airflow/example_dags/example_latest_only.py
[2025-03-05T19:32:48.420+0000] {logging_mixin.py:190} INFO - [2025-03-05T19:32:48.419+0000] {dag.py:3239} INFO - Sync 1 DAGs
[2025-03-05T19:32:48.437+0000] {logging_mixin.py:190} INFO - [2025-03-05T19:32:48.437+0000] {dag.py:4180} INFO - Setting next_dagrun for latest_only to 2025-03-05 12:00:00+00:00, run_after=2025-03-05 16:00:00+00:00
[2025-03-05T19:32:48.450+0000] {processor.py:208} INFO - Processing /home/airflow/.local/lib/python3.12/site-packages/airflow/example_dags/example_latest_only.py took 0.057 seconds
