[2025-03-05T19:30:06.469+0000] {processor.py:186} INFO - Started process (PID=61) to work on /home/airflow/.local/lib/python3.12/site-packages/airflow/example_dags/example_params_trigger_ui.py
[2025-03-05T19:30:06.471+0000] {processor.py:914} INFO - Processing file /home/airflow/.local/lib/python3.12/site-packages/airflow/example_dags/example_params_trigger_ui.py for tasks to queue
[2025-03-05T19:30:06.473+0000] {logging_mixin.py:190} INFO - [2025-03-05T19:30:06.473+0000] {dagbag.py:588} INFO - Filling up the DagBag from /home/airflow/.local/lib/python3.12/site-packages/airflow/example_dags/example_params_trigger_ui.py
[2025-03-05T19:30:06.497+0000] {processor.py:925} INFO - DAG(s) 'example_params_trigger_ui' retrieved from /home/airflow/.local/lib/python3.12/site-packages/airflow/example_dags/example_params_trigger_ui.py
[2025-03-05T19:30:06.725+0000] {logging_mixin.py:190} INFO - [2025-03-05T19:30:06.724+0000] {override.py:1912} INFO - Created Permission View: can delete on DAG:example_params_trigger_ui
[2025-03-05T19:30:06.766+0000] {logging_mixin.py:190} INFO - [2025-03-05T19:30:06.766+0000] {override.py:1912} INFO - Created Permission View: can edit on DAG:example_params_trigger_ui
[2025-03-05T19:30:06.771+0000] {logging_mixin.py:190} INFO - [2025-03-05T19:30:06.771+0000] {override.py:1912} INFO - Created Permission View: can read on DAG:example_params_trigger_ui
[2025-03-05T19:30:06.776+0000] {logging_mixin.py:190} INFO - [2025-03-05T19:30:06.776+0000] {override.py:1912} INFO - Created Permission View: menu access on DAG Run:example_params_trigger_ui
[2025-03-05T19:30:06.781+0000] {logging_mixin.py:190} INFO - [2025-03-05T19:30:06.781+0000] {override.py:1912} INFO - Created Permission View: can create on DAG Run:example_params_trigger_ui
[2025-03-05T19:30:06.786+0000] {logging_mixin.py:190} INFO - [2025-03-05T19:30:06.786+0000] {override.py:1912} INFO - Created Permission View: can delete on DAG Run:example_params_trigger_ui
[2025-03-05T19:30:06.796+0000] {logging_mixin.py:190} INFO - [2025-03-05T19:30:06.795+0000] {override.py:1912} INFO - Created Permission View: can read on DAG Run:example_params_trigger_ui
[2025-03-05T19:30:06.796+0000] {logging_mixin.py:190} INFO - [2025-03-05T19:30:06.796+0000] {dag.py:3239} INFO - Sync 1 DAGs
[2025-03-05T19:30:06.949+0000] {logging_mixin.py:190} INFO - [2025-03-05T19:30:06.948+0000] {dag.py:3262} INFO - Creating ORM DAG for example_params_trigger_ui
[2025-03-05T19:30:06.964+0000] {logging_mixin.py:190} INFO - [2025-03-05T19:30:06.964+0000] {dag.py:4180} INFO - Setting next_dagrun for example_params_trigger_ui to None, run_after=None
[2025-03-05T19:30:07.080+0000] {processor.py:208} INFO - Processing /home/airflow/.local/lib/python3.12/site-packages/airflow/example_dags/example_params_trigger_ui.py took 0.619 seconds
[2025-03-05T19:30:37.523+0000] {processor.py:186} INFO - Started process (PID=124) to work on /home/airflow/.local/lib/python3.12/site-packages/airflow/example_dags/example_params_trigger_ui.py
[2025-03-05T19:30:37.524+0000] {processor.py:914} INFO - Processing file /home/airflow/.local/lib/python3.12/site-packages/airflow/example_dags/example_params_trigger_ui.py for tasks to queue
[2025-03-05T19:30:37.527+0000] {logging_mixin.py:190} INFO - [2025-03-05T19:30:37.527+0000] {dagbag.py:588} INFO - Filling up the DagBag from /home/airflow/.local/lib/python3.12/site-packages/airflow/example_dags/example_params_trigger_ui.py
[2025-03-05T19:30:37.538+0000] {processor.py:925} INFO - DAG(s) 'example_params_trigger_ui' retrieved from /home/airflow/.local/lib/python3.12/site-packages/airflow/example_dags/example_params_trigger_ui.py
[2025-03-05T19:30:37.576+0000] {logging_mixin.py:190} INFO - [2025-03-05T19:30:37.575+0000] {dag.py:3239} INFO - Sync 1 DAGs
[2025-03-05T19:30:37.585+0000] {logging_mixin.py:190} INFO - [2025-03-05T19:30:37.585+0000] {dag.py:4180} INFO - Setting next_dagrun for example_params_trigger_ui to None, run_after=None
[2025-03-05T19:30:37.598+0000] {processor.py:208} INFO - Processing /home/airflow/.local/lib/python3.12/site-packages/airflow/example_dags/example_params_trigger_ui.py took 0.079 seconds
[2025-03-05T19:31:08.001+0000] {processor.py:186} INFO - Started process (PID=187) to work on /home/airflow/.local/lib/python3.12/site-packages/airflow/example_dags/example_params_trigger_ui.py
[2025-03-05T19:31:08.001+0000] {processor.py:914} INFO - Processing file /home/airflow/.local/lib/python3.12/site-packages/airflow/example_dags/example_params_trigger_ui.py for tasks to queue
[2025-03-05T19:31:08.003+0000] {logging_mixin.py:190} INFO - [2025-03-05T19:31:08.003+0000] {dagbag.py:588} INFO - Filling up the DagBag from /home/airflow/.local/lib/python3.12/site-packages/airflow/example_dags/example_params_trigger_ui.py
[2025-03-05T19:31:08.012+0000] {processor.py:925} INFO - DAG(s) 'example_params_trigger_ui' retrieved from /home/airflow/.local/lib/python3.12/site-packages/airflow/example_dags/example_params_trigger_ui.py
[2025-03-05T19:31:08.046+0000] {logging_mixin.py:190} INFO - [2025-03-05T19:31:08.045+0000] {dag.py:3239} INFO - Sync 1 DAGs
[2025-03-05T19:31:08.058+0000] {logging_mixin.py:190} INFO - [2025-03-05T19:31:08.058+0000] {dag.py:4180} INFO - Setting next_dagrun for example_params_trigger_ui to None, run_after=None
[2025-03-05T19:31:08.072+0000] {processor.py:208} INFO - Processing /home/airflow/.local/lib/python3.12/site-packages/airflow/example_dags/example_params_trigger_ui.py took 0.076 seconds
[2025-03-05T19:31:38.308+0000] {processor.py:186} INFO - Started process (PID=250) to work on /home/airflow/.local/lib/python3.12/site-packages/airflow/example_dags/example_params_trigger_ui.py
[2025-03-05T19:31:38.309+0000] {processor.py:914} INFO - Processing file /home/airflow/.local/lib/python3.12/site-packages/airflow/example_dags/example_params_trigger_ui.py for tasks to queue
[2025-03-05T19:31:38.310+0000] {logging_mixin.py:190} INFO - [2025-03-05T19:31:38.310+0000] {dagbag.py:588} INFO - Filling up the DagBag from /home/airflow/.local/lib/python3.12/site-packages/airflow/example_dags/example_params_trigger_ui.py
[2025-03-05T19:31:38.318+0000] {processor.py:925} INFO - DAG(s) 'example_params_trigger_ui' retrieved from /home/airflow/.local/lib/python3.12/site-packages/airflow/example_dags/example_params_trigger_ui.py
[2025-03-05T19:31:38.356+0000] {logging_mixin.py:190} INFO - [2025-03-05T19:31:38.356+0000] {dag.py:3239} INFO - Sync 1 DAGs
[2025-03-05T19:31:38.368+0000] {logging_mixin.py:190} INFO - [2025-03-05T19:31:38.368+0000] {dag.py:4180} INFO - Setting next_dagrun for example_params_trigger_ui to None, run_after=None
[2025-03-05T19:31:38.382+0000] {processor.py:208} INFO - Processing /home/airflow/.local/lib/python3.12/site-packages/airflow/example_dags/example_params_trigger_ui.py took 0.078 seconds
[2025-03-05T19:32:08.901+0000] {processor.py:186} INFO - Started process (PID=319) to work on /home/airflow/.local/lib/python3.12/site-packages/airflow/example_dags/example_params_trigger_ui.py
[2025-03-05T19:32:08.902+0000] {processor.py:914} INFO - Processing file /home/airflow/.local/lib/python3.12/site-packages/airflow/example_dags/example_params_trigger_ui.py for tasks to queue
[2025-03-05T19:32:08.904+0000] {logging_mixin.py:190} INFO - [2025-03-05T19:32:08.904+0000] {dagbag.py:588} INFO - Filling up the DagBag from /home/airflow/.local/lib/python3.12/site-packages/airflow/example_dags/example_params_trigger_ui.py
[2025-03-05T19:32:08.912+0000] {processor.py:925} INFO - DAG(s) 'example_params_trigger_ui' retrieved from /home/airflow/.local/lib/python3.12/site-packages/airflow/example_dags/example_params_trigger_ui.py
[2025-03-05T19:32:08.946+0000] {logging_mixin.py:190} INFO - [2025-03-05T19:32:08.946+0000] {dag.py:3239} INFO - Sync 1 DAGs
[2025-03-05T19:32:08.959+0000] {logging_mixin.py:190} INFO - [2025-03-05T19:32:08.959+0000] {dag.py:4180} INFO - Setting next_dagrun for example_params_trigger_ui to None, run_after=None
[2025-03-05T19:32:08.971+0000] {processor.py:208} INFO - Processing /home/airflow/.local/lib/python3.12/site-packages/airflow/example_dags/example_params_trigger_ui.py took 0.073 seconds
[2025-03-05T19:32:39.301+0000] {processor.py:186} INFO - Started process (PID=382) to work on /home/airflow/.local/lib/python3.12/site-packages/airflow/example_dags/example_params_trigger_ui.py
[2025-03-05T19:32:39.302+0000] {processor.py:914} INFO - Processing file /home/airflow/.local/lib/python3.12/site-packages/airflow/example_dags/example_params_trigger_ui.py for tasks to queue
[2025-03-05T19:32:39.303+0000] {logging_mixin.py:190} INFO - [2025-03-05T19:32:39.303+0000] {dagbag.py:588} INFO - Filling up the DagBag from /home/airflow/.local/lib/python3.12/site-packages/airflow/example_dags/example_params_trigger_ui.py
[2025-03-05T19:32:39.312+0000] {processor.py:925} INFO - DAG(s) 'example_params_trigger_ui' retrieved from /home/airflow/.local/lib/python3.12/site-packages/airflow/example_dags/example_params_trigger_ui.py
[2025-03-05T19:32:39.346+0000] {logging_mixin.py:190} INFO - [2025-03-05T19:32:39.346+0000] {dag.py:3239} INFO - Sync 1 DAGs
[2025-03-05T19:32:39.358+0000] {logging_mixin.py:190} INFO - [2025-03-05T19:32:39.358+0000] {dag.py:4180} INFO - Setting next_dagrun for example_params_trigger_ui to None, run_after=None
[2025-03-05T19:32:39.372+0000] {processor.py:208} INFO - Processing /home/airflow/.local/lib/python3.12/site-packages/airflow/example_dags/example_params_trigger_ui.py took 0.074 seconds
