[2025-03-05T19:30:14.291+0000] {processor.py:186} INFO - Started process (PID=111) to work on /home/airflow/.local/lib/python3.12/site-packages/airflow/example_dags/example_branch_datetime_operator.py
[2025-03-05T19:30:14.291+0000] {processor.py:914} INFO - Processing file /home/airflow/.local/lib/python3.12/site-packages/airflow/example_dags/example_branch_datetime_operator.py for tasks to queue
[2025-03-05T19:30:14.293+0000] {logging_mixin.py:190} INFO - [2025-03-05T19:30:14.293+0000] {dagbag.py:588} INFO - Filling up the DagBag from /home/airflow/.local/lib/python3.12/site-packages/airflow/example_dags/example_branch_datetime_operator.py
[2025-03-05T19:30:14.302+0000] {processor.py:925} INFO - DAG(s) 'example_branch_datetime_operator_2', 'example_branch_datetime_operator', 'example_branch_datetime_operator_3' retrieved from /home/airflow/.local/lib/python3.12/site-packages/airflow/example_dags/example_branch_datetime_operator.py
[2025-03-05T19:30:14.391+0000] {logging_mixin.py:190} INFO - [2025-03-05T19:30:14.390+0000] {override.py:1912} INFO - Created Permission View: can delete on DAG:example_branch_datetime_operator_2
[2025-03-05T19:30:14.398+0000] {logging_mixin.py:190} INFO - [2025-03-05T19:30:14.398+0000] {override.py:1912} INFO - Created Permission View: can edit on DAG:example_branch_datetime_operator_2
[2025-03-05T19:30:14.404+0000] {logging_mixin.py:190} INFO - [2025-03-05T19:30:14.403+0000] {override.py:1912} INFO - Created Permission View: can read on DAG:example_branch_datetime_operator_2
[2025-03-05T19:30:14.409+0000] {logging_mixin.py:190} INFO - [2025-03-05T19:30:14.409+0000] {override.py:1912} INFO - Created Permission View: menu access on DAG Run:example_branch_datetime_operator_2
[2025-03-05T19:30:14.414+0000] {logging_mixin.py:190} INFO - [2025-03-05T19:30:14.414+0000] {override.py:1912} INFO - Created Permission View: can create on DAG Run:example_branch_datetime_operator_2
[2025-03-05T19:30:14.420+0000] {logging_mixin.py:190} INFO - [2025-03-05T19:30:14.419+0000] {override.py:1912} INFO - Created Permission View: can delete on DAG Run:example_branch_datetime_operator_2
[2025-03-05T19:30:14.425+0000] {logging_mixin.py:190} INFO - [2025-03-05T19:30:14.424+0000] {override.py:1912} INFO - Created Permission View: can read on DAG Run:example_branch_datetime_operator_2
[2025-03-05T19:30:14.435+0000] {logging_mixin.py:190} INFO - [2025-03-05T19:30:14.435+0000] {override.py:1912} INFO - Created Permission View: can delete on DAG:example_branch_datetime_operator
[2025-03-05T19:30:14.441+0000] {logging_mixin.py:190} INFO - [2025-03-05T19:30:14.441+0000] {override.py:1912} INFO - Created Permission View: can edit on DAG:example_branch_datetime_operator
[2025-03-05T19:30:14.446+0000] {logging_mixin.py:190} INFO - [2025-03-05T19:30:14.446+0000] {override.py:1912} INFO - Created Permission View: can read on DAG:example_branch_datetime_operator
[2025-03-05T19:30:14.452+0000] {logging_mixin.py:190} INFO - [2025-03-05T19:30:14.452+0000] {override.py:1912} INFO - Created Permission View: menu access on DAG Run:example_branch_datetime_operator
[2025-03-05T19:30:14.457+0000] {logging_mixin.py:190} INFO - [2025-03-05T19:30:14.457+0000] {override.py:1912} INFO - Created Permission View: can create on DAG Run:example_branch_datetime_operator
[2025-03-05T19:30:14.462+0000] {logging_mixin.py:190} INFO - [2025-03-05T19:30:14.462+0000] {override.py:1912} INFO - Created Permission View: can delete on DAG Run:example_branch_datetime_operator
[2025-03-05T19:30:14.467+0000] {logging_mixin.py:190} INFO - [2025-03-05T19:30:14.467+0000] {override.py:1912} INFO - Created Permission View: can read on DAG Run:example_branch_datetime_operator
[2025-03-05T19:30:14.477+0000] {logging_mixin.py:190} INFO - [2025-03-05T19:30:14.477+0000] {override.py:1912} INFO - Created Permission View: can delete on DAG:example_branch_datetime_operator_3
[2025-03-05T19:30:14.482+0000] {logging_mixin.py:190} INFO - [2025-03-05T19:30:14.482+0000] {override.py:1912} INFO - Created Permission View: can edit on DAG:example_branch_datetime_operator_3
[2025-03-05T19:30:14.487+0000] {logging_mixin.py:190} INFO - [2025-03-05T19:30:14.487+0000] {override.py:1912} INFO - Created Permission View: can read on DAG:example_branch_datetime_operator_3
[2025-03-05T19:30:14.493+0000] {logging_mixin.py:190} INFO - [2025-03-05T19:30:14.492+0000] {override.py:1912} INFO - Created Permission View: menu access on DAG Run:example_branch_datetime_operator_3
[2025-03-05T19:30:14.497+0000] {logging_mixin.py:190} INFO - [2025-03-05T19:30:14.497+0000] {override.py:1912} INFO - Created Permission View: can create on DAG Run:example_branch_datetime_operator_3
[2025-03-05T19:30:14.502+0000] {logging_mixin.py:190} INFO - [2025-03-05T19:30:14.502+0000] {override.py:1912} INFO - Created Permission View: can delete on DAG Run:example_branch_datetime_operator_3
[2025-03-05T19:30:14.507+0000] {logging_mixin.py:190} INFO - [2025-03-05T19:30:14.507+0000] {override.py:1912} INFO - Created Permission View: can read on DAG Run:example_branch_datetime_operator_3
[2025-03-05T19:30:14.507+0000] {logging_mixin.py:190} INFO - [2025-03-05T19:30:14.507+0000] {dag.py:3239} INFO - Sync 3 DAGs
[2025-03-05T19:30:14.518+0000] {logging_mixin.py:190} INFO - [2025-03-05T19:30:14.518+0000] {dag.py:3262} INFO - Creating ORM DAG for example_branch_datetime_operator_2
[2025-03-05T19:30:14.519+0000] {logging_mixin.py:190} INFO - [2025-03-05T19:30:14.519+0000] {dag.py:3262} INFO - Creating ORM DAG for example_branch_datetime_operator_3
[2025-03-05T19:30:14.520+0000] {logging_mixin.py:190} INFO - [2025-03-05T19:30:14.519+0000] {dag.py:3262} INFO - Creating ORM DAG for example_branch_datetime_operator
[2025-03-05T19:30:14.528+0000] {logging_mixin.py:190} INFO - [2025-03-05T19:30:14.528+0000] {dag.py:4180} INFO - Setting next_dagrun for example_branch_datetime_operator to 2025-03-04 00:00:00+00:00, run_after=2025-03-05 00:00:00+00:00
[2025-03-05T19:30:14.530+0000] {logging_mixin.py:190} INFO - [2025-03-05T19:30:14.530+0000] {dag.py:4180} INFO - Setting next_dagrun for example_branch_datetime_operator_2 to 2025-03-04 00:00:00+00:00, run_after=2025-03-05 00:00:00+00:00
[2025-03-05T19:30:14.531+0000] {logging_mixin.py:190} INFO - [2025-03-05T19:30:14.531+0000] {dag.py:4180} INFO - Setting next_dagrun for example_branch_datetime_operator_3 to 2025-03-04 00:00:00+00:00, run_after=2025-03-05 00:00:00+00:00
[2025-03-05T19:30:14.546+0000] {processor.py:208} INFO - Processing /home/airflow/.local/lib/python3.12/site-packages/airflow/example_dags/example_branch_datetime_operator.py took 0.260 seconds
[2025-03-05T19:30:45.259+0000] {processor.py:186} INFO - Started process (PID=174) to work on /home/airflow/.local/lib/python3.12/site-packages/airflow/example_dags/example_branch_datetime_operator.py
[2025-03-05T19:30:45.260+0000] {processor.py:914} INFO - Processing file /home/airflow/.local/lib/python3.12/site-packages/airflow/example_dags/example_branch_datetime_operator.py for tasks to queue
[2025-03-05T19:30:45.262+0000] {logging_mixin.py:190} INFO - [2025-03-05T19:30:45.261+0000] {dagbag.py:588} INFO - Filling up the DagBag from /home/airflow/.local/lib/python3.12/site-packages/airflow/example_dags/example_branch_datetime_operator.py
[2025-03-05T19:30:45.270+0000] {processor.py:925} INFO - DAG(s) 'example_branch_datetime_operator_3', 'example_branch_datetime_operator', 'example_branch_datetime_operator_2' retrieved from /home/airflow/.local/lib/python3.12/site-packages/airflow/example_dags/example_branch_datetime_operator.py
[2025-03-05T19:30:45.289+0000] {logging_mixin.py:190} INFO - [2025-03-05T19:30:45.289+0000] {dag.py:3239} INFO - Sync 3 DAGs
[2025-03-05T19:30:45.307+0000] {logging_mixin.py:190} INFO - [2025-03-05T19:30:45.307+0000] {dag.py:4180} INFO - Setting next_dagrun for example_branch_datetime_operator to 2025-03-04 00:00:00+00:00, run_after=2025-03-05 00:00:00+00:00
[2025-03-05T19:30:45.311+0000] {logging_mixin.py:190} INFO - [2025-03-05T19:30:45.311+0000] {dag.py:4180} INFO - Setting next_dagrun for example_branch_datetime_operator_2 to 2025-03-04 00:00:00+00:00, run_after=2025-03-05 00:00:00+00:00
[2025-03-05T19:30:45.313+0000] {logging_mixin.py:190} INFO - [2025-03-05T19:30:45.313+0000] {dag.py:4180} INFO - Setting next_dagrun for example_branch_datetime_operator_3 to 2025-03-04 00:00:00+00:00, run_after=2025-03-05 00:00:00+00:00
[2025-03-05T19:30:45.324+0000] {processor.py:208} INFO - Processing /home/airflow/.local/lib/python3.12/site-packages/airflow/example_dags/example_branch_datetime_operator.py took 0.069 seconds
[2025-03-05T19:31:16.199+0000] {processor.py:186} INFO - Started process (PID=237) to work on /home/airflow/.local/lib/python3.12/site-packages/airflow/example_dags/example_branch_datetime_operator.py
[2025-03-05T19:31:16.200+0000] {processor.py:914} INFO - Processing file /home/airflow/.local/lib/python3.12/site-packages/airflow/example_dags/example_branch_datetime_operator.py for tasks to queue
[2025-03-05T19:31:16.202+0000] {logging_mixin.py:190} INFO - [2025-03-05T19:31:16.201+0000] {dagbag.py:588} INFO - Filling up the DagBag from /home/airflow/.local/lib/python3.12/site-packages/airflow/example_dags/example_branch_datetime_operator.py
[2025-03-05T19:31:16.211+0000] {processor.py:925} INFO - DAG(s) 'example_branch_datetime_operator_2', 'example_branch_datetime_operator_3', 'example_branch_datetime_operator' retrieved from /home/airflow/.local/lib/python3.12/site-packages/airflow/example_dags/example_branch_datetime_operator.py
[2025-03-05T19:31:16.230+0000] {logging_mixin.py:190} INFO - [2025-03-05T19:31:16.230+0000] {dag.py:3239} INFO - Sync 3 DAGs
[2025-03-05T19:31:16.248+0000] {logging_mixin.py:190} INFO - [2025-03-05T19:31:16.247+0000] {dag.py:4180} INFO - Setting next_dagrun for example_branch_datetime_operator to 2025-03-04 00:00:00+00:00, run_after=2025-03-05 00:00:00+00:00
[2025-03-05T19:31:16.252+0000] {logging_mixin.py:190} INFO - [2025-03-05T19:31:16.251+0000] {dag.py:4180} INFO - Setting next_dagrun for example_branch_datetime_operator_2 to 2025-03-04 00:00:00+00:00, run_after=2025-03-05 00:00:00+00:00
[2025-03-05T19:31:16.253+0000] {logging_mixin.py:190} INFO - [2025-03-05T19:31:16.253+0000] {dag.py:4180} INFO - Setting next_dagrun for example_branch_datetime_operator_3 to 2025-03-04 00:00:00+00:00, run_after=2025-03-05 00:00:00+00:00
[2025-03-05T19:31:16.265+0000] {processor.py:208} INFO - Processing /home/airflow/.local/lib/python3.12/site-packages/airflow/example_dags/example_branch_datetime_operator.py took 0.070 seconds
[2025-03-05T19:31:46.415+0000] {processor.py:186} INFO - Started process (PID=300) to work on /home/airflow/.local/lib/python3.12/site-packages/airflow/example_dags/example_branch_datetime_operator.py
[2025-03-05T19:31:46.415+0000] {processor.py:914} INFO - Processing file /home/airflow/.local/lib/python3.12/site-packages/airflow/example_dags/example_branch_datetime_operator.py for tasks to queue
[2025-03-05T19:31:46.417+0000] {logging_mixin.py:190} INFO - [2025-03-05T19:31:46.417+0000] {dagbag.py:588} INFO - Filling up the DagBag from /home/airflow/.local/lib/python3.12/site-packages/airflow/example_dags/example_branch_datetime_operator.py
[2025-03-05T19:31:46.425+0000] {processor.py:925} INFO - DAG(s) 'example_branch_datetime_operator', 'example_branch_datetime_operator_2', 'example_branch_datetime_operator_3' retrieved from /home/airflow/.local/lib/python3.12/site-packages/airflow/example_dags/example_branch_datetime_operator.py
[2025-03-05T19:31:46.445+0000] {logging_mixin.py:190} INFO - [2025-03-05T19:31:46.444+0000] {dag.py:3239} INFO - Sync 3 DAGs
[2025-03-05T19:31:46.463+0000] {logging_mixin.py:190} INFO - [2025-03-05T19:31:46.463+0000] {dag.py:4180} INFO - Setting next_dagrun for example_branch_datetime_operator to 2025-03-04 00:00:00+00:00, run_after=2025-03-05 00:00:00+00:00
[2025-03-05T19:31:46.467+0000] {logging_mixin.py:190} INFO - [2025-03-05T19:31:46.467+0000] {dag.py:4180} INFO - Setting next_dagrun for example_branch_datetime_operator_2 to 2025-03-04 00:00:00+00:00, run_after=2025-03-05 00:00:00+00:00
[2025-03-05T19:31:46.469+0000] {logging_mixin.py:190} INFO - [2025-03-05T19:31:46.469+0000] {dag.py:4180} INFO - Setting next_dagrun for example_branch_datetime_operator_3 to 2025-03-04 00:00:00+00:00, run_after=2025-03-05 00:00:00+00:00
[2025-03-05T19:31:46.482+0000] {processor.py:208} INFO - Processing /home/airflow/.local/lib/python3.12/site-packages/airflow/example_dags/example_branch_datetime_operator.py took 0.071 seconds
[2025-03-05T19:32:16.850+0000] {processor.py:186} INFO - Started process (PID=363) to work on /home/airflow/.local/lib/python3.12/site-packages/airflow/example_dags/example_branch_datetime_operator.py
[2025-03-05T19:32:16.851+0000] {processor.py:914} INFO - Processing file /home/airflow/.local/lib/python3.12/site-packages/airflow/example_dags/example_branch_datetime_operator.py for tasks to queue
[2025-03-05T19:32:16.853+0000] {logging_mixin.py:190} INFO - [2025-03-05T19:32:16.852+0000] {dagbag.py:588} INFO - Filling up the DagBag from /home/airflow/.local/lib/python3.12/site-packages/airflow/example_dags/example_branch_datetime_operator.py
[2025-03-05T19:32:16.861+0000] {processor.py:925} INFO - DAG(s) 'example_branch_datetime_operator_3', 'example_branch_datetime_operator_2', 'example_branch_datetime_operator' retrieved from /home/airflow/.local/lib/python3.12/site-packages/airflow/example_dags/example_branch_datetime_operator.py
[2025-03-05T19:32:16.880+0000] {logging_mixin.py:190} INFO - [2025-03-05T19:32:16.880+0000] {dag.py:3239} INFO - Sync 3 DAGs
[2025-03-05T19:32:16.898+0000] {logging_mixin.py:190} INFO - [2025-03-05T19:32:16.898+0000] {dag.py:4180} INFO - Setting next_dagrun for example_branch_datetime_operator to 2025-03-04 00:00:00+00:00, run_after=2025-03-05 00:00:00+00:00
[2025-03-05T19:32:16.901+0000] {logging_mixin.py:190} INFO - [2025-03-05T19:32:16.901+0000] {dag.py:4180} INFO - Setting next_dagrun for example_branch_datetime_operator_2 to 2025-03-04 00:00:00+00:00, run_after=2025-03-05 00:00:00+00:00
[2025-03-05T19:32:16.903+0000] {logging_mixin.py:190} INFO - [2025-03-05T19:32:16.903+0000] {dag.py:4180} INFO - Setting next_dagrun for example_branch_datetime_operator_3 to 2025-03-04 00:00:00+00:00, run_after=2025-03-05 00:00:00+00:00
[2025-03-05T19:32:16.914+0000] {processor.py:208} INFO - Processing /home/airflow/.local/lib/python3.12/site-packages/airflow/example_dags/example_branch_datetime_operator.py took 0.067 seconds
[2025-03-05T19:32:48.687+0000] {processor.py:186} INFO - Started process (PID=426) to work on /home/airflow/.local/lib/python3.12/site-packages/airflow/example_dags/example_branch_datetime_operator.py
[2025-03-05T19:32:48.688+0000] {processor.py:914} INFO - Processing file /home/airflow/.local/lib/python3.12/site-packages/airflow/example_dags/example_branch_datetime_operator.py for tasks to queue
[2025-03-05T19:32:48.689+0000] {logging_mixin.py:190} INFO - [2025-03-05T19:32:48.689+0000] {dagbag.py:588} INFO - Filling up the DagBag from /home/airflow/.local/lib/python3.12/site-packages/airflow/example_dags/example_branch_datetime_operator.py
[2025-03-05T19:32:48.698+0000] {processor.py:925} INFO - DAG(s) 'example_branch_datetime_operator_3', 'example_branch_datetime_operator', 'example_branch_datetime_operator_2' retrieved from /home/airflow/.local/lib/python3.12/site-packages/airflow/example_dags/example_branch_datetime_operator.py
[2025-03-05T19:32:48.717+0000] {logging_mixin.py:190} INFO - [2025-03-05T19:32:48.717+0000] {dag.py:3239} INFO - Sync 3 DAGs
[2025-03-05T19:32:48.736+0000] {logging_mixin.py:190} INFO - [2025-03-05T19:32:48.735+0000] {dag.py:4180} INFO - Setting next_dagrun for example_branch_datetime_operator to 2025-03-04 00:00:00+00:00, run_after=2025-03-05 00:00:00+00:00
[2025-03-05T19:32:48.740+0000] {logging_mixin.py:190} INFO - [2025-03-05T19:32:48.739+0000] {dag.py:4180} INFO - Setting next_dagrun for example_branch_datetime_operator_2 to 2025-03-04 00:00:00+00:00, run_after=2025-03-05 00:00:00+00:00
[2025-03-05T19:32:48.742+0000] {logging_mixin.py:190} INFO - [2025-03-05T19:32:48.742+0000] {dag.py:4180} INFO - Setting next_dagrun for example_branch_datetime_operator_3 to 2025-03-04 00:00:00+00:00, run_after=2025-03-05 00:00:00+00:00
[2025-03-05T19:32:48.753+0000] {processor.py:208} INFO - Processing /home/airflow/.local/lib/python3.12/site-packages/airflow/example_dags/example_branch_datetime_operator.py took 0.070 seconds
