[2025-03-05T19:30:13.580+0000] {processor.py:186} INFO - Started process (PID=103) to work on /home/airflow/.local/lib/python3.12/site-packages/airflow/example_dags/tutorial_objectstorage.py
[2025-03-05T19:30:13.581+0000] {processor.py:914} INFO - Processing file /home/airflow/.local/lib/python3.12/site-packages/airflow/example_dags/tutorial_objectstorage.py for tasks to queue
[2025-03-05T19:30:13.582+0000] {logging_mixin.py:190} INFO - [2025-03-05T19:30:13.582+0000] {dagbag.py:588} INFO - Filling up the DagBag from /home/airflow/.local/lib/python3.12/site-packages/airflow/example_dags/tutorial_objectstorage.py
[2025-03-05T19:30:13.590+0000] {processor.py:925} INFO - DAG(s) 'tutorial_objectstorage' retrieved from /home/airflow/.local/lib/python3.12/site-packages/airflow/example_dags/tutorial_objectstorage.py
[2025-03-05T19:30:13.666+0000] {logging_mixin.py:190} INFO - [2025-03-05T19:30:13.665+0000] {override.py:1912} INFO - Created Permission View: can delete on DAG:tutorial_objectstorage
[2025-03-05T19:30:13.674+0000] {logging_mixin.py:190} INFO - [2025-03-05T19:30:13.674+0000] {override.py:1912} INFO - Created Permission View: can edit on DAG:tutorial_objectstorage
[2025-03-05T19:30:13.679+0000] {logging_mixin.py:190} INFO - [2025-03-05T19:30:13.678+0000] {override.py:1912} INFO - Created Permission View: can read on DAG:tutorial_objectstorage
[2025-03-05T19:30:13.684+0000] {logging_mixin.py:190} INFO - [2025-03-05T19:30:13.684+0000] {override.py:1912} INFO - Created Permission View: menu access on DAG Run:tutorial_objectstorage
[2025-03-05T19:30:13.689+0000] {logging_mixin.py:190} INFO - [2025-03-05T19:30:13.689+0000] {override.py:1912} INFO - Created Permission View: can create on DAG Run:tutorial_objectstorage
[2025-03-05T19:30:13.693+0000] {logging_mixin.py:190} INFO - [2025-03-05T19:30:13.693+0000] {override.py:1912} INFO - Created Permission View: can delete on DAG Run:tutorial_objectstorage
[2025-03-05T19:30:13.698+0000] {logging_mixin.py:190} INFO - [2025-03-05T19:30:13.697+0000] {override.py:1912} INFO - Created Permission View: can read on DAG Run:tutorial_objectstorage
[2025-03-05T19:30:13.698+0000] {logging_mixin.py:190} INFO - [2025-03-05T19:30:13.698+0000] {dag.py:3239} INFO - Sync 1 DAGs
[2025-03-05T19:30:13.707+0000] {logging_mixin.py:190} INFO - [2025-03-05T19:30:13.707+0000] {dag.py:3262} INFO - Creating ORM DAG for tutorial_objectstorage
[2025-03-05T19:30:13.708+0000] {logging_mixin.py:190} INFO - [2025-03-05T19:30:13.708+0000] {dag.py:4180} INFO - Setting next_dagrun for tutorial_objectstorage to None, run_after=None
[2025-03-05T19:30:13.720+0000] {processor.py:208} INFO - Processing /home/airflow/.local/lib/python3.12/site-packages/airflow/example_dags/tutorial_objectstorage.py took 0.143 seconds
[2025-03-05T19:30:43.798+0000] {processor.py:186} INFO - Started process (PID=166) to work on /home/airflow/.local/lib/python3.12/site-packages/airflow/example_dags/tutorial_objectstorage.py
[2025-03-05T19:30:43.798+0000] {processor.py:914} INFO - Processing file /home/airflow/.local/lib/python3.12/site-packages/airflow/example_dags/tutorial_objectstorage.py for tasks to queue
[2025-03-05T19:30:43.800+0000] {logging_mixin.py:190} INFO - [2025-03-05T19:30:43.800+0000] {dagbag.py:588} INFO - Filling up the DagBag from /home/airflow/.local/lib/python3.12/site-packages/airflow/example_dags/tutorial_objectstorage.py
[2025-03-05T19:30:43.805+0000] {processor.py:925} INFO - DAG(s) 'tutorial_objectstorage' retrieved from /home/airflow/.local/lib/python3.12/site-packages/airflow/example_dags/tutorial_objectstorage.py
[2025-03-05T19:30:43.819+0000] {logging_mixin.py:190} INFO - [2025-03-05T19:30:43.819+0000] {dag.py:3239} INFO - Sync 1 DAGs
[2025-03-05T19:30:43.830+0000] {logging_mixin.py:190} INFO - [2025-03-05T19:30:43.830+0000] {dag.py:4180} INFO - Setting next_dagrun for tutorial_objectstorage to None, run_after=None
[2025-03-05T19:30:43.842+0000] {processor.py:208} INFO - Processing /home/airflow/.local/lib/python3.12/site-packages/airflow/example_dags/tutorial_objectstorage.py took 0.048 seconds
[2025-03-05T19:31:14.878+0000] {processor.py:186} INFO - Started process (PID=229) to work on /home/airflow/.local/lib/python3.12/site-packages/airflow/example_dags/tutorial_objectstorage.py
[2025-03-05T19:31:14.879+0000] {processor.py:914} INFO - Processing file /home/airflow/.local/lib/python3.12/site-packages/airflow/example_dags/tutorial_objectstorage.py for tasks to queue
[2025-03-05T19:31:14.880+0000] {logging_mixin.py:190} INFO - [2025-03-05T19:31:14.880+0000] {dagbag.py:588} INFO - Filling up the DagBag from /home/airflow/.local/lib/python3.12/site-packages/airflow/example_dags/tutorial_objectstorage.py
[2025-03-05T19:31:14.887+0000] {processor.py:925} INFO - DAG(s) 'tutorial_objectstorage' retrieved from /home/airflow/.local/lib/python3.12/site-packages/airflow/example_dags/tutorial_objectstorage.py
[2025-03-05T19:31:14.901+0000] {logging_mixin.py:190} INFO - [2025-03-05T19:31:14.901+0000] {dag.py:3239} INFO - Sync 1 DAGs
[2025-03-05T19:31:14.912+0000] {logging_mixin.py:190} INFO - [2025-03-05T19:31:14.912+0000] {dag.py:4180} INFO - Setting next_dagrun for tutorial_objectstorage to None, run_after=None
[2025-03-05T19:31:14.925+0000] {processor.py:208} INFO - Processing /home/airflow/.local/lib/python3.12/site-packages/airflow/example_dags/tutorial_objectstorage.py took 0.051 seconds
[2025-03-05T19:31:46.119+0000] {processor.py:186} INFO - Started process (PID=292) to work on /home/airflow/.local/lib/python3.12/site-packages/airflow/example_dags/tutorial_objectstorage.py
[2025-03-05T19:31:46.119+0000] {processor.py:914} INFO - Processing file /home/airflow/.local/lib/python3.12/site-packages/airflow/example_dags/tutorial_objectstorage.py for tasks to queue
[2025-03-05T19:31:46.121+0000] {logging_mixin.py:190} INFO - [2025-03-05T19:31:46.121+0000] {dagbag.py:588} INFO - Filling up the DagBag from /home/airflow/.local/lib/python3.12/site-packages/airflow/example_dags/tutorial_objectstorage.py
[2025-03-05T19:31:46.127+0000] {processor.py:925} INFO - DAG(s) 'tutorial_objectstorage' retrieved from /home/airflow/.local/lib/python3.12/site-packages/airflow/example_dags/tutorial_objectstorage.py
[2025-03-05T19:31:46.140+0000] {logging_mixin.py:190} INFO - [2025-03-05T19:31:46.140+0000] {dag.py:3239} INFO - Sync 1 DAGs
[2025-03-05T19:31:46.152+0000] {logging_mixin.py:190} INFO - [2025-03-05T19:31:46.152+0000] {dag.py:4180} INFO - Setting next_dagrun for tutorial_objectstorage to None, run_after=None
[2025-03-05T19:31:46.166+0000] {processor.py:208} INFO - Processing /home/airflow/.local/lib/python3.12/site-packages/airflow/example_dags/tutorial_objectstorage.py took 0.051 seconds
[2025-03-05T19:32:16.564+0000] {processor.py:186} INFO - Started process (PID=355) to work on /home/airflow/.local/lib/python3.12/site-packages/airflow/example_dags/tutorial_objectstorage.py
[2025-03-05T19:32:16.564+0000] {processor.py:914} INFO - Processing file /home/airflow/.local/lib/python3.12/site-packages/airflow/example_dags/tutorial_objectstorage.py for tasks to queue
[2025-03-05T19:32:16.566+0000] {logging_mixin.py:190} INFO - [2025-03-05T19:32:16.565+0000] {dagbag.py:588} INFO - Filling up the DagBag from /home/airflow/.local/lib/python3.12/site-packages/airflow/example_dags/tutorial_objectstorage.py
[2025-03-05T19:32:16.572+0000] {processor.py:925} INFO - DAG(s) 'tutorial_objectstorage' retrieved from /home/airflow/.local/lib/python3.12/site-packages/airflow/example_dags/tutorial_objectstorage.py
[2025-03-05T19:32:16.585+0000] {logging_mixin.py:190} INFO - [2025-03-05T19:32:16.585+0000] {dag.py:3239} INFO - Sync 1 DAGs
[2025-03-05T19:32:16.595+0000] {logging_mixin.py:190} INFO - [2025-03-05T19:32:16.595+0000] {dag.py:4180} INFO - Setting next_dagrun for tutorial_objectstorage to None, run_after=None
[2025-03-05T19:32:16.608+0000] {processor.py:208} INFO - Processing /home/airflow/.local/lib/python3.12/site-packages/airflow/example_dags/tutorial_objectstorage.py took 0.049 seconds
[2025-03-05T19:32:48.183+0000] {processor.py:186} INFO - Started process (PID=418) to work on /home/airflow/.local/lib/python3.12/site-packages/airflow/example_dags/tutorial_objectstorage.py
[2025-03-05T19:32:48.184+0000] {processor.py:914} INFO - Processing file /home/airflow/.local/lib/python3.12/site-packages/airflow/example_dags/tutorial_objectstorage.py for tasks to queue
[2025-03-05T19:32:48.186+0000] {logging_mixin.py:190} INFO - [2025-03-05T19:32:48.185+0000] {dagbag.py:588} INFO - Filling up the DagBag from /home/airflow/.local/lib/python3.12/site-packages/airflow/example_dags/tutorial_objectstorage.py
[2025-03-05T19:32:48.192+0000] {processor.py:925} INFO - DAG(s) 'tutorial_objectstorage' retrieved from /home/airflow/.local/lib/python3.12/site-packages/airflow/example_dags/tutorial_objectstorage.py
[2025-03-05T19:32:48.206+0000] {logging_mixin.py:190} INFO - [2025-03-05T19:32:48.206+0000] {dag.py:3239} INFO - Sync 1 DAGs
[2025-03-05T19:32:48.217+0000] {logging_mixin.py:190} INFO - [2025-03-05T19:32:48.217+0000] {dag.py:4180} INFO - Setting next_dagrun for tutorial_objectstorage to None, run_after=None
[2025-03-05T19:32:48.230+0000] {processor.py:208} INFO - Processing /home/airflow/.local/lib/python3.12/site-packages/airflow/example_dags/tutorial_objectstorage.py took 0.051 seconds
