[2025-03-05T19:30:13.055+0000] {processor.py:186} INFO - Started process (PID=99) to work on /home/airflow/.local/lib/python3.12/site-packages/airflow/example_dags/tutorial_taskflow_templates.py
[2025-03-05T19:30:13.056+0000] {processor.py:914} INFO - Processing file /home/airflow/.local/lib/python3.12/site-packages/airflow/example_dags/tutorial_taskflow_templates.py for tasks to queue
[2025-03-05T19:30:13.057+0000] {logging_mixin.py:190} INFO - [2025-03-05T19:30:13.057+0000] {dagbag.py:588} INFO - Filling up the DagBag from /home/airflow/.local/lib/python3.12/site-packages/airflow/example_dags/tutorial_taskflow_templates.py
[2025-03-05T19:30:13.067+0000] {processor.py:925} INFO - DAG(s) 'tutorial_taskflow_templates' retrieved from /home/airflow/.local/lib/python3.12/site-packages/airflow/example_dags/tutorial_taskflow_templates.py
[2025-03-05T19:30:13.147+0000] {logging_mixin.py:190} INFO - [2025-03-05T19:30:13.147+0000] {override.py:1912} INFO - Created Permission View: can delete on DAG:tutorial_taskflow_templates
[2025-03-05T19:30:13.155+0000] {logging_mixin.py:190} INFO - [2025-03-05T19:30:13.154+0000] {override.py:1912} INFO - Created Permission View: can edit on DAG:tutorial_taskflow_templates
[2025-03-05T19:30:13.160+0000] {logging_mixin.py:190} INFO - [2025-03-05T19:30:13.159+0000] {override.py:1912} INFO - Created Permission View: can read on DAG:tutorial_taskflow_templates
[2025-03-05T19:30:13.165+0000] {logging_mixin.py:190} INFO - [2025-03-05T19:30:13.165+0000] {override.py:1912} INFO - Created Permission View: menu access on DAG Run:tutorial_taskflow_templates
[2025-03-05T19:30:13.170+0000] {logging_mixin.py:190} INFO - [2025-03-05T19:30:13.169+0000] {override.py:1912} INFO - Created Permission View: can create on DAG Run:tutorial_taskflow_templates
[2025-03-05T19:30:13.175+0000] {logging_mixin.py:190} INFO - [2025-03-05T19:30:13.175+0000] {override.py:1912} INFO - Created Permission View: can delete on DAG Run:tutorial_taskflow_templates
[2025-03-05T19:30:13.180+0000] {logging_mixin.py:190} INFO - [2025-03-05T19:30:13.180+0000] {override.py:1912} INFO - Created Permission View: can read on DAG Run:tutorial_taskflow_templates
[2025-03-05T19:30:13.180+0000] {logging_mixin.py:190} INFO - [2025-03-05T19:30:13.180+0000] {dag.py:3239} INFO - Sync 1 DAGs
[2025-03-05T19:30:13.191+0000] {logging_mixin.py:190} INFO - [2025-03-05T19:30:13.191+0000] {dag.py:3262} INFO - Creating ORM DAG for tutorial_taskflow_templates
[2025-03-05T19:30:13.199+0000] {logging_mixin.py:190} INFO - [2025-03-05T19:30:13.199+0000] {dag.py:4180} INFO - Setting next_dagrun for tutorial_taskflow_templates to 2025-03-04 00:00:00+00:00, run_after=2025-03-05 00:00:00+00:00
[2025-03-05T19:30:13.212+0000] {processor.py:208} INFO - Processing /home/airflow/.local/lib/python3.12/site-packages/airflow/example_dags/tutorial_taskflow_templates.py took 0.161 seconds
[2025-03-05T19:30:43.564+0000] {processor.py:186} INFO - Started process (PID=162) to work on /home/airflow/.local/lib/python3.12/site-packages/airflow/example_dags/tutorial_taskflow_templates.py
[2025-03-05T19:30:43.565+0000] {processor.py:914} INFO - Processing file /home/airflow/.local/lib/python3.12/site-packages/airflow/example_dags/tutorial_taskflow_templates.py for tasks to queue
[2025-03-05T19:30:43.567+0000] {logging_mixin.py:190} INFO - [2025-03-05T19:30:43.566+0000] {dagbag.py:588} INFO - Filling up the DagBag from /home/airflow/.local/lib/python3.12/site-packages/airflow/example_dags/tutorial_taskflow_templates.py
[2025-03-05T19:30:43.576+0000] {processor.py:925} INFO - DAG(s) 'tutorial_taskflow_templates' retrieved from /home/airflow/.local/lib/python3.12/site-packages/airflow/example_dags/tutorial_taskflow_templates.py
[2025-03-05T19:30:43.590+0000] {logging_mixin.py:190} INFO - [2025-03-05T19:30:43.590+0000] {dag.py:3239} INFO - Sync 1 DAGs
[2025-03-05T19:30:43.609+0000] {logging_mixin.py:190} INFO - [2025-03-05T19:30:43.608+0000] {dag.py:4180} INFO - Setting next_dagrun for tutorial_taskflow_templates to 2025-03-04 00:00:00+00:00, run_after=2025-03-05 00:00:00+00:00
[2025-03-05T19:30:43.621+0000] {processor.py:208} INFO - Processing /home/airflow/.local/lib/python3.12/site-packages/airflow/example_dags/tutorial_taskflow_templates.py took 0.061 seconds
[2025-03-05T19:31:14.618+0000] {processor.py:186} INFO - Started process (PID=225) to work on /home/airflow/.local/lib/python3.12/site-packages/airflow/example_dags/tutorial_taskflow_templates.py
[2025-03-05T19:31:14.619+0000] {processor.py:914} INFO - Processing file /home/airflow/.local/lib/python3.12/site-packages/airflow/example_dags/tutorial_taskflow_templates.py for tasks to queue
[2025-03-05T19:31:14.620+0000] {logging_mixin.py:190} INFO - [2025-03-05T19:31:14.620+0000] {dagbag.py:588} INFO - Filling up the DagBag from /home/airflow/.local/lib/python3.12/site-packages/airflow/example_dags/tutorial_taskflow_templates.py
[2025-03-05T19:31:14.629+0000] {processor.py:925} INFO - DAG(s) 'tutorial_taskflow_templates' retrieved from /home/airflow/.local/lib/python3.12/site-packages/airflow/example_dags/tutorial_taskflow_templates.py
[2025-03-05T19:31:14.645+0000] {logging_mixin.py:190} INFO - [2025-03-05T19:31:14.645+0000] {dag.py:3239} INFO - Sync 1 DAGs
[2025-03-05T19:31:14.664+0000] {logging_mixin.py:190} INFO - [2025-03-05T19:31:14.664+0000] {dag.py:4180} INFO - Setting next_dagrun for tutorial_taskflow_templates to 2025-03-04 00:00:00+00:00, run_after=2025-03-05 00:00:00+00:00
[2025-03-05T19:31:14.677+0000] {processor.py:208} INFO - Processing /home/airflow/.local/lib/python3.12/site-packages/airflow/example_dags/tutorial_taskflow_templates.py took 0.063 seconds
[2025-03-05T19:31:45.904+0000] {processor.py:186} INFO - Started process (PID=288) to work on /home/airflow/.local/lib/python3.12/site-packages/airflow/example_dags/tutorial_taskflow_templates.py
[2025-03-05T19:31:45.905+0000] {processor.py:914} INFO - Processing file /home/airflow/.local/lib/python3.12/site-packages/airflow/example_dags/tutorial_taskflow_templates.py for tasks to queue
[2025-03-05T19:31:45.907+0000] {logging_mixin.py:190} INFO - [2025-03-05T19:31:45.906+0000] {dagbag.py:588} INFO - Filling up the DagBag from /home/airflow/.local/lib/python3.12/site-packages/airflow/example_dags/tutorial_taskflow_templates.py
[2025-03-05T19:31:45.916+0000] {processor.py:925} INFO - DAG(s) 'tutorial_taskflow_templates' retrieved from /home/airflow/.local/lib/python3.12/site-packages/airflow/example_dags/tutorial_taskflow_templates.py
[2025-03-05T19:31:45.929+0000] {logging_mixin.py:190} INFO - [2025-03-05T19:31:45.929+0000] {dag.py:3239} INFO - Sync 1 DAGs
[2025-03-05T19:31:45.948+0000] {logging_mixin.py:190} INFO - [2025-03-05T19:31:45.948+0000] {dag.py:4180} INFO - Setting next_dagrun for tutorial_taskflow_templates to 2025-03-04 00:00:00+00:00, run_after=2025-03-05 00:00:00+00:00
[2025-03-05T19:31:45.961+0000] {processor.py:208} INFO - Processing /home/airflow/.local/lib/python3.12/site-packages/airflow/example_dags/tutorial_taskflow_templates.py took 0.062 seconds
[2025-03-05T19:32:16.345+0000] {processor.py:186} INFO - Started process (PID=351) to work on /home/airflow/.local/lib/python3.12/site-packages/airflow/example_dags/tutorial_taskflow_templates.py
[2025-03-05T19:32:16.345+0000] {processor.py:914} INFO - Processing file /home/airflow/.local/lib/python3.12/site-packages/airflow/example_dags/tutorial_taskflow_templates.py for tasks to queue
[2025-03-05T19:32:16.347+0000] {logging_mixin.py:190} INFO - [2025-03-05T19:32:16.347+0000] {dagbag.py:588} INFO - Filling up the DagBag from /home/airflow/.local/lib/python3.12/site-packages/airflow/example_dags/tutorial_taskflow_templates.py
[2025-03-05T19:32:16.355+0000] {processor.py:925} INFO - DAG(s) 'tutorial_taskflow_templates' retrieved from /home/airflow/.local/lib/python3.12/site-packages/airflow/example_dags/tutorial_taskflow_templates.py
[2025-03-05T19:32:16.369+0000] {logging_mixin.py:190} INFO - [2025-03-05T19:32:16.369+0000] {dag.py:3239} INFO - Sync 1 DAGs
[2025-03-05T19:32:16.387+0000] {logging_mixin.py:190} INFO - [2025-03-05T19:32:16.387+0000] {dag.py:4180} INFO - Setting next_dagrun for tutorial_taskflow_templates to 2025-03-04 00:00:00+00:00, run_after=2025-03-05 00:00:00+00:00
[2025-03-05T19:32:16.399+0000] {processor.py:208} INFO - Processing /home/airflow/.local/lib/python3.12/site-packages/airflow/example_dags/tutorial_taskflow_templates.py took 0.058 seconds
[2025-03-05T19:32:48.023+0000] {processor.py:186} INFO - Started process (PID=414) to work on /home/airflow/.local/lib/python3.12/site-packages/airflow/example_dags/tutorial_taskflow_templates.py
[2025-03-05T19:32:48.023+0000] {processor.py:914} INFO - Processing file /home/airflow/.local/lib/python3.12/site-packages/airflow/example_dags/tutorial_taskflow_templates.py for tasks to queue
[2025-03-05T19:32:48.025+0000] {logging_mixin.py:190} INFO - [2025-03-05T19:32:48.024+0000] {dagbag.py:588} INFO - Filling up the DagBag from /home/airflow/.local/lib/python3.12/site-packages/airflow/example_dags/tutorial_taskflow_templates.py
[2025-03-05T19:32:48.034+0000] {processor.py:925} INFO - DAG(s) 'tutorial_taskflow_templates' retrieved from /home/airflow/.local/lib/python3.12/site-packages/airflow/example_dags/tutorial_taskflow_templates.py
[2025-03-05T19:32:48.048+0000] {logging_mixin.py:190} INFO - [2025-03-05T19:32:48.047+0000] {dag.py:3239} INFO - Sync 1 DAGs
[2025-03-05T19:32:48.065+0000] {logging_mixin.py:190} INFO - [2025-03-05T19:32:48.065+0000] {dag.py:4180} INFO - Setting next_dagrun for tutorial_taskflow_templates to 2025-03-04 00:00:00+00:00, run_after=2025-03-05 00:00:00+00:00
[2025-03-05T19:32:48.077+0000] {processor.py:208} INFO - Processing /home/airflow/.local/lib/python3.12/site-packages/airflow/example_dags/tutorial_taskflow_templates.py took 0.059 seconds
