[2025-03-05T19:30:10.872+0000] {processor.py:186} INFO - Started process (PID=80) to work on /home/airflow/.local/lib/python3.12/site-packages/airflow/example_dags/tutorial_taskflow_api_virtualenv.py
[2025-03-05T19:30:10.873+0000] {processor.py:914} INFO - Processing file /home/airflow/.local/lib/python3.12/site-packages/airflow/example_dags/tutorial_taskflow_api_virtualenv.py for tasks to queue
[2025-03-05T19:30:10.875+0000] {logging_mixin.py:190} INFO - [2025-03-05T19:30:10.875+0000] {dagbag.py:588} INFO - Filling up the DagBag from /home/airflow/.local/lib/python3.12/site-packages/airflow/example_dags/tutorial_taskflow_api_virtualenv.py
[2025-03-05T19:30:10.885+0000] {processor.py:925} INFO - DAG(s) 'tutorial_taskflow_api_virtualenv' retrieved from /home/airflow/.local/lib/python3.12/site-packages/airflow/example_dags/tutorial_taskflow_api_virtualenv.py
[2025-03-05T19:30:10.985+0000] {logging_mixin.py:190} INFO - [2025-03-05T19:30:10.984+0000] {override.py:1912} INFO - Created Permission View: can delete on DAG:tutorial_taskflow_api_virtualenv
[2025-03-05T19:30:10.993+0000] {logging_mixin.py:190} INFO - [2025-03-05T19:30:10.993+0000] {override.py:1912} INFO - Created Permission View: can edit on DAG:tutorial_taskflow_api_virtualenv
[2025-03-05T19:30:10.997+0000] {logging_mixin.py:190} INFO - [2025-03-05T19:30:10.997+0000] {override.py:1912} INFO - Created Permission View: can read on DAG:tutorial_taskflow_api_virtualenv
[2025-03-05T19:30:11.002+0000] {logging_mixin.py:190} INFO - [2025-03-05T19:30:11.002+0000] {override.py:1912} INFO - Created Permission View: menu access on DAG Run:tutorial_taskflow_api_virtualenv
[2025-03-05T19:30:11.008+0000] {logging_mixin.py:190} INFO - [2025-03-05T19:30:11.008+0000] {override.py:1912} INFO - Created Permission View: can create on DAG Run:tutorial_taskflow_api_virtualenv
[2025-03-05T19:30:11.013+0000] {logging_mixin.py:190} INFO - [2025-03-05T19:30:11.012+0000] {override.py:1912} INFO - Created Permission View: can delete on DAG Run:tutorial_taskflow_api_virtualenv
[2025-03-05T19:30:11.017+0000] {logging_mixin.py:190} INFO - [2025-03-05T19:30:11.017+0000] {override.py:1912} INFO - Created Permission View: can read on DAG Run:tutorial_taskflow_api_virtualenv
[2025-03-05T19:30:11.018+0000] {logging_mixin.py:190} INFO - [2025-03-05T19:30:11.018+0000] {dag.py:3239} INFO - Sync 1 DAGs
[2025-03-05T19:30:11.029+0000] {logging_mixin.py:190} INFO - [2025-03-05T19:30:11.028+0000] {dag.py:3262} INFO - Creating ORM DAG for tutorial_taskflow_api_virtualenv
[2025-03-05T19:30:11.029+0000] {logging_mixin.py:190} INFO - [2025-03-05T19:30:11.029+0000] {dag.py:4180} INFO - Setting next_dagrun for tutorial_taskflow_api_virtualenv to None, run_after=None
[2025-03-05T19:30:11.042+0000] {processor.py:208} INFO - Processing /home/airflow/.local/lib/python3.12/site-packages/airflow/example_dags/tutorial_taskflow_api_virtualenv.py took 0.174 seconds
[2025-03-05T19:30:42.118+0000] {processor.py:186} INFO - Started process (PID=143) to work on /home/airflow/.local/lib/python3.12/site-packages/airflow/example_dags/tutorial_taskflow_api_virtualenv.py
[2025-03-05T19:30:42.119+0000] {processor.py:914} INFO - Processing file /home/airflow/.local/lib/python3.12/site-packages/airflow/example_dags/tutorial_taskflow_api_virtualenv.py for tasks to queue
[2025-03-05T19:30:42.121+0000] {logging_mixin.py:190} INFO - [2025-03-05T19:30:42.121+0000] {dagbag.py:588} INFO - Filling up the DagBag from /home/airflow/.local/lib/python3.12/site-packages/airflow/example_dags/tutorial_taskflow_api_virtualenv.py
[2025-03-05T19:30:42.130+0000] {processor.py:925} INFO - DAG(s) 'tutorial_taskflow_api_virtualenv' retrieved from /home/airflow/.local/lib/python3.12/site-packages/airflow/example_dags/tutorial_taskflow_api_virtualenv.py
[2025-03-05T19:30:42.149+0000] {logging_mixin.py:190} INFO - [2025-03-05T19:30:42.148+0000] {dag.py:3239} INFO - Sync 1 DAGs
[2025-03-05T19:30:42.160+0000] {logging_mixin.py:190} INFO - [2025-03-05T19:30:42.160+0000] {dag.py:4180} INFO - Setting next_dagrun for tutorial_taskflow_api_virtualenv to None, run_after=None
[2025-03-05T19:30:42.175+0000] {processor.py:208} INFO - Processing /home/airflow/.local/lib/python3.12/site-packages/airflow/example_dags/tutorial_taskflow_api_virtualenv.py took 0.061 seconds
[2025-03-05T19:31:13.220+0000] {processor.py:186} INFO - Started process (PID=206) to work on /home/airflow/.local/lib/python3.12/site-packages/airflow/example_dags/tutorial_taskflow_api_virtualenv.py
[2025-03-05T19:31:13.221+0000] {processor.py:914} INFO - Processing file /home/airflow/.local/lib/python3.12/site-packages/airflow/example_dags/tutorial_taskflow_api_virtualenv.py for tasks to queue
[2025-03-05T19:31:13.222+0000] {logging_mixin.py:190} INFO - [2025-03-05T19:31:13.222+0000] {dagbag.py:588} INFO - Filling up the DagBag from /home/airflow/.local/lib/python3.12/site-packages/airflow/example_dags/tutorial_taskflow_api_virtualenv.py
[2025-03-05T19:31:13.230+0000] {processor.py:925} INFO - DAG(s) 'tutorial_taskflow_api_virtualenv' retrieved from /home/airflow/.local/lib/python3.12/site-packages/airflow/example_dags/tutorial_taskflow_api_virtualenv.py
[2025-03-05T19:31:13.245+0000] {logging_mixin.py:190} INFO - [2025-03-05T19:31:13.244+0000] {dag.py:3239} INFO - Sync 1 DAGs
[2025-03-05T19:31:13.255+0000] {logging_mixin.py:190} INFO - [2025-03-05T19:31:13.255+0000] {dag.py:4180} INFO - Setting next_dagrun for tutorial_taskflow_api_virtualenv to None, run_after=None
[2025-03-05T19:31:13.268+0000] {processor.py:208} INFO - Processing /home/airflow/.local/lib/python3.12/site-packages/airflow/example_dags/tutorial_taskflow_api_virtualenv.py took 0.051 seconds
[2025-03-05T19:31:44.411+0000] {processor.py:186} INFO - Started process (PID=268) to work on /home/airflow/.local/lib/python3.12/site-packages/airflow/example_dags/tutorial_taskflow_api_virtualenv.py
[2025-03-05T19:31:44.412+0000] {processor.py:914} INFO - Processing file /home/airflow/.local/lib/python3.12/site-packages/airflow/example_dags/tutorial_taskflow_api_virtualenv.py for tasks to queue
[2025-03-05T19:31:44.413+0000] {logging_mixin.py:190} INFO - [2025-03-05T19:31:44.413+0000] {dagbag.py:588} INFO - Filling up the DagBag from /home/airflow/.local/lib/python3.12/site-packages/airflow/example_dags/tutorial_taskflow_api_virtualenv.py
[2025-03-05T19:31:44.421+0000] {processor.py:925} INFO - DAG(s) 'tutorial_taskflow_api_virtualenv' retrieved from /home/airflow/.local/lib/python3.12/site-packages/airflow/example_dags/tutorial_taskflow_api_virtualenv.py
[2025-03-05T19:31:44.435+0000] {logging_mixin.py:190} INFO - [2025-03-05T19:31:44.435+0000] {dag.py:3239} INFO - Sync 1 DAGs
[2025-03-05T19:31:44.445+0000] {logging_mixin.py:190} INFO - [2025-03-05T19:31:44.445+0000] {dag.py:4180} INFO - Setting next_dagrun for tutorial_taskflow_api_virtualenv to None, run_after=None
[2025-03-05T19:31:44.458+0000] {processor.py:208} INFO - Processing /home/airflow/.local/lib/python3.12/site-packages/airflow/example_dags/tutorial_taskflow_api_virtualenv.py took 0.051 seconds
[2025-03-05T19:32:15.004+0000] {processor.py:186} INFO - Started process (PID=331) to work on /home/airflow/.local/lib/python3.12/site-packages/airflow/example_dags/tutorial_taskflow_api_virtualenv.py
[2025-03-05T19:32:15.004+0000] {processor.py:914} INFO - Processing file /home/airflow/.local/lib/python3.12/site-packages/airflow/example_dags/tutorial_taskflow_api_virtualenv.py for tasks to queue
[2025-03-05T19:32:15.006+0000] {logging_mixin.py:190} INFO - [2025-03-05T19:32:15.006+0000] {dagbag.py:588} INFO - Filling up the DagBag from /home/airflow/.local/lib/python3.12/site-packages/airflow/example_dags/tutorial_taskflow_api_virtualenv.py
[2025-03-05T19:32:15.016+0000] {processor.py:925} INFO - DAG(s) 'tutorial_taskflow_api_virtualenv' retrieved from /home/airflow/.local/lib/python3.12/site-packages/airflow/example_dags/tutorial_taskflow_api_virtualenv.py
[2025-03-05T19:32:15.031+0000] {logging_mixin.py:190} INFO - [2025-03-05T19:32:15.031+0000] {dag.py:3239} INFO - Sync 1 DAGs
[2025-03-05T19:32:15.043+0000] {logging_mixin.py:190} INFO - [2025-03-05T19:32:15.042+0000] {dag.py:4180} INFO - Setting next_dagrun for tutorial_taskflow_api_virtualenv to None, run_after=None
[2025-03-05T19:32:15.055+0000] {processor.py:208} INFO - Processing /home/airflow/.local/lib/python3.12/site-packages/airflow/example_dags/tutorial_taskflow_api_virtualenv.py took 0.056 seconds
[2025-03-05T19:32:46.457+0000] {processor.py:186} INFO - Started process (PID=394) to work on /home/airflow/.local/lib/python3.12/site-packages/airflow/example_dags/tutorial_taskflow_api_virtualenv.py
[2025-03-05T19:32:46.457+0000] {processor.py:914} INFO - Processing file /home/airflow/.local/lib/python3.12/site-packages/airflow/example_dags/tutorial_taskflow_api_virtualenv.py for tasks to queue
[2025-03-05T19:32:46.459+0000] {logging_mixin.py:190} INFO - [2025-03-05T19:32:46.459+0000] {dagbag.py:588} INFO - Filling up the DagBag from /home/airflow/.local/lib/python3.12/site-packages/airflow/example_dags/tutorial_taskflow_api_virtualenv.py
[2025-03-05T19:32:46.467+0000] {processor.py:925} INFO - DAG(s) 'tutorial_taskflow_api_virtualenv' retrieved from /home/airflow/.local/lib/python3.12/site-packages/airflow/example_dags/tutorial_taskflow_api_virtualenv.py
[2025-03-05T19:32:46.483+0000] {logging_mixin.py:190} INFO - [2025-03-05T19:32:46.483+0000] {dag.py:3239} INFO - Sync 1 DAGs
[2025-03-05T19:32:46.495+0000] {logging_mixin.py:190} INFO - [2025-03-05T19:32:46.495+0000] {dag.py:4180} INFO - Setting next_dagrun for tutorial_taskflow_api_virtualenv to None, run_after=None
[2025-03-05T19:32:46.510+0000] {processor.py:208} INFO - Processing /home/airflow/.local/lib/python3.12/site-packages/airflow/example_dags/tutorial_taskflow_api_virtualenv.py took 0.057 seconds
